<?xml version="1.0" encoding="UTF-8"?>
<!-- Generated by org.testng.reporters.JUnitXMLReporter -->
<testsuite ignored="0" hostname="PSK9T3U-DESKTOP" failures="1" tests="1" name="Default test" time="72.304" errors="0" timestamp="2024-01-05T13:47:10 IST">
  <testcase classname="io.cucumber.testng.AbstractTestNGCucumberTests" name="runScenario" time="62.223">
    <failure type="java.lang.AssertionError" message="Cannot invoke &amp;quot;org.openqa.selenium.WebElement.click()&amp;quot; because the return value of &amp;quot;helper.JavascriptHelper.executeScriptWithWebElement(String)&amp;quot; is null">
      <![CDATA[java.lang.AssertionError: Cannot invoke "org.openqa.selenium.WebElement.click()" because the return value of "helper.JavascriptHelper.executeScriptWithWebElement(String)" is null
at org.junit.Assert.fail(Assert.java:88)
at stepdefinitions.PurchaseOrderSteps.user_076_verify_asset_details_record_should_be_readonly_and_data_should_match_with_app_data_entry_stage_record(PurchaseOrderSteps.java:1067)
at âœ½.user_076 verify asset details record should be readonly and data should match with app data entry stage record(file:///C:/Users/ININDC00482/git/Murabha/ULS_Murabha_MainRepository/src/test/java/features/MurabhaFeatures/Murabaha_PURCHASEORDER_Beneficiary_detailsFEATURE.feature:69)
]]>
    </failure>
  </testcase> <!-- runScenario -->
</testsuite> <!-- Default test -->
