<html>
<head>
<title>TestNG:  Default test</title>
<link href="../testng.css" rel="stylesheet" type="text/css" />
<link href="../my-testng.css" rel="stylesheet" type="text/css" />

<style type="text/css">
.log { display: none;} 
.stack-trace { display: none;} 
</style>
<script type="text/javascript">
<!--
function flip(e) {
  current = e.style.display;
  if (current == 'block') {
    e.style.display = 'none';
    return 0;
  }
  else {
    e.style.display = 'block';
    return 1;
  }
}

function toggleBox(szDivId, elem, msg1, msg2)
{
  var res = -1;  if (document.getElementById) {
    res = flip(document.getElementById(szDivId));
  }
  else if (document.all) {
    // this is the way old msie versions work
    res = flip(document.all[szDivId]);
  }
  if(elem) {
    if(res == 0) elem.innerHTML = msg1; else elem.innerHTML = msg2;
  }

}

function toggleAllBoxes() {
  if (document.getElementsByTagName) {
    d = document.getElementsByTagName('div');
    for (i = 0; i < d.length; i++) {
      if (d[i].className == 'log') {
        flip(d[i]);
      }
    }
  }
}

// -->
</script>

</head>
<body>
<h2 align='center'>Default test</h2><table border='1' align="center">
<tr>
<td>Tests passed/Failed/Skipped:</td><td>4/1/0</td>
</tr><tr>
<td>Started on:</td><td>Tue Nov 28 17:45:09 IST 2023</td>
</tr>
<tr><td>Total time:</td><td>198 seconds (198810 ms)</td>
</tr><tr>
<td>Included groups:</td><td></td>
</tr><tr>
<td>Excluded groups:</td><td></td>
</tr>
</table><p/>
<small><i>(Hover the method name to see the test class name)</i></small><p/>
<table width='100%' border='1' class='invocation-failed'>
<tr><td colspan='4' align='center'><b>FAILED TESTS</b></td></tr>
<tr><td><b>Test method</b></td>
<td width="30%"><b>Exception</b></td>
<td width="10%"><b>Time (seconds)</b></td>
<td><b>Instance</b></td>
</tr>
<tr>
<td title='Runner.TestApplication.runScenario()'><b>runScenario</b><br>Test class: Runner.TestApplication<br>Test method: Runs Cucumber Scenarios<br>Parameters: "To verify the field.", "Optional[To check the App Data Check - Application Details feature]"</td>
<td><div><pre>java.lang.AssertionError: javascript error: Cannot read properties of null (reading &apos;style&apos;)
  (Session info: chrome=119.0.6045.160)
Build info: version: &apos;4.11.0&apos;, revision: &apos;040bc5406b&apos;
System info: os.name: &apos;Windows 10&apos;, os.arch: &apos;amd64&apos;, os.version: &apos;10.0&apos;, java.version: &apos;16.0.2&apos;
Driver info: org.openqa.selenium.chrome.ChromeDriver
Command: [73705664fa3d3dfd4a8c62eab8ca0f38, executeScript {script=arguments[0].style.border=&apos;2px solid black&apos;, args=[null]}]
Capabilities {acceptInsecureCerts: false, browserName: chrome, browserVersion: 119.0.6045.160, chrome: {chromedriverVersion: 119.0.6045.105 (38c72552c5e..., userDataDir: C:\Users\ININDC~1\AppData\L...}, fedcm:accounts: true, goog:chromeOptions: {debuggerAddress: localhost:54204}, networkConnectionEnabled: false, pageLoadStrategy: normal, platformName: windows, proxy: Proxy(), se:cdp: ws://localhost:54204/devtoo..., se:cdpVersion: 119.0.6045.160, setWindowRect: true, strictFileInteractability: false, timeouts: {implicit: 0, pageLoad: 300000, script: 30000}, unhandledPromptBehavior: dismiss and notify, webauthn:extension:credBlob: true, webauthn:extension:largeBlob: true, webauthn:extension:minPinLength: true, webauthn:extension:prf: true, webauthn:virtualAuthenticators: true}
Session ID: 73705664fa3d3dfd4a8c62eab8ca0f38
	at org.junit.Assert.fail(Assert.java:88)
	at stepdefinitions.IJARAH_Steps.user_verify_the_classification_dropdown_field_available_under_application_details_screen(IJARAH_Steps.java:7337)
	at ✽.User_608 verify the Classification Dropdown field available under Application details screen(file:///C:/Users/inindc00608/git/KULS_Sankar/KULS_Sankar/src/test/java/features/Ijarah_DataCheck_ApplicationDetails.feature:94)
</pre></div><a href='#' onClick='toggleBox("stack-trace1515456454", this, "Click to show all stack frames", "Click to hide stack frames")'>Click to show all stack frames</a>
<div class='stack-trace' id='stack-trace1515456454'><pre>java.lang.AssertionError: javascript error: Cannot read properties of null (reading &apos;style&apos;)
  (Session info: chrome=119.0.6045.160)
Build info: version: &apos;4.11.0&apos;, revision: &apos;040bc5406b&apos;
System info: os.name: &apos;Windows 10&apos;, os.arch: &apos;amd64&apos;, os.version: &apos;10.0&apos;, java.version: &apos;16.0.2&apos;
Driver info: org.openqa.selenium.chrome.ChromeDriver
Command: [73705664fa3d3dfd4a8c62eab8ca0f38, executeScript {script=arguments[0].style.border=&apos;2px solid black&apos;, args=[null]}]
Capabilities {acceptInsecureCerts: false, browserName: chrome, browserVersion: 119.0.6045.160, chrome: {chromedriverVersion: 119.0.6045.105 (38c72552c5e..., userDataDir: C:\Users\ININDC~1\AppData\L...}, fedcm:accounts: true, goog:chromeOptions: {debuggerAddress: localhost:54204}, networkConnectionEnabled: false, pageLoadStrategy: normal, platformName: windows, proxy: Proxy(), se:cdp: ws://localhost:54204/devtoo..., se:cdpVersion: 119.0.6045.160, setWindowRect: true, strictFileInteractability: false, timeouts: {implicit: 0, pageLoad: 300000, script: 30000}, unhandledPromptBehavior: dismiss and notify, webauthn:extension:credBlob: true, webauthn:extension:largeBlob: true, webauthn:extension:minPinLength: true, webauthn:extension:prf: true, webauthn:virtualAuthenticators: true}
Session ID: 73705664fa3d3dfd4a8c62eab8ca0f38
	at org.junit.Assert.fail(Assert.java:88)
	at stepdefinitions.IJARAH_Steps.user_verify_the_classification_dropdown_field_available_under_application_details_screen(IJARAH_Steps.java:7337)
	at ✽.User_608 verify the Classification Dropdown field available under Application details screen(file:///C:/Users/inindc00608/git/KULS_Sankar/KULS_Sankar/src/test/java/features/Ijarah_DataCheck_ApplicationDetails.feature:94)
</pre></div></td>
<td>34</td>
<td>Runner.TestApplication@1caa0244</td></tr>
</table><p>
<table width='100%' border='1' class='invocation-passed'>
<tr><td colspan='4' align='center'><b>PASSED TESTS</b></td></tr>
<tr><td><b>Test method</b></td>
<td width="30%"><b>Exception</b></td>
<td width="10%"><b>Time (seconds)</b></td>
<td><b>Instance</b></td>
</tr>
<tr>
<td title='Runner.TestApplication.runScenario()'><b>runScenario</b><br>Test class: Runner.TestApplication<br>Test method: Runs Cucumber Scenarios<br>Parameters: "To verify the availability of Application Details tab & verify already added details at App data entry stage is visible at data check stage", "Optional[To check the App Data Check - Application Details feature]"</td>
<td></td>
<td>31</td>
<td>Runner.TestApplication@1caa0244</td></tr>
<tr>
<td title='Runner.TestApplication.runScenario()'><b>runScenario</b><br>Test class: Runner.TestApplication<br>Test method: Runs Cucumber Scenarios<br>Parameters: "To verify the field.", "Optional[To check the App Data Check - Application Details feature]"</td>
<td></td>
<td>47</td>
<td>Runner.TestApplication@1caa0244</td></tr>
<tr>
<td title='Runner.TestApplication.runScenario()'><b>runScenario</b><br>Test class: Runner.TestApplication<br>Test method: Runs Cucumber Scenarios<br>Parameters: "To verify post clicking on Application Detail tab system opens Referral/Sourcing Details section.", "Optional[To check the App Data Check - Application Details feature]"</td>
<td></td>
<td>20</td>
<td>Runner.TestApplication@1caa0244</td></tr>
<tr>
<td title='Runner.TestApplication.runScenario()'><b>runScenario</b><br>Test class: Runner.TestApplication<br>Test method: Runs Cucumber Scenarios<br>Parameters: "To verify post clicking on Application Detail tab system opens Application Details section.", "Optional[To check the App Data Check - Application Details feature]"</td>
<td></td>
<td>24</td>
<td>Runner.TestApplication@1caa0244</td></tr>
</table><p>
</body>
</html>