<?xml version="1.0" encoding="UTF-8"?>
<!-- Generated by org.testng.reporters.JUnitReportReporter -->
<testsuite hostname="AWS-PVDI-24" failures="1" tests="12" name="runner.TestApplication" time="469.158" errors="0" timestamp="2024-02-16T10:23:08 IST" skipped="0">
  <testcase classname="runner.TestApplication" name="runScenario" time="43.354"/>
  <system-out/>
  <testcase classname="runner.TestApplication" name="runScenario" time="42.106">
    <failure message="element not interactable
  (Session info: chrome=121.0.6167.161)
Build info: version: &#039;4.11.0&#039;, revision: &#039;040bc5406b&#039;
System info: os.name: &#039;Windows 10&#039;, os.arch: &#039;amd64&#039;, os.version: &#039;10.0&#039;, java.version: &#039;16.0.2&#039;
Driver info: org.openqa.selenium.chrome.ChromeDriver
Command: [f10c641a6f3545334fb22ac993518b4d, clickElement {id=D940A7CDEDBC90A2D058CC4DB8229256_element_149}]
Capabilities {acceptInsecureCerts: false, browserName: chrome, browserVersion: 121.0.6167.161, chrome: {chromedriverVersion: 121.0.6167.85 (3f98d690ad7e..., userDataDir: C:\Users\ININDC~1\AppData\L...}, fedcm:accounts: true, goog:chromeOptions: {debuggerAddress: localhost:63482}, networkConnectionEnabled: false, pageLoadStrategy: normal, platformName: windows, proxy: Proxy(), se:cdp: ws://localhost:63482/devtoo..., se:cdpVersion: 121.0.6167.161, setWindowRect: true, strictFileInteractability: false, timeouts: {implicit: 0, pageLoad: 300000, script: 30000}, unhandledPromptBehavior: dismiss and notify, webauthn:extension:credBlob: true, webauthn:extension:largeBlob: true, webauthn:extension:minPinLength: true, webauthn:extension:prf: true, webauthn:virtualAuthenticators: true}
Element: [org.openqa.selenium.remote.RemoteWebElement@49309713 -&gt; unknown locator]
Session ID: f10c641a6f3545334fb22ac993518b4d" type="java.lang.AssertionError">
      <![CDATA[java.lang.AssertionError: element not interactable
  (Session info: chrome=121.0.6167.161)
Build info: version: '4.11.0', revision: '040bc5406b'
System info: os.name: 'Windows 10', os.arch: 'amd64', os.version: '10.0', java.version: '16.0.2'
Driver info: org.openqa.selenium.chrome.ChromeDriver
Command: [f10c641a6f3545334fb22ac993518b4d, clickElement {id=D940A7CDEDBC90A2D058CC4DB8229256_element_149}]
Capabilities {acceptInsecureCerts: false, browserName: chrome, browserVersion: 121.0.6167.161, chrome: {chromedriverVersion: 121.0.6167.85 (3f98d690ad7e..., userDataDir: C:\Users\ININDC~1\AppData\L...}, fedcm:accounts: true, goog:chromeOptions: {debuggerAddress: localhost:63482}, networkConnectionEnabled: false, pageLoadStrategy: normal, platformName: windows, proxy: Proxy(), se:cdp: ws://localhost:63482/devtoo..., se:cdpVersion: 121.0.6167.161, setWindowRect: true, strictFileInteractability: false, timeouts: {implicit: 0, pageLoad: 300000, script: 30000}, unhandledPromptBehavior: dismiss and notify, webauthn:extension:credBlob: true, webauthn:extension:largeBlob: true, webauthn:extension:minPinLength: true, webauthn:extension:prf: true, webauthn:virtualAuthenticators: true}
Element: [org.openqa.selenium.remote.RemoteWebElement@49309713 -> unknown locator]
Session ID: f10c641a6f3545334fb22ac993518b4d
at org.junit.Assert.fail(Assert.java:88)
at stepdefinitions.AutoLoan_Steps.user_608_verify_export_to_pdf_button_available_in_customer_employment_section_list_view_under_customer_financials_tab(AutoLoan_Steps.java:7397)
at âœ½.User_608 verify export to PDF button available in Customer Employment section list view under Customer Financials tab(file:///C:/Users/inindc00608/git/KULS_Sankar/KULS_Sankar/src/test/java/features/AL_AppData_EmpDetails.feature:394)
]]>
    </failure>
  </testcase> <!-- runScenario -->
  <system-out/>
  <testcase classname="runner.TestApplication" name="runScenario" time="60.621"/>
  <system-out/>
  <testcase classname="runner.TestApplication" name="runScenario" time="35.017"/>
  <system-out/>
  <testcase classname="runner.TestApplication" name="runScenario" time="39.646"/>
  <system-out/>
  <testcase classname="runner.TestApplication" name="runScenario" time="33.913"/>
  <system-out/>
  <testcase classname="runner.TestApplication" name="runScenario" time="37.337"/>
  <system-out/>
  <testcase classname="runner.TestApplication" name="runScenario" time="37.940"/>
  <system-out/>
  <testcase classname="runner.TestApplication" name="runScenario" time="39.725"/>
  <system-out/>
  <testcase classname="runner.TestApplication" name="runScenario" time="33.883"/>
  <system-out/>
  <testcase classname="runner.TestApplication" name="runScenario" time="35.642"/>
  <system-out/>
  <testcase classname="runner.TestApplication" name="runScenario" time="29.974"/>
  <system-out/>
</testsuite> <!-- runner.TestApplication -->
