<?xml version="1.0" encoding="UTF-8"?>
<!-- Generated by org.testng.reporters.JUnitXMLReporter -->
<testsuite ignored="0" hostname="AWS-PVDI-6" failures="1" tests="1" name="Runner" time="218.519" errors="0" timestamp="2023-10-30T13:52:57 IST">
  <testcase classname="io.cucumber.testng.AbstractTestNGCucumberTests" name="runScenario" time="196.533">
    <failure type="java.lang.AssertionError" message="The following asserts failed:
	location category is not a mandatory hence failed expected [true] but found [false],
	country field is not a dropdown ,
	Provience ID is not a dropdown hence failed,
	city field is not a text box hence failed ,
	po box number field should be non mandatory but here it is mandatory field,
	mobile number is not a numeric hence failed expected [number] but found [text],
	duration of stay is not a text box hence failed expected [number] but found [text],
	landlord mobile number is not a number field hence failed expected [number] but found [text]">
      <![CDATA[java.lang.AssertionError: The following asserts failed:
location category is not a mandatory hence failed expected [true] but found [false],
country field is not a dropdown ,
Provience ID is not a dropdown hence failed,
city field is not a text box hence failed ,
po box number field should be non mandatory but here it is mandatory field,
mobile number is not a numeric hence failed expected [number] but found [text],
duration of stay is not a text box hence failed expected [number] but found [text],
landlord mobile number is not a number field hence failed expected [number] but found [text]
at stepdefinitions.Ijarah_NewAppAddressDetailsSteps.user_076_user_invoke_soft_assert_in_address_details_screen_at_new_appp_stage(Ijarah_NewAppAddressDetailsSteps.java:1909)
at âœ½.user_076 invoke soft assert in address details screen at new appp stage(file:///C:/Users/ININDC00076/git/IjarahAnandh/AzentioAutomationFramework_IjaraAnandh/src/test/java/features/MurabhaFeatures/Murabha_AddressDetailsNewAppFEATURE.feature:44)
... Removed 2 stack frames]]>
    </failure>
  </testcase> <!-- runScenario -->
</testsuite> <!-- Runner -->
