<?xml version="1.0" encoding="UTF-8"?>
<!-- Generated by org.testng.reporters.JUnitXMLReporter -->
<testsuite ignored="0" hostname="AWS-PVDI-6" failures="2" tests="5" name="Default test" time="396.277" errors="0" timestamp="2023-11-01T11:40:29 IST">
  <testcase classname="io.cucumber.testng.AbstractTestNGCucumberTests" name="runScenario" time="84.431">
    <failure type="java.lang.AssertionError" message="The following asserts failed:
	no of dependents field is not a text field hence failed expected [true] but found [false],
	remarks field is not a mandatory field hence failed expected [true] but found [false]">
      <![CDATA[java.lang.AssertionError: The following asserts failed:
no of dependents field is not a text field hence failed expected [true] but found [false],
remarks field is not a mandatory field hence failed expected [true] but found [false]
at org.testng.asserts.SoftAssert.assertAll(SoftAssert.java:47)
at org.testng.asserts.SoftAssert.assertAll(SoftAssert.java:31)
at stepdefinitions.Ijarah_NewAPP_customerDetailsSteps.user_076_invoke_soft_assert_for_customer_details_screen(Ijarah_NewAPP_customerDetailsSteps.java:1437)
at ✽.user_076 invoke soft assert for customer details screen(file:///C:/Users/ININDC00076/eclipse-workspace/AzentioAutomationFramework_ULSMainRepository/src/test/java/features/IjarahFeatures/Ijarah_newApp_customerDetailsFEATURE.feature:40)
]]>
    </failure>
  </testcase> <!-- runScenario -->
  <testcase classname="io.cucumber.testng.AbstractTestNGCucumberTests" name="runScenario" time="41.224"/>
  <testcase classname="io.cucumber.testng.AbstractTestNGCucumberTests" name="runScenario" time="43.225"/>
  <testcase classname="io.cucumber.testng.AbstractTestNGCucumberTests" name="runScenario" time="40.543"/>
  <testcase classname="io.cucumber.testng.AbstractTestNGCucumberTests" name="runScenario" time="125.73">
    <failure type="java.lang.AssertionError" message="Cannot invoke &amp;quot;org.openqa.selenium.WebElement.click()&amp;quot; because the return value of &amp;quot;helper.JavascriptHelper.executeScriptWithWebElement(String)&amp;quot; is null">
      <![CDATA[java.lang.AssertionError: Cannot invoke "org.openqa.selenium.WebElement.click()" because the return value of "helper.JavascriptHelper.executeScriptWithWebElement(String)" is null
at org.junit.Assert.fail(Assert.java:88)
at stepdefinitions.Ijarah_NewAPP_customerDetailsSteps.user_076_click_on_export_button_in_customer_details_list_view(Ijarah_NewAPP_customerDetailsSteps.java:1849)
at ✽.user_076 click on export button in customer details list view(file:///C:/Users/ININDC00076/eclipse-workspace/AzentioAutomationFramework_ULSMainRepository/src/test/java/features/IjarahFeatures/Ijarah_newApp_customerDetailsFEATURE.feature:134)
]]>
    </failure>
  </testcase> <!-- runScenario -->
</testsuite> <!-- Default test -->
