<?xml version="1.0" encoding="UTF-8"?>
<!-- Generated by org.testng.reporters.JUnitReportReporter -->
<testsuite hostname="DESKTOP-PSK9T3A" failures="1" tests="1" name="Runner.TestApplication" time="101.938" errors="0" timestamp="2023-09-01T16:15:44 IST" skipped="0">
  <testcase classname="Runner.TestApplication" name="runScenario" time="101.938">
    <failure message="Cannot invoke &quot;org.openqa.selenium.WebElement.click()&quot; because the return value of &quot;helper.JavascriptHelper.executeScriptWithWebElement(String)&quot; is null" type="java.lang.AssertionError">
      <![CDATA[java.lang.AssertionError: Cannot invoke "org.openqa.selenium.WebElement.click()" because the return value of "helper.JavascriptHelper.executeScriptWithWebElement(String)" is null
at org.testng.Assert.fail(Assert.java:99)
at stepdefinitions.IncomeDetailsList.user_click_back_button(IncomeDetailsList.java:543)
at âœ½.User_607 Click back button(file:///C:/Users/inindc00607/git/ULS_Ijarah/AzentioAutomationFramework_Ijara/src/test/java/features/IncomeDetailsList.feature:47)
]]>
    </failure>
  </testcase> <!-- runScenario -->
  <system-out/>
</testsuite> <!-- Runner.TestApplication -->
