<?xml version="1.0" encoding="UTF-8"?>
<!-- Generated by org.testng.reporters.JUnitReportReporter -->
<testsuite hostname="AWS-PVDI-6" failures="1" tests="1" name="runner.TestApplication" time="68.783" errors="0" timestamp="2024-02-27T16:07:51 IST" skipped="0">
  <testcase classname="runner.TestApplication" name="runScenario" time="68.783">
    <failure message="Element must be set" type="java.lang.AssertionError">
      <![CDATA[java.lang.AssertionError: Element must be set
at org.junit.Assert.fail(Assert.java:88)
at stepdefinitions.ULS_ApplicationDetails_NewApp_Steps.user_076_click_on_create_new_request_buttton(ULS_ApplicationDetails_NewApp_Steps.java:605)
at âœ½.user_076 click on create new request buttton(file:///C:/Users/ININDC00076/git/ULS_IjarahULSAutoLoan/AzentioAutomationFramework_AutoLoan/src/test/java/features/autoloan/AutoLoan_NewApp_CustomerDetailsFEATURE_076.feature:24)
]]>
    </failure>
  </testcase> <!-- runScenario -->
</testsuite> <!-- runner.TestApplication -->
