<?xml version="1.0" encoding="UTF-8"?>
<!-- Generated by org.testng.reporters.JUnitXMLReporter -->
<testsuite ignored="0" hostname="AWS-PVDI-12" failures="1" tests="1" name="Default test" time="69.919" errors="0" timestamp="2024-02-19T12:32:13 IST">
  <testcase classname="io.cucumber.testng.AbstractTestNGCucumberTests" name="runScenario" time="50.339">
    <failure type="java.lang.AssertionError" message="Cannot invoke &amp;quot;org.openqa.selenium.WebElement.isDisplayed()&amp;quot; because &amp;quot;DeclaredDownPaymentAmount&amp;quot; is null">
      <![CDATA[java.lang.AssertionError: Cannot invoke "org.openqa.selenium.WebElement.isDisplayed()" because "DeclaredDownPaymentAmount" is null
at org.junit.Assert.fail(Assert.java:88)
at stepdefinitions.Retail_AotoLoan_AppDataEntry_FacilityDetails.user_6047_to_verify_the_declared_down_payment_amount_under_the_facility_info(Retail_AotoLoan_AppDataEntry_FacilityDetails.java:265)
at âœ½.User_6047 To verify the Declared Down payment amount under the Facility info(file:///C:/Users/ININDC00071/git/ULs_Ramya1/Uls_Ramya/src/test/java/retail_feature/Retail_AutoLoan_AppDataEntry_FacilityDetails.feature:26)
]]>
    </failure>
  </testcase> <!-- runScenario -->
</testsuite> <!-- Default test -->
