<html>
<head>
<title>TestNG:  Default test</title>
<link href="../testng.css" rel="stylesheet" type="text/css" />
<link href="../my-testng.css" rel="stylesheet" type="text/css" />

<style type="text/css">
.log { display: none;} 
.stack-trace { display: none;} 
</style>
<script type="text/javascript">
<!--
function flip(e) {
  current = e.style.display;
  if (current == 'block') {
    e.style.display = 'none';
    return 0;
  }
  else {
    e.style.display = 'block';
    return 1;
  }
}

function toggleBox(szDivId, elem, msg1, msg2)
{
  var res = -1;  if (document.getElementById) {
    res = flip(document.getElementById(szDivId));
  }
  else if (document.all) {
    // this is the way old msie versions work
    res = flip(document.all[szDivId]);
  }
  if(elem) {
    if(res == 0) elem.innerHTML = msg1; else elem.innerHTML = msg2;
  }

}

function toggleAllBoxes() {
  if (document.getElementsByTagName) {
    d = document.getElementsByTagName('div');
    for (i = 0; i < d.length; i++) {
      if (d[i].className == 'log') {
        flip(d[i]);
      }
    }
  }
}

// -->
</script>

</head>
<body>
<h2 align='center'>Default test</h2><table border='1' align="center">
<tr>
<td>Tests passed/Failed/Skipped:</td><td>3/4/0</td>
</tr><tr>
<td>Started on:</td><td>Tue Jan 30 10:13:58 IST 2024</td>
</tr>
<tr><td>Total time:</td><td>283 seconds (283249 ms)</td>
</tr><tr>
<td>Included groups:</td><td></td>
</tr><tr>
<td>Excluded groups:</td><td></td>
</tr>
</table><p/>
<small><i>(Hover the method name to see the test class name)</i></small><p/>
<table width='100%' border='1' class='invocation-failed'>
<tr><td colspan='4' align='center'><b>FAILED TESTS</b></td></tr>
<tr><td><b>Test method</b></td>
<td width="30%"><b>Exception</b></td>
<td width="10%"><b>Time (seconds)</b></td>
<td><b>Instance</b></td>
</tr>
<tr>
<td title='Runner.TestApplication.runScenario()'><b>runScenario</b><br>Test class: Runner.TestApplication<br>Test method: Runs Cucumber Scenarios<br>Parameters: "To verify the functionality of save,delete and help button", "Optional[To verify the functionality of repayment mode in Tawarooq]"</td>
<td><div><pre>java.lang.AssertionError: Cannot invoke &quot;org.openqa.selenium.WebElement.sendKeys(java.lang.CharSequence[])&quot; because the return value of &quot;helper.JavascriptHelper.executeScriptWithWebElement(String)&quot; is null
	at org.junit.Assert.fail(Assert.java:88)
	at stepdefinitions.Tawarooq_RepaymentMode.user_6047_verify_the_account_number_field_is_mandatory_editable_and_numeric(Tawarooq_RepaymentMode.java:530)
	at ✽.User_6047 verify the Account number field is mandatory,editable and numeric(file:///C:/Users/ININDC00071/git/ULs_Ramya1/Uls_Ramya/src/test/java/features/Tawarruq_AppDataEntry_RepaymentMode.feature:68)
</pre></div><a href='#' onClick='toggleBox("stack-trace732630426", this, "Click to show all stack frames", "Click to hide stack frames")'>Click to show all stack frames</a>
<div class='stack-trace' id='stack-trace732630426'><pre>java.lang.AssertionError: Cannot invoke &quot;org.openqa.selenium.WebElement.sendKeys(java.lang.CharSequence[])&quot; because the return value of &quot;helper.JavascriptHelper.executeScriptWithWebElement(String)&quot; is null
	at org.junit.Assert.fail(Assert.java:88)
	at stepdefinitions.Tawarooq_RepaymentMode.user_6047_verify_the_account_number_field_is_mandatory_editable_and_numeric(Tawarooq_RepaymentMode.java:530)
	at ✽.User_6047 verify the Account number field is mandatory,editable and numeric(file:///C:/Users/ININDC00071/git/ULs_Ramya1/Uls_Ramya/src/test/java/features/Tawarruq_AppDataEntry_RepaymentMode.feature:68)
</pre></div></td>
<td>32</td>
<td>Runner.TestApplication@7bba5817</td></tr>
<tr>
<td title='Runner.TestApplication.runScenario()'><b>runScenario</b><br>Test class: Runner.TestApplication<br>Test method: Runs Cucumber Scenarios<br>Parameters: "To verify the impact when user keep any mandatory field blank ,negative numeric,characters,special characters and click on save button", "Optional[To verify the functionality of repayment mode in Tawarooq]"</td>
<td><div><pre>java.lang.AssertionError: javascript error: Cannot read properties of null (reading &apos;shadowRoot&apos;)
  (Session info: chrome=120.0.6099.225)
Build info: version: &apos;4.11.0&apos;, revision: &apos;040bc5406b&apos;
System info: os.name: &apos;Windows 10&apos;, os.arch: &apos;amd64&apos;, os.version: &apos;10.0&apos;, java.version: &apos;19.0.1&apos;
Driver info: org.openqa.selenium.chrome.ChromeDriver
Command: [84b1166bd69da29c2d3882a38080c0a3, executeScript {script=return document.querySelector(&apos;ion-toast[role=&quot;status&quot;]&apos;).shadowRoot.querySelector(&apos;div[part=&quot;message&quot;]&apos;).textContent, args=[]}]
Capabilities {acceptInsecureCerts: false, browserName: chrome, browserVersion: 120.0.6099.225, chrome: {chromedriverVersion: 120.0.6099.109 (3419140ab66..., userDataDir: C:\Users\ININDC~1\AppData\L...}, fedcm:accounts: true, goog:chromeOptions: {debuggerAddress: localhost:50785}, networkConnectionEnabled: false, pageLoadStrategy: normal, platformName: windows, proxy: Proxy(), se:cdp: ws://localhost:50785/devtoo..., se:cdpVersion: 120.0.6099.225, setWindowRect: true, strictFileInteractability: false, timeouts: {implicit: 0, pageLoad: 300000, script: 30000}, unhandledPromptBehavior: dismiss and notify, webauthn:extension:credBlob: true, webauthn:extension:largeBlob: true, webauthn:extension:minPinLength: true, webauthn:extension:prf: true, webauthn:virtualAuthenticators: true}
Session ID: 84b1166bd69da29c2d3882a38080c0a3
	at org.junit.Assert.fail(Assert.java:88)
	at stepdefinitions.Tawarooq_RepaymentMode.user_6047_verify_the_popup_of_fill_all_field_in_repayment_mode(Tawarooq_RepaymentMode.java:1601)
	at ✽.User_6047 Verify the popup of fill all field in Repayment Mode(file:///C:/Users/ININDC00071/git/ULs_Ramya1/Uls_Ramya/src/test/java/features/Tawarruq_AppDataEntry_RepaymentMode.feature:107)
</pre></div><a href='#' onClick='toggleBox("stack-trace1489945531", this, "Click to show all stack frames", "Click to hide stack frames")'>Click to show all stack frames</a>
<div class='stack-trace' id='stack-trace1489945531'><pre>java.lang.AssertionError: javascript error: Cannot read properties of null (reading &apos;shadowRoot&apos;)
  (Session info: chrome=120.0.6099.225)
Build info: version: &apos;4.11.0&apos;, revision: &apos;040bc5406b&apos;
System info: os.name: &apos;Windows 10&apos;, os.arch: &apos;amd64&apos;, os.version: &apos;10.0&apos;, java.version: &apos;19.0.1&apos;
Driver info: org.openqa.selenium.chrome.ChromeDriver
Command: [84b1166bd69da29c2d3882a38080c0a3, executeScript {script=return document.querySelector(&apos;ion-toast[role=&quot;status&quot;]&apos;).shadowRoot.querySelector(&apos;div[part=&quot;message&quot;]&apos;).textContent, args=[]}]
Capabilities {acceptInsecureCerts: false, browserName: chrome, browserVersion: 120.0.6099.225, chrome: {chromedriverVersion: 120.0.6099.109 (3419140ab66..., userDataDir: C:\Users\ININDC~1\AppData\L...}, fedcm:accounts: true, goog:chromeOptions: {debuggerAddress: localhost:50785}, networkConnectionEnabled: false, pageLoadStrategy: normal, platformName: windows, proxy: Proxy(), se:cdp: ws://localhost:50785/devtoo..., se:cdpVersion: 120.0.6099.225, setWindowRect: true, strictFileInteractability: false, timeouts: {implicit: 0, pageLoad: 300000, script: 30000}, unhandledPromptBehavior: dismiss and notify, webauthn:extension:credBlob: true, webauthn:extension:largeBlob: true, webauthn:extension:minPinLength: true, webauthn:extension:prf: true, webauthn:virtualAuthenticators: true}
Session ID: 84b1166bd69da29c2d3882a38080c0a3
	at org.junit.Assert.fail(Assert.java:88)
	at stepdefinitions.Tawarooq_RepaymentMode.user_6047_verify_the_popup_of_fill_all_field_in_repayment_mode(Tawarooq_RepaymentMode.java:1601)
	at ✽.User_6047 Verify the popup of fill all field in Repayment Mode(file:///C:/Users/ININDC00071/git/ULs_Ramya1/Uls_Ramya/src/test/java/features/Tawarruq_AppDataEntry_RepaymentMode.feature:107)
</pre></div></td>
<td>35</td>
<td>Runner.TestApplication@7bba5817</td></tr>
<tr>
<td title='Runner.TestApplication.runScenario()'><b>runScenario</b><br>Test class: Runner.TestApplication<br>Test method: Runs Cucumber Scenarios<br>Parameters: "To verify the fields are mandatory, editable,lookup and numeric in repayment mode", "Optional[To verify the functionality of repayment mode in Tawarooq]"</td>
<td><div><pre>java.lang.AssertionError: Cannot invoke &quot;org.openqa.selenium.WebElement.sendKeys(java.lang.CharSequence[])&quot; because the return value of &quot;helper.JavascriptHelper.executeScriptWithWebElement(String)&quot; is null
	at org.junit.Assert.fail(Assert.java:88)
	at stepdefinitions.Tawarooq_RepaymentMode.user_6047_verify_the_account_number_field_is_mandatory_editable_and_numeric(Tawarooq_RepaymentMode.java:530)
	at ✽.User_6047 verify the Account number field is mandatory,editable and numeric(file:///C:/Users/ININDC00071/git/ULs_Ramya1/Uls_Ramya/src/test/java/features/Tawarruq_AppDataEntry_RepaymentMode.feature:44)
</pre></div><a href='#' onClick='toggleBox("stack-trace2077672286", this, "Click to show all stack frames", "Click to hide stack frames")'>Click to show all stack frames</a>
<div class='stack-trace' id='stack-trace2077672286'><pre>java.lang.AssertionError: Cannot invoke &quot;org.openqa.selenium.WebElement.sendKeys(java.lang.CharSequence[])&quot; because the return value of &quot;helper.JavascriptHelper.executeScriptWithWebElement(String)&quot; is null
	at org.junit.Assert.fail(Assert.java:88)
	at stepdefinitions.Tawarooq_RepaymentMode.user_6047_verify_the_account_number_field_is_mandatory_editable_and_numeric(Tawarooq_RepaymentMode.java:530)
	at ✽.User_6047 verify the Account number field is mandatory,editable and numeric(file:///C:/Users/ININDC00071/git/ULs_Ramya1/Uls_Ramya/src/test/java/features/Tawarruq_AppDataEntry_RepaymentMode.feature:44)
</pre></div></td>
<td>33</td>
<td>Runner.TestApplication@7bba5817</td></tr>
<tr>
<td title='Runner.TestApplication.runScenario()'><b>runScenario</b><br>Test class: Runner.TestApplication<br>Test method: Runs Cucumber Scenarios<br>Parameters: "To verify Modification of RepaymentMode record", "Optional[To verify the functionality of repayment mode in Tawarooq]"</td>
<td><div><pre>java.lang.AssertionError
	at org.junit.Assert.fail(Assert.java:86)
	at org.junit.Assert.assertTrue(Assert.java:41)
	at org.junit.Assert.assertTrue(Assert.java:52)
	at stepdefinitions.Tawarooq_RepaymentMode.user_6047_to_verify_the_same_record_should_get_saved_in_repayment_mode(Tawarooq_RepaymentMode.java:948)
	at ✽.User_6047 To verify the same record should get saved in Repayment Mode(file:///C:/Users/ININDC00071/git/ULs_Ramya1/Uls_Ramya/src/test/java/features/Tawarruq_AppDataEntry_RepaymentMode.feature:146)
</pre></div><a href='#' onClick='toggleBox("stack-trace872398309", this, "Click to show all stack frames", "Click to hide stack frames")'>Click to show all stack frames</a>
<div class='stack-trace' id='stack-trace872398309'><pre>java.lang.AssertionError
	at org.junit.Assert.fail(Assert.java:86)
	at org.junit.Assert.assertTrue(Assert.java:41)
	at org.junit.Assert.assertTrue(Assert.java:52)
	at stepdefinitions.Tawarooq_RepaymentMode.user_6047_to_verify_the_same_record_should_get_saved_in_repayment_mode(Tawarooq_RepaymentMode.java:948)
	at ✽.User_6047 To verify the same record should get saved in Repayment Mode(file:///C:/Users/ININDC00071/git/ULs_Ramya1/Uls_Ramya/src/test/java/features/Tawarruq_AppDataEntry_RepaymentMode.feature:146)
</pre></div></td>
<td>32</td>
<td>Runner.TestApplication@7bba5817</td></tr>
</table><p>
<table width='100%' border='1' class='invocation-passed'>
<tr><td colspan='4' align='center'><b>PASSED TESTS</b></td></tr>
<tr><td><b>Test method</b></td>
<td width="30%"><b>Exception</b></td>
<td width="10%"><b>Time (seconds)</b></td>
<td><b>Instance</b></td>
</tr>
<tr>
<td title='Runner.TestApplication.runScenario()'><b>runScenario</b><br>Test class: Runner.TestApplication<br>Test method: Runs Cucumber Scenarios<br>Parameters: "To verify Modification of Repayment Mode record", "Optional[To verify the functionality of repayment mode in Tawarooq]"</td>
<td></td>
<td>32</td>
<td>Runner.TestApplication@7bba5817</td></tr>
<tr>
<td title='Runner.TestApplication.runScenario()'><b>runScenario</b><br>Test class: Runner.TestApplication<br>Test method: Runs Cucumber Scenarios<br>Parameters: "To verify post clicking on Add asset button, the Repayment Mode screen should be open with all valid fields", "Optional[To verify the functionality of repayment mode in Tawarooq]"</td>
<td></td>
<td>28</td>
<td>Runner.TestApplication@7bba5817</td></tr>
<tr>
<td title='Runner.TestApplication.runScenario()'><b>runScenario</b><br>Test class: Runner.TestApplication<br>Test method: Runs Cucumber Scenarios<br>Parameters: "To verify the list view", "Optional[To verify the functionality of repayment mode in Tawarooq]"</td>
<td></td>
<td>18</td>
<td>Runner.TestApplication@7bba5817</td></tr>
</table><p>
</body>
</html>