<html>
<head>
<title>TestNG:  Default test</title>
<link href="../testng.css" rel="stylesheet" type="text/css" />
<link href="../my-testng.css" rel="stylesheet" type="text/css" />

<style type="text/css">
.log { display: none;} 
.stack-trace { display: none;} 
</style>
<script type="text/javascript">
<!--
function flip(e) {
  current = e.style.display;
  if (current == 'block') {
    e.style.display = 'none';
    return 0;
  }
  else {
    e.style.display = 'block';
    return 1;
  }
}

function toggleBox(szDivId, elem, msg1, msg2)
{
  var res = -1;  if (document.getElementById) {
    res = flip(document.getElementById(szDivId));
  }
  else if (document.all) {
    // this is the way old msie versions work
    res = flip(document.all[szDivId]);
  }
  if(elem) {
    if(res == 0) elem.innerHTML = msg1; else elem.innerHTML = msg2;
  }

}

function toggleAllBoxes() {
  if (document.getElementsByTagName) {
    d = document.getElementsByTagName('div');
    for (i = 0; i < d.length; i++) {
      if (d[i].className == 'log') {
        flip(d[i]);
      }
    }
  }
}

// -->
</script>

</head>
<body>
<h2 align='center'>Default test</h2><table border='1' align="center">
<tr>
<td>Tests passed/Failed/Skipped:</td><td>1/2/0</td>
</tr><tr>
<td>Started on:</td><td>Thu Feb 01 16:38:21 IST 2024</td>
</tr>
<tr><td>Total time:</td><td>167 seconds (167338 ms)</td>
</tr><tr>
<td>Included groups:</td><td></td>
</tr><tr>
<td>Excluded groups:</td><td></td>
</tr>
</table><p/>
<small><i>(Hover the method name to see the test class name)</i></small><p/>
<table width='100%' border='1' class='invocation-failed'>
<tr><td colspan='4' align='center'><b>FAILED TESTS</b></td></tr>
<tr><td><b>Test method</b></td>
<td width="30%"><b>Exception</b></td>
<td width="10%"><b>Time (seconds)</b></td>
<td><b>Instance</b></td>
</tr>
<tr>
<td title='runner.TestApplication.runScenario()'><b>runScenario</b><br>Test class: runner.TestApplication<br>Test method: Runs Cucumber Scenarios<br>Parameters: "verify the fielda", "Optional[To verify the Tawarruq Application --> Data check stage --> Customer Financials --> Employment details screen]"</td>
<td><div><pre>java.lang.AssertionError: The following asserts failed:
	Date of Joining label expected [true] but found [false],
	Share Holder Percentage label expected [true] but found [false]
	at org.testng.asserts.SoftAssert.assertAll(SoftAssert.java:47)
	at org.testng.asserts.SoftAssert.assertAll(SoftAssert.java:31)
	at stepdefinitions.tawarruq_Step.user_610_invoke_soft_assert_in_employment_details_screen_under_customer_financials_tab_at_data_check_stage(tawarruq_Step.java:3233)
	at ✽.User_610 invoke soft assert in Employment details screen under Customer Financials tab at Data Check stage(file:///C:/Users/inindc00610/git/ULS_Jay1/ULS_Jay/src/test/java/features/Tawarruq_AppDataCheck_EmployementDetails.feature:66)
</pre></div><a href='#' onClick='toggleBox("stack-trace123480629", this, "Click to show all stack frames", "Click to hide stack frames")'>Click to show all stack frames</a>
<div class='stack-trace' id='stack-trace123480629'><pre>java.lang.AssertionError: The following asserts failed:
	Date of Joining label expected [true] but found [false],
	Share Holder Percentage label expected [true] but found [false]
	at org.testng.asserts.SoftAssert.assertAll(SoftAssert.java:47)
	at org.testng.asserts.SoftAssert.assertAll(SoftAssert.java:31)
	at stepdefinitions.tawarruq_Step.user_610_invoke_soft_assert_in_employment_details_screen_under_customer_financials_tab_at_data_check_stage(tawarruq_Step.java:3233)
	at ✽.User_610 invoke soft assert in Employment details screen under Customer Financials tab at Data Check stage(file:///C:/Users/inindc00610/git/ULS_Jay1/ULS_Jay/src/test/java/features/Tawarruq_AppDataCheck_EmployementDetails.feature:66)
</pre></div></td>
<td>62</td>
<td>runner.TestApplication@72cc7e6f</td></tr>
<tr>
<td title='runner.TestApplication.runScenario()'><b>runScenario</b><br>Test class: runner.TestApplication<br>Test method: Runs Cucumber Scenarios<br>Parameters: "verify the fielda", "Optional[To verify the Tawarruq Application --> Data check stage --> Customer Financials --> Employment details screen]"</td>
<td><div><pre>java.lang.AssertionError: Cannot invoke &quot;org.openqa.selenium.WebElement.click()&quot; because the return value of &quot;helper.JavascriptHelper.executeScriptWithWebElement(String)&quot; is null
	at org.testng.Assert.fail(Assert.java:99)
	at stepdefinitions.tawarruq_Step.user_610_click_view_button_customer_financials_tab_al(tawarruq_Step.java:3292)
	at ✽.User_610 click view button Customer Financials tab Al(file:///C:/Users/inindc00610/git/ULS_Jay1/ULS_Jay/src/test/java/features/Tawarruq_AppDataCheck_EmployementDetails.feature:84)
</pre></div><a href='#' onClick='toggleBox("stack-trace2070406670", this, "Click to show all stack frames", "Click to hide stack frames")'>Click to show all stack frames</a>
<div class='stack-trace' id='stack-trace2070406670'><pre>java.lang.AssertionError: Cannot invoke &quot;org.openqa.selenium.WebElement.click()&quot; because the return value of &quot;helper.JavascriptHelper.executeScriptWithWebElement(String)&quot; is null
	at org.testng.Assert.fail(Assert.java:99)
	at stepdefinitions.tawarruq_Step.user_610_click_view_button_customer_financials_tab_al(tawarruq_Step.java:3292)
	at ✽.User_610 click view button Customer Financials tab Al(file:///C:/Users/inindc00610/git/ULS_Jay1/ULS_Jay/src/test/java/features/Tawarruq_AppDataCheck_EmployementDetails.feature:84)
</pre></div></td>
<td>49</td>
<td>runner.TestApplication@72cc7e6f</td></tr>
</table><p>
<table width='100%' border='1' class='invocation-passed'>
<tr><td colspan='4' align='center'><b>PASSED TESTS</b></td></tr>
<tr><td><b>Test method</b></td>
<td width="30%"><b>Exception</b></td>
<td width="10%"><b>Time (seconds)</b></td>
<td><b>Instance</b></td>
</tr>
<tr>
<td title='runner.TestApplication.runScenario()'><b>runScenario</b><br>Test class: runner.TestApplication<br>Test method: Runs Cucumber Scenarios<br>Parameters: "verify the fielda", "Optional[To verify the Tawarruq Application --> Data check stage --> Customer Financials --> Employment details screen]"</td>
<td></td>
<td>41</td>
<td>runner.TestApplication@72cc7e6f</td></tr>
</table><p>
</body>
</html>