<?xml version="1.0" encoding="UTF-8"?>
<!-- Generated by org.testng.reporters.JUnitXMLReporter -->
<testsuite ignored="0" hostname="DESKTOP-PSK9T3V" failures="2" tests="3" name="Default test" time="167.338" errors="0" timestamp="2024-02-01T16:41:08 IST">
  <testcase classname="io.cucumber.testng.AbstractTestNGCucumberTests" name="runScenario" time="62.965">
    <failure type="java.lang.AssertionError" message="The following asserts failed:
	Date of Joining label expected [true] but found [false],
	Share Holder Percentage label expected [true] but found [false]">
      <![CDATA[java.lang.AssertionError: The following asserts failed:
Date of Joining label expected [true] but found [false],
Share Holder Percentage label expected [true] but found [false]
at org.testng.asserts.SoftAssert.assertAll(SoftAssert.java:47)
at org.testng.asserts.SoftAssert.assertAll(SoftAssert.java:31)
at stepdefinitions.tawarruq_Step.user_610_invoke_soft_assert_in_employment_details_screen_under_customer_financials_tab_at_data_check_stage(tawarruq_Step.java:3233)
at ✽.User_610 invoke soft assert in Employment details screen under Customer Financials tab at Data Check stage(file:///C:/Users/inindc00610/git/ULS_Jay1/ULS_Jay/src/test/java/features/Tawarruq_AppDataCheck_EmployementDetails.feature:66)
]]>
    </failure>
  </testcase> <!-- runScenario -->
  <testcase classname="io.cucumber.testng.AbstractTestNGCucumberTests" name="runScenario" time="49.222">
    <failure type="java.lang.AssertionError" message="Cannot invoke &amp;quot;org.openqa.selenium.WebElement.click()&amp;quot; because the return value of &amp;quot;helper.JavascriptHelper.executeScriptWithWebElement(String)&amp;quot; is null">
      <![CDATA[java.lang.AssertionError: Cannot invoke "org.openqa.selenium.WebElement.click()" because the return value of "helper.JavascriptHelper.executeScriptWithWebElement(String)" is null
at org.testng.Assert.fail(Assert.java:99)
at stepdefinitions.tawarruq_Step.user_610_click_view_button_customer_financials_tab_al(tawarruq_Step.java:3292)
at ✽.User_610 click view button Customer Financials tab Al(file:///C:/Users/inindc00610/git/ULS_Jay1/ULS_Jay/src/test/java/features/Tawarruq_AppDataCheck_EmployementDetails.feature:84)
]]>
    </failure>
  </testcase> <!-- runScenario -->
  <testcase classname="io.cucumber.testng.AbstractTestNGCucumberTests" name="runScenario" time="41.371"/>
</testsuite> <!-- Default test -->
