<?xml version="1.0" encoding="UTF-8"?>
<testng-results ignored="0" total="1" passed="0" failed="1" skipped="0">
  <reporter-output>
  </reporter-output>
  <suite started-at="2023-09-06T17:59:57 IST" name="Default suite" finished-at="2023-09-06T18:01:46 IST" duration-ms="108293">
    <groups>
      <group name="cucumber">
        <method signature="AbstractTestNGCucumberTests.runScenario(io.cucumber.testng.PickleWrapper,io.cucumber.testng.FeatureWrapper)[pri:0, instance:Runner.TestApplication@72cc7e6f]" name="runScenario" class="io.cucumber.testng.AbstractTestNGCucumberTests"/>
      </group> <!-- cucumber -->
    </groups>
    <test started-at="2023-09-06T17:59:57 IST" name="Default test" finished-at="2023-09-06T18:01:46 IST" duration-ms="108293">
      <class name="Runner.TestApplication">
        <test-method is-config="true" signature="setUpClass()[pri:0, instance:Runner.TestApplication@72cc7e6f]" started-at="2023-09-06T17:59:58 IST" name="setUpClass" finished-at="2023-09-06T17:59:59 IST" duration-ms="1984" status="PASS">
          <reporter-output>
          </reporter-output>
        </test-method> <!-- setUpClass -->
        <test-method signature="runScenario(io.cucumber.testng.PickleWrapper,io.cucumber.testng.FeatureWrapper)[pri:0, instance:Runner.TestApplication@72cc7e6f]" started-at="2023-09-06T18:00:00 IST" name="runScenario" description="Runs Cucumber Scenarios" data-provider="scenarios" finished-at="2023-09-06T18:01:24 IST" duration-ms="84056" status="FAIL">
          <params>
            <param index="0">
              <value>
                <![CDATA["To verify the availability of Application Details tab  under Contract signing stage"]]>
              </value>
            </param>
            <param index="1">
              <value>
                <![CDATA["Optional[To test the Application details under Contarct signing]"]]>
              </value>
            </param>
          </params>
          <exception class="java.lang.AssertionError">
            <message>
              <![CDATA[Cannot invoke "org.openqa.selenium.WebElement.click()" because the return value of "helper.JavascriptHelper.executeScriptWithWebElement(String)" is null]]>
            </message>
            <full-stacktrace>
              <![CDATA[java.lang.AssertionError: Cannot invoke "org.openqa.selenium.WebElement.click()" because the return value of "helper.JavascriptHelper.executeScriptWithWebElement(String)" is null
at org.testng.Assert.fail(Assert.java:99)
at stepdefinitions.CFEmploymentDetailsSteps611.user_validate_the_declared_net_monthly_income_is_editable(CFEmploymentDetailsSteps611.java:876)
at âœ½.User_611 Validate the Declared net  monthly income is editable(file:///C:/Users/inindc00611/git/ULS_Ijarah/AzentioAutomationFramework_Ijara/src/test/java/features/ContractSigningAppDet611.feature:61)
]]>
            </full-stacktrace>
          </exception> <!-- java.lang.AssertionError -->
          <reporter-output>
          </reporter-output>
        </test-method> <!-- runScenario -->
        <test-method is-config="true" signature="tearDownClass()[pri:0, instance:Runner.TestApplication@72cc7e6f]" started-at="2023-09-06T18:01:24 IST" name="tearDownClass" finished-at="2023-09-06T18:01:46 IST" duration-ms="22143" status="PASS">
          <reporter-output>
          </reporter-output>
        </test-method> <!-- tearDownClass -->
      </class> <!-- Runner.TestApplication -->
    </test> <!-- Default test -->
  </suite> <!-- Default suite -->
</testng-results>
