<?xml version="1.0" encoding="UTF-8"?>
<!-- Generated by org.testng.reporters.JUnitReportReporter -->
<testsuite hostname="AWS-PVDI-45" failures="1" tests="1" name="Runner.TestApplication" time="55.115" errors="0" timestamp="2023-11-21T09:43:00 IST" skipped="0">
  <testcase classname="Runner.TestApplication" name="runScenario" time="55.115">
    <failure message="Cannot invoke &quot;org.openqa.selenium.WebElement.click()&quot; because the return value of &quot;helper.JavascriptHelper.executeScriptWithWebElement(String)&quot; is null" type="java.lang.AssertionError">
      <![CDATA[java.lang.AssertionError: Cannot invoke "org.openqa.selenium.WebElement.click()" because the return value of "helper.JavascriptHelper.executeScriptWithWebElement(String)" is null
at org.junit.Assert.fail(Assert.java:88)
at stepdefinitions.Tawarah_AppDataEntry_IdentificationDetailsListView.user_click_on_the_additional_customer_info(Tawarah_AppDataEntry_IdentificationDetailsListView.java:30)
at âœ½.user click on the Additional Customer info(file:///C:/Users/inindc00626/git/Tharun_ULS/Tharun_ULS/src/test/java/features/Tawarah_AppDataEntry_IdentificationDetailsListView.feature:15)
]]>
    </failure>
  </testcase> <!-- runScenario -->
</testsuite> <!-- Runner.TestApplication -->
