<?xml version="1.0" encoding="UTF-8"?>
<!-- Generated by org.testng.reporters.JUnitReportReporter -->
<testsuite hostname="PSK9T3U-DESKTOP" failures="1" tests="1" name="Runner.TestApplication" time="47.043" errors="0" timestamp="2023-11-10T15:51:24 IST" skipped="0">
  <testcase classname="Runner.TestApplication" name="runScenario" time="47.043">
    <failure message="class java.lang.String cannot be cast to class org.openqa.selenium.WebElement (java.lang.String is in module java.base of loader &#039;bootstrap&#039;; org.openqa.selenium.WebElement is in unnamed module of loader &#039;app&#039;)" type="java.lang.AssertionError">
      <![CDATA[java.lang.AssertionError: class java.lang.String cannot be cast to class org.openqa.selenium.WebElement (java.lang.String is in module java.base of loader 'bootstrap'; org.openqa.selenium.WebElement is in unnamed module of loader 'app')
at org.testng.Assert.fail(Assert.java:99)
at stepdefinitions.Tawarruq_APPDATA_ApplicationDetails.user_0482_click_save_button_and_verify_the_confirmation_message(Tawarruq_APPDATA_ApplicationDetails.java:240)
at âœ½.user_0482 Click save button and verify the confirmation message(file:///C:/Users/ININDC00482/eclipse-workspace/ULS_Tawarruq_Ajith/src/test/java/features/Tawarruq/Tawarruq_AppDataEntry_InsuranceInfo.feature:26)
]]>
    </failure>
  </testcase> <!-- runScenario -->
  <system-out/>
</testsuite> <!-- Runner.TestApplication -->
