<?xml version="1.0" encoding="UTF-8"?>
<!-- Generated by org.testng.reporters.JUnitReportReporter -->
<testsuite hostname="DESKTOP-PSK9T3J" failures="56" tests="202" name="Runner.TestApplication" time="27651.047" errors="108" timestamp="2024-01-17T22:03:12 IST" skipped="0">
  <testcase classname="Runner.TestApplication" name="runScenario" time="4.851">
    <error message="Cannot invoke &quot;org.openqa.selenium.WebElement.click()&quot; because the return value of &quot;helper.JavascriptHelper.executeScriptWithWebElement(String)&quot; is null" type="java.lang.NullPointerException">
      <![CDATA[java.lang.NullPointerException: Cannot invoke "org.openqa.selenium.WebElement.click()" because the return value of "helper.JavascriptHelper.executeScriptWithWebElement(String)" is null
at stepdefinitions.IjaraLogin.loginWithIjaraApplication(IjaraLogin.java:30)
at stepdefinitions.IjaraAddressDetailsSteps.login_with_valid_credentials_for_new_application_stage(IjaraAddressDetailsSteps.java:60)
at ✽.login with valid credentials for new application stage(file:///C:/Users/inindc00604/git/ULS_IjarahIjarahMain/ULS_Ijarah_MainRepository/src/test/java/features/IjarahFeatures/Ijarah_APPDATAENTRY_ApplicationDetails_Creation.feature:250)
]]>
    </error>
  </testcase> <!-- runScenario -->
  <system-out/>
  <testcase classname="Runner.TestApplication" name="runScenario" time="4.602">
    <error message="Cannot invoke &quot;org.openqa.selenium.WebElement.click()&quot; because the return value of &quot;helper.JavascriptHelper.executeScriptWithWebElement(String)&quot; is null" type="java.lang.NullPointerException">
      <![CDATA[java.lang.NullPointerException: Cannot invoke "org.openqa.selenium.WebElement.click()" because the return value of "helper.JavascriptHelper.executeScriptWithWebElement(String)" is null
at stepdefinitions.IjaraLogin.loginWithIjaraApplication(IjaraLogin.java:30)
at stepdefinitions.IjaraAddressDetailsSteps.login_with_valid_credentials07(IjaraAddressDetailsSteps.java:76)
at ✽.login with valid credentials07(file:///C:/Users/inindc00604/git/ULS_IjarahIjarahMain/ULS_Ijarah_MainRepository/src/test/java/features/IjarahFeatures/Ijarah_CUSTOMERSEARCH.feature:220)
]]>
    </error>
  </testcase> <!-- runScenario -->
  <system-out/>
  <testcase classname="Runner.TestApplication" name="runScenario" time="4.621">
    <error message="Cannot invoke &quot;org.openqa.selenium.WebElement.click()&quot; because the return value of &quot;helper.JavascriptHelper.executeScriptWithWebElement(String)&quot; is null" type="java.lang.NullPointerException">
      <![CDATA[java.lang.NullPointerException: Cannot invoke "org.openqa.selenium.WebElement.click()" because the return value of "helper.JavascriptHelper.executeScriptWithWebElement(String)" is null
at stepdefinitions.IjaraLogin.loginWithIjaraApplication(IjaraLogin.java:30)
at stepdefinitions.IjaraAddressDetailsSteps.login_with_valid_credentials_for_new_application_stage(IjaraAddressDetailsSteps.java:60)
at ✽.login with valid credentials for new application stage(file:///C:/Users/inindc00604/git/ULS_IjarahIjarahMain/ULS_Ijarah_MainRepository/src/test/java/features/IjarahFeatures/Ijarah_APPDATAENTRY_ApplicationDetails_Creation.feature:406)
]]>
    </error>
  </testcase> <!-- runScenario -->
  <system-out/>
  <testcase classname="Runner.TestApplication" name="runScenario" time="55.214"/>
  <system-out/>
  <testcase classname="Runner.TestApplication" name="runScenario" time="58.612"/>
  <system-out/>
  <testcase classname="Runner.TestApplication" name="runScenario" time="1191.443">
    <failure message="Cannot invoke &quot;org.openqa.selenium.WebElement.click()&quot; because the return value of &quot;helper.JavascriptHelper.executeScriptWithWebElement(String)&quot; is null" type="java.lang.AssertionError">
      <![CDATA[java.lang.AssertionError: Cannot invoke "org.openqa.selenium.WebElement.click()" because the return value of "helper.JavascriptHelper.executeScriptWithWebElement(String)" is null
at org.testng.Assert.fail(Assert.java:99)
at stepdefinitions.Ijara_Repayment_Mode_Steps.user_615_click_save_button(Ijara_Repayment_Mode_Steps.java:870)
at ✽.user_615 click save button(file:///C:/Users/inindc00604/git/ULS_IjarahIjarahMain/ULS_Ijarah_MainRepository/src/test/java/features/IjarahFeatures/Ijarah_APPDATAENTRY_Quotation_Info.feature:78)
]]>
    </failure>
  </testcase> <!-- runScenario -->
  <system-out/>
  <testcase classname="Runner.TestApplication" name="runScenario" time="198.687">
    <failure message="Cannot invoke &quot;org.openqa.selenium.WebElement.click()&quot; because the return value of &quot;helper.JavascriptHelper.executeScriptWithWebElement(String)&quot; is null" type="java.lang.AssertionError">
      <![CDATA[java.lang.AssertionError: Cannot invoke "org.openqa.selenium.WebElement.click()" because the return value of "helper.JavascriptHelper.executeScriptWithWebElement(String)" is null
at org.testng.Assert.fail(Assert.java:99)
at stepdefinitions.Ijara_Steps_610.user_click_edit_button_under_inbox_screen(Ijara_Steps_610.java:261)
at ✽.User_610 click edit button under inbox screen(file:///C:/Users/inindc00604/git/ULS_IjarahIjarahMain/ULS_Ijarah_MainRepository/src/test/java/features/IjarahFeatures/Ijarah_APPDATAENTRY_Customer_FollowUpDetails_610.feature:103)
]]>
    </failure>
  </testcase> <!-- runScenario -->
  <system-out/>
  <testcase classname="Runner.TestApplication" name="runScenario" time="196.069">
    <failure message="Keys to send should be a not null CharSequence" type="java.lang.AssertionError">
      <![CDATA[java.lang.AssertionError: Keys to send should be a not null CharSequence
at org.junit.Assert.fail(Assert.java:88)
at stepdefinitions.IjaraTest.user_626_search_the_record_reference_number_in_search_text_box(IjaraTest.java:183)
at ✽.user_626 search the record reference number in search text box(file:///C:/Users/inindc00604/git/ULS_IjarahIjarahMain/ULS_Ijarah_MainRepository/src/test/java/features/IjarahFeatures/Ijarah_OFFERING_OfferDocumentDetails.feature:88)
]]>
    </failure>
  </testcase> <!-- runScenario -->
  <system-out/>
  <testcase classname="Runner.TestApplication" name="runScenario" time="4.628">
    <error message="Cannot invoke &quot;org.openqa.selenium.WebElement.click()&quot; because the return value of &quot;helper.JavascriptHelper.executeScriptWithWebElement(String)&quot; is null" type="java.lang.NullPointerException">
      <![CDATA[java.lang.NullPointerException: Cannot invoke "org.openqa.selenium.WebElement.click()" because the return value of "helper.JavascriptHelper.executeScriptWithWebElement(String)" is null
at stepdefinitions.IjaraLogin.loginWithIjaraApplication(IjaraLogin.java:30)
at stepdefinitions.IjaraAddressDetailsSteps.login_with_valid_credentials_for_new_application_stage(IjaraAddressDetailsSteps.java:60)
at ✽.login with valid credentials for new application stage(file:///C:/Users/inindc00604/git/ULS_IjarahIjarahMain/ULS_Ijarah_MainRepository/src/test/java/features/IjarahFeatures/Ijarah_APPDATAENTRY_ApplicationDetails_Creation.feature:102)
]]>
    </error>
  </testcase> <!-- runScenario -->
  <system-out/>
  <testcase classname="Runner.TestApplication" name="runScenario" time="4.980">
    <error message="Cannot invoke &quot;org.openqa.selenium.WebElement.click()&quot; because the return value of &quot;helper.JavascriptHelper.executeScriptWithWebElement(String)&quot; is null" type="java.lang.NullPointerException">
      <![CDATA[java.lang.NullPointerException: Cannot invoke "org.openqa.selenium.WebElement.click()" because the return value of "helper.JavascriptHelper.executeScriptWithWebElement(String)" is null
at stepdefinitions.IjaraLogin.loginWithIjaraApplication(IjaraLogin.java:30)
at stepdefinitions.IjaraAddressDetailsSteps.login_with_valid_credentials02(IjaraAddressDetailsSteps.java:72)
at ✽.login with valid credentials02(file:///C:/Users/inindc00604/git/ULS_IjarahIjarahMain/ULS_Ijarah_MainRepository/src/test/java/features/IjarahFeatures/Ijarah_APPDATACHECK_ProductDetails_610.feature:39)
]]>
    </error>
  </testcase> <!-- runScenario -->
  <system-out/>
  <testcase classname="Runner.TestApplication" name="runScenario" time="1200.149">
    <failure message="element not interactable
  (Session info: chrome=120.0.6099.217)
Build info: version: &#039;4.11.0&#039;, revision: &#039;040bc5406b&#039;
System info: os.name: &#039;Windows 10&#039;, os.arch: &#039;amd64&#039;, os.version: &#039;10.0&#039;, java.version: &#039;16.0.2&#039;
Driver info: org.openqa.selenium.chrome.ChromeDriver
Command: [e5354906da0fc37ec6c5e070ac84eb86, clickElement {id=B23CEDC96F1CF8795B1E125225E7BD24_element_75}]
Capabilities {acceptInsecureCerts: false, browserName: chrome, browserVersion: 120.0.6099.217, chrome: {chromedriverVersion: 120.0.6099.109 (3419140ab66..., userDataDir: C:\Users\ININDC~1\AppData\L...}, fedcm:accounts: true, goog:chromeOptions: {debuggerAddress: localhost:59100}, networkConnectionEnabled: false, pageLoadStrategy: normal, platformName: windows, proxy: Proxy(), se:cdp: ws://localhost:59100/devtoo..., se:cdpVersion: 120.0.6099.217, setWindowRect: true, strictFileInteractability: false, timeouts: {implicit: 0, pageLoad: 300000, script: 30000}, unhandledPromptBehavior: dismiss and notify, webauthn:extension:credBlob: true, webauthn:extension:largeBlob: true, webauthn:extension:minPinLength: true, webauthn:extension:prf: true, webauthn:virtualAuthenticators: true}
Element: [org.openqa.selenium.remote.RemoteWebElement@935cc89d -&gt; unknown locator]
Session ID: e5354906da0fc37ec6c5e070ac84eb86" type="java.lang.AssertionError">
      <![CDATA[java.lang.AssertionError: element not interactable
  (Session info: chrome=120.0.6099.217)
Build info: version: '4.11.0', revision: '040bc5406b'
System info: os.name: 'Windows 10', os.arch: 'amd64', os.version: '10.0', java.version: '16.0.2'
Driver info: org.openqa.selenium.chrome.ChromeDriver
Command: [e5354906da0fc37ec6c5e070ac84eb86, clickElement {id=B23CEDC96F1CF8795B1E125225E7BD24_element_75}]
Capabilities {acceptInsecureCerts: false, browserName: chrome, browserVersion: 120.0.6099.217, chrome: {chromedriverVersion: 120.0.6099.109 (3419140ab66..., userDataDir: C:\Users\ININDC~1\AppData\L...}, fedcm:accounts: true, goog:chromeOptions: {debuggerAddress: localhost:59100}, networkConnectionEnabled: false, pageLoadStrategy: normal, platformName: windows, proxy: Proxy(), se:cdp: ws://localhost:59100/devtoo..., se:cdpVersion: 120.0.6099.217, setWindowRect: true, strictFileInteractability: false, timeouts: {implicit: 0, pageLoad: 300000, script: 30000}, unhandledPromptBehavior: dismiss and notify, webauthn:extension:credBlob: true, webauthn:extension:largeBlob: true, webauthn:extension:minPinLength: true, webauthn:extension:prf: true, webauthn:virtualAuthenticators: true}
Element: [org.openqa.selenium.remote.RemoteWebElement@935cc89d -> unknown locator]
Session ID: e5354906da0fc37ec6c5e070ac84eb86
at org.testng.Assert.fail(Assert.java:99)
at stepdefinitions.IJARAH_Steps_615.user_click_the_save_button_under_cusomer_details(IJARAH_Steps_615.java:5136)
at ✽.user click the save button under cusomer details(file:///C:/Users/inindc00604/git/ULS_IjarahIjarahMain/ULS_Ijarah_MainRepository/src/test/java/features/IjarahFeatures/Ijarah_APPDATAENTRY_CustomerDetails.feature:57)
]]>
    </failure>
  </testcase> <!-- runScenario -->
  <system-out/>
  <testcase classname="Runner.TestApplication" name="runScenario" time="67.962"/>
  <system-out/>
  <testcase classname="Runner.TestApplication" name="runScenario" time="52.334"/>
  <system-out/>
  <testcase classname="Runner.TestApplication" name="runScenario" time="197.245">
    <failure message="Cannot invoke &quot;org.openqa.selenium.WebElement.click()&quot; because the return value of &quot;helper.JavascriptHelper.executeScriptWithWebElement(String)&quot; is null" type="java.lang.AssertionError">
      <![CDATA[java.lang.AssertionError: Cannot invoke "org.openqa.selenium.WebElement.click()" because the return value of "helper.JavascriptHelper.executeScriptWithWebElement(String)" is null
at org.testng.Assert.fail(Assert.java:99)
at stepdefinitions.Ijara_Steps_610.user_click_edit_button_under_inbox_screen(Ijara_Steps_610.java:261)
at ✽.User_610 click edit button under inbox screen(file:///C:/Users/inindc00604/git/ULS_IjarahIjarahMain/ULS_Ijarah_MainRepository/src/test/java/features/IjarahFeatures/Ijarah_APPDATAENTRY_DocumentDetails_610.feature:12)
]]>
    </failure>
  </testcase> <!-- runScenario -->
  <system-out/>
  <testcase classname="Runner.TestApplication" name="runScenario" time="6.308">
    <error message="Cannot invoke &quot;org.openqa.selenium.WebElement.click()&quot; because the return value of &quot;helper.JavascriptHelper.executeScriptWithWebElement(String)&quot; is null" type="java.lang.NullPointerException">
      <![CDATA[java.lang.NullPointerException: Cannot invoke "org.openqa.selenium.WebElement.click()" because the return value of "helper.JavascriptHelper.executeScriptWithWebElement(String)" is null
at stepdefinitions.IjaraLogin.loginWithIjaraApplication(IjaraLogin.java:30)
at stepdefinitions.IjaraAddressDetailsSteps.login_with_valid_credentials2(IjaraAddressDetailsSteps.java:119)
at ✽.login with valid credentials2(file:///C:/Users/inindc00604/git/ULS_IjarahIjarahMain/ULS_Ijarah_MainRepository/src/test/java/features/IjarahFeatures/Ijarah_CONTRACTSIGNING_ApplicationDetails.feature:6)
]]>
    </error>
  </testcase> <!-- runScenario -->
  <system-out/>
  <testcase classname="Runner.TestApplication" name="runScenario" time="33.715"/>
  <system-out/>
  <testcase classname="Runner.TestApplication" name="runScenario" time="31.170"/>
  <system-out/>
  <testcase classname="Runner.TestApplication" name="runScenario" time="1026.516">
    <failure message="Cannot invoke &quot;org.openqa.selenium.WebElement.click()&quot; because the return value of &quot;helper.JavascriptHelper.executeScriptWithWebElement(String)&quot; is null" type="java.lang.AssertionError">
      <![CDATA[java.lang.AssertionError: Cannot invoke "org.openqa.selenium.WebElement.click()" because the return value of "helper.JavascriptHelper.executeScriptWithWebElement(String)" is null
at org.testng.Assert.fail(Assert.java:99)
at stepdefinitions.IJARAH_Steps_615.user_click_the_module_name_dropdown_in_uls_application(IJARAH_Steps_615.java:156)
at ✽.User click the module name dropdown in ULS application(file:///C:/Users/inindc00604/git/ULS_IjarahIjarahMain/ULS_Ijarah_MainRepository/src/test/java/features/IjarahFeatures/Ijarah_APPDATAENTRY_ApplicationDetails_Creation.feature:454)
]]>
    </failure>
  </testcase> <!-- runScenario -->
  <system-out/>
  <testcase classname="Runner.TestApplication" name="runScenario" time="4.982">
    <error message="Cannot invoke &quot;org.openqa.selenium.WebElement.click()&quot; because the return value of &quot;helper.JavascriptHelper.executeScriptWithWebElement(String)&quot; is null" type="java.lang.NullPointerException">
      <![CDATA[java.lang.NullPointerException: Cannot invoke "org.openqa.selenium.WebElement.click()" because the return value of "helper.JavascriptHelper.executeScriptWithWebElement(String)" is null
at stepdefinitions.IjaraLogin.loginWithIjaraApplication(IjaraLogin.java:30)
at stepdefinitions.IjaraAddressDetailsSteps.login_with_valid_credentials_data_check(IjaraAddressDetailsSteps.java:64)
at ✽.login with valid credentials-Data Check(file:///C:/Users/inindc00604/git/ULS_IjarahIjarahMain/ULS_Ijarah_MainRepository/src/test/java/features/IjarahFeatures/Ijarah_APPDATACHECK_Income.feature:135)
]]>
    </error>
  </testcase> <!-- runScenario -->
  <system-out/>
  <testcase classname="Runner.TestApplication" name="runScenario" time="56.052">
    <failure type="java.lang.AssertionError">
      <![CDATA[java.lang.AssertionError
at org.junit.Assert.fail(Assert.java:86)
at org.junit.Assert.assertTrue(Assert.java:41)
at org.junit.Assert.assertTrue(Assert.java:52)
at stepdefinitions.IjaraTest1.user_verify_the_extension_below_the_employment_details(IjaraTest1.java:3986)
at ✽.user verify the Direct Manager Phone Number below the Employment Details(file:///C:/Users/inindc00604/git/ULS_IjarahIjarahMain/ULS_Ijarah_MainRepository/src/test/java/features/IjarahFeatures/Ijarah_APPDATACHECK_EmploymentDetails.feature:33)
]]>
    </failure>
  </testcase> <!-- runScenario -->
  <system-out/>
  <testcase classname="Runner.TestApplication" name="runScenario" time="199.195">
    <failure message="Cannot invoke &quot;org.openqa.selenium.WebElement.click()&quot; because the return value of &quot;helper.JavascriptHelper.executeScriptWithWebElement(String)&quot; is null" type="java.lang.AssertionError">
      <![CDATA[java.lang.AssertionError: Cannot invoke "org.openqa.selenium.WebElement.click()" because the return value of "helper.JavascriptHelper.executeScriptWithWebElement(String)" is null
at org.testng.Assert.fail(Assert.java:99)
at stepdefinitions.Ijara_Steps_610.user_click_edit_button_under_inbox_screen(Ijara_Steps_610.java:261)
at ✽.User_610 click edit button under inbox screen(file:///C:/Users/inindc00604/git/ULS_IjarahIjarahMain/ULS_Ijarah_MainRepository/src/test/java/features/IjarahFeatures/Ijarah_APPDATAENTRY_Customer_FollowUpDetails_610.feature:16)
]]>
    </failure>
  </testcase> <!-- runScenario -->
  <system-out/>
  <testcase classname="Runner.TestApplication" name="runScenario" time="4.420">
    <error message="Cannot invoke &quot;org.openqa.selenium.WebElement.click()&quot; because the return value of &quot;helper.JavascriptHelper.executeScriptWithWebElement(String)&quot; is null" type="java.lang.NullPointerException">
      <![CDATA[java.lang.NullPointerException: Cannot invoke "org.openqa.selenium.WebElement.click()" because the return value of "helper.JavascriptHelper.executeScriptWithWebElement(String)" is null
at stepdefinitions.IjaraLogin.loginWithIjaraApplication(IjaraLogin.java:30)
at stepdefinitions.IjaraAddressDetailsSteps.login_with_valid_credentials_for_new_application_stage(IjaraAddressDetailsSteps.java:60)
at ✽.login with valid credentials for new application stage(file:///C:/Users/inindc00604/git/ULS_IjarahIjarahMain/ULS_Ijarah_MainRepository/src/test/java/features/IjarahFeatures/Ijarah_APPDATAENTRY_ApplicationDetails_Creation.feature:224)
]]>
    </error>
  </testcase> <!-- runScenario -->
  <system-out/>
  <testcase classname="Runner.TestApplication" name="runScenario" time="353.544">
    <failure message="element click intercepted: Element &lt;input class=&quot;native-input sc-ion-input-ios&quot; aria-labelledby=&quot;ion-input-9-lbl&quot; autocapitalize=&quot;off&quot; autocomplete=&quot;off&quot; autocorrect=&quot;off&quot; minlength=&quot;0&quot; name=&quot;ion-input-9&quot; placeholder=&quot;&quot; spellcheck=&quot;false&quot; type=&quot;number&quot;&gt; is not clickable at point (995, 459). Other element would receive the click: &lt;ion-popover class=&quot;select-popover ios popover-desktop popover-side-bottom hydrated&quot; id=&quot;ion-overlay-4&quot; aria-modal=&quot;true&quot; no-router=&quot;&quot; tabindex=&quot;-1&quot; style=&quot;z-index: 20004; --width: 587.96875px;&quot;&gt;...&lt;/ion-popover&gt;
  (Session info: chrome=120.0.6099.217)
Build info: version: &#039;4.11.0&#039;, revision: &#039;040bc5406b&#039;
System info: os.name: &#039;Windows 10&#039;, os.arch: &#039;amd64&#039;, os.version: &#039;10.0&#039;, java.version: &#039;16.0.2&#039;
Driver info: org.openqa.selenium.chrome.ChromeDriver
Command: [8813f00e16235b6fe507a9fee60b48c1, clickElement {id=98D78CA61966FD5EE76702C6F7E699A5_element_138}]
Capabilities {acceptInsecureCerts: false, browserName: chrome, browserVersion: 120.0.6099.217, chrome: {chromedriverVersion: 120.0.6099.109 (3419140ab66..., userDataDir: C:\Users\ININDC~1\AppData\L...}, fedcm:accounts: true, goog:chromeOptions: {debuggerAddress: localhost:59945}, networkConnectionEnabled: false, pageLoadStrategy: normal, platformName: windows, proxy: Proxy(), se:cdp: ws://localhost:59945/devtoo..., se:cdpVersion: 120.0.6099.217, setWindowRect: true, strictFileInteractability: false, timeouts: {implicit: 0, pageLoad: 300000, script: 30000}, unhandledPromptBehavior: dismiss and notify, webauthn:extension:credBlob: true, webauthn:extension:largeBlob: true, webauthn:extension:minPinLength: true, webauthn:extension:prf: true, webauthn:virtualAuthenticators: true}
Element: [org.openqa.selenium.remote.RemoteWebElement@368aa3a -&gt; unknown locator]
Session ID: 8813f00e16235b6fe507a9fee60b48c1" type="java.lang.AssertionError">
      <![CDATA[java.lang.AssertionError: element click intercepted: Element <input class="native-input sc-ion-input-ios" aria-labelledby="ion-input-9-lbl" autocapitalize="off" autocomplete="off" autocorrect="off" minlength="0" name="ion-input-9" placeholder="" spellcheck="false" type="number"> is not clickable at point (995, 459). Other element would receive the click: <ion-popover class="select-popover ios popover-desktop popover-side-bottom hydrated" id="ion-overlay-4" aria-modal="true" no-router="" tabindex="-1" style="z-index: 20004; --width: 587.96875px;">...</ion-popover>
  (Session info: chrome=120.0.6099.217)
Build info: version: '4.11.0', revision: '040bc5406b'
System info: os.name: 'Windows 10', os.arch: 'amd64', os.version: '10.0', java.version: '16.0.2'
Driver info: org.openqa.selenium.chrome.ChromeDriver
Command: [8813f00e16235b6fe507a9fee60b48c1, clickElement {id=98D78CA61966FD5EE76702C6F7E699A5_element_138}]
Capabilities {acceptInsecureCerts: false, browserName: chrome, browserVersion: 120.0.6099.217, chrome: {chromedriverVersion: 120.0.6099.109 (3419140ab66..., userDataDir: C:\Users\ININDC~1\AppData\L...}, fedcm:accounts: true, goog:chromeOptions: {debuggerAddress: localhost:59945}, networkConnectionEnabled: false, pageLoadStrategy: normal, platformName: windows, proxy: Proxy(), se:cdp: ws://localhost:59945/devtoo..., se:cdpVersion: 120.0.6099.217, setWindowRect: true, strictFileInteractability: false, timeouts: {implicit: 0, pageLoad: 300000, script: 30000}, unhandledPromptBehavior: dismiss and notify, webauthn:extension:credBlob: true, webauthn:extension:largeBlob: true, webauthn:extension:minPinLength: true, webauthn:extension:prf: true, webauthn:virtualAuthenticators: true}
Element: [org.openqa.selenium.remote.RemoteWebElement@368aa3a -> unknown locator]
Session ID: 8813f00e16235b6fe507a9fee60b48c1
at org.testng.Assert.fail(Assert.java:99)
at stepdefinitions.Ijara_Quotation_Info_Steps.user_615_verify_the_base_premium_field_is_editable(Ijara_Quotation_Info_Steps.java:251)
at ✽.user_615 verify the base premium field is editable(file:///C:/Users/inindc00604/git/ULS_IjarahIjarahMain/ULS_Ijarah_MainRepository/src/test/java/features/IjarahFeatures/Ijarah_APPDATAENTRY_Quotation_Info.feature:44)
]]>
    </failure>
  </testcase> <!-- runScenario -->
  <system-out/>
  <testcase classname="Runner.TestApplication" name="runScenario" time="52.577">
    <failure message="javascript error: Cannot read properties of null (reading &#039;click&#039;)
  (Session info: chrome=120.0.6099.217)
Build info: version: &#039;4.11.0&#039;, revision: &#039;040bc5406b&#039;
System info: os.name: &#039;Windows 10&#039;, os.arch: &#039;amd64&#039;, os.version: &#039;10.0&#039;, java.version: &#039;16.0.2&#039;
Driver info: org.openqa.selenium.chrome.ChromeDriver
Command: [227b7bef06aa2fc2bc87d60f383409c0, executeScript {script=arguments[0].click();, args=[null]}]
Capabilities {acceptInsecureCerts: false, browserName: chrome, browserVersion: 120.0.6099.217, chrome: {chromedriverVersion: 120.0.6099.109 (3419140ab66..., userDataDir: C:\Users\ININDC~1\AppData\L...}, fedcm:accounts: true, goog:chromeOptions: {debuggerAddress: localhost:62809}, networkConnectionEnabled: false, pageLoadStrategy: normal, platformName: windows, proxy: Proxy(), se:cdp: ws://localhost:62809/devtoo..., se:cdpVersion: 120.0.6099.217, setWindowRect: true, strictFileInteractability: false, timeouts: {implicit: 0, pageLoad: 300000, script: 30000}, unhandledPromptBehavior: dismiss and notify, webauthn:extension:credBlob: true, webauthn:extension:largeBlob: true, webauthn:extension:minPinLength: true, webauthn:extension:prf: true, webauthn:virtualAuthenticators: true}
Session ID: 227b7bef06aa2fc2bc87d60f383409c0" type="java.lang.AssertionError">
      <![CDATA[java.lang.AssertionError: javascript error: Cannot read properties of null (reading 'click')
  (Session info: chrome=120.0.6099.217)
Build info: version: '4.11.0', revision: '040bc5406b'
System info: os.name: 'Windows 10', os.arch: 'amd64', os.version: '10.0', java.version: '16.0.2'
Driver info: org.openqa.selenium.chrome.ChromeDriver
Command: [227b7bef06aa2fc2bc87d60f383409c0, executeScript {script=arguments[0].click();, args=[null]}]
Capabilities {acceptInsecureCerts: false, browserName: chrome, browserVersion: 120.0.6099.217, chrome: {chromedriverVersion: 120.0.6099.109 (3419140ab66..., userDataDir: C:\Users\ININDC~1\AppData\L...}, fedcm:accounts: true, goog:chromeOptions: {debuggerAddress: localhost:62809}, networkConnectionEnabled: false, pageLoadStrategy: normal, platformName: windows, proxy: Proxy(), se:cdp: ws://localhost:62809/devtoo..., se:cdpVersion: 120.0.6099.217, setWindowRect: true, strictFileInteractability: false, timeouts: {implicit: 0, pageLoad: 300000, script: 30000}, unhandledPromptBehavior: dismiss and notify, webauthn:extension:credBlob: true, webauthn:extension:largeBlob: true, webauthn:extension:minPinLength: true, webauthn:extension:prf: true, webauthn:virtualAuthenticators: true}
Session ID: 227b7bef06aa2fc2bc87d60f383409c0
at org.junit.Assert.fail(Assert.java:88)
at stepdefinitions.IJARAH_Steps.user_608_click_the_entitle_button_under_inbox(IJARAH_Steps.java:400)
at ✽.User_608 click the Entitle button under inbox(file:///C:/Users/inindc00604/git/ULS_IjarahIjarahMain/ULS_Ijarah_MainRepository/src/test/java/features/IjarahFeatures/Ijarah_UNDERWRITER.feature:204)
]]>
    </failure>
  </testcase> <!-- runScenario -->
  <system-out/>
  <testcase classname="Runner.TestApplication" name="runScenario" time="5.534">
    <error message="Cannot invoke &quot;org.openqa.selenium.WebElement.click()&quot; because the return value of &quot;helper.JavascriptHelper.executeScriptWithWebElement(String)&quot; is null" type="java.lang.NullPointerException">
      <![CDATA[java.lang.NullPointerException: Cannot invoke "org.openqa.selenium.WebElement.click()" because the return value of "helper.JavascriptHelper.executeScriptWithWebElement(String)" is null
at stepdefinitions.IjaraLogin.loginWithIjaraApplication(IjaraLogin.java:30)
at stepdefinitions.IjaraAddressDetailsSteps.login_with_valid_credentials_for_new_application_stage(IjaraAddressDetailsSteps.java:60)
at ✽.login with valid credentials for new application stage(file:///C:/Users/inindc00604/git/ULS_IjarahIjarahMain/ULS_Ijarah_MainRepository/src/test/java/features/IjarahFeatures/Ijarah_NEWAPP_AddressDetailsFEATURE.feature:95)
]]>
    </error>
  </testcase> <!-- runScenario -->
  <system-out/>
  <testcase classname="Runner.TestApplication" name="runScenario" time="29.025">
    <error message="Cannot invoke &quot;org.openqa.selenium.WebElement.isDisplayed()&quot; because the return value of &quot;helper.JavascriptHelper.executeScriptWithWebElement(String)&quot; is null" type="java.lang.NullPointerException">
      <![CDATA[java.lang.NullPointerException: Cannot invoke "org.openqa.selenium.WebElement.isDisplayed()" because the return value of "helper.JavascriptHelper.executeScriptWithWebElement(String)" is null
at stepdefinitions.IJARAH_Steps_615.verify_the_fields_present_on_the_page(IJARAH_Steps_615.java:1758)
at ✽.Verify the fields present on the page(file:///C:/Users/inindc00604/git/ULS_IjarahIjarahMain/ULS_Ijarah_MainRepository/src/test/java/features/IjarahFeatures/Ijarah_APPDATAENTRY_ApplicationDetails_Creation.feature:558)
]]>
    </error>
  </testcase> <!-- runScenario -->
  <system-out/>
  <testcase classname="Runner.TestApplication" name="runScenario" time="5.055">
    <error message="Cannot invoke &quot;org.openqa.selenium.WebElement.click()&quot; because the return value of &quot;helper.JavascriptHelper.executeScriptWithWebElement(String)&quot; is null" type="java.lang.NullPointerException">
      <![CDATA[java.lang.NullPointerException: Cannot invoke "org.openqa.selenium.WebElement.click()" because the return value of "helper.JavascriptHelper.executeScriptWithWebElement(String)" is null
at stepdefinitions.IjaraLogin.loginWithIjaraApplication(IjaraLogin.java:30)
at stepdefinitions.IjaraAddressDetailsSteps.login_with_valid_credentials07(IjaraAddressDetailsSteps.java:76)
at ✽.login with valid credentials07(file:///C:/Users/inindc00604/git/ULS_IjarahIjarahMain/ULS_Ijarah_MainRepository/src/test/java/features/IjarahFeatures/Ijarah_CUSTOMERSEARCH.feature:91)
]]>
    </error>
  </testcase> <!-- runScenario -->
  <system-out/>
  <testcase classname="Runner.TestApplication" name="runScenario" time="4.340">
    <error message="Cannot invoke &quot;org.openqa.selenium.WebElement.click()&quot; because the return value of &quot;helper.JavascriptHelper.executeScriptWithWebElement(String)&quot; is null" type="java.lang.NullPointerException">
      <![CDATA[java.lang.NullPointerException: Cannot invoke "org.openqa.selenium.WebElement.click()" because the return value of "helper.JavascriptHelper.executeScriptWithWebElement(String)" is null
at stepdefinitions.IjaraLogin.loginWithIjaraApplication(IjaraLogin.java:30)
at stepdefinitions.IjaraAddressDetailsSteps.login_with_valid_credentials_for_new_application_stage(IjaraAddressDetailsSteps.java:60)
at ✽.login with valid credentials for new application stage(file:///C:/Users/inindc00604/git/ULS_IjarahIjarahMain/ULS_Ijarah_MainRepository/src/test/java/features/IjarahFeatures/Ijarah_NEWAPP_AddressDetailsFEATURE.feature:122)
]]>
    </error>
  </testcase> <!-- runScenario -->
  <system-out/>
  <testcase classname="Runner.TestApplication" name="runScenario" time="4.633">
    <error message="Cannot invoke &quot;org.openqa.selenium.WebElement.click()&quot; because the return value of &quot;helper.JavascriptHelper.executeScriptWithWebElement(String)&quot; is null" type="java.lang.NullPointerException">
      <![CDATA[java.lang.NullPointerException: Cannot invoke "org.openqa.selenium.WebElement.click()" because the return value of "helper.JavascriptHelper.executeScriptWithWebElement(String)" is null
at stepdefinitions.IjaraLogin.loginWithIjaraApplication(IjaraLogin.java:30)
at stepdefinitions.IjaraAddressDetailsSteps.login_with_valid_credentials_data_check(IjaraAddressDetailsSteps.java:64)
at ✽.login with valid credentials-Data Check(file:///C:/Users/inindc00604/git/ULS_IjarahIjarahMain/ULS_Ijarah_MainRepository/src/test/java/features/IjarahFeatures/Ijarah_APPDATACHECK_Income.feature:154)
]]>
    </error>
  </testcase> <!-- runScenario -->
  <system-out/>
  <testcase classname="Runner.TestApplication" name="runScenario" time="4.583">
    <error message="Cannot invoke &quot;org.openqa.selenium.WebElement.click()&quot; because the return value of &quot;helper.JavascriptHelper.executeScriptWithWebElement(String)&quot; is null" type="java.lang.NullPointerException">
      <![CDATA[java.lang.NullPointerException: Cannot invoke "org.openqa.selenium.WebElement.click()" because the return value of "helper.JavascriptHelper.executeScriptWithWebElement(String)" is null
at stepdefinitions.IjaraLogin.loginWithIjaraApplication(IjaraLogin.java:30)
at stepdefinitions.IjaraAddressDetailsSteps.login_with_valid_credentials07(IjaraAddressDetailsSteps.java:76)
at ✽.login with valid credentials07(file:///C:/Users/inindc00604/git/ULS_IjarahIjarahMain/ULS_Ijarah_MainRepository/src/test/java/features/IjarahFeatures/Ijarah_CUSTOMERSEARCH.feature:192)
]]>
    </error>
  </testcase> <!-- runScenario -->
  <system-out/>
  <testcase classname="Runner.TestApplication" name="runScenario" time="43.708">
    <failure message="Cannot invoke &quot;org.openqa.selenium.WebElement.click()&quot; because the return value of &quot;helper.JavascriptHelper.executeScriptWithWebElement(String)&quot; is null" type="java.lang.AssertionError">
      <![CDATA[java.lang.AssertionError: Cannot invoke "org.openqa.selenium.WebElement.click()" because the return value of "helper.JavascriptHelper.executeScriptWithWebElement(String)" is null
at org.junit.Assert.fail(Assert.java:88)
at stepdefinitions.NewApp_CustomerReferenceListViewSteps.user_076_076_click_on_list_view_edit_button_in_customer_reference_at_new_app_stage(NewApp_CustomerReferenceListViewSteps.java:1379)
at ✽.user_076 click on list view edit button in customer reference at new app stage(file:///C:/Users/inindc00604/git/ULS_IjarahIjarahMain/ULS_Ijarah_MainRepository/src/test/java/features/IjarahFeatures/Ijarah_NEWAPP_CustomerReferenceFEATURE.feature:81)
]]>
    </failure>
  </testcase> <!-- runScenario -->
  <system-out/>
  <testcase classname="Runner.TestApplication" name="runScenario" time="52.529"/>
  <system-out/>
  <testcase classname="Runner.TestApplication" name="runScenario" time="39.287"/>
  <system-out/>
  <testcase classname="Runner.TestApplication" name="runScenario" time="38.641">
    <error message="Expected condition failed: waiting for visibility of null (tried for 15 second(s) with 1 milliseconds interval)
Build info: version: &#039;4.11.0&#039;, revision: &#039;040bc5406b&#039;
System info: os.name: &#039;Windows 10&#039;, os.arch: &#039;amd64&#039;, os.version: &#039;10.0&#039;, java.version: &#039;16.0.2&#039;
Driver info: driver.version: unknown" type="org.openqa.selenium.TimeoutException">
      <![CDATA[org.openqa.selenium.TimeoutException: Expected condition failed: waiting for visibility of null (tried for 15 second(s) with 1 milliseconds interval)
Build info: version: '4.11.0', revision: '040bc5406b'
System info: os.name: 'Windows 10', os.arch: 'amd64', os.version: '10.0', java.version: '16.0.2'
Driver info: driver.version: unknown
at org.openqa.selenium.support.ui.FluentWait.timeoutException(FluentWait.java:262)
at org.openqa.selenium.support.ui.FluentWait.until(FluentWait.java:230)
at helper.WaitHelper.waitForElementwithFluentwait(WaitHelper.java:103)
at stepdefinitions.IJARAH_Steps_615.user_click_the_entitle_button_under_inbox(IJARAH_Steps_615.java:1549)
at ✽.User click the Entitle button under inbox(file:///C:/Users/inindc00604/git/ULS_IjarahIjarahMain/ULS_Ijarah_MainRepository/src/test/java/features/IjarahFeatures/Ijarah_OFFERING_OfferDetails1.feature:96)
Caused by: java.lang.NullPointerException
]]>
    </error>
  </testcase> <!-- runScenario -->
  <system-out/>
  <testcase classname="Runner.TestApplication" name="runScenario" time="5.021">
    <error message="Cannot invoke &quot;org.openqa.selenium.WebElement.click()&quot; because the return value of &quot;helper.JavascriptHelper.executeScriptWithWebElement(String)&quot; is null" type="java.lang.NullPointerException">
      <![CDATA[java.lang.NullPointerException: Cannot invoke "org.openqa.selenium.WebElement.click()" because the return value of "helper.JavascriptHelper.executeScriptWithWebElement(String)" is null
at stepdefinitions.IjaraLogin.loginWithIjaraApplication(IjaraLogin.java:30)
at stepdefinitions.IjaraAddressDetailsSteps.login_with_valid_credentials_for_new_application_stage(IjaraAddressDetailsSteps.java:60)
at ✽.login with valid credentials for new application stage(file:///C:/Users/inindc00604/git/ULS_IjarahIjarahMain/ULS_Ijarah_MainRepository/src/test/java/features/IjarahFeatures/Ijarah_NEWAPP_ContactDetailsFEATURE.feature:61)
]]>
    </error>
  </testcase> <!-- runScenario -->
  <system-out/>
  <testcase classname="Runner.TestApplication" name="runScenario" time="33.932">
    <error message="Cannot invoke &quot;org.openqa.selenium.WebElement.getAttribute(String)&quot; because the return value of &quot;helper.JavascriptHelper.executeScriptWithWebElement(String)&quot; is null" type="java.lang.NullPointerException">
      <![CDATA[java.lang.NullPointerException: Cannot invoke "org.openqa.selenium.WebElement.getAttribute(String)" because the return value of "helper.JavascriptHelper.executeScriptWithWebElement(String)" is null
at stepdefinitions.Ijara_Steps_610.user_verify_the_offer_details_section_screen_under_all_field_should_read_only(Ijara_Steps_610.java:3042)
at ✽.User_610 verify the Offer Details Section Screen Under All field Should read only(file:///C:/Users/inindc00604/git/ULS_IjarahIjarahMain/ULS_Ijarah_MainRepository/src/test/java/features/IjarahFeatures/Ijarah_OFFERING_OfferDetails_610.feature:106)
]]>
    </error>
  </testcase> <!-- runScenario -->
  <system-out/>
  <testcase classname="Runner.TestApplication" name="runScenario" time="33.639"/>
  <system-out/>
  <testcase classname="Runner.TestApplication" name="runScenario" time="199.142">
    <failure message="Cannot invoke &quot;org.openqa.selenium.WebElement.click()&quot; because the return value of &quot;helper.JavascriptHelper.executeScriptWithWebElement(String)&quot; is null" type="java.lang.AssertionError">
      <![CDATA[java.lang.AssertionError: Cannot invoke "org.openqa.selenium.WebElement.click()" because the return value of "helper.JavascriptHelper.executeScriptWithWebElement(String)" is null
at org.testng.Assert.fail(Assert.java:99)
at stepdefinitions.Ijara_Steps_610.user_click_edit_button_under_inbox_screen(Ijara_Steps_610.java:261)
at ✽.User_610 click edit button under inbox screen(file:///C:/Users/inindc00604/git/ULS_IjarahIjarahMain/ULS_Ijarah_MainRepository/src/test/java/features/IjarahFeatures/Ijarah_APPDATAENTRY_Customer_FollowUpDetails_610.feature:61)
]]>
    </failure>
  </testcase> <!-- runScenario -->
  <system-out/>
  <testcase classname="Runner.TestApplication" name="runScenario" time="31.209">
    <error message="Cannot invoke &quot;String.trim()&quot; because the return value of &quot;java.util.Map.get(Object)&quot; is null" type="java.lang.NullPointerException">
      <![CDATA[java.lang.NullPointerException: Cannot invoke "String.trim()" because the return value of "java.util.Map.get(Object)" is null
at stepdefinitions.AppDataEntry_LivingExpense_Steps.user_select_the_customer_name_in_under_customer_input(AppDataEntry_LivingExpense_Steps.java:307)
at ✽.user select the CustomerName in under customerInput(file:///C:/Users/inindc00604/git/ULS_IjarahIjarahMain/ULS_Ijarah_MainRepository/src/test/java/features/IjarahFeatures/Ijarah_APPDATAENTRY_LivingExpense.feature:91)
]]>
    </error>
  </testcase> <!-- runScenario -->
  <system-out/>
  <testcase classname="Runner.TestApplication" name="runScenario" time="605.790">
    <failure message="Cannot invoke &quot;org.openqa.selenium.WebElement.click()&quot; because the return value of &quot;helper.JavascriptHelper.executeScriptWithWebElement(String)&quot; is null" type="java.lang.AssertionError">
      <![CDATA[java.lang.AssertionError: Cannot invoke "org.openqa.selenium.WebElement.click()" because the return value of "helper.JavascriptHelper.executeScriptWithWebElement(String)" is null
at org.junit.Assert.fail(Assert.java:88)
at stepdefinitions.IjaraTest1.user_click_the_entitle_button_under_inbox(IjaraTest1.java:3396)
at ✽.User_6047 click the Entitle button under inbox(file:///C:/Users/inindc00604/git/ULS_IjarahIjarahMain/ULS_Ijarah_MainRepository/src/test/java/features/IjarahFeatures/Ijarah_APPDATACHECK_EmploymentDetails.feature:307)
]]>
    </failure>
  </testcase> <!-- runScenario -->
  <system-out/>
  <testcase classname="Runner.TestApplication" name="runScenario" time="4.904">
    <error message="Cannot invoke &quot;org.openqa.selenium.WebElement.click()&quot; because the return value of &quot;helper.JavascriptHelper.executeScriptWithWebElement(String)&quot; is null" type="java.lang.NullPointerException">
      <![CDATA[java.lang.NullPointerException: Cannot invoke "org.openqa.selenium.WebElement.click()" because the return value of "helper.JavascriptHelper.executeScriptWithWebElement(String)" is null
at stepdefinitions.IjaraLogin.loginWithIjaraApplication(IjaraLogin.java:30)
at stepdefinitions.IjaraAddressDetailsSteps.login_with_valid_credentials_data_check(IjaraAddressDetailsSteps.java:64)
at ✽.login with valid credentials-Data Check(file:///C:/Users/inindc00604/git/ULS_IjarahIjarahMain/ULS_Ijarah_MainRepository/src/test/java/features/IjarahFeatures/Ijarah_APPDATACHECK_QuationInfo.feature:28)
]]>
    </error>
  </testcase> <!-- runScenario -->
  <system-out/>
  <testcase classname="Runner.TestApplication" name="runScenario" time="588.120">
    <failure message="Cannot invoke &quot;org.openqa.selenium.WebElement.click()&quot; because the return value of &quot;helper.JavascriptHelper.executeScriptWithWebElement(String)&quot; is null" type="java.lang.AssertionError">
      <![CDATA[java.lang.AssertionError: Cannot invoke "org.openqa.selenium.WebElement.click()" because the return value of "helper.JavascriptHelper.executeScriptWithWebElement(String)" is null
at org.testng.Assert.fail(Assert.java:99)
at stepdefinitions.IJARAH_Steps_615.user_click_on_the_hamburger_menu(IJARAH_Steps_615.java:476)
at ✽.user click on the hamburger menu(file:///C:/Users/inindc00604/git/ULS_IjarahIjarahMain/ULS_Ijarah_MainRepository/src/test/java/features/IjarahFeatures/Ijarah_APPDATAENTRY_ApplicationDetails_Creation.feature:695)
]]>
    </failure>
  </testcase> <!-- runScenario -->
  <system-out/>
  <testcase classname="Runner.TestApplication" name="runScenario" time="36.618"/>
  <system-out/>
  <testcase classname="Runner.TestApplication" name="runScenario" time="47.313">
    <error message="Cannot invoke &quot;org.openqa.selenium.WebElement.getAttribute(String)&quot; because the return value of &quot;helper.JavascriptHelper.executeScriptWithWebElement(String)&quot; is null" type="java.lang.NullPointerException">
      <![CDATA[java.lang.NullPointerException: Cannot invoke "org.openqa.selenium.WebElement.getAttribute(String)" because the return value of "helper.JavascriptHelper.executeScriptWithWebElement(String)" is null
at stepdefinitions.Ijara_Steps_610.user_verify_product_data_should_be_read_only(Ijara_Steps_610.java:2694)
at ✽.User_610 verify Product data should be read only(file:///C:/Users/inindc00604/git/ULS_IjarahIjarahMain/ULS_Ijarah_MainRepository/src/test/java/features/IjarahFeatures/Ijarah_OFFERING_OfferDetails_610.feature:26)
]]>
    </error>
  </testcase> <!-- runScenario -->
  <system-out/>
  <testcase classname="Runner.TestApplication" name="runScenario" time="60.779"/>
  <system-out/>
  <testcase classname="Runner.TestApplication" name="runScenario" time="38.981">
    <failure message="expected [Feb 25 2023] but found [Jan 31 2023]" type="java.lang.AssertionError">
      <![CDATA[java.lang.AssertionError: expected [Feb 25 2023] but found [Jan 31 2023]
at org.testng.Assert.fail(Assert.java:99)
at org.testng.Assert.failNotEquals(Assert.java:1037)
at org.testng.Assert.assertEqualsImpl(Assert.java:140)
at org.testng.Assert.assertEquals(Assert.java:122)
at org.testng.Assert.assertEquals(Assert.java:629)
at org.testng.Assert.assertEquals(Assert.java:639)
at stepdefinitions.Ijara_Steps_610.user_verify_the_data_display_in_id_issue_date_under_identification_details(Ijara_Steps_610.java:1728)
at ✽.User_610 verify the Data Display in ID Issue Date under identification details(file:///C:/Users/inindc00604/git/ULS_IjarahIjarahMain/ULS_Ijarah_MainRepository/src/test/java/features/IjarahFeatures/Ijarah_APPDATACHECK_IdentificationDetails_610.feature:59)
]]>
    </failure>
  </testcase> <!-- runScenario -->
  <system-out/>
  <testcase classname="Runner.TestApplication" name="runScenario" time="61.800"/>
  <system-out/>
  <testcase classname="Runner.TestApplication" name="runScenario" time="714.641"/>
  <system-out/>
  <testcase classname="Runner.TestApplication" name="runScenario" time="573.330">
    <failure message="Cannot invoke &quot;org.openqa.selenium.WebElement.click()&quot; because the return value of &quot;helper.JavascriptHelper.executeScriptWithWebElement(String)&quot; is null" type="java.lang.AssertionError">
      <![CDATA[java.lang.AssertionError: Cannot invoke "org.openqa.selenium.WebElement.click()" because the return value of "helper.JavascriptHelper.executeScriptWithWebElement(String)" is null
at org.testng.Assert.fail(Assert.java:99)
at stepdefinitions.IJARAH_Steps_615.user_click_on_the_hamburger_menu(IJARAH_Steps_615.java:476)
at ✽.user click on the hamburger menu(file:///C:/Users/inindc00604/git/ULS_IjarahIjarahMain/ULS_Ijarah_MainRepository/src/test/java/features/IjarahFeatures/Ijarah_APPDATAENTRY_ApplicationDetails_Creation.feature:728)
]]>
    </failure>
  </testcase> <!-- runScenario -->
  <system-out/>
  <testcase classname="Runner.TestApplication" name="runScenario" time="38.294">
    <error message="Expected condition failed: waiting for visibility of null (tried for 15 second(s) with 1 milliseconds interval)
Build info: version: &#039;4.11.0&#039;, revision: &#039;040bc5406b&#039;
System info: os.name: &#039;Windows 10&#039;, os.arch: &#039;amd64&#039;, os.version: &#039;10.0&#039;, java.version: &#039;16.0.2&#039;
Driver info: driver.version: unknown" type="org.openqa.selenium.TimeoutException">
      <![CDATA[org.openqa.selenium.TimeoutException: Expected condition failed: waiting for visibility of null (tried for 15 second(s) with 1 milliseconds interval)
Build info: version: '4.11.0', revision: '040bc5406b'
System info: os.name: 'Windows 10', os.arch: 'amd64', os.version: '10.0', java.version: '16.0.2'
Driver info: driver.version: unknown
at org.openqa.selenium.support.ui.FluentWait.timeoutException(FluentWait.java:262)
at org.openqa.selenium.support.ui.FluentWait.until(FluentWait.java:230)
at helper.WaitHelper.waitForElementwithFluentwait(WaitHelper.java:103)
at stepdefinitions.IJARAH_Steps_615.user_click_the_entitle_button_under_inbox(IJARAH_Steps_615.java:1549)
at ✽.User click the Entitle button under inbox(file:///C:/Users/inindc00604/git/ULS_IjarahIjarahMain/ULS_Ijarah_MainRepository/src/test/java/features/IjarahFeatures/Ijarah_OFFERING_OfferDetails1.feature:114)
Caused by: java.lang.NullPointerException
]]>
    </error>
  </testcase> <!-- runScenario -->
  <system-out/>
  <testcase classname="Runner.TestApplication" name="runScenario" time="4.378">
    <error message="Cannot invoke &quot;org.openqa.selenium.WebElement.click()&quot; because the return value of &quot;helper.JavascriptHelper.executeScriptWithWebElement(String)&quot; is null" type="java.lang.NullPointerException">
      <![CDATA[java.lang.NullPointerException: Cannot invoke "org.openqa.selenium.WebElement.click()" because the return value of "helper.JavascriptHelper.executeScriptWithWebElement(String)" is null
at stepdefinitions.IjaraLogin.loginWithIjaraApplication(IjaraLogin.java:30)
at stepdefinitions.IjaraAddressDetailsSteps.login_with_valid_credentials_data_check(IjaraAddressDetailsSteps.java:64)
at ✽.login with valid credentials-Data Check(file:///C:/Users/inindc00604/git/ULS_IjarahIjarahMain/ULS_Ijarah_MainRepository/src/test/java/features/IjarahFeatures/Ijarah_APPDATACHECK_Income.feature:113)
]]>
    </error>
  </testcase> <!-- runScenario -->
  <system-out/>
  <testcase classname="Runner.TestApplication" name="runScenario" time="5.070">
    <error message="Cannot invoke &quot;org.openqa.selenium.WebElement.click()&quot; because the return value of &quot;helper.JavascriptHelper.executeScriptWithWebElement(String)&quot; is null" type="java.lang.NullPointerException">
      <![CDATA[java.lang.NullPointerException: Cannot invoke "org.openqa.selenium.WebElement.click()" because the return value of "helper.JavascriptHelper.executeScriptWithWebElement(String)" is null
at stepdefinitions.IjaraLogin.loginWithIjaraApplication(IjaraLogin.java:30)
at stepdefinitions.IjaraAddressDetailsSteps.login_with_valid_credentials07(IjaraAddressDetailsSteps.java:76)
at ✽.login with valid credentials07(file:///C:/Users/inindc00604/git/ULS_IjarahIjarahMain/ULS_Ijarah_MainRepository/src/test/java/features/IjarahFeatures/Ijarah_CUSTOMERSEARCH.feature:41)
]]>
    </error>
  </testcase> <!-- runScenario -->
  <system-out/>
  <testcase classname="Runner.TestApplication" name="runScenario" time="5.211">
    <error message="Cannot invoke &quot;org.openqa.selenium.WebElement.click()&quot; because the return value of &quot;helper.JavascriptHelper.executeScriptWithWebElement(String)&quot; is null" type="java.lang.NullPointerException">
      <![CDATA[java.lang.NullPointerException: Cannot invoke "org.openqa.selenium.WebElement.click()" because the return value of "helper.JavascriptHelper.executeScriptWithWebElement(String)" is null
at stepdefinitions.IjaraLogin.loginWithIjaraApplication(IjaraLogin.java:30)
at stepdefinitions.IjaraAddressDetailsSteps.login_with_valid_credentials_for_insurance_info_ijarah(IjaraAddressDetailsSteps.java:98)
at ✽.login with valid credentials for insurance info ijarah(file:///C:/Users/inindc00604/git/ULS_IjarahIjarahMain/ULS_Ijarah_MainRepository/src/test/java/features/IjarahFeatures/ijarah_APPDATAENTRY_InsuranceInfo.feature:5)
]]>
    </error>
  </testcase> <!-- runScenario -->
  <system-out/>
  <testcase classname="Runner.TestApplication" name="runScenario" time="624.581">
    <failure message="element not interactable
  (Session info: chrome=120.0.6099.217)
Build info: version: &#039;4.11.0&#039;, revision: &#039;040bc5406b&#039;
System info: os.name: &#039;Windows 10&#039;, os.arch: &#039;amd64&#039;, os.version: &#039;10.0&#039;, java.version: &#039;16.0.2&#039;
Driver info: org.openqa.selenium.chrome.ChromeDriver
Command: [43047332b099d2d97275917d703858fd, clickElement {id=82FEBE8FB676D7321673A71E7998F29F_element_87}]
Capabilities {acceptInsecureCerts: false, browserName: chrome, browserVersion: 120.0.6099.217, chrome: {chromedriverVersion: 120.0.6099.109 (3419140ab66..., userDataDir: C:\Users\ININDC~1\AppData\L...}, fedcm:accounts: true, goog:chromeOptions: {debuggerAddress: localhost:55744}, networkConnectionEnabled: false, pageLoadStrategy: normal, platformName: windows, proxy: Proxy(), se:cdp: ws://localhost:55744/devtoo..., se:cdpVersion: 120.0.6099.217, setWindowRect: true, strictFileInteractability: false, timeouts: {implicit: 0, pageLoad: 300000, script: 30000}, unhandledPromptBehavior: dismiss and notify, webauthn:extension:credBlob: true, webauthn:extension:largeBlob: true, webauthn:extension:minPinLength: true, webauthn:extension:prf: true, webauthn:virtualAuthenticators: true}
Element: [org.openqa.selenium.remote.RemoteWebElement@e395ff6d -&gt; unknown locator]
Session ID: 43047332b099d2d97275917d703858fd" type="java.lang.AssertionError">
      <![CDATA[java.lang.AssertionError: element not interactable
  (Session info: chrome=120.0.6099.217)
Build info: version: '4.11.0', revision: '040bc5406b'
System info: os.name: 'Windows 10', os.arch: 'amd64', os.version: '10.0', java.version: '16.0.2'
Driver info: org.openqa.selenium.chrome.ChromeDriver
Command: [43047332b099d2d97275917d703858fd, clickElement {id=82FEBE8FB676D7321673A71E7998F29F_element_87}]
Capabilities {acceptInsecureCerts: false, browserName: chrome, browserVersion: 120.0.6099.217, chrome: {chromedriverVersion: 120.0.6099.109 (3419140ab66..., userDataDir: C:\Users\ININDC~1\AppData\L...}, fedcm:accounts: true, goog:chromeOptions: {debuggerAddress: localhost:55744}, networkConnectionEnabled: false, pageLoadStrategy: normal, platformName: windows, proxy: Proxy(), se:cdp: ws://localhost:55744/devtoo..., se:cdpVersion: 120.0.6099.217, setWindowRect: true, strictFileInteractability: false, timeouts: {implicit: 0, pageLoad: 300000, script: 30000}, unhandledPromptBehavior: dismiss and notify, webauthn:extension:credBlob: true, webauthn:extension:largeBlob: true, webauthn:extension:minPinLength: true, webauthn:extension:prf: true, webauthn:virtualAuthenticators: true}
Element: [org.openqa.selenium.remote.RemoteWebElement@e395ff6d -> unknown locator]
Session ID: 43047332b099d2d97275917d703858fd
at org.junit.Assert.fail(Assert.java:88)
at stepdefinitions.IjaraTest1.user_6047_click_the_action_button_for_the_salaried(IjaraTest1.java:5020)
at ✽.User_6047 click the Action button for the Salaried(file:///C:/Users/inindc00604/git/ULS_IjarahIjarahMain/ULS_Ijarah_MainRepository/src/test/java/features/IjarahFeatures/Ijarah_APPDATACHECK_EmploymentDetails.feature:236)
]]>
    </failure>
  </testcase> <!-- runScenario -->
  <system-out/>
  <testcase classname="Runner.TestApplication" name="runScenario" time="4.834">
    <error message="Cannot invoke &quot;org.openqa.selenium.WebElement.click()&quot; because the return value of &quot;helper.JavascriptHelper.executeScriptWithWebElement(String)&quot; is null" type="java.lang.NullPointerException">
      <![CDATA[java.lang.NullPointerException: Cannot invoke "org.openqa.selenium.WebElement.click()" because the return value of "helper.JavascriptHelper.executeScriptWithWebElement(String)" is null
at stepdefinitions.IjaraLogin.loginWithIjaraApplication(IjaraLogin.java:30)
at stepdefinitions.IjaraAddressDetailsSteps.login_with_valid_credentials_for_new_application_stage(IjaraAddressDetailsSteps.java:60)
at ✽.login with valid credentials for new application stage(file:///C:/Users/inindc00604/git/ULS_IjarahIjarahMain/ULS_Ijarah_MainRepository/src/test/java/features/IjarahFeatures/Ijarah_APPDATAENTRY_ApplicationDetails_Creation.feature:49)
]]>
    </error>
  </testcase> <!-- runScenario -->
  <system-out/>
  <testcase classname="Runner.TestApplication" name="runScenario" time="49.210">
    <error message="Expected condition failed: waiting for visibility of null (tried for 15 second(s) with 1 milliseconds interval)
Build info: version: &#039;4.11.0&#039;, revision: &#039;040bc5406b&#039;
System info: os.name: &#039;Windows 10&#039;, os.arch: &#039;amd64&#039;, os.version: &#039;10.0&#039;, java.version: &#039;16.0.2&#039;
Driver info: driver.version: unknown" type="org.openqa.selenium.TimeoutException">
      <![CDATA[org.openqa.selenium.TimeoutException: Expected condition failed: waiting for visibility of null (tried for 15 second(s) with 1 milliseconds interval)
Build info: version: '4.11.0', revision: '040bc5406b'
System info: os.name: 'Windows 10', os.arch: 'amd64', os.version: '10.0', java.version: '16.0.2'
Driver info: driver.version: unknown
at org.openqa.selenium.support.ui.FluentWait.timeoutException(FluentWait.java:262)
at org.openqa.selenium.support.ui.FluentWait.until(FluentWait.java:230)
at helper.WaitHelper.waitForElementwithFluentwait(WaitHelper.java:103)
at stepdefinitions.IjaraTest1.user_verify_the_employment_period_in_pensioner_below_the_employment_details(IjaraTest1.java:4699)
at ✽.user verify the Employment Period in Pensioner below the Employment Details(file:///C:/Users/inindc00604/git/ULS_IjarahIjarahMain/ULS_Ijarah_MainRepository/src/test/java/features/IjarahFeatures/Ijarah_APPDATACHECK_EmploymentDetails.feature:124)
Caused by: java.lang.NullPointerException
]]>
    </error>
  </testcase> <!-- runScenario -->
  <system-out/>
  <testcase classname="Runner.TestApplication" name="runScenario" time="4.579">
    <error message="Cannot invoke &quot;org.openqa.selenium.WebElement.click()&quot; because the return value of &quot;helper.JavascriptHelper.executeScriptWithWebElement(String)&quot; is null" type="java.lang.NullPointerException">
      <![CDATA[java.lang.NullPointerException: Cannot invoke "org.openqa.selenium.WebElement.click()" because the return value of "helper.JavascriptHelper.executeScriptWithWebElement(String)" is null
at stepdefinitions.IjaraLogin.loginWithIjaraApplication(IjaraLogin.java:30)
at stepdefinitions.IjaraAddressDetailsSteps.login_with_valid_credentials07(IjaraAddressDetailsSteps.java:76)
at ✽.login with valid credentials07(file:///C:/Users/inindc00604/git/ULS_IjarahIjarahMain/ULS_Ijarah_MainRepository/src/test/java/features/IjarahFeatures/Ijarah_CUSTOMERSEARCH.feature:139)
]]>
    </error>
  </testcase> <!-- runScenario -->
  <system-out/>
  <testcase classname="Runner.TestApplication" name="runScenario" time="4.359">
    <error message="Cannot invoke &quot;org.openqa.selenium.WebElement.click()&quot; because the return value of &quot;helper.JavascriptHelper.executeScriptWithWebElement(String)&quot; is null" type="java.lang.NullPointerException">
      <![CDATA[java.lang.NullPointerException: Cannot invoke "org.openqa.selenium.WebElement.click()" because the return value of "helper.JavascriptHelper.executeScriptWithWebElement(String)" is null
at stepdefinitions.IjaraLogin.loginWithIjaraApplication(IjaraLogin.java:30)
at stepdefinitions.IjaraAddressDetailsSteps.login_with_valid_credentials07(IjaraAddressDetailsSteps.java:76)
at ✽.login with valid credentials07(file:///C:/Users/inindc00604/git/ULS_IjarahIjarahMain/ULS_Ijarah_MainRepository/src/test/java/features/IjarahFeatures/Ijarah_CUSTOMERSEARCH.feature:60)
]]>
    </error>
  </testcase> <!-- runScenario -->
  <system-out/>
  <testcase classname="Runner.TestApplication" name="runScenario" time="577.792">
    <failure message="Cannot invoke &quot;org.openqa.selenium.WebElement.click()&quot; because the return value of &quot;helper.JavascriptHelper.executeScriptWithWebElement(String)&quot; is null" type="java.lang.AssertionError">
      <![CDATA[java.lang.AssertionError: Cannot invoke "org.openqa.selenium.WebElement.click()" because the return value of "helper.JavascriptHelper.executeScriptWithWebElement(String)" is null
at org.testng.Assert.fail(Assert.java:99)
at stepdefinitions.IJARAH_Steps_615.user_click_on_the_hamburger_menu(IJARAH_Steps_615.java:476)
at ✽.user click on the hamburger menu(file:///C:/Users/inindc00604/git/ULS_IjarahIjarahMain/ULS_Ijarah_MainRepository/src/test/java/features/IjarahFeatures/Ijarah_APPDATAENTRY_ApplicationDetails_Creation.feature:762)
]]>
    </failure>
  </testcase> <!-- runScenario -->
  <system-out/>
  <testcase classname="Runner.TestApplication" name="runScenario" time="49.497">
    <failure type="java.lang.AssertionError">
      <![CDATA[java.lang.AssertionError
at org.junit.Assert.fail(Assert.java:86)
at org.junit.Assert.assertTrue(Assert.java:41)
at org.junit.Assert.assertTrue(Assert.java:52)
at stepdefinitions.IJARAH_Steps.user_608_verify_the_first_row_status_under_financial_commitments_in_customer_financials_tab(IJARAH_Steps.java:5287)
at ✽.User_608 verify the first row status as In-Active under Financial Commitments in Customer Financials tab(file:///C:/Users/inindc00604/git/ULS_IjarahIjarahMain/ULS_Ijarah_MainRepository/src/test/java/features/IjarahFeatures/Ijarah_APPDATAENTRY_CustomerDebt.feature:189)
]]>
    </failure>
  </testcase> <!-- runScenario -->
  <system-out/>
  <testcase classname="Runner.TestApplication" name="runScenario" time="52.307">
    <failure message="javascript error: Cannot read properties of null (reading &#039;click&#039;)
  (Session info: chrome=120.0.6099.217)
Build info: version: &#039;4.11.0&#039;, revision: &#039;040bc5406b&#039;
System info: os.name: &#039;Windows 10&#039;, os.arch: &#039;amd64&#039;, os.version: &#039;10.0&#039;, java.version: &#039;16.0.2&#039;
Driver info: org.openqa.selenium.chrome.ChromeDriver
Command: [977d9b9b957b3e1bf959d964fed5d5a7, executeScript {script=arguments[0].click();, args=[null]}]
Capabilities {acceptInsecureCerts: false, browserName: chrome, browserVersion: 120.0.6099.217, chrome: {chromedriverVersion: 120.0.6099.109 (3419140ab66..., userDataDir: C:\Users\ININDC~1\AppData\L...}, fedcm:accounts: true, goog:chromeOptions: {debuggerAddress: localhost:62769}, networkConnectionEnabled: false, pageLoadStrategy: normal, platformName: windows, proxy: Proxy(), se:cdp: ws://localhost:62769/devtoo..., se:cdpVersion: 120.0.6099.217, setWindowRect: true, strictFileInteractability: false, timeouts: {implicit: 0, pageLoad: 300000, script: 30000}, unhandledPromptBehavior: dismiss and notify, webauthn:extension:credBlob: true, webauthn:extension:largeBlob: true, webauthn:extension:minPinLength: true, webauthn:extension:prf: true, webauthn:virtualAuthenticators: true}
Session ID: 977d9b9b957b3e1bf959d964fed5d5a7" type="java.lang.AssertionError">
      <![CDATA[java.lang.AssertionError: javascript error: Cannot read properties of null (reading 'click')
  (Session info: chrome=120.0.6099.217)
Build info: version: '4.11.0', revision: '040bc5406b'
System info: os.name: 'Windows 10', os.arch: 'amd64', os.version: '10.0', java.version: '16.0.2'
Driver info: org.openqa.selenium.chrome.ChromeDriver
Command: [977d9b9b957b3e1bf959d964fed5d5a7, executeScript {script=arguments[0].click();, args=[null]}]
Capabilities {acceptInsecureCerts: false, browserName: chrome, browserVersion: 120.0.6099.217, chrome: {chromedriverVersion: 120.0.6099.109 (3419140ab66..., userDataDir: C:\Users\ININDC~1\AppData\L...}, fedcm:accounts: true, goog:chromeOptions: {debuggerAddress: localhost:62769}, networkConnectionEnabled: false, pageLoadStrategy: normal, platformName: windows, proxy: Proxy(), se:cdp: ws://localhost:62769/devtoo..., se:cdpVersion: 120.0.6099.217, setWindowRect: true, strictFileInteractability: false, timeouts: {implicit: 0, pageLoad: 300000, script: 30000}, unhandledPromptBehavior: dismiss and notify, webauthn:extension:credBlob: true, webauthn:extension:largeBlob: true, webauthn:extension:minPinLength: true, webauthn:extension:prf: true, webauthn:virtualAuthenticators: true}
Session ID: 977d9b9b957b3e1bf959d964fed5d5a7
at org.junit.Assert.fail(Assert.java:88)
at stepdefinitions.IJARAH_Steps.user_608_click_the_entitle_button_under_inbox(IJARAH_Steps.java:400)
at ✽.User_608 click the Entitle button under inbox(file:///C:/Users/inindc00604/git/ULS_IjarahIjarahMain/ULS_Ijarah_MainRepository/src/test/java/features/IjarahFeatures/Ijarah_UNDERWRITER.feature:180)
]]>
    </failure>
  </testcase> <!-- runScenario -->
  <system-out/>
  <testcase classname="Runner.TestApplication" name="runScenario" time="584.388">
    <failure message="Cannot invoke &quot;org.openqa.selenium.WebElement.click()&quot; because the return value of &quot;helper.JavascriptHelper.executeScriptWithWebElement(String)&quot; is null" type="java.lang.AssertionError">
      <![CDATA[java.lang.AssertionError: Cannot invoke "org.openqa.selenium.WebElement.click()" because the return value of "helper.JavascriptHelper.executeScriptWithWebElement(String)" is null
at org.testng.Assert.fail(Assert.java:99)
at stepdefinitions.IJARAH_Steps_615.user_click_on_the_hamburger_menu(IJARAH_Steps_615.java:476)
at ✽.user click on the hamburger menu(file:///C:/Users/inindc00604/git/ULS_IjarahIjarahMain/ULS_Ijarah_MainRepository/src/test/java/features/IjarahFeatures/Ijarah_APPDATAENTRY_ApplicationDetails_Creation.feature:711)
]]>
    </failure>
  </testcase> <!-- runScenario -->
  <system-out/>
  <testcase classname="Runner.TestApplication" name="runScenario" time="30.469">
    <error message="Cannot invoke &quot;String.trim()&quot; because the return value of &quot;java.util.Map.get(Object)&quot; is null" type="java.lang.NullPointerException">
      <![CDATA[java.lang.NullPointerException: Cannot invoke "String.trim()" because the return value of "java.util.Map.get(Object)" is null
at stepdefinitions.AppDataEntry_LivingExpense_Steps.user_select_the_customer_name_in_under_customer_input(AppDataEntry_LivingExpense_Steps.java:307)
at ✽.user select the CustomerName in under customerInput(file:///C:/Users/inindc00604/git/ULS_IjarahIjarahMain/ULS_Ijarah_MainRepository/src/test/java/features/IjarahFeatures/Ijarah_APPDATAENTRY_LivingExpense.feature:40)
]]>
    </error>
  </testcase> <!-- runScenario -->
  <system-out/>
  <testcase classname="Runner.TestApplication" name="runScenario" time="181.901">
    <failure message="element click intercepted: Element &lt;ion-select _ngcontent-xjk-c224=&quot;&quot; interface=&quot;popover&quot; mode=&quot;ios&quot; value=&quot;mod&quot; tooltipposition=&quot;bottom&quot; class=&quot;p-element ng-untouched ng-pristine ios in-item select-disabled hydrated ion-untouched ion-pristine&quot; ng-reflect-interface=&quot;popover&quot; ng-reflect-mode=&quot;ios&quot; ng-reflect-value=&quot;mod&quot; ng-reflect-tooltip-position=&quot;bottom&quot; ng-reflect-text=&quot;Module name&quot; ng-reflect-disabled=&quot;true&quot; ng-reflect-is-disabled=&quot;true&quot; ng-reflect-model=&quot;0&quot; role=&quot;button&quot; aria-haspopup=&quot;listbox&quot; aria-disabled=&quot;true&quot; aria-label=&quot;No Module Mapped&quot;&gt;...&lt;/ion-select&gt; is not clickable at point (1701, 29). Other element would receive the click: &lt;ion-list _ngcontent-xjk-c224=&quot;&quot; class=&quot;p-0 md list-md hydrated&quot; ng-reflect-dir=&quot;ltr&quot; dir=&quot;ltr&quot; role=&quot;list&quot;&gt;...&lt;/ion-list&gt;
  (Session info: chrome=120.0.6099.217)
Build info: version: &#039;4.11.0&#039;, revision: &#039;040bc5406b&#039;
System info: os.name: &#039;Windows 10&#039;, os.arch: &#039;amd64&#039;, os.version: &#039;10.0&#039;, java.version: &#039;16.0.2&#039;
Driver info: org.openqa.selenium.chrome.ChromeDriver
Command: [aa35d6b4b9b5e7d4fb124b8a9ab811ff, clickElement {id=B07E12E9DB267D92C3AE9E1ADCC3779E_element_28}]
Capabilities {acceptInsecureCerts: false, browserName: chrome, browserVersion: 120.0.6099.217, chrome: {chromedriverVersion: 120.0.6099.109 (3419140ab66..., userDataDir: C:\Users\ININDC~1\AppData\L...}, fedcm:accounts: true, goog:chromeOptions: {debuggerAddress: localhost:58121}, networkConnectionEnabled: false, pageLoadStrategy: normal, platformName: windows, proxy: Proxy(), se:cdp: ws://localhost:58121/devtoo..., se:cdpVersion: 120.0.6099.217, setWindowRect: true, strictFileInteractability: false, timeouts: {implicit: 0, pageLoad: 300000, script: 30000}, unhandledPromptBehavior: dismiss and notify, webauthn:extension:credBlob: true, webauthn:extension:largeBlob: true, webauthn:extension:minPinLength: true, webauthn:extension:prf: true, webauthn:virtualAuthenticators: true}
Element: [org.openqa.selenium.remote.RemoteWebElement@842cab04 -&gt; unknown locator]
Session ID: aa35d6b4b9b5e7d4fb124b8a9ab811ff" type="java.lang.AssertionError">
      <![CDATA[java.lang.AssertionError: element click intercepted: Element <ion-select _ngcontent-xjk-c224="" interface="popover" mode="ios" value="mod" tooltipposition="bottom" class="p-element ng-untouched ng-pristine ios in-item select-disabled hydrated ion-untouched ion-pristine" ng-reflect-interface="popover" ng-reflect-mode="ios" ng-reflect-value="mod" ng-reflect-tooltip-position="bottom" ng-reflect-text="Module name" ng-reflect-disabled="true" ng-reflect-is-disabled="true" ng-reflect-model="0" role="button" aria-haspopup="listbox" aria-disabled="true" aria-label="No Module Mapped">...</ion-select> is not clickable at point (1701, 29). Other element would receive the click: <ion-list _ngcontent-xjk-c224="" class="p-0 md list-md hydrated" ng-reflect-dir="ltr" dir="ltr" role="list">...</ion-list>
  (Session info: chrome=120.0.6099.217)
Build info: version: '4.11.0', revision: '040bc5406b'
System info: os.name: 'Windows 10', os.arch: 'amd64', os.version: '10.0', java.version: '16.0.2'
Driver info: org.openqa.selenium.chrome.ChromeDriver
Command: [aa35d6b4b9b5e7d4fb124b8a9ab811ff, clickElement {id=B07E12E9DB267D92C3AE9E1ADCC3779E_element_28}]
Capabilities {acceptInsecureCerts: false, browserName: chrome, browserVersion: 120.0.6099.217, chrome: {chromedriverVersion: 120.0.6099.109 (3419140ab66..., userDataDir: C:\Users\ININDC~1\AppData\L...}, fedcm:accounts: true, goog:chromeOptions: {debuggerAddress: localhost:58121}, networkConnectionEnabled: false, pageLoadStrategy: normal, platformName: windows, proxy: Proxy(), se:cdp: ws://localhost:58121/devtoo..., se:cdpVersion: 120.0.6099.217, setWindowRect: true, strictFileInteractability: false, timeouts: {implicit: 0, pageLoad: 300000, script: 30000}, unhandledPromptBehavior: dismiss and notify, webauthn:extension:credBlob: true, webauthn:extension:largeBlob: true, webauthn:extension:minPinLength: true, webauthn:extension:prf: true, webauthn:virtualAuthenticators: true}
Element: [org.openqa.selenium.remote.RemoteWebElement@842cab04 -> unknown locator]
Session ID: aa35d6b4b9b5e7d4fb124b8a9ab811ff
at org.junit.Assert.fail(Assert.java:88)
at stepdefinitions.IjaraAddressDetailsSteps.click_on_module_dropdown_in_ijrarah(IjaraAddressDetailsSteps.java:156)
at ✽.click on module dropdown in IJRARAH(file:///C:/Users/inindc00604/git/ULS_IjarahIjarahMain/ULS_Ijarah_MainRepository/src/test/java/features/IjarahFeatures/Ijarah_APPDATAENTRY_AssetDetailsFEATURE.feature:7)
]]>
    </failure>
  </testcase> <!-- runScenario -->
  <system-out/>
  <testcase classname="Runner.TestApplication" name="runScenario" time="5.078">
    <error message="Cannot invoke &quot;org.openqa.selenium.WebElement.click()&quot; because the return value of &quot;helper.JavascriptHelper.executeScriptWithWebElement(String)&quot; is null" type="java.lang.NullPointerException">
      <![CDATA[java.lang.NullPointerException: Cannot invoke "org.openqa.selenium.WebElement.click()" because the return value of "helper.JavascriptHelper.executeScriptWithWebElement(String)" is null
at stepdefinitions.IjaraLogin.loginWithIjaraApplication(IjaraLogin.java:30)
at stepdefinitions.IjaraAddressDetailsSteps.login_with_valid_credentials_for_new_application_stage(IjaraAddressDetailsSteps.java:60)
at ✽.login with valid credentials for new application stage(file:///C:/Users/inindc00604/git/ULS_IjarahIjarahMain/ULS_Ijarah_MainRepository/src/test/java/features/IjarahFeatures/Ijarah_NEWAPP_ApplicationDetailsFEATURE.feature:51)
]]>
    </error>
  </testcase> <!-- runScenario -->
  <system-out/>
  <testcase classname="Runner.TestApplication" name="runScenario" time="4.996">
    <error message="Cannot invoke &quot;org.openqa.selenium.WebElement.click()&quot; because the return value of &quot;helper.JavascriptHelper.executeScriptWithWebElement(String)&quot; is null" type="java.lang.NullPointerException">
      <![CDATA[java.lang.NullPointerException: Cannot invoke "org.openqa.selenium.WebElement.click()" because the return value of "helper.JavascriptHelper.executeScriptWithWebElement(String)" is null
at stepdefinitions.IjaraLogin.loginWithIjaraApplication(IjaraLogin.java:30)
at stepdefinitions.IjaraAddressDetailsSteps.login_with_valid_credentials_data_check(IjaraAddressDetailsSteps.java:64)
at ✽.login with valid credentials-Data Check(file:///C:/Users/inindc00604/git/ULS_IjarahIjarahMain/ULS_Ijarah_MainRepository/src/test/java/features/IjarahFeatures/ijarah_APPDATACHECK_InsuranceInfo.feature:23)
]]>
    </error>
  </testcase> <!-- runScenario -->
  <system-out/>
  <testcase classname="Runner.TestApplication" name="runScenario" time="38.240">
    <error message="Expected condition failed: waiting for visibility of null (tried for 15 second(s) with 1 milliseconds interval)
Build info: version: &#039;4.11.0&#039;, revision: &#039;040bc5406b&#039;
System info: os.name: &#039;Windows 10&#039;, os.arch: &#039;amd64&#039;, os.version: &#039;10.0&#039;, java.version: &#039;16.0.2&#039;
Driver info: driver.version: unknown" type="org.openqa.selenium.TimeoutException">
      <![CDATA[org.openqa.selenium.TimeoutException: Expected condition failed: waiting for visibility of null (tried for 15 second(s) with 1 milliseconds interval)
Build info: version: '4.11.0', revision: '040bc5406b'
System info: os.name: 'Windows 10', os.arch: 'amd64', os.version: '10.0', java.version: '16.0.2'
Driver info: driver.version: unknown
at org.openqa.selenium.support.ui.FluentWait.timeoutException(FluentWait.java:262)
at org.openqa.selenium.support.ui.FluentWait.until(FluentWait.java:230)
at helper.WaitHelper.waitForElementwithFluentwait(WaitHelper.java:103)
at stepdefinitions.IJARAH_Steps_615.user_click_the_entitle_button_under_inbox(IJARAH_Steps_615.java:1549)
at ✽.User click the Entitle button under inbox(file:///C:/Users/inindc00604/git/ULS_IjarahIjarahMain/ULS_Ijarah_MainRepository/src/test/java/features/IjarahFeatures/Ijarah_OFFERING_OfferDetails1.feature:67)
Caused by: java.lang.NullPointerException
]]>
    </error>
  </testcase> <!-- runScenario -->
  <system-out/>
  <testcase classname="Runner.TestApplication" name="runScenario" time="198.579">
    <failure message="Cannot invoke &quot;org.openqa.selenium.WebElement.click()&quot; because the return value of &quot;helper.JavascriptHelper.executeScriptWithWebElement(String)&quot; is null" type="java.lang.AssertionError">
      <![CDATA[java.lang.AssertionError: Cannot invoke "org.openqa.selenium.WebElement.click()" because the return value of "helper.JavascriptHelper.executeScriptWithWebElement(String)" is null
at org.testng.Assert.fail(Assert.java:99)
at stepdefinitions.Ijara_Steps_610.user_click_edit_button_under_inbox_screen(Ijara_Steps_610.java:261)
at ✽.User_610 click edit button under inbox screen(file:///C:/Users/inindc00604/git/ULS_IjarahIjarahMain/ULS_Ijarah_MainRepository/src/test/java/features/IjarahFeatures/Ijarah_APPDATAENTRY_Customer_FollowUpDetails_610.feature:39)
]]>
    </failure>
  </testcase> <!-- runScenario -->
  <system-out/>
  <testcase classname="Runner.TestApplication" name="runScenario" time="4.886">
    <error message="Cannot invoke &quot;org.openqa.selenium.WebElement.click()&quot; because the return value of &quot;helper.JavascriptHelper.executeScriptWithWebElement(String)&quot; is null" type="java.lang.NullPointerException">
      <![CDATA[java.lang.NullPointerException: Cannot invoke "org.openqa.selenium.WebElement.click()" because the return value of "helper.JavascriptHelper.executeScriptWithWebElement(String)" is null
at stepdefinitions.IjaraLogin.loginWithIjaraApplication(IjaraLogin.java:30)
at stepdefinitions.IjaraAddressDetailsSteps.login_with_valid_credentials_for_new_application_stage(IjaraAddressDetailsSteps.java:60)
at ✽.login with valid credentials for new application stage(file:///C:/Users/inindc00604/git/ULS_IjarahIjarahMain/ULS_Ijarah_MainRepository/src/test/java/features/IjarahFeatures/Ijarah_NEWAPP_CustomerDetailsFEATURE.feature:44)
]]>
    </error>
  </testcase> <!-- runScenario -->
  <system-out/>
  <testcase classname="Runner.TestApplication" name="runScenario" time="36.124"/>
  <system-out/>
  <testcase classname="Runner.TestApplication" name="runScenario" time="35.340"/>
  <system-out/>
  <testcase classname="Runner.TestApplication" name="runScenario" time="4.990">
    <error message="Cannot invoke &quot;org.openqa.selenium.WebElement.click()&quot; because the return value of &quot;helper.JavascriptHelper.executeScriptWithWebElement(String)&quot; is null" type="java.lang.NullPointerException">
      <![CDATA[java.lang.NullPointerException: Cannot invoke "org.openqa.selenium.WebElement.click()" because the return value of "helper.JavascriptHelper.executeScriptWithWebElement(String)" is null
at stepdefinitions.IjaraLogin.loginWithIjaraApplication(IjaraLogin.java:30)
at stepdefinitions.IjaraAddressDetailsSteps.login_with_valid_credentials_contract_signing(IjaraAddressDetailsSteps.java:123)
at ✽.login with valid credentials-Contract Signing(file:///C:/Users/inindc00604/git/ULS_IjarahIjarahMain/ULS_Ijarah_MainRepository/src/test/java/features/IjarahFeatures/Ijarah_CONTRACTSIGN_ApplicationDetails1.feature:64)
]]>
    </error>
  </testcase> <!-- runScenario -->
  <system-out/>
  <testcase classname="Runner.TestApplication" name="runScenario" time="4.523">
    <error message="Cannot invoke &quot;org.openqa.selenium.WebElement.click()&quot; because the return value of &quot;helper.JavascriptHelper.executeScriptWithWebElement(String)&quot; is null" type="java.lang.NullPointerException">
      <![CDATA[java.lang.NullPointerException: Cannot invoke "org.openqa.selenium.WebElement.click()" because the return value of "helper.JavascriptHelper.executeScriptWithWebElement(String)" is null
at stepdefinitions.IjaraLogin.loginWithIjaraApplication(IjaraLogin.java:30)
at stepdefinitions.IjaraAddressDetailsSteps.login_with_valid_credentials_for_new_application_stage(IjaraAddressDetailsSteps.java:60)
at ✽.login with valid credentials for new application stage(file:///C:/Users/inindc00604/git/ULS_IjarahIjarahMain/ULS_Ijarah_MainRepository/src/test/java/features/IjarahFeatures/Ijarah_APPDATAENTRY_ApplicationDetails_Creation.feature:324)
]]>
    </error>
  </testcase> <!-- runScenario -->
  <system-out/>
  <testcase classname="Runner.TestApplication" name="runScenario" time="4.557">
    <error message="Cannot invoke &quot;org.openqa.selenium.WebElement.click()&quot; because the return value of &quot;helper.JavascriptHelper.executeScriptWithWebElement(String)&quot; is null" type="java.lang.NullPointerException">
      <![CDATA[java.lang.NullPointerException: Cannot invoke "org.openqa.selenium.WebElement.click()" because the return value of "helper.JavascriptHelper.executeScriptWithWebElement(String)" is null
at stepdefinitions.IjaraLogin.loginWithIjaraApplication(IjaraLogin.java:30)
at stepdefinitions.IjaraAddressDetailsSteps.login_with_valid_credentials_for_new_application_stage(IjaraAddressDetailsSteps.java:60)
at ✽.login with valid credentials for new application stage(file:///C:/Users/inindc00604/git/ULS_IjarahIjarahMain/ULS_Ijarah_MainRepository/src/test/java/features/IjarahFeatures/Ijarah_NEWAPP_CustomerDetailsFEATURE.feature:113)
]]>
    </error>
  </testcase> <!-- runScenario -->
  <system-out/>
  <testcase classname="Runner.TestApplication" name="runScenario" time="4.286">
    <error message="Cannot invoke &quot;org.openqa.selenium.WebElement.click()&quot; because the return value of &quot;helper.JavascriptHelper.executeScriptWithWebElement(String)&quot; is null" type="java.lang.NullPointerException">
      <![CDATA[java.lang.NullPointerException: Cannot invoke "org.openqa.selenium.WebElement.click()" because the return value of "helper.JavascriptHelper.executeScriptWithWebElement(String)" is null
at stepdefinitions.IjaraLogin.loginWithIjaraApplication(IjaraLogin.java:30)
at stepdefinitions.IjaraAddressDetailsSteps.login_with_valid_credentials_for_new_application_stage(IjaraAddressDetailsSteps.java:60)
at ✽.login with valid credentials for new application stage(file:///C:/Users/inindc00604/git/ULS_IjarahIjarahMain/ULS_Ijarah_MainRepository/src/test/java/features/IjarahFeatures/Ijarah_NEWAPP_CustomerDetailsFEATURE.feature:5)
]]>
    </error>
  </testcase> <!-- runScenario -->
  <system-out/>
  <testcase classname="Runner.TestApplication" name="runScenario" time="148.606">
    <failure message="Cannot invoke &quot;org.openqa.selenium.WebElement.isDisplayed()&quot; because the return value of &quot;helper.JavascriptHelper.executeScriptWithWebElement(String)&quot; is null" type="java.lang.AssertionError">
      <![CDATA[java.lang.AssertionError: Cannot invoke "org.openqa.selenium.WebElement.isDisplayed()" because the return value of "helper.JavascriptHelper.executeScriptWithWebElement(String)" is null
at org.testng.Assert.fail(Assert.java:99)
at stepdefinitions.Ijara_Quotation_Info_Steps.user_verify_the_expiry_date_field(Ijara_Quotation_Info_Steps.java:155)
at ✽.user_615 verify the Expiry Date field(file:///C:/Users/inindc00604/git/ULS_IjarahIjarahMain/ULS_Ijarah_MainRepository/src/test/java/features/IjarahFeatures/Ijarah_APPDATAENTRY_Quotation_Info.feature:21)
]]>
    </failure>
  </testcase> <!-- runScenario -->
  <system-out/>
  <testcase classname="Runner.TestApplication" name="runScenario" time="59.908"/>
  <system-out/>
  <testcase classname="Runner.TestApplication" name="runScenario" time="200.611">
    <failure message="Cannot invoke &quot;org.openqa.selenium.WebElement.click()&quot; because the return value of &quot;helper.JavascriptHelper.executeScriptWithWebElement(String)&quot; is null" type="java.lang.AssertionError">
      <![CDATA[java.lang.AssertionError: Cannot invoke "org.openqa.selenium.WebElement.click()" because the return value of "helper.JavascriptHelper.executeScriptWithWebElement(String)" is null
at org.testng.Assert.fail(Assert.java:99)
at stepdefinitions.Ijara_Steps_610.user_click_edit_button_under_inbox_screen(Ijara_Steps_610.java:261)
at ✽.User_610 click edit button under inbox screen(file:///C:/Users/inindc00604/git/ULS_IjarahIjarahMain/ULS_Ijarah_MainRepository/src/test/java/features/IjarahFeatures/Ijarah_APPDATAENTRY_Customer_FollowUpDetails_610.feature:84)
]]>
    </failure>
  </testcase> <!-- runScenario -->
  <system-out/>
  <testcase classname="Runner.TestApplication" name="runScenario" time="5.318">
    <error message="Cannot invoke &quot;org.openqa.selenium.WebElement.click()&quot; because the return value of &quot;helper.JavascriptHelper.executeScriptWithWebElement(String)&quot; is null" type="java.lang.NullPointerException">
      <![CDATA[java.lang.NullPointerException: Cannot invoke "org.openqa.selenium.WebElement.click()" because the return value of "helper.JavascriptHelper.executeScriptWithWebElement(String)" is null
at stepdefinitions.IjaraLogin.loginWithIjaraApplication(IjaraLogin.java:30)
at stepdefinitions.IjaraAddressDetailsSteps.login_with_valid_credentials_data_check(IjaraAddressDetailsSteps.java:64)
at ✽.login with valid credentials-Data Check(file:///C:/Users/inindc00604/git/ULS_IjarahIjarahMain/ULS_Ijarah_MainRepository/src/test/java/features/IjarahFeatures/Ijarah_APPDATACHECK_QuationInfo.feature:44)
]]>
    </error>
  </testcase> <!-- runScenario -->
  <system-out/>
  <testcase classname="Runner.TestApplication" name="runScenario" time="410.289">
    <failure message="element not interactable
  (Session info: chrome=120.0.6099.217)
Build info: version: &#039;4.11.0&#039;, revision: &#039;040bc5406b&#039;
System info: os.name: &#039;Windows 10&#039;, os.arch: &#039;amd64&#039;, os.version: &#039;10.0&#039;, java.version: &#039;16.0.2&#039;
Driver info: org.openqa.selenium.chrome.ChromeDriver
Command: [7029f30f076bac9240a40958b7889b5f, sendKeysToElement {id=D15E31ED9DBEDD1B459BCB23C15C781F_element_112, value=[Ljava.lang.CharSequence;@5fb0e75c}]
Capabilities {acceptInsecureCerts: false, browserName: chrome, browserVersion: 120.0.6099.217, chrome: {chromedriverVersion: 120.0.6099.109 (3419140ab66..., userDataDir: C:\Users\ININDC~1\AppData\L...}, fedcm:accounts: true, goog:chromeOptions: {debuggerAddress: localhost:61594}, networkConnectionEnabled: false, pageLoadStrategy: normal, platformName: windows, proxy: Proxy(), se:cdp: ws://localhost:61594/devtoo..., se:cdpVersion: 120.0.6099.217, setWindowRect: true, strictFileInteractability: false, timeouts: {implicit: 0, pageLoad: 300000, script: 30000}, unhandledPromptBehavior: dismiss and notify, webauthn:extension:credBlob: true, webauthn:extension:largeBlob: true, webauthn:extension:minPinLength: true, webauthn:extension:prf: true, webauthn:virtualAuthenticators: true}
Element: [org.openqa.selenium.remote.RemoteWebElement@46f145e5 -&gt; unknown locator]
Session ID: 7029f30f076bac9240a40958b7889b5f" type="java.lang.AssertionError">
      <![CDATA[java.lang.AssertionError: element not interactable
  (Session info: chrome=120.0.6099.217)
Build info: version: '4.11.0', revision: '040bc5406b'
System info: os.name: 'Windows 10', os.arch: 'amd64', os.version: '10.0', java.version: '16.0.2'
Driver info: org.openqa.selenium.chrome.ChromeDriver
Command: [7029f30f076bac9240a40958b7889b5f, sendKeysToElement {id=D15E31ED9DBEDD1B459BCB23C15C781F_element_112, value=[Ljava.lang.CharSequence;@5fb0e75c}]
Capabilities {acceptInsecureCerts: false, browserName: chrome, browserVersion: 120.0.6099.217, chrome: {chromedriverVersion: 120.0.6099.109 (3419140ab66..., userDataDir: C:\Users\ININDC~1\AppData\L...}, fedcm:accounts: true, goog:chromeOptions: {debuggerAddress: localhost:61594}, networkConnectionEnabled: false, pageLoadStrategy: normal, platformName: windows, proxy: Proxy(), se:cdp: ws://localhost:61594/devtoo..., se:cdpVersion: 120.0.6099.217, setWindowRect: true, strictFileInteractability: false, timeouts: {implicit: 0, pageLoad: 300000, script: 30000}, unhandledPromptBehavior: dismiss and notify, webauthn:extension:credBlob: true, webauthn:extension:largeBlob: true, webauthn:extension:minPinLength: true, webauthn:extension:prf: true, webauthn:virtualAuthenticators: true}
Element: [org.openqa.selenium.remote.RemoteWebElement@46f145e5 -> unknown locator]
Session ID: 7029f30f076bac9240a40958b7889b5f
at org.junit.Assert.fail(Assert.java:88)
at stepdefinitions.Ijarah_NewApp_CustomerIdentificationDetailsSteps.user_076_search_for_valid_search_text_in_customer_identification_details_list_view_at_new_app_stage(Ijarah_NewApp_CustomerIdentificationDetailsSteps.java:1372)
at ✽.user_076 search for valid search text in customer identification details list view at new app stage(file:///C:/Users/inindc00604/git/ULS_IjarahIjarahMain/ULS_Ijarah_MainRepository/src/test/java/features/IjarahFeatures/Ijarah_NEWAPP_IdentificationDetailsFEATURE.feature:132)
]]>
    </failure>
  </testcase> <!-- runScenario -->
  <system-out/>
  <testcase classname="Runner.TestApplication" name="runScenario" time="38.863"/>
  <system-out/>
  <testcase classname="Runner.TestApplication" name="runScenario" time="4.396">
    <error message="Cannot invoke &quot;org.openqa.selenium.WebElement.click()&quot; because the return value of &quot;helper.JavascriptHelper.executeScriptWithWebElement(String)&quot; is null" type="java.lang.NullPointerException">
      <![CDATA[java.lang.NullPointerException: Cannot invoke "org.openqa.selenium.WebElement.click()" because the return value of "helper.JavascriptHelper.executeScriptWithWebElement(String)" is null
at stepdefinitions.IjaraLogin.loginWithIjaraApplication(IjaraLogin.java:30)
at stepdefinitions.IjaraAddressDetailsSteps.login_with_valid_credentials02(IjaraAddressDetailsSteps.java:72)
at ✽.login with valid credentials02(file:///C:/Users/inindc00604/git/ULS_IjarahIjarahMain/ULS_Ijarah_MainRepository/src/test/java/features/IjarahFeatures/Ijarah_APPDATACHECK_ProductDetails_610.feature:22)
]]>
    </error>
  </testcase> <!-- runScenario -->
  <system-out/>
  <testcase classname="Runner.TestApplication" name="runScenario" time="343.107">
    <failure message="Cannot invoke &quot;org.openqa.selenium.WebElement.sendKeys(java.lang.CharSequence[])&quot; because the return value of &quot;helper.JavascriptHelper.executeScriptWithWebElement(String)&quot; is null" type="java.lang.AssertionError">
      <![CDATA[java.lang.AssertionError: Cannot invoke "org.openqa.selenium.WebElement.sendKeys(java.lang.CharSequence[])" because the return value of "helper.JavascriptHelper.executeScriptWithWebElement(String)" is null
at org.testng.Assert.fail(Assert.java:99)
at stepdefinitions.IJARAH_Steps_615.user_search_the_ref_id_under_inbox(IJARAH_Steps_615.java:1539)
at ✽.User search the Ref id under inbox(file:///C:/Users/inindc00604/git/ULS_IjarahIjarahMain/ULS_Ijarah_MainRepository/src/test/java/features/IjarahFeatures/Ijarah_APPDATAENTRY_ApplicationDetails_Creation.feature:665)
]]>
    </failure>
  </testcase> <!-- runScenario -->
  <system-out/>
  <testcase classname="Runner.TestApplication" name="runScenario" time="42.745">
    <failure message="Keys to send should be a not null CharSequence" type="java.lang.AssertionError">
      <![CDATA[java.lang.AssertionError: Keys to send should be a not null CharSequence
at org.junit.Assert.fail(Assert.java:88)
at stepdefinitions.NewApp_CustomerReferenceListViewSteps.user_076_search_the_matched_text_in_customer_reference_list_view_at_new_app_stahe(NewApp_CustomerReferenceListViewSteps.java:1738)
at ✽.user_076 search the matched text in customer reference list view at new app stahe(file:///C:/Users/inindc00604/git/ULS_IjarahIjarahMain/ULS_Ijarah_MainRepository/src/test/java/features/IjarahFeatures/Ijarah_NEWAPP_CustomerReferenceFEATURE.feature:161)
]]>
    </failure>
  </testcase> <!-- runScenario -->
  <system-out/>
  <testcase classname="Runner.TestApplication" name="runScenario" time="4.383">
    <error message="Cannot invoke &quot;org.openqa.selenium.WebElement.click()&quot; because the return value of &quot;helper.JavascriptHelper.executeScriptWithWebElement(String)&quot; is null" type="java.lang.NullPointerException">
      <![CDATA[java.lang.NullPointerException: Cannot invoke "org.openqa.selenium.WebElement.click()" because the return value of "helper.JavascriptHelper.executeScriptWithWebElement(String)" is null
at stepdefinitions.IjaraLogin.loginWithIjaraApplication(IjaraLogin.java:30)
at stepdefinitions.IjaraAddressDetailsSteps.login_with_valid_credentials_data_check(IjaraAddressDetailsSteps.java:64)
at ✽.login with valid credentials-Data Check(file:///C:/Users/inindc00604/git/ULS_IjarahIjarahMain/ULS_Ijarah_MainRepository/src/test/java/features/IjarahFeatures/ijarah_APPDATACHECK_InsuranceInfo.feature:41)
]]>
    </error>
  </testcase> <!-- runScenario -->
  <system-out/>
  <testcase classname="Runner.TestApplication" name="runScenario" time="4.558">
    <error message="Cannot invoke &quot;org.openqa.selenium.WebElement.click()&quot; because the return value of &quot;helper.JavascriptHelper.executeScriptWithWebElement(String)&quot; is null" type="java.lang.NullPointerException">
      <![CDATA[java.lang.NullPointerException: Cannot invoke "org.openqa.selenium.WebElement.click()" because the return value of "helper.JavascriptHelper.executeScriptWithWebElement(String)" is null
at stepdefinitions.IjaraLogin.loginWithIjaraApplication(IjaraLogin.java:30)
at stepdefinitions.IjaraAddressDetailsSteps.login_with_valid_credentials_for_new_application_stage(IjaraAddressDetailsSteps.java:60)
at ✽.login with valid credentials for new application stage(file:///C:/Users/inindc00604/git/ULS_IjarahIjarahMain/ULS_Ijarah_MainRepository/src/test/java/features/IjarahFeatures/Ijarah_APPDATAENTRY_AddressDetailsFeature.feature:127)
]]>
    </error>
  </testcase> <!-- runScenario -->
  <system-out/>
  <testcase classname="Runner.TestApplication" name="runScenario" time="46.919"/>
  <system-out/>
  <testcase classname="Runner.TestApplication" name="runScenario" time="30.376">
    <failure type="java.lang.AssertionError">
      <![CDATA[java.lang.AssertionError
at org.junit.Assert.fail(Assert.java:86)
at org.junit.Assert.assertTrue(Assert.java:41)
at org.junit.Assert.assertTrue(Assert.java:52)
at stepdefinitions.IJARAH_Steps.user_608_verify_the_financial_institution_field_is_displayed_in_list_view_under_financial_commitments(IJARAH_Steps.java:5412)
at ✽.User_608 verify the Financial Institution field is displayed in list view under Financial Commitments(file:///C:/Users/inindc00604/git/ULS_IjarahIjarahMain/ULS_Ijarah_MainRepository/src/test/java/features/IjarahFeatures/Ijarah_APPDATAENTRY_CustomerDebt.feature:122)
]]>
    </failure>
  </testcase> <!-- runScenario -->
  <system-out/>
  <testcase classname="Runner.TestApplication" name="runScenario" time="64.870"/>
  <system-out/>
  <testcase classname="Runner.TestApplication" name="runScenario" time="36.240">
    <error message="Cannot invoke &quot;org.openqa.selenium.WebElement.getAttribute(String)&quot; because the return value of &quot;helper.JavascriptHelper.executeScriptWithWebElement(String)&quot; is null" type="java.lang.NullPointerException">
      <![CDATA[java.lang.NullPointerException: Cannot invoke "org.openqa.selenium.WebElement.getAttribute(String)" because the return value of "helper.JavascriptHelper.executeScriptWithWebElement(String)" is null
at stepdefinitions.Ijara_Steps_610.user_verify_the_product_field_available_in_offer_details(Ijara_Steps_610.java:2761)
at ✽.User_610 verify the Product field available in offer details(file:///C:/Users/inindc00604/git/ULS_IjarahIjarahMain/ULS_Ijarah_MainRepository/src/test/java/features/IjarahFeatures/Ijarah_OFFERING_OfferDetails_610.feature:57)
]]>
    </error>
  </testcase> <!-- runScenario -->
  <system-out/>
  <testcase classname="Runner.TestApplication" name="runScenario" time="4.636">
    <error message="Cannot invoke &quot;org.openqa.selenium.WebElement.click()&quot; because the return value of &quot;helper.JavascriptHelper.executeScriptWithWebElement(String)&quot; is null" type="java.lang.NullPointerException">
      <![CDATA[java.lang.NullPointerException: Cannot invoke "org.openqa.selenium.WebElement.click()" because the return value of "helper.JavascriptHelper.executeScriptWithWebElement(String)" is null
at stepdefinitions.IjaraLogin.loginWithIjaraApplication(IjaraLogin.java:30)
at stepdefinitions.IjaraAddressDetailsSteps.login_with_valid_credentials_data_check(IjaraAddressDetailsSteps.java:64)
at ✽.login with valid credentials-Data Check(file:///C:/Users/inindc00604/git/ULS_IjarahIjarahMain/ULS_Ijarah_MainRepository/src/test/java/features/IjarahFeatures/Ijarah_APPDATACHECK_Income.feature:52)
]]>
    </error>
  </testcase> <!-- runScenario -->
  <system-out/>
  <testcase classname="Runner.TestApplication" name="runScenario" time="4.453">
    <error message="Cannot invoke &quot;org.openqa.selenium.WebElement.click()&quot; because the return value of &quot;helper.JavascriptHelper.executeScriptWithWebElement(String)&quot; is null" type="java.lang.NullPointerException">
      <![CDATA[java.lang.NullPointerException: Cannot invoke "org.openqa.selenium.WebElement.click()" because the return value of "helper.JavascriptHelper.executeScriptWithWebElement(String)" is null
at stepdefinitions.IjaraLogin.loginWithIjaraApplication(IjaraLogin.java:30)
at stepdefinitions.IjaraAddressDetailsSteps.login_with_valid_credentials_data_check(IjaraAddressDetailsSteps.java:64)
at ✽.login with valid credentials-Data Check(file:///C:/Users/inindc00604/git/ULS_IjarahIjarahMain/ULS_Ijarah_MainRepository/src/test/java/features/IjarahFeatures/Ijarah_APPDATACHECK_RepaymentMode.feature:28)
]]>
    </error>
  </testcase> <!-- runScenario -->
  <system-out/>
  <testcase classname="Runner.TestApplication" name="runScenario" time="4.384">
    <error message="Cannot invoke &quot;org.openqa.selenium.WebElement.click()&quot; because the return value of &quot;helper.JavascriptHelper.executeScriptWithWebElement(String)&quot; is null" type="java.lang.NullPointerException">
      <![CDATA[java.lang.NullPointerException: Cannot invoke "org.openqa.selenium.WebElement.click()" because the return value of "helper.JavascriptHelper.executeScriptWithWebElement(String)" is null
at stepdefinitions.IjaraLogin.loginWithIjaraApplication(IjaraLogin.java:30)
at stepdefinitions.IjaraAddressDetailsSteps.login_with_valid_credentials_for_new_application_stage(IjaraAddressDetailsSteps.java:60)
at ✽.login with valid credentials for new application stage(file:///C:/Users/inindc00604/git/ULS_IjarahIjarahMain/ULS_Ijarah_MainRepository/src/test/java/features/IjarahFeatures/Ijarah_NEWAPP_AddressDetailsFEATURE.feature:5)
]]>
    </error>
  </testcase> <!-- runScenario -->
  <system-out/>
  <testcase classname="Runner.TestApplication" name="runScenario" time="416.653"/>
  <system-out/>
  <testcase classname="Runner.TestApplication" name="runScenario" time="4.672">
    <error message="Cannot invoke &quot;org.openqa.selenium.WebElement.click()&quot; because the return value of &quot;helper.JavascriptHelper.executeScriptWithWebElement(String)&quot; is null" type="java.lang.NullPointerException">
      <![CDATA[java.lang.NullPointerException: Cannot invoke "org.openqa.selenium.WebElement.click()" because the return value of "helper.JavascriptHelper.executeScriptWithWebElement(String)" is null
at stepdefinitions.IjaraLogin.loginWithIjaraApplication(IjaraLogin.java:30)
at stepdefinitions.IjaraAddressDetailsSteps.login_with_valid_credentials02(IjaraAddressDetailsSteps.java:72)
at ✽.login with valid credentials02(file:///C:/Users/inindc00604/git/ULS_IjarahIjarahMain/ULS_Ijarah_MainRepository/src/test/java/features/IjarahFeatures/Ijarah_APPDATACHECK_ProductDetails_610.feature:87)
]]>
    </error>
  </testcase> <!-- runScenario -->
  <system-out/>
  <testcase classname="Runner.TestApplication" name="runScenario" time="28.118">
    <error message="Cannot invoke &quot;org.openqa.selenium.WebElement.isDisplayed()&quot; because the return value of &quot;helper.JavascriptHelper.executeScriptWithWebElement(String)&quot; is null" type="java.lang.NullPointerException">
      <![CDATA[java.lang.NullPointerException: Cannot invoke "org.openqa.selenium.WebElement.isDisplayed()" because the return value of "helper.JavascriptHelper.executeScriptWithWebElement(String)" is null
at stepdefinitions.IJARAH_Steps_615.verify_the_fields_present_on_the_page(IJARAH_Steps_615.java:1758)
at ✽.Verify the fields present on the page(file:///C:/Users/inindc00604/git/ULS_IjarahIjarahMain/ULS_Ijarah_MainRepository/src/test/java/features/IjarahFeatures/Ijarah_APPDATAENTRY_ApplicationDetails_Creation.feature:649)
]]>
    </error>
  </testcase> <!-- runScenario -->
  <system-out/>
  <testcase classname="Runner.TestApplication" name="runScenario" time="4.938">
    <error message="Cannot invoke &quot;org.openqa.selenium.WebElement.click()&quot; because the return value of &quot;helper.JavascriptHelper.executeScriptWithWebElement(String)&quot; is null" type="java.lang.NullPointerException">
      <![CDATA[java.lang.NullPointerException: Cannot invoke "org.openqa.selenium.WebElement.click()" because the return value of "helper.JavascriptHelper.executeScriptWithWebElement(String)" is null
at stepdefinitions.IjaraLogin.loginWithIjaraApplication(IjaraLogin.java:30)
at stepdefinitions.IjaraAddressDetailsSteps.login_with_valid_credentials02(IjaraAddressDetailsSteps.java:72)
at ✽.login with valid credentials02(file:///C:/Users/inindc00604/git/ULS_IjarahIjarahMain/ULS_Ijarah_MainRepository/src/test/java/features/IjarahFeatures/Ijarah_APPDATACHECK_ProductDetails_610.feature:72)
]]>
    </error>
  </testcase> <!-- runScenario -->
  <system-out/>
  <testcase classname="Runner.TestApplication" name="runScenario" time="66.117">
    <error message="Cannot invoke &quot;org.openqa.selenium.WebElement.isDisplayed()&quot; because the return value of &quot;helper.JavascriptHelper.executeScriptWithWebElement(String)&quot; is null" type="java.lang.NullPointerException">
      <![CDATA[java.lang.NullPointerException: Cannot invoke "org.openqa.selenium.WebElement.isDisplayed()" because the return value of "helper.JavascriptHelper.executeScriptWithWebElement(String)" is null
at stepdefinitions.IjaraTest.user_626_verify_occupancy_date_should_visible_in_address_details_screen(IjaraTest.java:2400)
at ✽.user_626 verify Occupancy Date should visible in address details screen(file:///C:/Users/inindc00604/git/ULS_IjarahIjarahMain/ULS_Ijarah_MainRepository/src/test/java/features/IjarahFeatures/Ijarah_APPDATACHECK_AddressDetails.feature:34)
]]>
    </error>
  </testcase> <!-- runScenario -->
  <system-out/>
  <testcase classname="Runner.TestApplication" name="runScenario" time="4.794">
    <error message="Cannot invoke &quot;org.openqa.selenium.WebElement.click()&quot; because the return value of &quot;helper.JavascriptHelper.executeScriptWithWebElement(String)&quot; is null" type="java.lang.NullPointerException">
      <![CDATA[java.lang.NullPointerException: Cannot invoke "org.openqa.selenium.WebElement.click()" because the return value of "helper.JavascriptHelper.executeScriptWithWebElement(String)" is null
at stepdefinitions.IjaraLogin.loginWithIjaraApplication(IjaraLogin.java:30)
at stepdefinitions.IjaraAddressDetailsSteps.login_with_valid_credentials_data_check(IjaraAddressDetailsSteps.java:64)
at ✽.login with valid credentials-Data Check(file:///C:/Users/inindc00604/git/ULS_IjarahIjarahMain/ULS_Ijarah_MainRepository/src/test/java/features/IjarahFeatures/Ijarah_APPDATACHECK_QuationInfo.feature:6)
]]>
    </error>
  </testcase> <!-- runScenario -->
  <system-out/>
  <testcase classname="Runner.TestApplication" name="runScenario" time="82.275">
    <failure message="Cannot invoke &quot;Object.toString()&quot; because the return value of &quot;helper.JavascriptHelper.executeScript(String)&quot; is null" type="java.lang.AssertionError">
      <![CDATA[java.lang.AssertionError: Cannot invoke "Object.toString()" because the return value of "helper.JavascriptHelper.executeScript(String)" is null
at org.junit.Assert.fail(Assert.java:88)
at stepdefinitions.IJARAH_Steps.user_608_validate_the_save_button_available_in_customer_debt_screen(IJARAH_Steps.java:572)
at ✽.User_608 validate the Save button available in Customer Debt screen(file:///C:/Users/inindc00604/git/ULS_IjarahIjarahMain/ULS_Ijarah_MainRepository/src/test/java/features/IjarahFeatures/Ijarah_APPDATAENTRY_CustomerDebt.feature:20)
]]>
    </failure>
  </testcase> <!-- runScenario -->
  <system-out/>
  <testcase classname="Runner.TestApplication" name="runScenario" time="37.422"/>
  <system-out/>
  <testcase classname="Runner.TestApplication" name="runScenario" time="196.873">
    <failure message="Cannot invoke &quot;org.openqa.selenium.WebElement.click()&quot; because the return value of &quot;helper.JavascriptHelper.executeScriptWithWebElement(String)&quot; is null" type="java.lang.AssertionError">
      <![CDATA[java.lang.AssertionError: Cannot invoke "org.openqa.selenium.WebElement.click()" because the return value of "helper.JavascriptHelper.executeScriptWithWebElement(String)" is null
at org.testng.Assert.fail(Assert.java:99)
at stepdefinitions.Ijara_Steps_610.user_click_edit_button_under_inbox_screen(Ijara_Steps_610.java:261)
at ✽.User_610 click edit button under inbox screen(file:///C:/Users/inindc00604/git/ULS_IjarahIjarahMain/ULS_Ijarah_MainRepository/src/test/java/features/IjarahFeatures/Ijarah_APPDATAENTRY_DocumentDetails_610.feature:48)
]]>
    </failure>
  </testcase> <!-- runScenario -->
  <system-out/>
  <testcase classname="Runner.TestApplication" name="runScenario" time="41.218">
    <error message="Element must be set" type="java.lang.IllegalArgumentException">
      <![CDATA[java.lang.IllegalArgumentException: Element must be set
at org.openqa.selenium.internal.Require.nonNull(Require.java:60)
at org.openqa.selenium.interactions.WheelInput$ScrollOrigin.fromElement(WheelInput.java:146)
at org.openqa.selenium.interactions.Actions.scrollToElement(Actions.java:223)
at helper.ClicksAndActionsHelper.scrollIntoView(ClicksAndActionsHelper.java:84)
at stepdefinitions.Ijarah_NewApp_CustomerIdentificationDetailsSteps.user_076_click_on_edit_button_of_customer_identification_details_list_view_record(Ijarah_NewApp_CustomerIdentificationDetailsSteps.java:1004)
at ✽.user_076 click on edit button of customer identification details list view record(file:///C:/Users/inindc00604/git/ULS_IjarahIjarahMain/ULS_Ijarah_MainRepository/src/test/java/features/IjarahFeatures/Ijarah_NEWAPP_IdentificationDetailsFEATURE.feature:107)
]]>
    </error>
  </testcase> <!-- runScenario -->
  <system-out/>
  <testcase classname="Runner.TestApplication" name="runScenario" time="4.116">
    <error message="Cannot invoke &quot;org.openqa.selenium.WebElement.click()&quot; because the return value of &quot;helper.JavascriptHelper.executeScriptWithWebElement(String)&quot; is null" type="java.lang.NullPointerException">
      <![CDATA[java.lang.NullPointerException: Cannot invoke "org.openqa.selenium.WebElement.click()" because the return value of "helper.JavascriptHelper.executeScriptWithWebElement(String)" is null
at stepdefinitions.IjaraLogin.loginWithIjaraApplication(IjaraLogin.java:30)
at stepdefinitions.IjaraAddressDetailsSteps.login_with_valid_credentials_for_insurance_info_ijarah(IjaraAddressDetailsSteps.java:98)
at ✽.login with valid credentials for insurance info ijarah(file:///C:/Users/inindc00604/git/ULS_IjarahIjarahMain/ULS_Ijarah_MainRepository/src/test/java/features/IjarahFeatures/ijarah_APPDATAENTRY_InsuranceInfo.feature:48)
]]>
    </error>
  </testcase> <!-- runScenario -->
  <system-out/>
  <testcase classname="Runner.TestApplication" name="runScenario" time="37.582"/>
  <system-out/>
  <testcase classname="Runner.TestApplication" name="runScenario" time="4.597">
    <error message="Cannot invoke &quot;org.openqa.selenium.WebElement.click()&quot; because the return value of &quot;helper.JavascriptHelper.executeScriptWithWebElement(String)&quot; is null" type="java.lang.NullPointerException">
      <![CDATA[java.lang.NullPointerException: Cannot invoke "org.openqa.selenium.WebElement.click()" because the return value of "helper.JavascriptHelper.executeScriptWithWebElement(String)" is null
at stepdefinitions.IjaraLogin.loginWithIjaraApplication(IjaraLogin.java:30)
at stepdefinitions.IjaraAddressDetailsSteps.login_with_valid_credentials_for_new_application_stage(IjaraAddressDetailsSteps.java:60)
at ✽.login with valid credentials for new application stage(file:///C:/Users/inindc00604/git/ULS_IjarahIjarahMain/ULS_Ijarah_MainRepository/src/test/java/features/IjarahFeatures/Ijarah_APPDATAENTRY_AddressDetailsFeature.feature:105)
]]>
    </error>
  </testcase> <!-- runScenario -->
  <system-out/>
  <testcase classname="Runner.TestApplication" name="runScenario" time="4.649">
    <error message="Cannot invoke &quot;org.openqa.selenium.WebElement.click()&quot; because the return value of &quot;helper.JavascriptHelper.executeScriptWithWebElement(String)&quot; is null" type="java.lang.NullPointerException">
      <![CDATA[java.lang.NullPointerException: Cannot invoke "org.openqa.selenium.WebElement.click()" because the return value of "helper.JavascriptHelper.executeScriptWithWebElement(String)" is null
at stepdefinitions.IjaraLogin.loginWithIjaraApplication(IjaraLogin.java:30)
at stepdefinitions.IjaraAddressDetailsSteps.login_with_valid_credentials_for_new_application_stage(IjaraAddressDetailsSteps.java:60)
at ✽.login with valid credentials for new application stage(file:///C:/Users/inindc00604/git/ULS_IjarahIjarahMain/ULS_Ijarah_MainRepository/src/test/java/features/IjarahFeatures/Ijarah_APPDATAENTRY_AddressDetailsFeature.feature:74)
]]>
    </error>
  </testcase> <!-- runScenario -->
  <system-out/>
  <testcase classname="Runner.TestApplication" name="runScenario" time="4.529">
    <error message="Cannot invoke &quot;org.openqa.selenium.WebElement.click()&quot; because the return value of &quot;helper.JavascriptHelper.executeScriptWithWebElement(String)&quot; is null" type="java.lang.NullPointerException">
      <![CDATA[java.lang.NullPointerException: Cannot invoke "org.openqa.selenium.WebElement.click()" because the return value of "helper.JavascriptHelper.executeScriptWithWebElement(String)" is null
at stepdefinitions.IjaraLogin.loginWithIjaraApplication(IjaraLogin.java:30)
at stepdefinitions.IjaraAddressDetailsSteps.login_with_valid_credentials_contract_signing(IjaraAddressDetailsSteps.java:123)
at ✽.login with valid credentials-Contract Signing(file:///C:/Users/inindc00604/git/ULS_IjarahIjarahMain/ULS_Ijarah_MainRepository/src/test/java/features/IjarahFeatures/Ijarah_CONTRACTSIGN_ApplicationDetails1.feature:83)
]]>
    </error>
  </testcase> <!-- runScenario -->
  <system-out/>
  <testcase classname="Runner.TestApplication" name="runScenario" time="54.228"/>
  <system-out/>
  <testcase classname="Runner.TestApplication" name="runScenario" time="52.176">
    <failure message="javascript error: Cannot read properties of null (reading &#039;click&#039;)
  (Session info: chrome=120.0.6099.217)
Build info: version: &#039;4.11.0&#039;, revision: &#039;040bc5406b&#039;
System info: os.name: &#039;Windows 10&#039;, os.arch: &#039;amd64&#039;, os.version: &#039;10.0&#039;, java.version: &#039;16.0.2&#039;
Driver info: org.openqa.selenium.chrome.ChromeDriver
Command: [d6bfd55eba81eae15df8b81e55f43338, executeScript {script=arguments[0].click();, args=[null]}]
Capabilities {acceptInsecureCerts: false, browserName: chrome, browserVersion: 120.0.6099.217, chrome: {chromedriverVersion: 120.0.6099.109 (3419140ab66..., userDataDir: C:\Users\ININDC~1\AppData\L...}, fedcm:accounts: true, goog:chromeOptions: {debuggerAddress: localhost:62615}, networkConnectionEnabled: false, pageLoadStrategy: normal, platformName: windows, proxy: Proxy(), se:cdp: ws://localhost:62615/devtoo..., se:cdpVersion: 120.0.6099.217, setWindowRect: true, strictFileInteractability: false, timeouts: {implicit: 0, pageLoad: 300000, script: 30000}, unhandledPromptBehavior: dismiss and notify, webauthn:extension:credBlob: true, webauthn:extension:largeBlob: true, webauthn:extension:minPinLength: true, webauthn:extension:prf: true, webauthn:virtualAuthenticators: true}
Session ID: d6bfd55eba81eae15df8b81e55f43338" type="java.lang.AssertionError">
      <![CDATA[java.lang.AssertionError: javascript error: Cannot read properties of null (reading 'click')
  (Session info: chrome=120.0.6099.217)
Build info: version: '4.11.0', revision: '040bc5406b'
System info: os.name: 'Windows 10', os.arch: 'amd64', os.version: '10.0', java.version: '16.0.2'
Driver info: org.openqa.selenium.chrome.ChromeDriver
Command: [d6bfd55eba81eae15df8b81e55f43338, executeScript {script=arguments[0].click();, args=[null]}]
Capabilities {acceptInsecureCerts: false, browserName: chrome, browserVersion: 120.0.6099.217, chrome: {chromedriverVersion: 120.0.6099.109 (3419140ab66..., userDataDir: C:\Users\ININDC~1\AppData\L...}, fedcm:accounts: true, goog:chromeOptions: {debuggerAddress: localhost:62615}, networkConnectionEnabled: false, pageLoadStrategy: normal, platformName: windows, proxy: Proxy(), se:cdp: ws://localhost:62615/devtoo..., se:cdpVersion: 120.0.6099.217, setWindowRect: true, strictFileInteractability: false, timeouts: {implicit: 0, pageLoad: 300000, script: 30000}, unhandledPromptBehavior: dismiss and notify, webauthn:extension:credBlob: true, webauthn:extension:largeBlob: true, webauthn:extension:minPinLength: true, webauthn:extension:prf: true, webauthn:virtualAuthenticators: true}
Session ID: d6bfd55eba81eae15df8b81e55f43338
at org.junit.Assert.fail(Assert.java:88)
at stepdefinitions.IJARAH_Steps.user_608_click_the_entitle_button_under_inbox(IJARAH_Steps.java:400)
at ✽.User_608 click the Entitle button under inbox(file:///C:/Users/inindc00604/git/ULS_IjarahIjarahMain/ULS_Ijarah_MainRepository/src/test/java/features/IjarahFeatures/Ijarah_UNDERWRITER.feature:69)
]]>
    </failure>
  </testcase> <!-- runScenario -->
  <system-out/>
  <testcase classname="Runner.TestApplication" name="runScenario" time="4.949">
    <error message="Cannot invoke &quot;org.openqa.selenium.WebElement.click()&quot; because the return value of &quot;helper.JavascriptHelper.executeScriptWithWebElement(String)&quot; is null" type="java.lang.NullPointerException">
      <![CDATA[java.lang.NullPointerException: Cannot invoke "org.openqa.selenium.WebElement.click()" because the return value of "helper.JavascriptHelper.executeScriptWithWebElement(String)" is null
at stepdefinitions.IjaraLogin.loginWithIjaraApplication(IjaraLogin.java:30)
at stepdefinitions.IjaraAddressDetailsSteps.login_with_valid_credentials_for_new_application_stage(IjaraAddressDetailsSteps.java:60)
at ✽.login with valid credentials for new application stage(file:///C:/Users/inindc00604/git/ULS_IjarahIjarahMain/ULS_Ijarah_MainRepository/src/test/java/features/IjarahFeatures/Ijarah_APPDATAENTRY_AddressDetailsFeature.feature:49)
]]>
    </error>
  </testcase> <!-- runScenario -->
  <system-out/>
  <testcase classname="Runner.TestApplication" name="runScenario" time="1924.512"/>
  <system-out/>
  <testcase classname="Runner.TestApplication" name="runScenario" time="340.335">
    <failure message="element click intercepted: Element &lt;ion-select _ngcontent-iat-c224=&quot;&quot; interface=&quot;popover&quot; mode=&quot;ios&quot; value=&quot;mod&quot; tooltipposition=&quot;bottom&quot; class=&quot;p-element ng-untouched ng-pristine ion-untouched ion-pristine ios in-item select-disabled hydrated&quot; ng-reflect-interface=&quot;popover&quot; ng-reflect-mode=&quot;ios&quot; ng-reflect-value=&quot;mod&quot; ng-reflect-tooltip-position=&quot;bottom&quot; ng-reflect-text=&quot;Module name&quot; ng-reflect-disabled=&quot;true&quot; ng-reflect-is-disabled=&quot;true&quot; ng-reflect-model=&quot;0&quot; role=&quot;button&quot; aria-haspopup=&quot;listbox&quot; aria-disabled=&quot;true&quot; aria-label=&quot;No Module Mapped&quot;&gt;...&lt;/ion-select&gt; is not clickable at point (1701, 29). Other element would receive the click: &lt;ion-list _ngcontent-iat-c224=&quot;&quot; class=&quot;p-0 md list-md hydrated&quot; ng-reflect-dir=&quot;ltr&quot; dir=&quot;ltr&quot; role=&quot;list&quot;&gt;...&lt;/ion-list&gt;
  (Session info: chrome=120.0.6099.217)
Build info: version: &#039;4.11.0&#039;, revision: &#039;040bc5406b&#039;
System info: os.name: &#039;Windows 10&#039;, os.arch: &#039;amd64&#039;, os.version: &#039;10.0&#039;, java.version: &#039;16.0.2&#039;
Driver info: org.openqa.selenium.chrome.ChromeDriver
Command: [2998604ba6829ac7eef9418b1b376f8d, clickElement {id=2ABCA2A6D426F2811575BE16B4BDE56F_element_27}]
Capabilities {acceptInsecureCerts: false, browserName: chrome, browserVersion: 120.0.6099.217, chrome: {chromedriverVersion: 120.0.6099.109 (3419140ab66..., userDataDir: C:\Users\ININDC~1\AppData\L...}, fedcm:accounts: true, goog:chromeOptions: {debuggerAddress: localhost:60419}, networkConnectionEnabled: false, pageLoadStrategy: normal, platformName: windows, proxy: Proxy(), se:cdp: ws://localhost:60419/devtoo..., se:cdpVersion: 120.0.6099.217, setWindowRect: true, strictFileInteractability: false, timeouts: {implicit: 0, pageLoad: 300000, script: 30000}, unhandledPromptBehavior: dismiss and notify, webauthn:extension:credBlob: true, webauthn:extension:largeBlob: true, webauthn:extension:minPinLength: true, webauthn:extension:prf: true, webauthn:virtualAuthenticators: true}
Element: [org.openqa.selenium.remote.RemoteWebElement@51281dda -&gt; unknown locator]
Session ID: 2998604ba6829ac7eef9418b1b376f8d" type="java.lang.AssertionError">
      <![CDATA[java.lang.AssertionError: element click intercepted: Element <ion-select _ngcontent-iat-c224="" interface="popover" mode="ios" value="mod" tooltipposition="bottom" class="p-element ng-untouched ng-pristine ion-untouched ion-pristine ios in-item select-disabled hydrated" ng-reflect-interface="popover" ng-reflect-mode="ios" ng-reflect-value="mod" ng-reflect-tooltip-position="bottom" ng-reflect-text="Module name" ng-reflect-disabled="true" ng-reflect-is-disabled="true" ng-reflect-model="0" role="button" aria-haspopup="listbox" aria-disabled="true" aria-label="No Module Mapped">...</ion-select> is not clickable at point (1701, 29). Other element would receive the click: <ion-list _ngcontent-iat-c224="" class="p-0 md list-md hydrated" ng-reflect-dir="ltr" dir="ltr" role="list">...</ion-list>
  (Session info: chrome=120.0.6099.217)
Build info: version: '4.11.0', revision: '040bc5406b'
System info: os.name: 'Windows 10', os.arch: 'amd64', os.version: '10.0', java.version: '16.0.2'
Driver info: org.openqa.selenium.chrome.ChromeDriver
Command: [2998604ba6829ac7eef9418b1b376f8d, clickElement {id=2ABCA2A6D426F2811575BE16B4BDE56F_element_27}]
Capabilities {acceptInsecureCerts: false, browserName: chrome, browserVersion: 120.0.6099.217, chrome: {chromedriverVersion: 120.0.6099.109 (3419140ab66..., userDataDir: C:\Users\ININDC~1\AppData\L...}, fedcm:accounts: true, goog:chromeOptions: {debuggerAddress: localhost:60419}, networkConnectionEnabled: false, pageLoadStrategy: normal, platformName: windows, proxy: Proxy(), se:cdp: ws://localhost:60419/devtoo..., se:cdpVersion: 120.0.6099.217, setWindowRect: true, strictFileInteractability: false, timeouts: {implicit: 0, pageLoad: 300000, script: 30000}, unhandledPromptBehavior: dismiss and notify, webauthn:extension:credBlob: true, webauthn:extension:largeBlob: true, webauthn:extension:minPinLength: true, webauthn:extension:prf: true, webauthn:virtualAuthenticators: true}
Element: [org.openqa.selenium.remote.RemoteWebElement@51281dda -> unknown locator]
Session ID: 2998604ba6829ac7eef9418b1b376f8d
at org.testng.Assert.fail(Assert.java:99)
at stepdefinitions.Ijara_Repayment_Mode_Steps.user_615_select_the_module_name(Ijara_Repayment_Mode_Steps.java:46)
at ✽.user_615 select the module name(file:///C:/Users/inindc00604/git/ULS_IjarahIjarahMain/ULS_Ijarah_MainRepository/src/test/java/features/IjarahFeatures/Ijarah_APPDATAENTRY_Repayment_Mode.feature:33)
]]>
    </failure>
  </testcase> <!-- runScenario -->
  <system-out/>
  <testcase classname="Runner.TestApplication" name="runScenario" time="4.198">
    <error message="Cannot invoke &quot;org.openqa.selenium.WebElement.click()&quot; because the return value of &quot;helper.JavascriptHelper.executeScriptWithWebElement(String)&quot; is null" type="java.lang.NullPointerException">
      <![CDATA[java.lang.NullPointerException: Cannot invoke "org.openqa.selenium.WebElement.click()" because the return value of "helper.JavascriptHelper.executeScriptWithWebElement(String)" is null
at stepdefinitions.IjaraLogin.loginWithIjaraApplication(IjaraLogin.java:30)
at stepdefinitions.IjaraAddressDetailsSteps.login_with_valid_credentials2(IjaraAddressDetailsSteps.java:119)
at ✽.login with valid credentials2(file:///C:/Users/inindc00604/git/ULS_IjarahIjarahMain/ULS_Ijarah_MainRepository/src/test/java/features/IjarahFeatures/Ijarah_CONTRACTSIGNING_ApplicationDetails.feature:21)
]]>
    </error>
  </testcase> <!-- runScenario -->
  <system-out/>
  <testcase classname="Runner.TestApplication" name="runScenario" time="4.923">
    <error message="Cannot invoke &quot;org.openqa.selenium.WebElement.click()&quot; because the return value of &quot;helper.JavascriptHelper.executeScriptWithWebElement(String)&quot; is null" type="java.lang.NullPointerException">
      <![CDATA[java.lang.NullPointerException: Cannot invoke "org.openqa.selenium.WebElement.click()" because the return value of "helper.JavascriptHelper.executeScriptWithWebElement(String)" is null
at stepdefinitions.IjaraLogin.loginWithIjaraApplication(IjaraLogin.java:30)
at stepdefinitions.IjaraAddressDetailsSteps.login_with_valid_credentials07(IjaraAddressDetailsSteps.java:76)
at ✽.login with valid credentials07(file:///C:/Users/inindc00604/git/ULS_IjarahIjarahMain/ULS_Ijarah_MainRepository/src/test/java/features/IjarahFeatures/Ijarah_CUSTOMERSEARCH.feature:245)
]]>
    </error>
  </testcase> <!-- runScenario -->
  <system-out/>
  <testcase classname="Runner.TestApplication" name="runScenario" time="36.786"/>
  <system-out/>
  <testcase classname="Runner.TestApplication" name="runScenario" time="1172.261">
    <failure message="Cannot invoke &quot;org.openqa.selenium.WebElement.isDisplayed()&quot; because the return value of &quot;helper.JavascriptHelper.executeScriptWithWebElement(String)&quot; is null" type="java.lang.AssertionError">
      <![CDATA[java.lang.AssertionError: Cannot invoke "org.openqa.selenium.WebElement.isDisplayed()" because the return value of "helper.JavascriptHelper.executeScriptWithWebElement(String)" is null
at org.testng.Assert.fail(Assert.java:99)
at stepdefinitions.Ijara_Quotation_Info_Steps.user_615_verify_the_save_button_under_quotation_info_tab(Ijara_Quotation_Info_Steps.java:573)
at ✽.user_615 verify the save button under quotation info tab(file:///C:/Users/inindc00604/git/ULS_IjarahIjarahMain/ULS_Ijarah_MainRepository/src/test/java/features/IjarahFeatures/Ijarah_APPDATAENTRY_Quotation_Info.feature:107)
]]>
    </failure>
  </testcase> <!-- runScenario -->
  <system-out/>
  <testcase classname="Runner.TestApplication" name="runScenario" time="4.889">
    <error message="Cannot invoke &quot;org.openqa.selenium.WebElement.click()&quot; because the return value of &quot;helper.JavascriptHelper.executeScriptWithWebElement(String)&quot; is null" type="java.lang.NullPointerException">
      <![CDATA[java.lang.NullPointerException: Cannot invoke "org.openqa.selenium.WebElement.click()" because the return value of "helper.JavascriptHelper.executeScriptWithWebElement(String)" is null
at stepdefinitions.IjaraLogin.loginWithIjaraApplication(IjaraLogin.java:30)
at stepdefinitions.IjaraAddressDetailsSteps.login_with_valid_credentials_for_new_application_stage(IjaraAddressDetailsSteps.java:60)
at ✽.login with valid credentials for new application stage(file:///C:/Users/inindc00604/git/ULS_IjarahIjarahMain/ULS_Ijarah_MainRepository/src/test/java/features/IjarahFeatures/Ijarah_NEWAPP_CustomerDetailsFEATURE.feature:87)
]]>
    </error>
  </testcase> <!-- runScenario -->
  <system-out/>
  <testcase classname="Runner.TestApplication" name="runScenario" time="53.990">
    <failure message="javascript error: Cannot read properties of null (reading &#039;click&#039;)
  (Session info: chrome=120.0.6099.217)
Build info: version: &#039;4.11.0&#039;, revision: &#039;040bc5406b&#039;
System info: os.name: &#039;Windows 10&#039;, os.arch: &#039;amd64&#039;, os.version: &#039;10.0&#039;, java.version: &#039;16.0.2&#039;
Driver info: org.openqa.selenium.chrome.ChromeDriver
Command: [3e693eccaf8d0b759527cf380c87e90e, executeScript {script=arguments[0].click();, args=[null]}]
Capabilities {acceptInsecureCerts: false, browserName: chrome, browserVersion: 120.0.6099.217, chrome: {chromedriverVersion: 120.0.6099.109 (3419140ab66..., userDataDir: C:\Users\ININDC~1\AppData\L...}, fedcm:accounts: true, goog:chromeOptions: {debuggerAddress: localhost:62579}, networkConnectionEnabled: false, pageLoadStrategy: normal, platformName: windows, proxy: Proxy(), se:cdp: ws://localhost:62579/devtoo..., se:cdpVersion: 120.0.6099.217, setWindowRect: true, strictFileInteractability: false, timeouts: {implicit: 0, pageLoad: 300000, script: 30000}, unhandledPromptBehavior: dismiss and notify, webauthn:extension:credBlob: true, webauthn:extension:largeBlob: true, webauthn:extension:minPinLength: true, webauthn:extension:prf: true, webauthn:virtualAuthenticators: true}
Session ID: 3e693eccaf8d0b759527cf380c87e90e" type="java.lang.AssertionError">
      <![CDATA[java.lang.AssertionError: javascript error: Cannot read properties of null (reading 'click')
  (Session info: chrome=120.0.6099.217)
Build info: version: '4.11.0', revision: '040bc5406b'
System info: os.name: 'Windows 10', os.arch: 'amd64', os.version: '10.0', java.version: '16.0.2'
Driver info: org.openqa.selenium.chrome.ChromeDriver
Command: [3e693eccaf8d0b759527cf380c87e90e, executeScript {script=arguments[0].click();, args=[null]}]
Capabilities {acceptInsecureCerts: false, browserName: chrome, browserVersion: 120.0.6099.217, chrome: {chromedriverVersion: 120.0.6099.109 (3419140ab66..., userDataDir: C:\Users\ININDC~1\AppData\L...}, fedcm:accounts: true, goog:chromeOptions: {debuggerAddress: localhost:62579}, networkConnectionEnabled: false, pageLoadStrategy: normal, platformName: windows, proxy: Proxy(), se:cdp: ws://localhost:62579/devtoo..., se:cdpVersion: 120.0.6099.217, setWindowRect: true, strictFileInteractability: false, timeouts: {implicit: 0, pageLoad: 300000, script: 30000}, unhandledPromptBehavior: dismiss and notify, webauthn:extension:credBlob: true, webauthn:extension:largeBlob: true, webauthn:extension:minPinLength: true, webauthn:extension:prf: true, webauthn:virtualAuthenticators: true}
Session ID: 3e693eccaf8d0b759527cf380c87e90e
at org.junit.Assert.fail(Assert.java:88)
at stepdefinitions.IJARAH_Steps.user_608_click_the_entitle_button_under_inbox(IJARAH_Steps.java:400)
at ✽.User_608 click the Entitle button under inbox(file:///C:/Users/inindc00604/git/ULS_IjarahIjarahMain/ULS_Ijarah_MainRepository/src/test/java/features/IjarahFeatures/Ijarah_UNDERWRITER.feature:40)
]]>
    </failure>
  </testcase> <!-- runScenario -->
  <system-out/>
  <testcase classname="Runner.TestApplication" name="runScenario" time="4.257">
    <error message="Cannot invoke &quot;org.openqa.selenium.WebElement.click()&quot; because the return value of &quot;helper.JavascriptHelper.executeScriptWithWebElement(String)&quot; is null" type="java.lang.NullPointerException">
      <![CDATA[java.lang.NullPointerException: Cannot invoke "org.openqa.selenium.WebElement.click()" because the return value of "helper.JavascriptHelper.executeScriptWithWebElement(String)" is null
at stepdefinitions.IjaraLogin.loginWithIjaraApplication(IjaraLogin.java:30)
at stepdefinitions.IjaraAddressDetailsSteps.login_with_valid_credentials_for_new_application_stage(IjaraAddressDetailsSteps.java:60)
at ✽.login with valid credentials for new application stage(file:///C:/Users/inindc00604/git/ULS_IjarahIjarahMain/ULS_Ijarah_MainRepository/src/test/java/features/IjarahFeatures/Ijarah_NEWAPP_CustomerReferenceFEATURE.feature:42)
]]>
    </error>
  </testcase> <!-- runScenario -->
  <system-out/>
  <testcase classname="Runner.TestApplication" name="runScenario" time="4.744">
    <error message="Cannot invoke &quot;org.openqa.selenium.WebElement.click()&quot; because the return value of &quot;helper.JavascriptHelper.executeScriptWithWebElement(String)&quot; is null" type="java.lang.NullPointerException">
      <![CDATA[java.lang.NullPointerException: Cannot invoke "org.openqa.selenium.WebElement.click()" because the return value of "helper.JavascriptHelper.executeScriptWithWebElement(String)" is null
at stepdefinitions.IjaraLogin.loginWithIjaraApplication(IjaraLogin.java:30)
at stepdefinitions.IjaraAddressDetailsSteps.login_with_valid_credentials_for_new_application_stage(IjaraAddressDetailsSteps.java:60)
at ✽.login with valid credentials for new application stage(file:///C:/Users/inindc00604/git/ULS_IjarahIjarahMain/ULS_Ijarah_MainRepository/src/test/java/features/IjarahFeatures/Ijarah_NEWAPP_ApplicationDetailsFEATURE.feature:5)
]]>
    </error>
  </testcase> <!-- runScenario -->
  <system-out/>
  <testcase classname="Runner.TestApplication" name="runScenario" time="5.134">
    <error message="Cannot invoke &quot;org.openqa.selenium.WebElement.click()&quot; because the return value of &quot;helper.JavascriptHelper.executeScriptWithWebElement(String)&quot; is null" type="java.lang.NullPointerException">
      <![CDATA[java.lang.NullPointerException: Cannot invoke "org.openqa.selenium.WebElement.click()" because the return value of "helper.JavascriptHelper.executeScriptWithWebElement(String)" is null
at stepdefinitions.IjaraLogin.loginWithIjaraApplication(IjaraLogin.java:30)
at stepdefinitions.IjaraAddressDetailsSteps.login_with_valid_credentials_for_new_application_stage(IjaraAddressDetailsSteps.java:60)
at ✽.login with valid credentials for new application stage(file:///C:/Users/inindc00604/git/ULS_IjarahIjarahMain/ULS_Ijarah_MainRepository/src/test/java/features/IjarahFeatures/Ijarah_NEWAPP_ApplicationDetailsFEATURE.feature:85)
]]>
    </error>
  </testcase> <!-- runScenario -->
  <system-out/>
  <testcase classname="Runner.TestApplication" name="runScenario" time="144.502"/>
  <system-out/>
  <testcase classname="Runner.TestApplication" name="runScenario" time="4.683">
    <error message="Cannot invoke &quot;org.openqa.selenium.WebElement.click()&quot; because the return value of &quot;helper.JavascriptHelper.executeScriptWithWebElement(String)&quot; is null" type="java.lang.NullPointerException">
      <![CDATA[java.lang.NullPointerException: Cannot invoke "org.openqa.selenium.WebElement.click()" because the return value of "helper.JavascriptHelper.executeScriptWithWebElement(String)" is null
at stepdefinitions.IjaraLogin.loginWithIjaraApplication(IjaraLogin.java:30)
at stepdefinitions.IjaraAddressDetailsSteps.login_with_valid_credentials_data_check(IjaraAddressDetailsSteps.java:64)
at ✽.login with valid credentials-Data Check(file:///C:/Users/inindc00604/git/ULS_IjarahIjarahMain/ULS_Ijarah_MainRepository/src/test/java/features/IjarahFeatures/Ijarah_APPDATACHECK_QuationInfo.feature:60)
]]>
    </error>
  </testcase> <!-- runScenario -->
  <system-out/>
  <testcase classname="Runner.TestApplication" name="runScenario" time="51.590"/>
  <system-out/>
  <testcase classname="Runner.TestApplication" name="runScenario" time="58.198">
    <error message="javascript error: Cannot read properties of null (reading &#039;shadowRoot&#039;)
  (Session info: chrome=120.0.6099.217)
Build info: version: &#039;4.11.0&#039;, revision: &#039;040bc5406b&#039;
System info: os.name: &#039;Windows 10&#039;, os.arch: &#039;amd64&#039;, os.version: &#039;10.0&#039;, java.version: &#039;16.0.2&#039;
Driver info: org.openqa.selenium.chrome.ChromeDriver
Command: [aabf0c91e4495dfc128ebb8e2f99e5e6, executeScript {script=return document.querySelector(&#039;ion-toast&#039;).shadowRoot.querySelector(&#039;div[part=&quot;message&quot;]&#039;), args=[]}]
Capabilities {acceptInsecureCerts: false, browserName: chrome, browserVersion: 120.0.6099.217, chrome: {chromedriverVersion: 120.0.6099.109 (3419140ab66..., userDataDir: C:\Users\ININDC~1\AppData\L...}, fedcm:accounts: true, goog:chromeOptions: {debuggerAddress: localhost:58683}, networkConnectionEnabled: false, pageLoadStrategy: normal, platformName: windows, proxy: Proxy(), se:cdp: ws://localhost:58683/devtoo..., se:cdpVersion: 120.0.6099.217, setWindowRect: true, strictFileInteractability: false, timeouts: {implicit: 0, pageLoad: 300000, script: 30000}, unhandledPromptBehavior: dismiss and notify, webauthn:extension:credBlob: true, webauthn:extension:largeBlob: true, webauthn:extension:minPinLength: true, webauthn:extension:prf: true, webauthn:virtualAuthenticators: true}
Session ID: aabf0c91e4495dfc128ebb8e2f99e5e6" type="org.openqa.selenium.JavascriptException">
      <![CDATA[org.openqa.selenium.JavascriptException: javascript error: Cannot read properties of null (reading 'shadowRoot')
  (Session info: chrome=120.0.6099.217)
Build info: version: '4.11.0', revision: '040bc5406b'
System info: os.name: 'Windows 10', os.arch: 'amd64', os.version: '10.0', java.version: '16.0.2'
Driver info: org.openqa.selenium.chrome.ChromeDriver
Command: [aabf0c91e4495dfc128ebb8e2f99e5e6, executeScript {script=return document.querySelector('ion-toast').shadowRoot.querySelector('div[part="message"]'), args=[]}]
Capabilities {acceptInsecureCerts: false, browserName: chrome, browserVersion: 120.0.6099.217, chrome: {chromedriverVersion: 120.0.6099.109 (3419140ab66..., userDataDir: C:\Users\ININDC~1\AppData\L...}, fedcm:accounts: true, goog:chromeOptions: {debuggerAddress: localhost:58683}, networkConnectionEnabled: false, pageLoadStrategy: normal, platformName: windows, proxy: Proxy(), se:cdp: ws://localhost:58683/devtoo..., se:cdpVersion: 120.0.6099.217, setWindowRect: true, strictFileInteractability: false, timeouts: {implicit: 0, pageLoad: 300000, script: 30000}, unhandledPromptBehavior: dismiss and notify, webauthn:extension:credBlob: true, webauthn:extension:largeBlob: true, webauthn:extension:minPinLength: true, webauthn:extension:prf: true, webauthn:virtualAuthenticators: true}
Session ID: aabf0c91e4495dfc128ebb8e2f99e5e6
at java.base/jdk.internal.reflect.NativeConstructorAccessorImpl.newInstance0(Native Method)
at java.base/jdk.internal.reflect.NativeConstructorAccessorImpl.newInstance(NativeConstructorAccessorImpl.java:78)
at java.base/jdk.internal.reflect.DelegatingConstructorAccessorImpl.newInstance(DelegatingConstructorAccessorImpl.java:45)
at java.base/java.lang.reflect.Constructor.newInstanceWithCaller(Constructor.java:499)
at java.base/java.lang.reflect.Constructor.newInstance(Constructor.java:480)
at org.openqa.selenium.remote.codec.w3c.W3CHttpResponseCodec.createException(W3CHttpResponseCodec.java:200)
at org.openqa.selenium.remote.codec.w3c.W3CHttpResponseCodec.decode(W3CHttpResponseCodec.java:133)
at org.openqa.selenium.remote.codec.w3c.W3CHttpResponseCodec.decode(W3CHttpResponseCodec.java:52)
at org.openqa.selenium.remote.HttpCommandExecutor.execute(HttpCommandExecutor.java:191)
at org.openqa.selenium.remote.service.DriverCommandExecutor.invokeExecute(DriverCommandExecutor.java:196)
at org.openqa.selenium.remote.service.DriverCommandExecutor.execute(DriverCommandExecutor.java:171)
at org.openqa.selenium.remote.RemoteWebDriver.execute(RemoteWebDriver.java:518)
at org.openqa.selenium.remote.RemoteWebDriver.executeScript(RemoteWebDriver.java:463)
at helper.JavascriptHelper.executeScriptWithWebElement(JavascriptHelper.java:28)
at stepdefinitions.IjarahAppDataEntryIncomeDetailsList.user_post_clicking_on_save_button_system_should_display_the_confirmation_message_as_success(IjarahAppDataEntryIncomeDetailsList.java:3645)
at ✽.User_607 post clicking on save button system should display the confirmation message as Success(file:///C:/Users/inindc00604/git/ULS_IjarahIjarahMain/ULS_Ijarah_MainRepository/src/test/java/features/IjarahFeatures/Ijarah_APPDATAENTRY_CFIncome.feature:171)
]]>
    </error>
  </testcase> <!-- runScenario -->
  <system-out/>
  <testcase classname="Runner.TestApplication" name="runScenario" time="5.089">
    <error message="Cannot invoke &quot;org.openqa.selenium.WebElement.click()&quot; because the return value of &quot;helper.JavascriptHelper.executeScriptWithWebElement(String)&quot; is null" type="java.lang.NullPointerException">
      <![CDATA[java.lang.NullPointerException: Cannot invoke "org.openqa.selenium.WebElement.click()" because the return value of "helper.JavascriptHelper.executeScriptWithWebElement(String)" is null
at stepdefinitions.IjaraLogin.loginWithIjaraApplication(IjaraLogin.java:30)
at stepdefinitions.IjaraAddressDetailsSteps.login_with_valid_credentials_for_new_application_stage(IjaraAddressDetailsSteps.java:60)
at ✽.login with valid credentials for new application stage(file:///C:/Users/inindc00604/git/ULS_IjarahIjarahMain/ULS_Ijarah_MainRepository/src/test/java/features/IjarahFeatures/Ijarah_NEWAPP_ContactDetailsFEATURE.feature:109)
]]>
    </error>
  </testcase> <!-- runScenario -->
  <system-out/>
  <testcase classname="Runner.TestApplication" name="runScenario" time="39.747"/>
  <system-out/>
  <testcase classname="Runner.TestApplication" name="runScenario" time="4.625">
    <error message="Cannot invoke &quot;org.openqa.selenium.WebElement.click()&quot; because the return value of &quot;helper.JavascriptHelper.executeScriptWithWebElement(String)&quot; is null" type="java.lang.NullPointerException">
      <![CDATA[java.lang.NullPointerException: Cannot invoke "org.openqa.selenium.WebElement.click()" because the return value of "helper.JavascriptHelper.executeScriptWithWebElement(String)" is null
at stepdefinitions.IjaraLogin.loginWithIjaraApplication(IjaraLogin.java:30)
at stepdefinitions.IjaraAddressDetailsSteps.login_with_valid_credentials_for_new_application_stage(IjaraAddressDetailsSteps.java:60)
at ✽.login with valid credentials for new application stage(file:///C:/Users/inindc00604/git/ULS_IjarahIjarahMain/ULS_Ijarah_MainRepository/src/test/java/features/IjarahFeatures/Ijarah_NEWAPP_AddressDetailsFEATURE.feature:75)
]]>
    </error>
  </testcase> <!-- runScenario -->
  <system-out/>
  <testcase classname="Runner.TestApplication" name="runScenario" time="4.204">
    <error message="Cannot invoke &quot;org.openqa.selenium.WebElement.click()&quot; because the return value of &quot;helper.JavascriptHelper.executeScriptWithWebElement(String)&quot; is null" type="java.lang.NullPointerException">
      <![CDATA[java.lang.NullPointerException: Cannot invoke "org.openqa.selenium.WebElement.click()" because the return value of "helper.JavascriptHelper.executeScriptWithWebElement(String)" is null
at stepdefinitions.IjaraLogin.loginWithIjaraApplication(IjaraLogin.java:30)
at stepdefinitions.IjaraAddressDetailsSteps.login_with_valid_credentials_for_insurance_info_ijarah(IjaraAddressDetailsSteps.java:98)
at ✽.login with valid credentials for insurance info ijarah(file:///C:/Users/inindc00604/git/ULS_IjarahIjarahMain/ULS_Ijarah_MainRepository/src/test/java/features/IjarahFeatures/ijarah_APPDATAENTRY_InsuranceInfo.feature:103)
]]>
    </error>
  </testcase> <!-- runScenario -->
  <system-out/>
  <testcase classname="Runner.TestApplication" name="runScenario" time="32.252">
    <error message="Cannot invoke &quot;String.trim()&quot; because the return value of &quot;java.util.Map.get(Object)&quot; is null" type="java.lang.NullPointerException">
      <![CDATA[java.lang.NullPointerException: Cannot invoke "String.trim()" because the return value of "java.util.Map.get(Object)" is null
at stepdefinitions.AppDataEntry_LivingExpense_Steps.user_select_the_customer_name_in_under_customer_input(AppDataEntry_LivingExpense_Steps.java:307)
at ✽.user select the CustomerName in under customerInput(file:///C:/Users/inindc00604/git/ULS_IjarahIjarahMain/ULS_Ijarah_MainRepository/src/test/java/features/IjarahFeatures/Ijarah_APPDATAENTRY_LivingExpense.feature:65)
]]>
    </error>
  </testcase> <!-- runScenario -->
  <system-out/>
  <testcase classname="Runner.TestApplication" name="runScenario" time="36.788"/>
  <system-out/>
  <testcase classname="Runner.TestApplication" name="runScenario" time="46.279"/>
  <system-out/>
  <testcase classname="Runner.TestApplication" name="runScenario" time="27.429">
    <error message="Cannot invoke &quot;org.openqa.selenium.WebElement.isDisplayed()&quot; because the return value of &quot;helper.JavascriptHelper.executeScriptWithWebElement(String)&quot; is null" type="java.lang.NullPointerException">
      <![CDATA[java.lang.NullPointerException: Cannot invoke "org.openqa.selenium.WebElement.isDisplayed()" because the return value of "helper.JavascriptHelper.executeScriptWithWebElement(String)" is null
at stepdefinitions.IJARAH_Steps_615.verify_the_fields_present_on_the_page(IJARAH_Steps_615.java:1758)
at ✽.Verify the fields present on the page(file:///C:/Users/inindc00604/git/ULS_IjarahIjarahMain/ULS_Ijarah_MainRepository/src/test/java/features/IjarahFeatures/Ijarah_APPDATAENTRY_ApplicationDetails_Creation.feature:512)
]]>
    </error>
  </testcase> <!-- runScenario -->
  <system-out/>
  <testcase classname="Runner.TestApplication" name="runScenario" time="38.936">
    <error message="Expected condition failed: waiting for visibility of null (tried for 15 second(s) with 1 milliseconds interval)
Build info: version: &#039;4.11.0&#039;, revision: &#039;040bc5406b&#039;
System info: os.name: &#039;Windows 10&#039;, os.arch: &#039;amd64&#039;, os.version: &#039;10.0&#039;, java.version: &#039;16.0.2&#039;
Driver info: driver.version: unknown" type="org.openqa.selenium.TimeoutException">
      <![CDATA[org.openqa.selenium.TimeoutException: Expected condition failed: waiting for visibility of null (tried for 15 second(s) with 1 milliseconds interval)
Build info: version: '4.11.0', revision: '040bc5406b'
System info: os.name: 'Windows 10', os.arch: 'amd64', os.version: '10.0', java.version: '16.0.2'
Driver info: driver.version: unknown
at org.openqa.selenium.support.ui.FluentWait.timeoutException(FluentWait.java:262)
at org.openqa.selenium.support.ui.FluentWait.until(FluentWait.java:230)
at helper.WaitHelper.waitForElementwithFluentwait(WaitHelper.java:103)
at stepdefinitions.IJARAH_Steps_615.user_click_the_entitle_button_under_inbox(IJARAH_Steps_615.java:1549)
at ✽.User click the Entitle button under inbox(file:///C:/Users/inindc00604/git/ULS_IjarahIjarahMain/ULS_Ijarah_MainRepository/src/test/java/features/IjarahFeatures/Ijarah_OFFERING_OfferDetails1.feature:52)
Caused by: java.lang.NullPointerException
]]>
    </error>
  </testcase> <!-- runScenario -->
  <system-out/>
  <testcase classname="Runner.TestApplication" name="runScenario" time="4.797">
    <error message="Cannot invoke &quot;org.openqa.selenium.WebElement.click()&quot; because the return value of &quot;helper.JavascriptHelper.executeScriptWithWebElement(String)&quot; is null" type="java.lang.NullPointerException">
      <![CDATA[java.lang.NullPointerException: Cannot invoke "org.openqa.selenium.WebElement.click()" because the return value of "helper.JavascriptHelper.executeScriptWithWebElement(String)" is null
at stepdefinitions.IjaraLogin.loginWithIjaraApplication(IjaraLogin.java:30)
at stepdefinitions.IjaraAddressDetailsSteps.login_with_valid_credentials_data_check(IjaraAddressDetailsSteps.java:64)
at ✽.login with valid credentials-Data Check(file:///C:/Users/inindc00604/git/ULS_IjarahIjarahMain/ULS_Ijarah_MainRepository/src/test/java/features/IjarahFeatures/Ijarah_APPDATACHECK_Income.feature:75)
]]>
    </error>
  </testcase> <!-- runScenario -->
  <system-out/>
  <testcase classname="Runner.TestApplication" name="runScenario" time="4.917">
    <error message="Cannot invoke &quot;org.openqa.selenium.WebElement.click()&quot; because the return value of &quot;helper.JavascriptHelper.executeScriptWithWebElement(String)&quot; is null" type="java.lang.NullPointerException">
      <![CDATA[java.lang.NullPointerException: Cannot invoke "org.openqa.selenium.WebElement.click()" because the return value of "helper.JavascriptHelper.executeScriptWithWebElement(String)" is null
at stepdefinitions.IjaraLogin.loginWithIjaraApplication(IjaraLogin.java:30)
at stepdefinitions.IjaraAddressDetailsSteps.login_with_valid_credentials_for_new_application_stage(IjaraAddressDetailsSteps.java:60)
at ✽.login with valid credentials for new application stage(file:///C:/Users/inindc00604/git/ULS_IjarahIjarahMain/ULS_Ijarah_MainRepository/src/test/java/features/IjarahFeatures/Ijarah_NEWAPP_ContactDetailsFEATURE.feature:6)
]]>
    </error>
  </testcase> <!-- runScenario -->
  <system-out/>
  <testcase classname="Runner.TestApplication" name="runScenario" time="52.469">
    <failure message="javascript error: Cannot read properties of null (reading &#039;click&#039;)
  (Session info: chrome=120.0.6099.217)
Build info: version: &#039;4.11.0&#039;, revision: &#039;040bc5406b&#039;
System info: os.name: &#039;Windows 10&#039;, os.arch: &#039;amd64&#039;, os.version: &#039;10.0&#039;, java.version: &#039;16.0.2&#039;
Driver info: org.openqa.selenium.chrome.ChromeDriver
Command: [1efb7731bad98e5e45572c8414d5f085, executeScript {script=arguments[0].click();, args=[null]}]
Capabilities {acceptInsecureCerts: false, browserName: chrome, browserVersion: 120.0.6099.217, chrome: {chromedriverVersion: 120.0.6099.109 (3419140ab66..., userDataDir: C:\Users\ININDC~1\AppData\L...}, fedcm:accounts: true, goog:chromeOptions: {debuggerAddress: localhost:62655}, networkConnectionEnabled: false, pageLoadStrategy: normal, platformName: windows, proxy: Proxy(), se:cdp: ws://localhost:62655/devtoo..., se:cdpVersion: 120.0.6099.217, setWindowRect: true, strictFileInteractability: false, timeouts: {implicit: 0, pageLoad: 300000, script: 30000}, unhandledPromptBehavior: dismiss and notify, webauthn:extension:credBlob: true, webauthn:extension:largeBlob: true, webauthn:extension:minPinLength: true, webauthn:extension:prf: true, webauthn:virtualAuthenticators: true}
Session ID: 1efb7731bad98e5e45572c8414d5f085" type="java.lang.AssertionError">
      <![CDATA[java.lang.AssertionError: javascript error: Cannot read properties of null (reading 'click')
  (Session info: chrome=120.0.6099.217)
Build info: version: '4.11.0', revision: '040bc5406b'
System info: os.name: 'Windows 10', os.arch: 'amd64', os.version: '10.0', java.version: '16.0.2'
Driver info: org.openqa.selenium.chrome.ChromeDriver
Command: [1efb7731bad98e5e45572c8414d5f085, executeScript {script=arguments[0].click();, args=[null]}]
Capabilities {acceptInsecureCerts: false, browserName: chrome, browserVersion: 120.0.6099.217, chrome: {chromedriverVersion: 120.0.6099.109 (3419140ab66..., userDataDir: C:\Users\ININDC~1\AppData\L...}, fedcm:accounts: true, goog:chromeOptions: {debuggerAddress: localhost:62655}, networkConnectionEnabled: false, pageLoadStrategy: normal, platformName: windows, proxy: Proxy(), se:cdp: ws://localhost:62655/devtoo..., se:cdpVersion: 120.0.6099.217, setWindowRect: true, strictFileInteractability: false, timeouts: {implicit: 0, pageLoad: 300000, script: 30000}, unhandledPromptBehavior: dismiss and notify, webauthn:extension:credBlob: true, webauthn:extension:largeBlob: true, webauthn:extension:minPinLength: true, webauthn:extension:prf: true, webauthn:virtualAuthenticators: true}
Session ID: 1efb7731bad98e5e45572c8414d5f085
at org.junit.Assert.fail(Assert.java:88)
at stepdefinitions.IJARAH_Steps.user_608_click_the_entitle_button_under_inbox(IJARAH_Steps.java:400)
at ✽.User_608 click the Entitle button under inbox(file:///C:/Users/inindc00604/git/ULS_IjarahIjarahMain/ULS_Ijarah_MainRepository/src/test/java/features/IjarahFeatures/Ijarah_UNDERWRITER.feature:113)
]]>
    </failure>
  </testcase> <!-- runScenario -->
  <system-out/>
  <testcase classname="Runner.TestApplication" name="runScenario" time="5.168">
    <error message="Cannot invoke &quot;org.openqa.selenium.WebElement.click()&quot; because the return value of &quot;helper.JavascriptHelper.executeScriptWithWebElement(String)&quot; is null" type="java.lang.NullPointerException">
      <![CDATA[java.lang.NullPointerException: Cannot invoke "org.openqa.selenium.WebElement.click()" because the return value of "helper.JavascriptHelper.executeScriptWithWebElement(String)" is null
at stepdefinitions.IjaraLogin.loginWithIjaraApplication(IjaraLogin.java:30)
at stepdefinitions.IjaraAddressDetailsSteps.login_with_valid_credentials_for_insurance_info_ijarah(IjaraAddressDetailsSteps.java:98)
at ✽.login with valid credentials for insurance info ijarah(file:///C:/Users/inindc00604/git/ULS_IjarahIjarahMain/ULS_Ijarah_MainRepository/src/test/java/features/IjarahFeatures/ijarah_APPDATAENTRY_InsuranceInfo.feature:28)
]]>
    </error>
  </testcase> <!-- runScenario -->
  <system-out/>
  <testcase classname="Runner.TestApplication" name="runScenario" time="4.686">
    <error message="Cannot invoke &quot;org.openqa.selenium.WebElement.click()&quot; because the return value of &quot;helper.JavascriptHelper.executeScriptWithWebElement(String)&quot; is null" type="java.lang.NullPointerException">
      <![CDATA[java.lang.NullPointerException: Cannot invoke "org.openqa.selenium.WebElement.click()" because the return value of "helper.JavascriptHelper.executeScriptWithWebElement(String)" is null
at stepdefinitions.IjaraLogin.loginWithIjaraApplication(IjaraLogin.java:30)
at stepdefinitions.IjaraAddressDetailsSteps.login_with_valid_credentials_for_new_application_stage(IjaraAddressDetailsSteps.java:60)
at ✽.login with valid credentials for new application stage(file:///C:/Users/inindc00604/git/ULS_IjarahIjarahMain/ULS_Ijarah_MainRepository/src/test/java/features/IjarahFeatures/Ijarah_NEWAPP_CustomerDetailsFEATURE.feature:68)
]]>
    </error>
  </testcase> <!-- runScenario -->
  <system-out/>
  <testcase classname="Runner.TestApplication" name="runScenario" time="54.232">
    <error message="Expected condition failed: waiting for visibility of null (tried for 15 second(s) with 1 milliseconds interval)
Build info: version: &#039;4.11.0&#039;, revision: &#039;040bc5406b&#039;
System info: os.name: &#039;Windows 10&#039;, os.arch: &#039;amd64&#039;, os.version: &#039;10.0&#039;, java.version: &#039;16.0.2&#039;
Driver info: driver.version: unknown" type="org.openqa.selenium.TimeoutException">
      <![CDATA[org.openqa.selenium.TimeoutException: Expected condition failed: waiting for visibility of null (tried for 15 second(s) with 1 milliseconds interval)
Build info: version: '4.11.0', revision: '040bc5406b'
System info: os.name: 'Windows 10', os.arch: 'amd64', os.version: '10.0', java.version: '16.0.2'
Driver info: driver.version: unknown
at org.openqa.selenium.support.ui.FluentWait.timeoutException(FluentWait.java:262)
at org.openqa.selenium.support.ui.FluentWait.until(FluentWait.java:230)
at helper.WaitHelper.waitForElementwithFluentwait(WaitHelper.java:103)
at stepdefinitions.IJARAH_Steps_615.user_capture_the_text_of_post_update_popup(IJARAH_Steps_615.java:5442)
at ✽.user capture the text of post update popup(file:///C:/Users/inindc00604/git/ULS_IjarahIjarahMain/ULS_Ijarah_MainRepository/src/test/java/features/IjarahFeatures/Ijarah_APPDATAENTRY_CustomerDetails.feature:95)
Caused by: java.lang.NullPointerException
]]>
    </error>
  </testcase> <!-- runScenario -->
  <system-out/>
  <testcase classname="Runner.TestApplication" name="runScenario" time="53.931">
    <failure message="javascript error: Cannot read properties of null (reading &#039;click&#039;)
  (Session info: chrome=120.0.6099.217)
Build info: version: &#039;4.11.0&#039;, revision: &#039;040bc5406b&#039;
System info: os.name: &#039;Windows 10&#039;, os.arch: &#039;amd64&#039;, os.version: &#039;10.0&#039;, java.version: &#039;16.0.2&#039;
Driver info: org.openqa.selenium.chrome.ChromeDriver
Command: [82183e3d08f2e076fd9508769c814eb1, executeScript {script=arguments[0].click();, args=[null]}]
Capabilities {acceptInsecureCerts: false, browserName: chrome, browserVersion: 120.0.6099.217, chrome: {chromedriverVersion: 120.0.6099.109 (3419140ab66..., userDataDir: C:\Users\ININDC~1\AppData\L...}, fedcm:accounts: true, goog:chromeOptions: {debuggerAddress: localhost:62536}, networkConnectionEnabled: false, pageLoadStrategy: normal, platformName: windows, proxy: Proxy(), se:cdp: ws://localhost:62536/devtoo..., se:cdpVersion: 120.0.6099.217, setWindowRect: true, strictFileInteractability: false, timeouts: {implicit: 0, pageLoad: 300000, script: 30000}, unhandledPromptBehavior: dismiss and notify, webauthn:extension:credBlob: true, webauthn:extension:largeBlob: true, webauthn:extension:minPinLength: true, webauthn:extension:prf: true, webauthn:virtualAuthenticators: true}
Session ID: 82183e3d08f2e076fd9508769c814eb1" type="java.lang.AssertionError">
      <![CDATA[java.lang.AssertionError: javascript error: Cannot read properties of null (reading 'click')
  (Session info: chrome=120.0.6099.217)
Build info: version: '4.11.0', revision: '040bc5406b'
System info: os.name: 'Windows 10', os.arch: 'amd64', os.version: '10.0', java.version: '16.0.2'
Driver info: org.openqa.selenium.chrome.ChromeDriver
Command: [82183e3d08f2e076fd9508769c814eb1, executeScript {script=arguments[0].click();, args=[null]}]
Capabilities {acceptInsecureCerts: false, browserName: chrome, browserVersion: 120.0.6099.217, chrome: {chromedriverVersion: 120.0.6099.109 (3419140ab66..., userDataDir: C:\Users\ININDC~1\AppData\L...}, fedcm:accounts: true, goog:chromeOptions: {debuggerAddress: localhost:62536}, networkConnectionEnabled: false, pageLoadStrategy: normal, platformName: windows, proxy: Proxy(), se:cdp: ws://localhost:62536/devtoo..., se:cdpVersion: 120.0.6099.217, setWindowRect: true, strictFileInteractability: false, timeouts: {implicit: 0, pageLoad: 300000, script: 30000}, unhandledPromptBehavior: dismiss and notify, webauthn:extension:credBlob: true, webauthn:extension:largeBlob: true, webauthn:extension:minPinLength: true, webauthn:extension:prf: true, webauthn:virtualAuthenticators: true}
Session ID: 82183e3d08f2e076fd9508769c814eb1
at org.junit.Assert.fail(Assert.java:88)
at stepdefinitions.IJARAH_Steps.user_608_click_the_entitle_button_under_inbox(IJARAH_Steps.java:400)
at ✽.User_608 click the Entitle button under inbox(file:///C:/Users/inindc00604/git/ULS_IjarahIjarahMain/ULS_Ijarah_MainRepository/src/test/java/features/IjarahFeatures/Ijarah_UNDERWRITER.feature:15)
]]>
    </failure>
  </testcase> <!-- runScenario -->
  <system-out/>
  <testcase classname="Runner.TestApplication" name="runScenario" time="6.384">
    <error message="Cannot invoke &quot;org.openqa.selenium.WebElement.click()&quot; because the return value of &quot;helper.JavascriptHelper.executeScriptWithWebElement(String)&quot; is null" type="java.lang.NullPointerException">
      <![CDATA[java.lang.NullPointerException: Cannot invoke "org.openqa.selenium.WebElement.click()" because the return value of "helper.JavascriptHelper.executeScriptWithWebElement(String)" is null
at stepdefinitions.IjaraLogin.loginWithIjaraApplication(IjaraLogin.java:30)
at stepdefinitions.IjaraAddressDetailsSteps.login_with_valid_credentials_data_check(IjaraAddressDetailsSteps.java:64)
at ✽.login with valid credentials-Data Check(file:///C:/Users/inindc00604/git/ULS_IjarahIjarahMain/ULS_Ijarah_MainRepository/src/test/java/features/IjarahFeatures/Ijarah_APPDATACHECK_Income.feature:9)
]]>
    </error>
  </testcase> <!-- runScenario -->
  <system-out/>
  <testcase classname="Runner.TestApplication" name="runScenario" time="83.238">
    <failure message="Cannot invoke &quot;Object.toString()&quot; because the return value of &quot;helper.JavascriptHelper.executeScript(String)&quot; is null" type="java.lang.AssertionError">
      <![CDATA[java.lang.AssertionError: Cannot invoke "Object.toString()" because the return value of "helper.JavascriptHelper.executeScript(String)" is null
at org.junit.Assert.fail(Assert.java:88)
at stepdefinitions.IJARAH_Steps.user_608_validate_the_update_button_available_in_customer_debt_screen(IJARAH_Steps.java:613)
at ✽.User_608 validate the Update button available in Customer Debt screen(file:///C:/Users/inindc00604/git/ULS_IjarahIjarahMain/ULS_Ijarah_MainRepository/src/test/java/features/IjarahFeatures/Ijarah_APPDATAENTRY_CustomerDebt.feature:95)
]]>
    </failure>
  </testcase> <!-- runScenario -->
  <system-out/>
  <testcase classname="Runner.TestApplication" name="runScenario" time="59.719"/>
  <system-out/>
  <testcase classname="Runner.TestApplication" name="runScenario" time="37.972">
    <error message="javascript error: Cannot read properties of null (reading &#039;previousElementSibling&#039;)
  (Session info: chrome=120.0.6099.217)
Build info: version: &#039;4.11.0&#039;, revision: &#039;040bc5406b&#039;
System info: os.name: &#039;Windows 10&#039;, os.arch: &#039;amd64&#039;, os.version: &#039;10.0&#039;, java.version: &#039;16.0.2&#039;
Driver info: org.openqa.selenium.chrome.ChromeDriver
Command: [9b8a4cbc857ce93d570ac604f3db3f11, executeScript {script=return document.querySelector(&#039;input[id=&quot;employmentType&quot;]&#039;).previousElementSibling, args=[]}]
Capabilities {acceptInsecureCerts: false, browserName: chrome, browserVersion: 120.0.6099.217, chrome: {chromedriverVersion: 120.0.6099.109 (3419140ab66..., userDataDir: C:\Users\ININDC~1\AppData\L...}, fedcm:accounts: true, goog:chromeOptions: {debuggerAddress: localhost:58212}, networkConnectionEnabled: false, pageLoadStrategy: normal, platformName: windows, proxy: Proxy(), se:cdp: ws://localhost:58212/devtoo..., se:cdpVersion: 120.0.6099.217, setWindowRect: true, strictFileInteractability: false, timeouts: {implicit: 0, pageLoad: 300000, script: 30000}, unhandledPromptBehavior: dismiss and notify, webauthn:extension:credBlob: true, webauthn:extension:largeBlob: true, webauthn:extension:minPinLength: true, webauthn:extension:prf: true, webauthn:virtualAuthenticators: true}
Session ID: 9b8a4cbc857ce93d570ac604f3db3f11" type="org.openqa.selenium.JavascriptException">
      <![CDATA[org.openqa.selenium.JavascriptException: javascript error: Cannot read properties of null (reading 'previousElementSibling')
  (Session info: chrome=120.0.6099.217)
Build info: version: '4.11.0', revision: '040bc5406b'
System info: os.name: 'Windows 10', os.arch: 'amd64', os.version: '10.0', java.version: '16.0.2'
Driver info: org.openqa.selenium.chrome.ChromeDriver
Command: [9b8a4cbc857ce93d570ac604f3db3f11, executeScript {script=return document.querySelector('input[id="employmentType"]').previousElementSibling, args=[]}]
Capabilities {acceptInsecureCerts: false, browserName: chrome, browserVersion: 120.0.6099.217, chrome: {chromedriverVersion: 120.0.6099.109 (3419140ab66..., userDataDir: C:\Users\ININDC~1\AppData\L...}, fedcm:accounts: true, goog:chromeOptions: {debuggerAddress: localhost:58212}, networkConnectionEnabled: false, pageLoadStrategy: normal, platformName: windows, proxy: Proxy(), se:cdp: ws://localhost:58212/devtoo..., se:cdpVersion: 120.0.6099.217, setWindowRect: true, strictFileInteractability: false, timeouts: {implicit: 0, pageLoad: 300000, script: 30000}, unhandledPromptBehavior: dismiss and notify, webauthn:extension:credBlob: true, webauthn:extension:largeBlob: true, webauthn:extension:minPinLength: true, webauthn:extension:prf: true, webauthn:virtualAuthenticators: true}
Session ID: 9b8a4cbc857ce93d570ac604f3db3f11
at java.base/jdk.internal.reflect.NativeConstructorAccessorImpl.newInstance0(Native Method)
at java.base/jdk.internal.reflect.NativeConstructorAccessorImpl.newInstance(NativeConstructorAccessorImpl.java:78)
at java.base/jdk.internal.reflect.DelegatingConstructorAccessorImpl.newInstance(DelegatingConstructorAccessorImpl.java:45)
at java.base/java.lang.reflect.Constructor.newInstanceWithCaller(Constructor.java:499)
at java.base/java.lang.reflect.Constructor.newInstance(Constructor.java:480)
at org.openqa.selenium.remote.codec.w3c.W3CHttpResponseCodec.createException(W3CHttpResponseCodec.java:200)
at org.openqa.selenium.remote.codec.w3c.W3CHttpResponseCodec.decode(W3CHttpResponseCodec.java:133)
at org.openqa.selenium.remote.codec.w3c.W3CHttpResponseCodec.decode(W3CHttpResponseCodec.java:52)
at org.openqa.selenium.remote.HttpCommandExecutor.execute(HttpCommandExecutor.java:191)
at org.openqa.selenium.remote.service.DriverCommandExecutor.invokeExecute(DriverCommandExecutor.java:196)
at org.openqa.selenium.remote.service.DriverCommandExecutor.execute(DriverCommandExecutor.java:171)
at org.openqa.selenium.remote.RemoteWebDriver.execute(RemoteWebDriver.java:518)
at org.openqa.selenium.remote.RemoteWebDriver.executeScript(RemoteWebDriver.java:463)
at helper.JavascriptHelper.executeScriptWithWebElement(JavascriptHelper.java:28)
at stepdefinitions.IjarahAppDataEntryIncomeDetailsList.user_validate_employment_type_field_available_under_income_details_screen(IjarahAppDataEntryIncomeDetailsList.java:171)
at ✽.User_607 validate Employment Type field available under Income details screen(file:///C:/Users/inindc00604/git/ULS_IjarahIjarahMain/ULS_Ijarah_MainRepository/src/test/java/features/IjarahFeatures/Ijarah_APPDATAENTRY_CFIncome.feature:20)
]]>
    </error>
  </testcase> <!-- runScenario -->
  <system-out/>
  <testcase classname="Runner.TestApplication" name="runScenario" time="39.249">
    <error message="Expected condition failed: waiting for visibility of null (tried for 15 second(s) with 1 milliseconds interval)
Build info: version: &#039;4.11.0&#039;, revision: &#039;040bc5406b&#039;
System info: os.name: &#039;Windows 10&#039;, os.arch: &#039;amd64&#039;, os.version: &#039;10.0&#039;, java.version: &#039;16.0.2&#039;
Driver info: driver.version: unknown" type="org.openqa.selenium.TimeoutException">
      <![CDATA[org.openqa.selenium.TimeoutException: Expected condition failed: waiting for visibility of null (tried for 15 second(s) with 1 milliseconds interval)
Build info: version: '4.11.0', revision: '040bc5406b'
System info: os.name: 'Windows 10', os.arch: 'amd64', os.version: '10.0', java.version: '16.0.2'
Driver info: driver.version: unknown
at org.openqa.selenium.support.ui.FluentWait.timeoutException(FluentWait.java:262)
at org.openqa.selenium.support.ui.FluentWait.until(FluentWait.java:230)
at helper.WaitHelper.waitForElementwithFluentwait(WaitHelper.java:103)
at stepdefinitions.IJARAH_Steps_615.user_click_the_entitle_button_under_inbox(IJARAH_Steps_615.java:1549)
at ✽.User click the Entitle button under inbox(file:///C:/Users/inindc00604/git/ULS_IjarahIjarahMain/ULS_Ijarah_MainRepository/src/test/java/features/IjarahFeatures/Ijarah_OFFERING_OfferDetails1.feature:79)
Caused by: java.lang.NullPointerException
]]>
    </error>
  </testcase> <!-- runScenario -->
  <system-out/>
  <testcase classname="Runner.TestApplication" name="runScenario" time="27.560">
    <error message="Cannot invoke &quot;String.trim()&quot; because the return value of &quot;java.util.Map.get(Object)&quot; is null" type="java.lang.NullPointerException">
      <![CDATA[java.lang.NullPointerException: Cannot invoke "String.trim()" because the return value of "java.util.Map.get(Object)" is null
at stepdefinitions.AppDataEntry_LivingExpense_Steps.user_select_the_customer_name_in_under_customer_input(AppDataEntry_LivingExpense_Steps.java:307)
at ✽.user select the CustomerName in under customerInput(file:///C:/Users/inindc00604/git/ULS_IjarahIjarahMain/ULS_Ijarah_MainRepository/src/test/java/features/IjarahFeatures/Ijarah_APPDATAENTRY_LivingExpense.feature:142)
]]>
    </error>
  </testcase> <!-- runScenario -->
  <system-out/>
  <testcase classname="Runner.TestApplication" name="runScenario" time="28.005">
    <error message="Cannot invoke &quot;org.openqa.selenium.WebElement.isDisplayed()&quot; because the return value of &quot;helper.JavascriptHelper.executeScriptWithWebElement(String)&quot; is null" type="java.lang.NullPointerException">
      <![CDATA[java.lang.NullPointerException: Cannot invoke "org.openqa.selenium.WebElement.isDisplayed()" because the return value of "helper.JavascriptHelper.executeScriptWithWebElement(String)" is null
at stepdefinitions.IJARAH_Steps_615.verify_the_fields_present_on_the_page(IJARAH_Steps_615.java:1758)
at ✽.Verify the fields present on the page(file:///C:/Users/inindc00604/git/ULS_IjarahIjarahMain/ULS_Ijarah_MainRepository/src/test/java/features/IjarahFeatures/Ijarah_APPDATAENTRY_ApplicationDetails_Creation.feature:604)
]]>
    </error>
  </testcase> <!-- runScenario -->
  <system-out/>
  <testcase classname="Runner.TestApplication" name="runScenario" time="193.548">
    <failure message="Keys to send should be a not null CharSequence" type="java.lang.AssertionError">
      <![CDATA[java.lang.AssertionError: Keys to send should be a not null CharSequence
at org.junit.Assert.fail(Assert.java:88)
at stepdefinitions.IjaraTest.user_626_search_the_record_reference_number_in_search_text_box(IjaraTest.java:183)
at ✽.user_626 search the record reference number in search text box(file:///C:/Users/inindc00604/git/ULS_IjarahIjarahMain/ULS_Ijarah_MainRepository/src/test/java/features/IjarahFeatures/Ijarah_OFFERING_OfferDocumentDetails.feature:12)
]]>
    </failure>
  </testcase> <!-- runScenario -->
  <system-out/>
  <testcase classname="Runner.TestApplication" name="runScenario" time="43.426">
    <failure message="Cannot invoke &quot;org.openqa.selenium.WebElement.click()&quot; because the return value of &quot;helper.JavascriptHelper.executeScriptWithWebElement(String)&quot; is null" type="java.lang.AssertionError">
      <![CDATA[java.lang.AssertionError: Cannot invoke "org.openqa.selenium.WebElement.click()" because the return value of "helper.JavascriptHelper.executeScriptWithWebElement(String)" is null
at org.junit.Assert.fail(Assert.java:88)
at stepdefinitions.NewApp_CustomerReferenceListViewSteps.user_076_076_click_on_list_view_edit_button_in_customer_reference_at_new_app_stage(NewApp_CustomerReferenceListViewSteps.java:1379)
at ✽.user_076 click on list view edit button in customer reference at new app stage(file:///C:/Users/inindc00604/git/ULS_IjarahIjarahMain/ULS_Ijarah_MainRepository/src/test/java/features/IjarahFeatures/Ijarah_NEWAPP_CustomerReferenceFEATURE.feature:133)
]]>
    </failure>
  </testcase> <!-- runScenario -->
  <system-out/>
  <testcase classname="Runner.TestApplication" name="runScenario" time="50.698"/>
  <system-out/>
  <testcase classname="Runner.TestApplication" name="runScenario" time="599.808">
    <failure message="Cannot invoke &quot;org.openqa.selenium.WebElement.click()&quot; because the return value of &quot;helper.JavascriptHelper.executeScriptWithWebElement(String)&quot; is null" type="java.lang.AssertionError">
      <![CDATA[java.lang.AssertionError: Cannot invoke "org.openqa.selenium.WebElement.click()" because the return value of "helper.JavascriptHelper.executeScriptWithWebElement(String)" is null
at org.junit.Assert.fail(Assert.java:88)
at stepdefinitions.IjaraTest1.user_click_the_entitle_button_under_inbox(IjaraTest1.java:3396)
at ✽.User_6047 click the Entitle button under inbox(file:///C:/Users/inindc00604/git/ULS_IjarahIjarahMain/ULS_Ijarah_MainRepository/src/test/java/features/IjarahFeatures/Ijarah_APPDATACHECK_EmploymentDetails.feature:341)
]]>
    </failure>
  </testcase> <!-- runScenario -->
  <system-out/>
  <testcase classname="Runner.TestApplication" name="runScenario" time="582.611">
    <failure message="Cannot invoke &quot;org.openqa.selenium.WebElement.click()&quot; because the return value of &quot;helper.JavascriptHelper.executeScriptWithWebElement(String)&quot; is null" type="java.lang.AssertionError">
      <![CDATA[java.lang.AssertionError: Cannot invoke "org.openqa.selenium.WebElement.click()" because the return value of "helper.JavascriptHelper.executeScriptWithWebElement(String)" is null
at org.testng.Assert.fail(Assert.java:99)
at stepdefinitions.IJARAH_Steps_615.user_click_on_the_hamburger_menu(IJARAH_Steps_615.java:476)
at ✽.user click on the hamburger menu(file:///C:/Users/inindc00604/git/ULS_IjarahIjarahMain/ULS_Ijarah_MainRepository/src/test/java/features/IjarahFeatures/Ijarah_APPDATAENTRY_ApplicationDetails_Creation.feature:745)
]]>
    </failure>
  </testcase> <!-- runScenario -->
  <system-out/>
  <testcase classname="Runner.TestApplication" name="runScenario" time="4.556">
    <error message="Cannot invoke &quot;org.openqa.selenium.WebElement.click()&quot; because the return value of &quot;helper.JavascriptHelper.executeScriptWithWebElement(String)&quot; is null" type="java.lang.NullPointerException">
      <![CDATA[java.lang.NullPointerException: Cannot invoke "org.openqa.selenium.WebElement.click()" because the return value of "helper.JavascriptHelper.executeScriptWithWebElement(String)" is null
at stepdefinitions.IjaraLogin.loginWithIjaraApplication(IjaraLogin.java:30)
at stepdefinitions.IjaraAddressDetailsSteps.login_with_valid_credentials_contract_signing(IjaraAddressDetailsSteps.java:123)
at ✽.login with valid credentials-Contract Signing(file:///C:/Users/inindc00604/git/ULS_IjarahIjarahMain/ULS_Ijarah_MainRepository/src/test/java/features/IjarahFeatures/Ijarah_CONTRACTSIGN_ApplicationDetails1.feature:37)
]]>
    </error>
  </testcase> <!-- runScenario -->
  <system-out/>
  <testcase classname="Runner.TestApplication" name="runScenario" time="4.891">
    <error message="Cannot invoke &quot;org.openqa.selenium.WebElement.click()&quot; because the return value of &quot;helper.JavascriptHelper.executeScriptWithWebElement(String)&quot; is null" type="java.lang.NullPointerException">
      <![CDATA[java.lang.NullPointerException: Cannot invoke "org.openqa.selenium.WebElement.click()" because the return value of "helper.JavascriptHelper.executeScriptWithWebElement(String)" is null
at stepdefinitions.IjaraLogin.loginWithIjaraApplication(IjaraLogin.java:30)
at stepdefinitions.IjaraAddressDetailsSteps.login_with_valid_credentials_data_check(IjaraAddressDetailsSteps.java:64)
at ✽.login with valid credentials-Data Check(file:///C:/Users/inindc00604/git/ULS_IjarahIjarahMain/ULS_Ijarah_MainRepository/src/test/java/features/IjarahFeatures/Ijarah_APPDATACHECK_RepaymentMode.feature:41)
]]>
    </error>
  </testcase> <!-- runScenario -->
  <system-out/>
  <testcase classname="Runner.TestApplication" name="runScenario" time="42.580">
    <error message="Element must be set" type="java.lang.IllegalArgumentException">
      <![CDATA[java.lang.IllegalArgumentException: Element must be set
at org.openqa.selenium.internal.Require.nonNull(Require.java:60)
at org.openqa.selenium.interactions.WheelInput$ScrollOrigin.fromElement(WheelInput.java:146)
at org.openqa.selenium.interactions.Actions.scrollToElement(Actions.java:223)
at helper.ClicksAndActionsHelper.scrollIntoView(ClicksAndActionsHelper.java:84)
at stepdefinitions.Ijarah_NewApp_CustomerIdentificationDetailsSteps.user_076_click_on_edit_button_of_customer_identification_details_list_view_record(Ijarah_NewApp_CustomerIdentificationDetailsSteps.java:1004)
at ✽.user_076 click on edit button of customer identification details list view record(file:///C:/Users/inindc00604/git/ULS_IjarahIjarahMain/ULS_Ijarah_MainRepository/src/test/java/features/IjarahFeatures/Ijarah_NEWAPP_IdentificationDetailsFEATURE.feature:86)
]]>
    </error>
  </testcase> <!-- runScenario -->
  <system-out/>
  <testcase classname="Runner.TestApplication" name="runScenario" time="52.336">
    <failure message="javascript error: Cannot read properties of null (reading &#039;click&#039;)
  (Session info: chrome=120.0.6099.217)
Build info: version: &#039;4.11.0&#039;, revision: &#039;040bc5406b&#039;
System info: os.name: &#039;Windows 10&#039;, os.arch: &#039;amd64&#039;, os.version: &#039;10.0&#039;, java.version: &#039;16.0.2&#039;
Driver info: org.openqa.selenium.chrome.ChromeDriver
Command: [e6aa90ca4b6ed741887dcbda6487ccd5, executeScript {script=arguments[0].click();, args=[null]}]
Capabilities {acceptInsecureCerts: false, browserName: chrome, browserVersion: 120.0.6099.217, chrome: {chromedriverVersion: 120.0.6099.109 (3419140ab66..., userDataDir: C:\Users\ININDC~1\AppData\L...}, fedcm:accounts: true, goog:chromeOptions: {debuggerAddress: localhost:62730}, networkConnectionEnabled: false, pageLoadStrategy: normal, platformName: windows, proxy: Proxy(), se:cdp: ws://localhost:62730/devtoo..., se:cdpVersion: 120.0.6099.217, setWindowRect: true, strictFileInteractability: false, timeouts: {implicit: 0, pageLoad: 300000, script: 30000}, unhandledPromptBehavior: dismiss and notify, webauthn:extension:credBlob: true, webauthn:extension:largeBlob: true, webauthn:extension:minPinLength: true, webauthn:extension:prf: true, webauthn:virtualAuthenticators: true}
Session ID: e6aa90ca4b6ed741887dcbda6487ccd5" type="java.lang.AssertionError">
      <![CDATA[java.lang.AssertionError: javascript error: Cannot read properties of null (reading 'click')
  (Session info: chrome=120.0.6099.217)
Build info: version: '4.11.0', revision: '040bc5406b'
System info: os.name: 'Windows 10', os.arch: 'amd64', os.version: '10.0', java.version: '16.0.2'
Driver info: org.openqa.selenium.chrome.ChromeDriver
Command: [e6aa90ca4b6ed741887dcbda6487ccd5, executeScript {script=arguments[0].click();, args=[null]}]
Capabilities {acceptInsecureCerts: false, browserName: chrome, browserVersion: 120.0.6099.217, chrome: {chromedriverVersion: 120.0.6099.109 (3419140ab66..., userDataDir: C:\Users\ININDC~1\AppData\L...}, fedcm:accounts: true, goog:chromeOptions: {debuggerAddress: localhost:62730}, networkConnectionEnabled: false, pageLoadStrategy: normal, platformName: windows, proxy: Proxy(), se:cdp: ws://localhost:62730/devtoo..., se:cdpVersion: 120.0.6099.217, setWindowRect: true, strictFileInteractability: false, timeouts: {implicit: 0, pageLoad: 300000, script: 30000}, unhandledPromptBehavior: dismiss and notify, webauthn:extension:credBlob: true, webauthn:extension:largeBlob: true, webauthn:extension:minPinLength: true, webauthn:extension:prf: true, webauthn:virtualAuthenticators: true}
Session ID: e6aa90ca4b6ed741887dcbda6487ccd5
at org.junit.Assert.fail(Assert.java:88)
at stepdefinitions.IJARAH_Steps.user_608_click_the_entitle_button_under_inbox(IJARAH_Steps.java:400)
at ✽.User_608 click the Entitle button under inbox(file:///C:/Users/inindc00604/git/ULS_IjarahIjarahMain/ULS_Ijarah_MainRepository/src/test/java/features/IjarahFeatures/Ijarah_UNDERWRITER.feature:154)
]]>
    </failure>
  </testcase> <!-- runScenario -->
  <system-out/>
  <testcase classname="Runner.TestApplication" name="runScenario" time="4.644">
    <error message="Cannot invoke &quot;org.openqa.selenium.WebElement.click()&quot; because the return value of &quot;helper.JavascriptHelper.executeScriptWithWebElement(String)&quot; is null" type="java.lang.NullPointerException">
      <![CDATA[java.lang.NullPointerException: Cannot invoke "org.openqa.selenium.WebElement.click()" because the return value of "helper.JavascriptHelper.executeScriptWithWebElement(String)" is null
at stepdefinitions.IjaraLogin.loginWithIjaraApplication(IjaraLogin.java:30)
at stepdefinitions.IjaraAddressDetailsSteps.login_with_valid_credentials_for_new_application_stage(IjaraAddressDetailsSteps.java:60)
at ✽.login with valid credentials for new application stage(file:///C:/Users/inindc00604/git/ULS_IjarahIjarahMain/ULS_Ijarah_MainRepository/src/test/java/features/IjarahFeatures/Ijarah_NEWAPP_ContactDetailsFEATURE.feature:81)
]]>
    </error>
  </testcase> <!-- runScenario -->
  <system-out/>
  <testcase classname="Runner.TestApplication" name="runScenario" time="3266.956">
    <failure message="element click intercepted: Element &lt;ion-select _ngcontent-lku-c220=&quot;&quot; class=&quot;w-full ng-valid ios in-item hydrated ng-dirty ng-touched ion-valid ion-dirty ion-touched&quot; ng-reflect-ok-text=&quot;OK&quot; ng-reflect-cancel-text=&quot;CANCEL&quot; ng-reflect-placeholder=&quot;Select&quot; ng-reflect-interface=&quot;popover&quot; ng-reflect-multiple=&quot;false&quot; ng-reflect-disabled=&quot;false&quot; ng-reflect-is-disabled=&quot;false&quot; role=&quot;button&quot; aria-haspopup=&quot;listbox&quot; aria-label=&quot; CASH RENTAL INCOME &quot; ng-reflect-model=&quot;98319381&quot;&gt;...&lt;/ion-select&gt; is not clickable at point (242, 361). Other element would receive the click: &lt;ion-popover class=&quot;select-popover ios popover-desktop popover-side-bottom hydrated&quot; id=&quot;ion-overlay-9&quot; aria-modal=&quot;true&quot; no-router=&quot;&quot; tabindex=&quot;-1&quot; style=&quot;z-index: 20009;&quot;&gt;...&lt;/ion-popover&gt;
  (Session info: chrome=120.0.6099.217)
Build info: version: &#039;4.11.0&#039;, revision: &#039;040bc5406b&#039;
System info: os.name: &#039;Windows 10&#039;, os.arch: &#039;amd64&#039;, os.version: &#039;10.0&#039;, java.version: &#039;16.0.2&#039;
Driver info: org.openqa.selenium.chrome.ChromeDriver
Command: [b814e859be0634ec8d95566d46beaafa, clickElement {id=6626766F1029B7B3BB6E604BE1256ADE_element_163}]
Capabilities {acceptInsecureCerts: false, browserName: chrome, browserVersion: 120.0.6099.217, chrome: {chromedriverVersion: 120.0.6099.109 (3419140ab66..., userDataDir: C:\Users\ININDC~1\AppData\L...}, fedcm:accounts: true, goog:chromeOptions: {debuggerAddress: localhost:58249}, networkConnectionEnabled: false, pageLoadStrategy: normal, platformName: windows, proxy: Proxy(), se:cdp: ws://localhost:58249/devtoo..., se:cdpVersion: 120.0.6099.217, setWindowRect: true, strictFileInteractability: false, timeouts: {implicit: 0, pageLoad: 300000, script: 30000}, unhandledPromptBehavior: dismiss and notify, webauthn:extension:credBlob: true, webauthn:extension:largeBlob: true, webauthn:extension:minPinLength: true, webauthn:extension:prf: true, webauthn:virtualAuthenticators: true}
Element: [org.openqa.selenium.remote.RemoteWebElement@349fd09d -&gt; unknown locator]
Session ID: b814e859be0634ec8d95566d46beaafa" type="java.lang.AssertionError">
      <![CDATA[java.lang.AssertionError: element click intercepted: Element <ion-select _ngcontent-lku-c220="" class="w-full ng-valid ios in-item hydrated ng-dirty ng-touched ion-valid ion-dirty ion-touched" ng-reflect-ok-text="OK" ng-reflect-cancel-text="CANCEL" ng-reflect-placeholder="Select" ng-reflect-interface="popover" ng-reflect-multiple="false" ng-reflect-disabled="false" ng-reflect-is-disabled="false" role="button" aria-haspopup="listbox" aria-label=" CASH RENTAL INCOME " ng-reflect-model="98319381">...</ion-select> is not clickable at point (242, 361). Other element would receive the click: <ion-popover class="select-popover ios popover-desktop popover-side-bottom hydrated" id="ion-overlay-9" aria-modal="true" no-router="" tabindex="-1" style="z-index: 20009;">...</ion-popover>
  (Session info: chrome=120.0.6099.217)
Build info: version: '4.11.0', revision: '040bc5406b'
System info: os.name: 'Windows 10', os.arch: 'amd64', os.version: '10.0', java.version: '16.0.2'
Driver info: org.openqa.selenium.chrome.ChromeDriver
Command: [b814e859be0634ec8d95566d46beaafa, clickElement {id=6626766F1029B7B3BB6E604BE1256ADE_element_163}]
Capabilities {acceptInsecureCerts: false, browserName: chrome, browserVersion: 120.0.6099.217, chrome: {chromedriverVersion: 120.0.6099.109 (3419140ab66..., userDataDir: C:\Users\ININDC~1\AppData\L...}, fedcm:accounts: true, goog:chromeOptions: {debuggerAddress: localhost:58249}, networkConnectionEnabled: false, pageLoadStrategy: normal, platformName: windows, proxy: Proxy(), se:cdp: ws://localhost:58249/devtoo..., se:cdpVersion: 120.0.6099.217, setWindowRect: true, strictFileInteractability: false, timeouts: {implicit: 0, pageLoad: 300000, script: 30000}, unhandledPromptBehavior: dismiss and notify, webauthn:extension:credBlob: true, webauthn:extension:largeBlob: true, webauthn:extension:minPinLength: true, webauthn:extension:prf: true, webauthn:virtualAuthenticators: true}
Element: [org.openqa.selenium.remote.RemoteWebElement@349fd09d -> unknown locator]
Session ID: b814e859be0634ec8d95566d46beaafa
at org.testng.Assert.fail(Assert.java:99)
at stepdefinitions.IjarahAppDataEntryIncomeDetailsList.user_select_the_deduction_option_under_income_screen_in_customer_financials_tab(IjarahAppDataEntryIncomeDetailsList.java:2194)
at ✽.User_607 select the Deduction option under Income screen in Customer Financials tab(file:///C:/Users/inindc00604/git/ULS_IjarahIjarahMain/ULS_Ijarah_MainRepository/src/test/java/features/IjarahFeatures/Ijarah_APPDATAENTRY_CFIncome.feature:74)
]]>
    </failure>
  </testcase> <!-- runScenario -->
  <system-out/>
  <testcase classname="Runner.TestApplication" name="runScenario" time="53.053">
    <failure message="javascript error: Cannot read properties of null (reading &#039;click&#039;)
  (Session info: chrome=120.0.6099.217)
Build info: version: &#039;4.11.0&#039;, revision: &#039;040bc5406b&#039;
System info: os.name: &#039;Windows 10&#039;, os.arch: &#039;amd64&#039;, os.version: &#039;10.0&#039;, java.version: &#039;16.0.2&#039;
Driver info: org.openqa.selenium.chrome.ChromeDriver
Command: [68622c9cbc3c1aa78a62c44ed90d3ad3, executeScript {script=arguments[0].click();, args=[null]}]
Capabilities {acceptInsecureCerts: false, browserName: chrome, browserVersion: 120.0.6099.217, chrome: {chromedriverVersion: 120.0.6099.109 (3419140ab66..., userDataDir: C:\Users\ININDC~1\AppData\L...}, fedcm:accounts: true, goog:chromeOptions: {debuggerAddress: localhost:62692}, networkConnectionEnabled: false, pageLoadStrategy: normal, platformName: windows, proxy: Proxy(), se:cdp: ws://localhost:62692/devtoo..., se:cdpVersion: 120.0.6099.217, setWindowRect: true, strictFileInteractability: false, timeouts: {implicit: 0, pageLoad: 300000, script: 30000}, unhandledPromptBehavior: dismiss and notify, webauthn:extension:credBlob: true, webauthn:extension:largeBlob: true, webauthn:extension:minPinLength: true, webauthn:extension:prf: true, webauthn:virtualAuthenticators: true}
Session ID: 68622c9cbc3c1aa78a62c44ed90d3ad3" type="java.lang.AssertionError">
      <![CDATA[java.lang.AssertionError: javascript error: Cannot read properties of null (reading 'click')
  (Session info: chrome=120.0.6099.217)
Build info: version: '4.11.0', revision: '040bc5406b'
System info: os.name: 'Windows 10', os.arch: 'amd64', os.version: '10.0', java.version: '16.0.2'
Driver info: org.openqa.selenium.chrome.ChromeDriver
Command: [68622c9cbc3c1aa78a62c44ed90d3ad3, executeScript {script=arguments[0].click();, args=[null]}]
Capabilities {acceptInsecureCerts: false, browserName: chrome, browserVersion: 120.0.6099.217, chrome: {chromedriverVersion: 120.0.6099.109 (3419140ab66..., userDataDir: C:\Users\ININDC~1\AppData\L...}, fedcm:accounts: true, goog:chromeOptions: {debuggerAddress: localhost:62692}, networkConnectionEnabled: false, pageLoadStrategy: normal, platformName: windows, proxy: Proxy(), se:cdp: ws://localhost:62692/devtoo..., se:cdpVersion: 120.0.6099.217, setWindowRect: true, strictFileInteractability: false, timeouts: {implicit: 0, pageLoad: 300000, script: 30000}, unhandledPromptBehavior: dismiss and notify, webauthn:extension:credBlob: true, webauthn:extension:largeBlob: true, webauthn:extension:minPinLength: true, webauthn:extension:prf: true, webauthn:virtualAuthenticators: true}
Session ID: 68622c9cbc3c1aa78a62c44ed90d3ad3
at org.junit.Assert.fail(Assert.java:88)
at stepdefinitions.IJARAH_Steps.user_608_click_the_entitle_button_under_inbox(IJARAH_Steps.java:400)
at ✽.User_608 click the Entitle button under inbox(file:///C:/Users/inindc00604/git/ULS_IjarahIjarahMain/ULS_Ijarah_MainRepository/src/test/java/features/IjarahFeatures/Ijarah_UNDERWRITER.feature:136)
]]>
    </failure>
  </testcase> <!-- runScenario -->
  <system-out/>
  <testcase classname="Runner.TestApplication" name="runScenario" time="5.140">
    <error message="Cannot invoke &quot;org.openqa.selenium.WebElement.click()&quot; because the return value of &quot;helper.JavascriptHelper.executeScriptWithWebElement(String)&quot; is null" type="java.lang.NullPointerException">
      <![CDATA[java.lang.NullPointerException: Cannot invoke "org.openqa.selenium.WebElement.click()" because the return value of "helper.JavascriptHelper.executeScriptWithWebElement(String)" is null
at stepdefinitions.IjaraLogin.loginWithIjaraApplication(IjaraLogin.java:30)
at stepdefinitions.IjaraAddressDetailsSteps.login_with_valid_credentials07(IjaraAddressDetailsSteps.java:76)
at ✽.login with valid credentials07(file:///C:/Users/inindc00604/git/ULS_IjarahIjarahMain/ULS_Ijarah_MainRepository/src/test/java/features/IjarahFeatures/Ijarah_CUSTOMERSEARCH.feature:8)
]]>
    </error>
  </testcase> <!-- runScenario -->
  <system-out/>
  <testcase classname="Runner.TestApplication" name="runScenario" time="5.084">
    <error message="Cannot invoke &quot;org.openqa.selenium.WebElement.click()&quot; because the return value of &quot;helper.JavascriptHelper.executeScriptWithWebElement(String)&quot; is null" type="java.lang.NullPointerException">
      <![CDATA[java.lang.NullPointerException: Cannot invoke "org.openqa.selenium.WebElement.click()" because the return value of "helper.JavascriptHelper.executeScriptWithWebElement(String)" is null
at stepdefinitions.IjaraLogin.loginWithIjaraApplication(IjaraLogin.java:30)
at stepdefinitions.IjaraAddressDetailsSteps.login_with_valid_credentials_for_new_application_stage(IjaraAddressDetailsSteps.java:60)
at ✽.login with valid credentials for new application stage(file:///C:/Users/inindc00604/git/ULS_IjarahIjarahMain/ULS_Ijarah_MainRepository/src/test/java/features/IjarahFeatures/Ijarah_NEWAPP_AddressDetailsFEATURE.feature:147)
]]>
    </error>
  </testcase> <!-- runScenario -->
  <system-out/>
  <testcase classname="Runner.TestApplication" name="runScenario" time="3.966">
    <error message="Cannot invoke &quot;org.openqa.selenium.WebElement.click()&quot; because the return value of &quot;helper.JavascriptHelper.executeScriptWithWebElement(String)&quot; is null" type="java.lang.NullPointerException">
      <![CDATA[java.lang.NullPointerException: Cannot invoke "org.openqa.selenium.WebElement.click()" because the return value of "helper.JavascriptHelper.executeScriptWithWebElement(String)" is null
at stepdefinitions.IjaraLogin.loginWithIjaraApplication(IjaraLogin.java:30)
at stepdefinitions.IjaraAddressDetailsSteps.login_with_valid_credentials_for_insurance_info_ijarah(IjaraAddressDetailsSteps.java:98)
at ✽.login with valid credentials for insurance info ijarah(file:///C:/Users/inindc00604/git/ULS_IjarahIjarahMain/ULS_Ijarah_MainRepository/src/test/java/features/IjarahFeatures/ijarah_APPDATAENTRY_InsuranceInfo.feature:85)
]]>
    </error>
  </testcase> <!-- runScenario -->
  <system-out/>
  <testcase classname="Runner.TestApplication" name="runScenario" time="4.694">
    <error message="Cannot invoke &quot;org.openqa.selenium.WebElement.click()&quot; because the return value of &quot;helper.JavascriptHelper.executeScriptWithWebElement(String)&quot; is null" type="java.lang.NullPointerException">
      <![CDATA[java.lang.NullPointerException: Cannot invoke "org.openqa.selenium.WebElement.click()" because the return value of "helper.JavascriptHelper.executeScriptWithWebElement(String)" is null
at stepdefinitions.IjaraLogin.loginWithIjaraApplication(IjaraLogin.java:30)
at stepdefinitions.IjaraAddressDetailsSteps.login_with_valid_credentials_for_new_application_stage(IjaraAddressDetailsSteps.java:60)
at ✽.login with valid credentials for new application stage(file:///C:/Users/inindc00604/git/ULS_IjarahIjarahMain/ULS_Ijarah_MainRepository/src/test/java/features/IjarahFeatures/Ijarah_APPDATAENTRY_ApplicationDetails_Creation.feature:289)
]]>
    </error>
  </testcase> <!-- runScenario -->
  <system-out/>
  <testcase classname="Runner.TestApplication" name="runScenario" time="125.848">
    <failure message="javascript error: Cannot read properties of null (reading &#039;scrollIntoView&#039;)
  (Session info: chrome=120.0.6099.217)
Build info: version: &#039;4.11.0&#039;, revision: &#039;040bc5406b&#039;
System info: os.name: &#039;Windows 10&#039;, os.arch: &#039;amd64&#039;, os.version: &#039;10.0&#039;, java.version: &#039;16.0.2&#039;
Driver info: org.openqa.selenium.chrome.ChromeDriver
Command: [5ea09afa9d8a778921c66a4aa4d0f5ea, executeScript {script=arguments[0].scrollIntoView(), args=[null]}]
Capabilities {acceptInsecureCerts: false, browserName: chrome, browserVersion: 120.0.6099.217, chrome: {chromedriverVersion: 120.0.6099.109 (3419140ab66..., userDataDir: C:\Users\ININDC~1\AppData\L...}, fedcm:accounts: true, goog:chromeOptions: {debuggerAddress: localhost:62404}, networkConnectionEnabled: false, pageLoadStrategy: normal, platformName: windows, proxy: Proxy(), se:cdp: ws://localhost:62404/devtoo..., se:cdpVersion: 120.0.6099.217, setWindowRect: true, strictFileInteractability: false, timeouts: {implicit: 0, pageLoad: 300000, script: 30000}, unhandledPromptBehavior: dismiss and notify, webauthn:extension:credBlob: true, webauthn:extension:largeBlob: true, webauthn:extension:minPinLength: true, webauthn:extension:prf: true, webauthn:virtualAuthenticators: true}
Session ID: 5ea09afa9d8a778921c66a4aa4d0f5ea" type="java.lang.AssertionError">
      <![CDATA[java.lang.AssertionError: javascript error: Cannot read properties of null (reading 'scrollIntoView')
  (Session info: chrome=120.0.6099.217)
Build info: version: '4.11.0', revision: '040bc5406b'
System info: os.name: 'Windows 10', os.arch: 'amd64', os.version: '10.0', java.version: '16.0.2'
Driver info: org.openqa.selenium.chrome.ChromeDriver
Command: [5ea09afa9d8a778921c66a4aa4d0f5ea, executeScript {script=arguments[0].scrollIntoView(), args=[null]}]
Capabilities {acceptInsecureCerts: false, browserName: chrome, browserVersion: 120.0.6099.217, chrome: {chromedriverVersion: 120.0.6099.109 (3419140ab66..., userDataDir: C:\Users\ININDC~1\AppData\L...}, fedcm:accounts: true, goog:chromeOptions: {debuggerAddress: localhost:62404}, networkConnectionEnabled: false, pageLoadStrategy: normal, platformName: windows, proxy: Proxy(), se:cdp: ws://localhost:62404/devtoo..., se:cdpVersion: 120.0.6099.217, setWindowRect: true, strictFileInteractability: false, timeouts: {implicit: 0, pageLoad: 300000, script: 30000}, unhandledPromptBehavior: dismiss and notify, webauthn:extension:credBlob: true, webauthn:extension:largeBlob: true, webauthn:extension:minPinLength: true, webauthn:extension:prf: true, webauthn:virtualAuthenticators: true}
Session ID: 5ea09afa9d8a778921c66a4aa4d0f5ea
at org.junit.Assert.fail(Assert.java:88)
at stepdefinitions.IJARAH_Steps.user_608_verify_the_credit_risk_factor_section_available_under_offer_details_tab(IJARAH_Steps.java:8089)
at ✽.User_608 verify the Credit Risk Factor section available under Offer Details tab(file:///C:/Users/inindc00604/git/ULS_IjarahIjarahMain/ULS_Ijarah_MainRepository/src/test/java/features/IjarahFeatures/Ijarah_OFFERING_offerDetails.feature:92)
]]>
    </failure>
  </testcase> <!-- runScenario -->
  <system-out/>
  <testcase classname="Runner.TestApplication" name="runScenario" time="35.754">
    <error message="Element must be set" type="java.lang.IllegalArgumentException">
      <![CDATA[java.lang.IllegalArgumentException: Element must be set
at org.openqa.selenium.internal.Require.nonNull(Require.java:60)
at org.openqa.selenium.interactions.WheelInput$ScrollOrigin.fromElement(WheelInput.java:146)
at org.openqa.selenium.interactions.Actions.scrollToElement(Actions.java:223)
at helper.ClicksAndActionsHelper.scrollIntoView(ClicksAndActionsHelper.java:84)
at stepdefinitions.Ijarah_NewApp_CustomerIdentificationDetailsSteps.user_076_click_on_edit_button_of_customer_identification_details_list_view_record(Ijarah_NewApp_CustomerIdentificationDetailsSteps.java:1004)
at ✽.user_076 click on edit button of customer identification details list view record(file:///C:/Users/inindc00604/git/ULS_IjarahIjarahMain/ULS_Ijarah_MainRepository/src/test/java/features/IjarahFeatures/Ijarah_NEWAPP_IdentificationDetailsFEATURE.feature:64)
]]>
    </error>
  </testcase> <!-- runScenario -->
  <system-out/>
  <testcase classname="Runner.TestApplication" name="runScenario" time="5.266">
    <error message="Cannot invoke &quot;org.openqa.selenium.WebElement.click()&quot; because the return value of &quot;helper.JavascriptHelper.executeScriptWithWebElement(String)&quot; is null" type="java.lang.NullPointerException">
      <![CDATA[java.lang.NullPointerException: Cannot invoke "org.openqa.selenium.WebElement.click()" because the return value of "helper.JavascriptHelper.executeScriptWithWebElement(String)" is null
at stepdefinitions.IjaraLogin.loginWithIjaraApplication(IjaraLogin.java:30)
at stepdefinitions.IjaraAddressDetailsSteps.login_with_valid_credentials_for_new_application_stage(IjaraAddressDetailsSteps.java:60)
at ✽.login with valid credentials for new application stage(file:///C:/Users/inindc00604/git/ULS_IjarahIjarahMain/ULS_Ijarah_MainRepository/src/test/java/features/IjarahFeatures/Ijarah_NEWAPP_CustomerReferenceFEATURE.feature:5)
]]>
    </error>
  </testcase> <!-- runScenario -->
  <system-out/>
  <testcase classname="Runner.TestApplication" name="runScenario" time="516.344">
    <failure message="element click intercepted: Element &lt;ion-select _ngcontent-xgl-c224=&quot;&quot; interface=&quot;popover&quot; mode=&quot;ios&quot; value=&quot;mod&quot; tooltipposition=&quot;bottom&quot; class=&quot;p-element ng-untouched ng-pristine ion-untouched ion-pristine ios in-item select-disabled hydrated&quot; ng-reflect-interface=&quot;popover&quot; ng-reflect-mode=&quot;ios&quot; ng-reflect-value=&quot;mod&quot; ng-reflect-tooltip-position=&quot;bottom&quot; ng-reflect-text=&quot;Module name&quot; ng-reflect-disabled=&quot;true&quot; ng-reflect-is-disabled=&quot;true&quot; ng-reflect-model=&quot;0&quot; role=&quot;button&quot; aria-haspopup=&quot;listbox&quot; aria-disabled=&quot;true&quot; aria-label=&quot;No Module Mapped&quot;&gt;...&lt;/ion-select&gt; is not clickable at point (1701, 29). Other element would receive the click: &lt;ion-list _ngcontent-xgl-c224=&quot;&quot; class=&quot;p-0 md list-md hydrated&quot; ng-reflect-dir=&quot;ltr&quot; dir=&quot;ltr&quot; role=&quot;list&quot;&gt;...&lt;/ion-list&gt;
  (Session info: chrome=120.0.6099.217)
Build info: version: &#039;4.11.0&#039;, revision: &#039;040bc5406b&#039;
System info: os.name: &#039;Windows 10&#039;, os.arch: &#039;amd64&#039;, os.version: &#039;10.0&#039;, java.version: &#039;16.0.2&#039;
Driver info: org.openqa.selenium.chrome.ChromeDriver
Command: [5ac13e155a3c038a647cdce1b4aae5ee, clickElement {id=83A375B44275D1D385325F711EE1D2DF_element_24}]
Capabilities {acceptInsecureCerts: false, browserName: chrome, browserVersion: 120.0.6099.217, chrome: {chromedriverVersion: 120.0.6099.109 (3419140ab66..., userDataDir: C:\Users\ININDC~1\AppData\L...}, fedcm:accounts: true, goog:chromeOptions: {debuggerAddress: localhost:54770}, networkConnectionEnabled: false, pageLoadStrategy: normal, platformName: windows, proxy: Proxy(), se:cdp: ws://localhost:54770/devtoo..., se:cdpVersion: 120.0.6099.217, setWindowRect: true, strictFileInteractability: false, timeouts: {implicit: 0, pageLoad: 300000, script: 30000}, unhandledPromptBehavior: dismiss and notify, webauthn:extension:credBlob: true, webauthn:extension:largeBlob: true, webauthn:extension:minPinLength: true, webauthn:extension:prf: true, webauthn:virtualAuthenticators: true}
Element: [org.openqa.selenium.remote.RemoteWebElement@24fbeb18 -&gt; unknown locator]
Session ID: 5ac13e155a3c038a647cdce1b4aae5ee" type="java.lang.AssertionError">
      <![CDATA[java.lang.AssertionError: element click intercepted: Element <ion-select _ngcontent-xgl-c224="" interface="popover" mode="ios" value="mod" tooltipposition="bottom" class="p-element ng-untouched ng-pristine ion-untouched ion-pristine ios in-item select-disabled hydrated" ng-reflect-interface="popover" ng-reflect-mode="ios" ng-reflect-value="mod" ng-reflect-tooltip-position="bottom" ng-reflect-text="Module name" ng-reflect-disabled="true" ng-reflect-is-disabled="true" ng-reflect-model="0" role="button" aria-haspopup="listbox" aria-disabled="true" aria-label="No Module Mapped">...</ion-select> is not clickable at point (1701, 29). Other element would receive the click: <ion-list _ngcontent-xgl-c224="" class="p-0 md list-md hydrated" ng-reflect-dir="ltr" dir="ltr" role="list">...</ion-list>
  (Session info: chrome=120.0.6099.217)
Build info: version: '4.11.0', revision: '040bc5406b'
System info: os.name: 'Windows 10', os.arch: 'amd64', os.version: '10.0', java.version: '16.0.2'
Driver info: org.openqa.selenium.chrome.ChromeDriver
Command: [5ac13e155a3c038a647cdce1b4aae5ee, clickElement {id=83A375B44275D1D385325F711EE1D2DF_element_24}]
Capabilities {acceptInsecureCerts: false, browserName: chrome, browserVersion: 120.0.6099.217, chrome: {chromedriverVersion: 120.0.6099.109 (3419140ab66..., userDataDir: C:\Users\ININDC~1\AppData\L...}, fedcm:accounts: true, goog:chromeOptions: {debuggerAddress: localhost:54770}, networkConnectionEnabled: false, pageLoadStrategy: normal, platformName: windows, proxy: Proxy(), se:cdp: ws://localhost:54770/devtoo..., se:cdpVersion: 120.0.6099.217, setWindowRect: true, strictFileInteractability: false, timeouts: {implicit: 0, pageLoad: 300000, script: 30000}, unhandledPromptBehavior: dismiss and notify, webauthn:extension:credBlob: true, webauthn:extension:largeBlob: true, webauthn:extension:minPinLength: true, webauthn:extension:prf: true, webauthn:virtualAuthenticators: true}
Element: [org.openqa.selenium.remote.RemoteWebElement@24fbeb18 -> unknown locator]
Session ID: 5ac13e155a3c038a647cdce1b4aae5ee
at org.junit.Assert.fail(Assert.java:88)
at stepdefinitions.IjaraTest.user_626_click_on_module_dropdown_in_ijrarah(IjaraTest.java:77)
at ✽.user_626 click on module dropdown in IJRARAH(file:///C:/Users/inindc00604/git/ULS_IjarahIjarahMain/ULS_Ijarah_MainRepository/src/test/java/features/IjarahFeatures/Ijarah_APPDATACHECK_AddressDetails.feature:46)
]]>
    </failure>
  </testcase> <!-- runScenario -->
  <system-out/>
  <testcase classname="Runner.TestApplication" name="runScenario" time="46.194"/>
  <system-out/>
  <testcase classname="Runner.TestApplication" name="runScenario" time="182.766">
    <failure message="element click intercepted: Element &lt;ion-select _ngcontent-jml-c224=&quot;&quot; interface=&quot;popover&quot; mode=&quot;ios&quot; value=&quot;mod&quot; tooltipposition=&quot;bottom&quot; class=&quot;p-element ng-untouched ng-pristine ios in-item select-disabled hydrated ion-untouched ion-pristine&quot; ng-reflect-interface=&quot;popover&quot; ng-reflect-mode=&quot;ios&quot; ng-reflect-value=&quot;mod&quot; ng-reflect-tooltip-position=&quot;bottom&quot; ng-reflect-text=&quot;Module name&quot; ng-reflect-disabled=&quot;true&quot; ng-reflect-is-disabled=&quot;true&quot; ng-reflect-model=&quot;0&quot; role=&quot;button&quot; aria-haspopup=&quot;listbox&quot; aria-disabled=&quot;true&quot; aria-label=&quot;No Module Mapped&quot;&gt;...&lt;/ion-select&gt; is not clickable at point (1701, 29). Other element would receive the click: &lt;ion-list _ngcontent-jml-c224=&quot;&quot; class=&quot;p-0 md list-md hydrated&quot; ng-reflect-dir=&quot;ltr&quot; dir=&quot;ltr&quot; role=&quot;list&quot;&gt;...&lt;/ion-list&gt;
  (Session info: chrome=120.0.6099.217)
Build info: version: &#039;4.11.0&#039;, revision: &#039;040bc5406b&#039;
System info: os.name: &#039;Windows 10&#039;, os.arch: &#039;amd64&#039;, os.version: &#039;10.0&#039;, java.version: &#039;16.0.2&#039;
Driver info: org.openqa.selenium.chrome.ChromeDriver
Command: [691a35b4c4ecfd831f1250503997bce8, clickElement {id=D81F7539723ED12FEFFB3E4D1EE91F33_element_26}]
Capabilities {acceptInsecureCerts: false, browserName: chrome, browserVersion: 120.0.6099.217, chrome: {chromedriverVersion: 120.0.6099.109 (3419140ab66..., userDataDir: C:\Users\ININDC~1\AppData\L...}, fedcm:accounts: true, goog:chromeOptions: {debuggerAddress: localhost:58166}, networkConnectionEnabled: false, pageLoadStrategy: normal, platformName: windows, proxy: Proxy(), se:cdp: ws://localhost:58166/devtoo..., se:cdpVersion: 120.0.6099.217, setWindowRect: true, strictFileInteractability: false, timeouts: {implicit: 0, pageLoad: 300000, script: 30000}, unhandledPromptBehavior: dismiss and notify, webauthn:extension:credBlob: true, webauthn:extension:largeBlob: true, webauthn:extension:minPinLength: true, webauthn:extension:prf: true, webauthn:virtualAuthenticators: true}
Element: [org.openqa.selenium.remote.RemoteWebElement@b2fa0aef -&gt; unknown locator]
Session ID: 691a35b4c4ecfd831f1250503997bce8" type="java.lang.AssertionError">
      <![CDATA[java.lang.AssertionError: element click intercepted: Element <ion-select _ngcontent-jml-c224="" interface="popover" mode="ios" value="mod" tooltipposition="bottom" class="p-element ng-untouched ng-pristine ios in-item select-disabled hydrated ion-untouched ion-pristine" ng-reflect-interface="popover" ng-reflect-mode="ios" ng-reflect-value="mod" ng-reflect-tooltip-position="bottom" ng-reflect-text="Module name" ng-reflect-disabled="true" ng-reflect-is-disabled="true" ng-reflect-model="0" role="button" aria-haspopup="listbox" aria-disabled="true" aria-label="No Module Mapped">...</ion-select> is not clickable at point (1701, 29). Other element would receive the click: <ion-list _ngcontent-jml-c224="" class="p-0 md list-md hydrated" ng-reflect-dir="ltr" dir="ltr" role="list">...</ion-list>
  (Session info: chrome=120.0.6099.217)
Build info: version: '4.11.0', revision: '040bc5406b'
System info: os.name: 'Windows 10', os.arch: 'amd64', os.version: '10.0', java.version: '16.0.2'
Driver info: org.openqa.selenium.chrome.ChromeDriver
Command: [691a35b4c4ecfd831f1250503997bce8, clickElement {id=D81F7539723ED12FEFFB3E4D1EE91F33_element_26}]
Capabilities {acceptInsecureCerts: false, browserName: chrome, browserVersion: 120.0.6099.217, chrome: {chromedriverVersion: 120.0.6099.109 (3419140ab66..., userDataDir: C:\Users\ININDC~1\AppData\L...}, fedcm:accounts: true, goog:chromeOptions: {debuggerAddress: localhost:58166}, networkConnectionEnabled: false, pageLoadStrategy: normal, platformName: windows, proxy: Proxy(), se:cdp: ws://localhost:58166/devtoo..., se:cdpVersion: 120.0.6099.217, setWindowRect: true, strictFileInteractability: false, timeouts: {implicit: 0, pageLoad: 300000, script: 30000}, unhandledPromptBehavior: dismiss and notify, webauthn:extension:credBlob: true, webauthn:extension:largeBlob: true, webauthn:extension:minPinLength: true, webauthn:extension:prf: true, webauthn:virtualAuthenticators: true}
Element: [org.openqa.selenium.remote.RemoteWebElement@b2fa0aef -> unknown locator]
Session ID: 691a35b4c4ecfd831f1250503997bce8
at org.junit.Assert.fail(Assert.java:88)
at stepdefinitions.IjaraAddressDetailsSteps.click_on_module_dropdown_in_ijrarah(IjaraAddressDetailsSteps.java:156)
at ✽.click on module dropdown in IJRARAH(file:///C:/Users/inindc00604/git/ULS_IjarahIjarahMain/ULS_Ijarah_MainRepository/src/test/java/features/IjarahFeatures/Ijarah_APPDATAENTRY_AssetDetailsFEATURE.feature:56)
]]>
    </failure>
  </testcase> <!-- runScenario -->
  <system-out/>
  <testcase classname="Runner.TestApplication" name="runScenario" time="4.505">
    <error message="Cannot invoke &quot;org.openqa.selenium.WebElement.click()&quot; because the return value of &quot;helper.JavascriptHelper.executeScriptWithWebElement(String)&quot; is null" type="java.lang.NullPointerException">
      <![CDATA[java.lang.NullPointerException: Cannot invoke "org.openqa.selenium.WebElement.click()" because the return value of "helper.JavascriptHelper.executeScriptWithWebElement(String)" is null
at stepdefinitions.IjaraLogin.loginWithIjaraApplication(IjaraLogin.java:30)
at stepdefinitions.IjaraAddressDetailsSteps.login_with_valid_credentials_for_new_application_stage(IjaraAddressDetailsSteps.java:60)
at ✽.login with valid credentials for new application stage(file:///C:/Users/inindc00604/git/ULS_IjarahIjarahMain/ULS_Ijarah_MainRepository/src/test/java/features/IjarahFeatures/Ijarah_NEWAPP_ContactDetailsFEATURE.feature:33)
]]>
    </error>
  </testcase> <!-- runScenario -->
  <system-out/>
  <testcase classname="Runner.TestApplication" name="runScenario" time="5.248">
    <error message="Cannot invoke &quot;org.openqa.selenium.WebElement.click()&quot; because the return value of &quot;helper.JavascriptHelper.executeScriptWithWebElement(String)&quot; is null" type="java.lang.NullPointerException">
      <![CDATA[java.lang.NullPointerException: Cannot invoke "org.openqa.selenium.WebElement.click()" because the return value of "helper.JavascriptHelper.executeScriptWithWebElement(String)" is null
at stepdefinitions.IjaraLogin.loginWithIjaraApplication(IjaraLogin.java:30)
at stepdefinitions.IjaraAddressDetailsSteps.login_with_valid_credentials_contract_signing(IjaraAddressDetailsSteps.java:123)
at ✽.login with valid credentials-Contract Signing(file:///C:/Users/inindc00604/git/ULS_IjarahIjarahMain/ULS_Ijarah_MainRepository/src/test/java/features/IjarahFeatures/Ijarah_CONTRACTSIGN_ApplicationDetails1.feature:7)
]]>
    </error>
  </testcase> <!-- runScenario -->
  <system-out/>
  <testcase classname="Runner.TestApplication" name="runScenario" time="443.721">
    <failure message="element click intercepted: Element &lt;div role=&quot;button&quot; aria-label=&quot;dropdown trigger&quot; aria-haspopup=&quot;listbox&quot; class=&quot;p-dropdown-trigger ng-tns-c245-21&quot;&gt;...&lt;/div&gt; is not clickable at point (1843, 819). Other element would receive the click: &lt;p-dropdown styleclass=&quot;p-paginator-rpp-options&quot; class=&quot;p-element p-inputwrapper ng-tns-c245-21 p-inputwrapper-filled ng-untouched ng-pristine ng-star-inserted&quot; ng-reflect-style-class=&quot;p-paginator-rpp-options&quot; ng-reflect-options=&quot;[object Object],[object Object&quot; ng-reflect-model=&quot;5&quot; ng-reflect-disabled=&quot;true&quot; ng-reflect-is-disabled=&quot;true&quot; ng-reflect-scroll-height=&quot;200px&quot;&gt;...&lt;/p-dropdown&gt;
  (Session info: chrome=120.0.6099.217)
Build info: version: &#039;4.11.0&#039;, revision: &#039;040bc5406b&#039;
System info: os.name: &#039;Windows 10&#039;, os.arch: &#039;amd64&#039;, os.version: &#039;10.0&#039;, java.version: &#039;16.0.2&#039;
Driver info: org.openqa.selenium.chrome.ChromeDriver
Command: [beb9fb2a55c999d21fbe641010ec7eed, clickElement {id=79D3D9DAE4BF311183E9EC2720ED56BB_element_143}]
Capabilities {acceptInsecureCerts: false, browserName: chrome, browserVersion: 120.0.6099.217, chrome: {chromedriverVersion: 120.0.6099.109 (3419140ab66..., userDataDir: C:\Users\ININDC~1\AppData\L...}, fedcm:accounts: true, goog:chromeOptions: {debuggerAddress: localhost:61296}, networkConnectionEnabled: false, pageLoadStrategy: normal, platformName: windows, proxy: Proxy(), se:cdp: ws://localhost:61296/devtoo..., se:cdpVersion: 120.0.6099.217, setWindowRect: true, strictFileInteractability: false, timeouts: {implicit: 0, pageLoad: 300000, script: 30000}, unhandledPromptBehavior: dismiss and notify, webauthn:extension:credBlob: true, webauthn:extension:largeBlob: true, webauthn:extension:minPinLength: true, webauthn:extension:prf: true, webauthn:virtualAuthenticators: true}
Element: [org.openqa.selenium.remote.RemoteWebElement@26c40cb2 -&gt; unknown locator]
Session ID: beb9fb2a55c999d21fbe641010ec7eed" type="java.lang.AssertionError">
      <![CDATA[java.lang.AssertionError: element click intercepted: Element <div role="button" aria-label="dropdown trigger" aria-haspopup="listbox" class="p-dropdown-trigger ng-tns-c245-21">...</div> is not clickable at point (1843, 819). Other element would receive the click: <p-dropdown styleclass="p-paginator-rpp-options" class="p-element p-inputwrapper ng-tns-c245-21 p-inputwrapper-filled ng-untouched ng-pristine ng-star-inserted" ng-reflect-style-class="p-paginator-rpp-options" ng-reflect-options="[object Object],[object Object" ng-reflect-model="5" ng-reflect-disabled="true" ng-reflect-is-disabled="true" ng-reflect-scroll-height="200px">...</p-dropdown>
  (Session info: chrome=120.0.6099.217)
Build info: version: '4.11.0', revision: '040bc5406b'
System info: os.name: 'Windows 10', os.arch: 'amd64', os.version: '10.0', java.version: '16.0.2'
Driver info: org.openqa.selenium.chrome.ChromeDriver
Command: [beb9fb2a55c999d21fbe641010ec7eed, clickElement {id=79D3D9DAE4BF311183E9EC2720ED56BB_element_143}]
Capabilities {acceptInsecureCerts: false, browserName: chrome, browserVersion: 120.0.6099.217, chrome: {chromedriverVersion: 120.0.6099.109 (3419140ab66..., userDataDir: C:\Users\ININDC~1\AppData\L...}, fedcm:accounts: true, goog:chromeOptions: {debuggerAddress: localhost:61296}, networkConnectionEnabled: false, pageLoadStrategy: normal, platformName: windows, proxy: Proxy(), se:cdp: ws://localhost:61296/devtoo..., se:cdpVersion: 120.0.6099.217, setWindowRect: true, strictFileInteractability: false, timeouts: {implicit: 0, pageLoad: 300000, script: 30000}, unhandledPromptBehavior: dismiss and notify, webauthn:extension:credBlob: true, webauthn:extension:largeBlob: true, webauthn:extension:minPinLength: true, webauthn:extension:prf: true, webauthn:virtualAuthenticators: true}
Element: [org.openqa.selenium.remote.RemoteWebElement@26c40cb2 -> unknown locator]
Session ID: beb9fb2a55c999d21fbe641010ec7eed
at org.junit.Assert.fail(Assert.java:88)
at stepdefinitions.NewApp_CustomerReferenceListViewSteps.user_076_click_on_export_button_in_customer_reference_screen_at_new_app_stage(NewApp_CustomerReferenceListViewSteps.java:1836)
at ✽.user_076 click on export button in customer reference screen at new app stage(file:///C:/Users/inindc00604/git/ULS_IjarahIjarahMain/ULS_Ijarah_MainRepository/src/test/java/features/IjarahFeatures/Ijarah_NEWAPP_CustomerReferenceFEATURE.feature:182)
]]>
    </failure>
  </testcase> <!-- runScenario -->
  <system-out/>
  <testcase classname="Runner.TestApplication" name="runScenario" time="5.189">
    <error message="Cannot invoke &quot;org.openqa.selenium.WebElement.click()&quot; because the return value of &quot;helper.JavascriptHelper.executeScriptWithWebElement(String)&quot; is null" type="java.lang.NullPointerException">
      <![CDATA[java.lang.NullPointerException: Cannot invoke "org.openqa.selenium.WebElement.click()" because the return value of "helper.JavascriptHelper.executeScriptWithWebElement(String)" is null
at stepdefinitions.IjaraLogin.loginWithIjaraApplication(IjaraLogin.java:30)
at stepdefinitions.IjaraAddressDetailsSteps.login_with_valid_credentials_data_check(IjaraAddressDetailsSteps.java:64)
at ✽.login with valid credentials-Data Check(file:///C:/Users/inindc00604/git/ULS_IjarahIjarahMain/ULS_Ijarah_MainRepository/src/test/java/features/IjarahFeatures/Ijarah_APPDATACHECK_RepaymentMode.feature:6)
]]>
    </error>
  </testcase> <!-- runScenario -->
  <system-out/>
  <testcase classname="Runner.TestApplication" name="runScenario" time="4.807">
    <error message="Cannot invoke &quot;org.openqa.selenium.WebElement.click()&quot; because the return value of &quot;helper.JavascriptHelper.executeScriptWithWebElement(String)&quot; is null" type="java.lang.NullPointerException">
      <![CDATA[java.lang.NullPointerException: Cannot invoke "org.openqa.selenium.WebElement.click()" because the return value of "helper.JavascriptHelper.executeScriptWithWebElement(String)" is null
at stepdefinitions.IjaraLogin.loginWithIjaraApplication(IjaraLogin.java:30)
at stepdefinitions.IjaraAddressDetailsSteps.login_with_valid_credentials_for_new_application_stage(IjaraAddressDetailsSteps.java:60)
at ✽.login with valid credentials for new application stage(file:///C:/Users/inindc00604/git/ULS_IjarahIjarahMain/ULS_Ijarah_MainRepository/src/test/java/features/IjarahFeatures/Ijarah_APPDATAENTRY_ApplicationDetails_Creation.feature:271)
]]>
    </error>
  </testcase> <!-- runScenario -->
  <system-out/>
  <testcase classname="Runner.TestApplication" name="runScenario" time="4.715">
    <error message="Cannot invoke &quot;org.openqa.selenium.WebElement.click()&quot; because the return value of &quot;helper.JavascriptHelper.executeScriptWithWebElement(String)&quot; is null" type="java.lang.NullPointerException">
      <![CDATA[java.lang.NullPointerException: Cannot invoke "org.openqa.selenium.WebElement.click()" because the return value of "helper.JavascriptHelper.executeScriptWithWebElement(String)" is null
at stepdefinitions.IjaraLogin.loginWithIjaraApplication(IjaraLogin.java:30)
at stepdefinitions.IjaraAddressDetailsSteps.login_with_valid_credentials_for_new_application_stage(IjaraAddressDetailsSteps.java:60)
at ✽.login with valid credentials for new application stage(file:///C:/Users/inindc00604/git/ULS_IjarahIjarahMain/ULS_Ijarah_MainRepository/src/test/java/features/IjarahFeatures/Ijarah_APPDATAENTRY_ApplicationDetails_Creation.feature:360)
]]>
    </error>
  </testcase> <!-- runScenario -->
  <system-out/>
  <testcase classname="Runner.TestApplication" name="runScenario" time="4.383">
    <error message="Cannot invoke &quot;org.openqa.selenium.WebElement.click()&quot; because the return value of &quot;helper.JavascriptHelper.executeScriptWithWebElement(String)&quot; is null" type="java.lang.NullPointerException">
      <![CDATA[java.lang.NullPointerException: Cannot invoke "org.openqa.selenium.WebElement.click()" because the return value of "helper.JavascriptHelper.executeScriptWithWebElement(String)" is null
at stepdefinitions.IjaraLogin.loginWithIjaraApplication(IjaraLogin.java:30)
at stepdefinitions.IjaraAddressDetailsSteps.login_with_valid_credentials_for_new_application_stage(IjaraAddressDetailsSteps.java:60)
at ✽.login with valid credentials for new application stage(file:///C:/Users/inindc00604/git/ULS_IjarahIjarahMain/ULS_Ijarah_MainRepository/src/test/java/features/IjarahFeatures/Ijarah_APPDATAENTRY_ApplicationDetails_Creation.feature:147)
]]>
    </error>
  </testcase> <!-- runScenario -->
  <system-out/>
  <testcase classname="Runner.TestApplication" name="runScenario" time="728.424">
    <failure message="Cannot invoke &quot;org.openqa.selenium.WebElement.click()&quot; because the return value of &quot;helper.JavascriptHelper.executeScriptWithWebElement(String)&quot; is null" type="java.lang.AssertionError">
      <![CDATA[java.lang.AssertionError: Cannot invoke "org.openqa.selenium.WebElement.click()" because the return value of "helper.JavascriptHelper.executeScriptWithWebElement(String)" is null
at org.junit.Assert.fail(Assert.java:88)
at stepdefinitions.IjaraTest.user_626_click_on_the_action_button_below_customer_financials(IjaraTest.java:3517)
at ✽.user_626 click On the Action button below Customer Financials(file:///C:/Users/inindc00604/git/ULS_IjarahIjarahMain/ULS_Ijarah_MainRepository/src/test/java/features/IjarahFeatures/Ijarah_APPDATACHECK_CustomerDebt.feature:14)
]]>
    </failure>
  </testcase> <!-- runScenario -->
  <system-out/>
  <testcase classname="Runner.TestApplication" name="runScenario" time="338.707">
    <failure message="element click intercepted: Element &lt;ion-select _ngcontent-glr-c224=&quot;&quot; interface=&quot;popover&quot; mode=&quot;ios&quot; value=&quot;mod&quot; tooltipposition=&quot;bottom&quot; class=&quot;p-element ng-untouched ng-pristine ion-untouched ion-pristine ios in-item select-disabled hydrated&quot; ng-reflect-interface=&quot;popover&quot; ng-reflect-mode=&quot;ios&quot; ng-reflect-value=&quot;mod&quot; ng-reflect-tooltip-position=&quot;bottom&quot; ng-reflect-text=&quot;Module name&quot; ng-reflect-disabled=&quot;true&quot; ng-reflect-is-disabled=&quot;true&quot; ng-reflect-model=&quot;0&quot; role=&quot;button&quot; aria-haspopup=&quot;listbox&quot; aria-disabled=&quot;true&quot; aria-label=&quot;No Module Mapped&quot;&gt;...&lt;/ion-select&gt; is not clickable at point (1701, 29). Other element would receive the click: &lt;ion-list _ngcontent-glr-c224=&quot;&quot; class=&quot;p-0 md list-md hydrated&quot; ng-reflect-dir=&quot;ltr&quot; dir=&quot;ltr&quot; role=&quot;list&quot;&gt;...&lt;/ion-list&gt;
  (Session info: chrome=120.0.6099.217)
Build info: version: &#039;4.11.0&#039;, revision: &#039;040bc5406b&#039;
System info: os.name: &#039;Windows 10&#039;, os.arch: &#039;amd64&#039;, os.version: &#039;10.0&#039;, java.version: &#039;16.0.2&#039;
Driver info: org.openqa.selenium.chrome.ChromeDriver
Command: [37124ef13ca566869f5ec965bf333116, clickElement {id=51C549B6D42953F13B349E2857CD246B_element_26}]
Capabilities {acceptInsecureCerts: false, browserName: chrome, browserVersion: 120.0.6099.217, chrome: {chromedriverVersion: 120.0.6099.109 (3419140ab66..., userDataDir: C:\Users\ININDC~1\AppData\L...}, fedcm:accounts: true, goog:chromeOptions: {debuggerAddress: localhost:60480}, networkConnectionEnabled: false, pageLoadStrategy: normal, platformName: windows, proxy: Proxy(), se:cdp: ws://localhost:60480/devtoo..., se:cdpVersion: 120.0.6099.217, setWindowRect: true, strictFileInteractability: false, timeouts: {implicit: 0, pageLoad: 300000, script: 30000}, unhandledPromptBehavior: dismiss and notify, webauthn:extension:credBlob: true, webauthn:extension:largeBlob: true, webauthn:extension:minPinLength: true, webauthn:extension:prf: true, webauthn:virtualAuthenticators: true}
Element: [org.openqa.selenium.remote.RemoteWebElement@926c644c -&gt; unknown locator]
Session ID: 37124ef13ca566869f5ec965bf333116" type="java.lang.AssertionError">
      <![CDATA[java.lang.AssertionError: element click intercepted: Element <ion-select _ngcontent-glr-c224="" interface="popover" mode="ios" value="mod" tooltipposition="bottom" class="p-element ng-untouched ng-pristine ion-untouched ion-pristine ios in-item select-disabled hydrated" ng-reflect-interface="popover" ng-reflect-mode="ios" ng-reflect-value="mod" ng-reflect-tooltip-position="bottom" ng-reflect-text="Module name" ng-reflect-disabled="true" ng-reflect-is-disabled="true" ng-reflect-model="0" role="button" aria-haspopup="listbox" aria-disabled="true" aria-label="No Module Mapped">...</ion-select> is not clickable at point (1701, 29). Other element would receive the click: <ion-list _ngcontent-glr-c224="" class="p-0 md list-md hydrated" ng-reflect-dir="ltr" dir="ltr" role="list">...</ion-list>
  (Session info: chrome=120.0.6099.217)
Build info: version: '4.11.0', revision: '040bc5406b'
System info: os.name: 'Windows 10', os.arch: 'amd64', os.version: '10.0', java.version: '16.0.2'
Driver info: org.openqa.selenium.chrome.ChromeDriver
Command: [37124ef13ca566869f5ec965bf333116, clickElement {id=51C549B6D42953F13B349E2857CD246B_element_26}]
Capabilities {acceptInsecureCerts: false, browserName: chrome, browserVersion: 120.0.6099.217, chrome: {chromedriverVersion: 120.0.6099.109 (3419140ab66..., userDataDir: C:\Users\ININDC~1\AppData\L...}, fedcm:accounts: true, goog:chromeOptions: {debuggerAddress: localhost:60480}, networkConnectionEnabled: false, pageLoadStrategy: normal, platformName: windows, proxy: Proxy(), se:cdp: ws://localhost:60480/devtoo..., se:cdpVersion: 120.0.6099.217, setWindowRect: true, strictFileInteractability: false, timeouts: {implicit: 0, pageLoad: 300000, script: 30000}, unhandledPromptBehavior: dismiss and notify, webauthn:extension:credBlob: true, webauthn:extension:largeBlob: true, webauthn:extension:minPinLength: true, webauthn:extension:prf: true, webauthn:virtualAuthenticators: true}
Element: [org.openqa.selenium.remote.RemoteWebElement@926c644c -> unknown locator]
Session ID: 37124ef13ca566869f5ec965bf333116
at org.testng.Assert.fail(Assert.java:99)
at stepdefinitions.Ijara_Repayment_Mode_Steps.user_615_select_the_module_name(Ijara_Repayment_Mode_Steps.java:46)
at ✽.user_615 select the module name(file:///C:/Users/inindc00604/git/ULS_IjarahIjarahMain/ULS_Ijarah_MainRepository/src/test/java/features/IjarahFeatures/Ijarah_APPDATAENTRY_Repayment_Mode.feature:65)
]]>
    </failure>
  </testcase> <!-- runScenario -->
  <system-out/>
  <testcase classname="Runner.TestApplication" name="runScenario" time="4.764">
    <error message="Cannot invoke &quot;org.openqa.selenium.WebElement.click()&quot; because the return value of &quot;helper.JavascriptHelper.executeScriptWithWebElement(String)&quot; is null" type="java.lang.NullPointerException">
      <![CDATA[java.lang.NullPointerException: Cannot invoke "org.openqa.selenium.WebElement.click()" because the return value of "helper.JavascriptHelper.executeScriptWithWebElement(String)" is null
at stepdefinitions.IjaraLogin.loginWithIjaraApplication(IjaraLogin.java:30)
at stepdefinitions.IjaraAddressDetailsSteps.login_with_valid_credentials_data_check(IjaraAddressDetailsSteps.java:64)
at ✽.login with valid credentials-Data Check(file:///C:/Users/inindc00604/git/ULS_IjarahIjarahMain/ULS_Ijarah_MainRepository/src/test/java/features/IjarahFeatures/ijarah_APPDATACHECK_InsuranceInfo.feature:59)
]]>
    </error>
  </testcase> <!-- runScenario -->
  <system-out/>
  <testcase classname="Runner.TestApplication" name="runScenario" time="42.449"/>
  <system-out/>
  <testcase classname="Runner.TestApplication" name="runScenario" time="4.393">
    <error message="Cannot invoke &quot;org.openqa.selenium.WebElement.click()&quot; because the return value of &quot;helper.JavascriptHelper.executeScriptWithWebElement(String)&quot; is null" type="java.lang.NullPointerException">
      <![CDATA[java.lang.NullPointerException: Cannot invoke "org.openqa.selenium.WebElement.click()" because the return value of "helper.JavascriptHelper.executeScriptWithWebElement(String)" is null
at stepdefinitions.IjaraLogin.loginWithIjaraApplication(IjaraLogin.java:30)
at stepdefinitions.IjaraAddressDetailsSteps.login_with_valid_credentials_for_new_application_stage(IjaraAddressDetailsSteps.java:60)
at ✽.login with valid credentials for new application stage(file:///C:/Users/inindc00604/git/ULS_IjarahIjarahMain/ULS_Ijarah_MainRepository/src/test/java/features/IjarahFeatures/Ijarah_APPDATAENTRY_ApplicationDetails_Creation.feature:199)
]]>
    </error>
  </testcase> <!-- runScenario -->
  <system-out/>
  <testcase classname="Runner.TestApplication" name="runScenario" time="165.932">
    <failure message="Cannot invoke &quot;org.openqa.selenium.WebElement.sendKeys(java.lang.CharSequence[])&quot; because the return value of &quot;helper.JavascriptHelper.executeScriptWithWebElement(String)&quot; is null" type="java.lang.AssertionError">
      <![CDATA[java.lang.AssertionError: Cannot invoke "org.openqa.selenium.WebElement.sendKeys(java.lang.CharSequence[])" because the return value of "helper.JavascriptHelper.executeScriptWithWebElement(String)" is null
at org.testng.Assert.fail(Assert.java:99)
at stepdefinitions.IjarahAppDataEntryIncomeDetailsList.user_verify_adjusted_field_should_be_non_mandatory_textbox_and_allow_to_user_enter_numeric_value_manualy(IjarahAppDataEntryIncomeDetailsList.java:2840)
at ✽.User_607 verify Adjusted% field should be Non-mandatory, Textbox and Allow to user enter numeric value manualy(file:///C:/Users/inindc00604/git/ULS_IjarahIjarahMain/ULS_Ijarah_MainRepository/src/test/java/features/IjarahFeatures/Ijarah_APPDATAENTRY_CFIncome.feature:104)
]]>
    </failure>
  </testcase> <!-- runScenario -->
  <system-out/>
  <testcase classname="Runner.TestApplication" name="runScenario" time="28.501">
    <error message="element click intercepted: Element &lt;div role=&quot;checkbox&quot; ng-reflect-ng-class=&quot;[object Object]&quot; aria-checked=&quot;false&quot; class=&quot;p-checkbox-box p-component p-disabled&quot;&gt;...&lt;/div&gt; is not clickable at point (109, 670). Other element would receive the click: &lt;p-tablecheckbox _ngcontent-idq-c539=&quot;&quot; class=&quot;p-element ng-star-inserted&quot; ng-reflect-value=&quot;[object Object]&quot; ng-reflect-disabled=&quot;true&quot;&gt;...&lt;/p-tablecheckbox&gt;
  (Session info: chrome=120.0.6099.217)
Build info: version: &#039;4.11.0&#039;, revision: &#039;040bc5406b&#039;
System info: os.name: &#039;Windows 10&#039;, os.arch: &#039;amd64&#039;, os.version: &#039;10.0&#039;, java.version: &#039;16.0.2&#039;
Driver info: org.openqa.selenium.chrome.ChromeDriver
Command: [3041faf9fd6de37ff22a7b67a84c9725, clickElement {id=2B812BA6D939C110CFCE03FCA3EC3AD3_element_115}]
Capabilities {acceptInsecureCerts: false, browserName: chrome, browserVersion: 120.0.6099.217, chrome: {chromedriverVersion: 120.0.6099.109 (3419140ab66..., userDataDir: C:\Users\ININDC~1\AppData\L...}, fedcm:accounts: true, goog:chromeOptions: {debuggerAddress: localhost:59828}, networkConnectionEnabled: false, pageLoadStrategy: normal, platformName: windows, proxy: Proxy(), se:cdp: ws://localhost:59828/devtoo..., se:cdpVersion: 120.0.6099.217, setWindowRect: true, strictFileInteractability: false, timeouts: {implicit: 0, pageLoad: 300000, script: 30000}, unhandledPromptBehavior: dismiss and notify, webauthn:extension:credBlob: true, webauthn:extension:largeBlob: true, webauthn:extension:minPinLength: true, webauthn:extension:prf: true, webauthn:virtualAuthenticators: true}
Element: [org.openqa.selenium.remote.RemoteWebElement@fa30a6db -&gt; unknown locator]
Session ID: 3041faf9fd6de37ff22a7b67a84c9725" type="org.openqa.selenium.ElementClickInterceptedException">
      <![CDATA[org.openqa.selenium.ElementClickInterceptedException: element click intercepted: Element <div role="checkbox" ng-reflect-ng-class="[object Object]" aria-checked="false" class="p-checkbox-box p-component p-disabled">...</div> is not clickable at point (109, 670). Other element would receive the click: <p-tablecheckbox _ngcontent-idq-c539="" class="p-element ng-star-inserted" ng-reflect-value="[object Object]" ng-reflect-disabled="true">...</p-tablecheckbox>
  (Session info: chrome=120.0.6099.217)
Build info: version: '4.11.0', revision: '040bc5406b'
System info: os.name: 'Windows 10', os.arch: 'amd64', os.version: '10.0', java.version: '16.0.2'
Driver info: org.openqa.selenium.chrome.ChromeDriver
Command: [3041faf9fd6de37ff22a7b67a84c9725, clickElement {id=2B812BA6D939C110CFCE03FCA3EC3AD3_element_115}]
Capabilities {acceptInsecureCerts: false, browserName: chrome, browserVersion: 120.0.6099.217, chrome: {chromedriverVersion: 120.0.6099.109 (3419140ab66..., userDataDir: C:\Users\ININDC~1\AppData\L...}, fedcm:accounts: true, goog:chromeOptions: {debuggerAddress: localhost:59828}, networkConnectionEnabled: false, pageLoadStrategy: normal, platformName: windows, proxy: Proxy(), se:cdp: ws://localhost:59828/devtoo..., se:cdpVersion: 120.0.6099.217, setWindowRect: true, strictFileInteractability: false, timeouts: {implicit: 0, pageLoad: 300000, script: 30000}, unhandledPromptBehavior: dismiss and notify, webauthn:extension:credBlob: true, webauthn:extension:largeBlob: true, webauthn:extension:minPinLength: true, webauthn:extension:prf: true, webauthn:virtualAuthenticators: true}
Element: [org.openqa.selenium.remote.RemoteWebElement@fa30a6db -> unknown locator]
Session ID: 3041faf9fd6de37ff22a7b67a84c9725
at java.base/jdk.internal.reflect.NativeConstructorAccessorImpl.newInstance0(Native Method)
at java.base/jdk.internal.reflect.NativeConstructorAccessorImpl.newInstance(NativeConstructorAccessorImpl.java:78)
at java.base/jdk.internal.reflect.DelegatingConstructorAccessorImpl.newInstance(DelegatingConstructorAccessorImpl.java:45)
at java.base/java.lang.reflect.Constructor.newInstanceWithCaller(Constructor.java:499)
at java.base/java.lang.reflect.Constructor.newInstance(Constructor.java:480)
at org.openqa.selenium.remote.codec.w3c.W3CHttpResponseCodec.createException(W3CHttpResponseCodec.java:200)
at org.openqa.selenium.remote.codec.w3c.W3CHttpResponseCodec.decode(W3CHttpResponseCodec.java:133)
at org.openqa.selenium.remote.codec.w3c.W3CHttpResponseCodec.decode(W3CHttpResponseCodec.java:52)
at org.openqa.selenium.remote.HttpCommandExecutor.execute(HttpCommandExecutor.java:191)
at org.openqa.selenium.remote.service.DriverCommandExecutor.invokeExecute(DriverCommandExecutor.java:196)
at org.openqa.selenium.remote.service.DriverCommandExecutor.execute(DriverCommandExecutor.java:171)
at org.openqa.selenium.remote.RemoteWebDriver.execute(RemoteWebDriver.java:518)
at org.openqa.selenium.remote.RemoteWebElement.execute(RemoteWebElement.java:224)
at org.openqa.selenium.remote.RemoteWebElement.click(RemoteWebElement.java:77)
at stepdefinitions.AppDataEntry_LivingExpense_Steps.user_click_the_select_check_box(AppDataEntry_LivingExpense_Steps.java:335)
at ✽.user click the select check box(file:///C:/Users/inindc00604/git/ULS_IjarahIjarahMain/ULS_Ijarah_MainRepository/src/test/java/features/IjarahFeatures/Ijarah_APPDATAENTRY_LivingExpense.feature:116)
]]>
    </error>
  </testcase> <!-- runScenario -->
  <system-out/>
  <testcase classname="Runner.TestApplication" name="runScenario" time="42.031">
    <error message="Expected condition failed: waiting for visibility of null (tried for 15 second(s) with 1 milliseconds interval)
Build info: version: &#039;4.11.0&#039;, revision: &#039;040bc5406b&#039;
System info: os.name: &#039;Windows 10&#039;, os.arch: &#039;amd64&#039;, os.version: &#039;10.0&#039;, java.version: &#039;16.0.2&#039;
Driver info: driver.version: unknown" type="org.openqa.selenium.TimeoutException">
      <![CDATA[org.openqa.selenium.TimeoutException: Expected condition failed: waiting for visibility of null (tried for 15 second(s) with 1 milliseconds interval)
Build info: version: '4.11.0', revision: '040bc5406b'
System info: os.name: 'Windows 10', os.arch: 'amd64', os.version: '10.0', java.version: '16.0.2'
Driver info: driver.version: unknown
at org.openqa.selenium.support.ui.FluentWait.timeoutException(FluentWait.java:262)
at org.openqa.selenium.support.ui.FluentWait.until(FluentWait.java:230)
at helper.WaitHelper.waitForElementwithFluentwait(WaitHelper.java:103)
at stepdefinitions.Ijara_AppDataCheck_ApplicationDetails_Step.user_search_the_ref_id_under_inbox_for_application_details(Ijara_AppDataCheck_ApplicationDetails_Step.java:163)
at ✽.User search the Ref id under inbox for Application details(file:///C:/Users/inindc00604/git/ULS_IjarahIjarahMain/ULS_Ijarah_MainRepository/src/test/java/features/IjarahFeatures/Ijarah_APPDATACHECK_ApplicationDetails.feature:131)
Caused by: java.lang.NullPointerException
]]>
    </error>
  </testcase> <!-- runScenario -->
  <system-out/>
  <testcase classname="Runner.TestApplication" name="runScenario" time="4.855">
    <error message="Cannot invoke &quot;org.openqa.selenium.WebElement.click()&quot; because the return value of &quot;helper.JavascriptHelper.executeScriptWithWebElement(String)&quot; is null" type="java.lang.NullPointerException">
      <![CDATA[java.lang.NullPointerException: Cannot invoke "org.openqa.selenium.WebElement.click()" because the return value of "helper.JavascriptHelper.executeScriptWithWebElement(String)" is null
at stepdefinitions.IjaraLogin.loginWithIjaraApplication(IjaraLogin.java:30)
at stepdefinitions.IjaraAddressDetailsSteps.login_with_valid_credentials_for_new_application_stage(IjaraAddressDetailsSteps.java:60)
at ✽.login with valid credentials for new application stage(file:///C:/Users/inindc00604/git/ULS_IjarahIjarahMain/ULS_Ijarah_MainRepository/src/test/java/features/IjarahFeatures/Ijarah_NEWAPP_AddressDetailsFEATURE.feature:49)
]]>
    </error>
  </testcase> <!-- runScenario -->
  <system-out/>
  <testcase classname="Runner.TestApplication" name="runScenario" time="39.141"/>
  <system-out/>
  <testcase classname="Runner.TestApplication" name="runScenario" time="683.476">
    <failure message="Cannot invoke &quot;org.openqa.selenium.WebElement.click()&quot; because the return value of &quot;helper.JavascriptHelper.executeScriptWithWebElement(String)&quot; is null" type="java.lang.AssertionError">
      <![CDATA[java.lang.AssertionError: Cannot invoke "org.openqa.selenium.WebElement.click()" because the return value of "helper.JavascriptHelper.executeScriptWithWebElement(String)" is null
at org.testng.Assert.fail(Assert.java:99)
at stepdefinitions.IJARAH_Steps_615.user_click_on_the_hamburger_menu(IJARAH_Steps_615.java:476)
at ✽.user click on the hamburger menu(file:///C:/Users/inindc00604/git/ULS_IjarahIjarahMain/ULS_Ijarah_MainRepository/src/test/java/features/IjarahFeatures/Ijarah_APPDATAENTRY_ApplicationDetails_Creation.feature:679)
]]>
    </failure>
  </testcase> <!-- runScenario -->
  <system-out/>
  <testcase classname="Runner.TestApplication" name="runScenario" time="4.126">
    <error message="Cannot invoke &quot;org.openqa.selenium.WebElement.click()&quot; because the return value of &quot;helper.JavascriptHelper.executeScriptWithWebElement(String)&quot; is null" type="java.lang.NullPointerException">
      <![CDATA[java.lang.NullPointerException: Cannot invoke "org.openqa.selenium.WebElement.click()" because the return value of "helper.JavascriptHelper.executeScriptWithWebElement(String)" is null
at stepdefinitions.IjaraLogin.loginWithIjaraApplication(IjaraLogin.java:30)
at stepdefinitions.IjaraAddressDetailsSteps.login_with_valid_credentials_for_insurance_info_ijarah(IjaraAddressDetailsSteps.java:98)
at ✽.login with valid credentials for insurance info ijarah(file:///C:/Users/inindc00604/git/ULS_IjarahIjarahMain/ULS_Ijarah_MainRepository/src/test/java/features/IjarahFeatures/ijarah_APPDATAENTRY_InsuranceInfo.feature:66)
]]>
    </error>
  </testcase> <!-- runScenario -->
  <system-out/>
  <testcase classname="Runner.TestApplication" name="runScenario" time="5.061">
    <error message="Cannot invoke &quot;org.openqa.selenium.WebElement.click()&quot; because the return value of &quot;helper.JavascriptHelper.executeScriptWithWebElement(String)&quot; is null" type="java.lang.NullPointerException">
      <![CDATA[java.lang.NullPointerException: Cannot invoke "org.openqa.selenium.WebElement.click()" because the return value of "helper.JavascriptHelper.executeScriptWithWebElement(String)" is null
at stepdefinitions.IjaraLogin.loginWithIjaraApplication(IjaraLogin.java:30)
at stepdefinitions.IjaraAddressDetailsSteps.login_with_valid_credentials02(IjaraAddressDetailsSteps.java:72)
at ✽.login with valid credentials02(file:///C:/Users/inindc00604/git/ULS_IjarahIjarahMain/ULS_Ijarah_MainRepository/src/test/java/features/IjarahFeatures/Ijarah_APPDATACHECK_ProductDetails_610.feature:5)
]]>
    </error>
  </testcase> <!-- runScenario -->
  <system-out/>
  <testcase classname="Runner.TestApplication" name="runScenario" time="38.574">
    <error message="Expected condition failed: waiting for visibility of null (tried for 15 second(s) with 1 milliseconds interval)
Build info: version: &#039;4.11.0&#039;, revision: &#039;040bc5406b&#039;
System info: os.name: &#039;Windows 10&#039;, os.arch: &#039;amd64&#039;, os.version: &#039;10.0&#039;, java.version: &#039;16.0.2&#039;
Driver info: driver.version: unknown" type="org.openqa.selenium.TimeoutException">
      <![CDATA[org.openqa.selenium.TimeoutException: Expected condition failed: waiting for visibility of null (tried for 15 second(s) with 1 milliseconds interval)
Build info: version: '4.11.0', revision: '040bc5406b'
System info: os.name: 'Windows 10', os.arch: 'amd64', os.version: '10.0', java.version: '16.0.2'
Driver info: driver.version: unknown
at org.openqa.selenium.support.ui.FluentWait.timeoutException(FluentWait.java:262)
at org.openqa.selenium.support.ui.FluentWait.until(FluentWait.java:230)
at helper.WaitHelper.waitForElementwithFluentwait(WaitHelper.java:103)
at stepdefinitions.IJARAH_Steps_615.user_click_the_entitle_button_under_inbox(IJARAH_Steps_615.java:1549)
at ✽.User click the Entitle button under inbox(file:///C:/Users/inindc00604/git/ULS_IjarahIjarahMain/ULS_Ijarah_MainRepository/src/test/java/features/IjarahFeatures/Ijarah_OFFERING_OfferDetails1.feature:30)
Caused by: java.lang.NullPointerException
]]>
    </error>
  </testcase> <!-- runScenario -->
  <system-out/>
  <testcase classname="Runner.TestApplication" name="runScenario" time="605.293">
    <failure message="Cannot invoke &quot;org.openqa.selenium.WebElement.click()&quot; because the return value of &quot;helper.JavascriptHelper.executeScriptWithWebElement(String)&quot; is null" type="java.lang.AssertionError">
      <![CDATA[java.lang.AssertionError: Cannot invoke "org.openqa.selenium.WebElement.click()" because the return value of "helper.JavascriptHelper.executeScriptWithWebElement(String)" is null
at org.testng.Assert.fail(Assert.java:99)
at stepdefinitions.IJARAH_Steps_615.user_click_on_the_hamburger_menu(IJARAH_Steps_615.java:476)
at ✽.user click on the hamburger menu(file:///C:/Users/inindc00604/git/ULS_IjarahIjarahMain/ULS_Ijarah_MainRepository/src/test/java/features/IjarahFeatures/Ijarah_APPDATAENTRY_ApplicationDetails_Creation.feature:779)
]]>
    </failure>
  </testcase> <!-- runScenario -->
  <system-out/>
  <testcase classname="Runner.TestApplication" name="runScenario" time="43.541">
    <failure message="Cannot invoke &quot;org.openqa.selenium.WebElement.click()&quot; because the return value of &quot;helper.JavascriptHelper.executeScriptWithWebElement(String)&quot; is null" type="java.lang.AssertionError">
      <![CDATA[java.lang.AssertionError: Cannot invoke "org.openqa.selenium.WebElement.click()" because the return value of "helper.JavascriptHelper.executeScriptWithWebElement(String)" is null
at org.junit.Assert.fail(Assert.java:88)
at stepdefinitions.NewApp_CustomerReferenceListViewSteps.user_076_076_click_on_list_view_edit_button_in_customer_reference_at_new_app_stage(NewApp_CustomerReferenceListViewSteps.java:1379)
at ✽.user_076 click on list view edit button in customer reference at new app stage(file:///C:/Users/inindc00604/git/ULS_IjarahIjarahMain/ULS_Ijarah_MainRepository/src/test/java/features/IjarahFeatures/Ijarah_NEWAPP_CustomerReferenceFEATURE.feature:102)
]]>
    </failure>
  </testcase> <!-- runScenario -->
  <system-out/>
  <testcase classname="Runner.TestApplication" name="runScenario" time="4.357">
    <error message="Cannot invoke &quot;org.openqa.selenium.WebElement.click()&quot; because the return value of &quot;helper.JavascriptHelper.executeScriptWithWebElement(String)&quot; is null" type="java.lang.NullPointerException">
      <![CDATA[java.lang.NullPointerException: Cannot invoke "org.openqa.selenium.WebElement.click()" because the return value of "helper.JavascriptHelper.executeScriptWithWebElement(String)" is null
at stepdefinitions.IjaraLogin.loginWithIjaraApplication(IjaraLogin.java:30)
at stepdefinitions.IjaraAddressDetailsSteps.login_with_valid_credentials_for_new_application_stage(IjaraAddressDetailsSteps.java:60)
at ✽.login with valid credentials for new application stage(file:///C:/Users/inindc00604/git/ULS_IjarahIjarahMain/ULS_Ijarah_MainRepository/src/test/java/features/IjarahFeatures/Ijarah_APPDATAENTRY_AddressDetailsFeature.feature:6)
]]>
    </error>
  </testcase> <!-- runScenario -->
  <system-out/>
  <testcase classname="Runner.TestApplication" name="runScenario" time="37.543"/>
  <system-out/>
  <testcase classname="Runner.TestApplication" name="runScenario" time="45.196"/>
  <system-out/>
  <testcase classname="Runner.TestApplication" name="runScenario" time="4.336">
    <error message="Cannot invoke &quot;org.openqa.selenium.WebElement.click()&quot; because the return value of &quot;helper.JavascriptHelper.executeScriptWithWebElement(String)&quot; is null" type="java.lang.NullPointerException">
      <![CDATA[java.lang.NullPointerException: Cannot invoke "org.openqa.selenium.WebElement.click()" because the return value of "helper.JavascriptHelper.executeScriptWithWebElement(String)" is null
at stepdefinitions.IjaraLogin.loginWithIjaraApplication(IjaraLogin.java:30)
at stepdefinitions.IjaraAddressDetailsSteps.login_with_valid_credentials02(IjaraAddressDetailsSteps.java:72)
at ✽.login with valid credentials02(file:///C:/Users/inindc00604/git/ULS_IjarahIjarahMain/ULS_Ijarah_MainRepository/src/test/java/features/IjarahFeatures/Ijarah_APPDATACHECK_ProductDetails_610.feature:55)
]]>
    </error>
  </testcase> <!-- runScenario -->
  <system-out/>
  <testcase classname="Runner.TestApplication" name="runScenario" time="239.015">
    <failure message="element not interactable
  (Session info: chrome=120.0.6099.217)
Build info: version: &#039;4.11.0&#039;, revision: &#039;040bc5406b&#039;
System info: os.name: &#039;Windows 10&#039;, os.arch: &#039;amd64&#039;, os.version: &#039;10.0&#039;, java.version: &#039;16.0.2&#039;
Driver info: org.openqa.selenium.chrome.ChromeDriver
Command: [fdc8b4e5cafa0cfd05cd075efdb3c1d3, sendKeysToElement {id=60ACD660A5B9F6120C1C2CB1151F4B83_element_113, value=[Ljava.lang.CharSequence;@2f2f2e6d}]
Capabilities {acceptInsecureCerts: false, browserName: chrome, browserVersion: 120.0.6099.217, chrome: {chromedriverVersion: 120.0.6099.109 (3419140ab66..., userDataDir: C:\Users\ININDC~1\AppData\L...}, fedcm:accounts: true, goog:chromeOptions: {debuggerAddress: localhost:61394}, networkConnectionEnabled: false, pageLoadStrategy: normal, platformName: windows, proxy: Proxy(), se:cdp: ws://localhost:61394/devtoo..., se:cdpVersion: 120.0.6099.217, setWindowRect: true, strictFileInteractability: false, timeouts: {implicit: 0, pageLoad: 300000, script: 30000}, unhandledPromptBehavior: dismiss and notify, webauthn:extension:credBlob: true, webauthn:extension:largeBlob: true, webauthn:extension:minPinLength: true, webauthn:extension:prf: true, webauthn:virtualAuthenticators: true}
Element: [org.openqa.selenium.remote.RemoteWebElement@5322ccdc -&gt; unknown locator]
Session ID: fdc8b4e5cafa0cfd05cd075efdb3c1d3" type="java.lang.AssertionError">
      <![CDATA[java.lang.AssertionError: element not interactable
  (Session info: chrome=120.0.6099.217)
Build info: version: '4.11.0', revision: '040bc5406b'
System info: os.name: 'Windows 10', os.arch: 'amd64', os.version: '10.0', java.version: '16.0.2'
Driver info: org.openqa.selenium.chrome.ChromeDriver
Command: [fdc8b4e5cafa0cfd05cd075efdb3c1d3, sendKeysToElement {id=60ACD660A5B9F6120C1C2CB1151F4B83_element_113, value=[Ljava.lang.CharSequence;@2f2f2e6d}]
Capabilities {acceptInsecureCerts: false, browserName: chrome, browserVersion: 120.0.6099.217, chrome: {chromedriverVersion: 120.0.6099.109 (3419140ab66..., userDataDir: C:\Users\ININDC~1\AppData\L...}, fedcm:accounts: true, goog:chromeOptions: {debuggerAddress: localhost:61394}, networkConnectionEnabled: false, pageLoadStrategy: normal, platformName: windows, proxy: Proxy(), se:cdp: ws://localhost:61394/devtoo..., se:cdpVersion: 120.0.6099.217, setWindowRect: true, strictFileInteractability: false, timeouts: {implicit: 0, pageLoad: 300000, script: 30000}, unhandledPromptBehavior: dismiss and notify, webauthn:extension:credBlob: true, webauthn:extension:largeBlob: true, webauthn:extension:minPinLength: true, webauthn:extension:prf: true, webauthn:virtualAuthenticators: true}
Element: [org.openqa.selenium.remote.RemoteWebElement@5322ccdc -> unknown locator]
Session ID: fdc8b4e5cafa0cfd05cd075efdb3c1d3
at org.junit.Assert.fail(Assert.java:88)
at stepdefinitions.Ijarah_NewApp_CustomerIdentificationDetailsSteps.user_076_verify_id_number_field_should_be_editable_mandatory_numeric_field(Ijarah_NewApp_CustomerIdentificationDetailsSteps.java:552)
at ✽.user_076 verify id number field should be editable mandatory numeric field(file:///C:/Users/inindc00604/git/ULS_IjarahIjarahMain/ULS_Ijarah_MainRepository/src/test/java/features/IjarahFeatures/Ijarah_NEWAPP_IdentificationDetailsFEATURE.feature:18)
]]>
    </failure>
  </testcase> <!-- runScenario -->
  <system-out/>
  <testcase classname="Runner.TestApplication" name="runScenario" time="4.966">
    <error message="Cannot invoke &quot;org.openqa.selenium.WebElement.click()&quot; because the return value of &quot;helper.JavascriptHelper.executeScriptWithWebElement(String)&quot; is null" type="java.lang.NullPointerException">
      <![CDATA[java.lang.NullPointerException: Cannot invoke "org.openqa.selenium.WebElement.click()" because the return value of "helper.JavascriptHelper.executeScriptWithWebElement(String)" is null
at stepdefinitions.IjaraLogin.loginWithIjaraApplication(IjaraLogin.java:30)
at stepdefinitions.IjaraAddressDetailsSteps.login_with_valid_credentials_for_new_application_stage(IjaraAddressDetailsSteps.java:60)
at ✽.login with valid credentials for new application stage(file:///C:/Users/inindc00604/git/ULS_IjarahIjarahMain/ULS_Ijarah_MainRepository/src/test/java/features/IjarahFeatures/Ijarah_APPDATAENTRY_ApplicationDetails_Creation.feature:7)
]]>
    </error>
  </testcase> <!-- runScenario -->
  <system-out/>
  <testcase classname="Runner.TestApplication" name="runScenario" time="380.845"/>
  <system-out/>
  <testcase classname="Runner.TestApplication" name="runScenario" time="4.646">
    <error message="Cannot invoke &quot;org.openqa.selenium.WebElement.click()&quot; because the return value of &quot;helper.JavascriptHelper.executeScriptWithWebElement(String)&quot; is null" type="java.lang.NullPointerException">
      <![CDATA[java.lang.NullPointerException: Cannot invoke "org.openqa.selenium.WebElement.click()" because the return value of "helper.JavascriptHelper.executeScriptWithWebElement(String)" is null
at stepdefinitions.IjaraLogin.loginWithIjaraApplication(IjaraLogin.java:30)
at stepdefinitions.IjaraAddressDetailsSteps.login_with_valid_credentials_contract_signing(IjaraAddressDetailsSteps.java:123)
at ✽.login with valid credentials-Contract Signing(file:///C:/Users/inindc00604/git/ULS_IjarahIjarahMain/ULS_Ijarah_MainRepository/src/test/java/features/IjarahFeatures/Ijarah_CONTRACTSIGN_ApplicationDetails1.feature:112)
]]>
    </error>
  </testcase> <!-- runScenario -->
  <system-out/>
</testsuite> <!-- Runner.TestApplication -->
