<html>
<head>
<title>TestNG:  Default test</title>
<link href="../testng.css" rel="stylesheet" type="text/css" />
<link href="../my-testng.css" rel="stylesheet" type="text/css" />

<style type="text/css">
.log { display: none;} 
.stack-trace { display: none;} 
</style>
<script type="text/javascript">
<!--
function flip(e) {
  current = e.style.display;
  if (current == 'block') {
    e.style.display = 'none';
    return 0;
  }
  else {
    e.style.display = 'block';
    return 1;
  }
}

function toggleBox(szDivId, elem, msg1, msg2)
{
  var res = -1;  if (document.getElementById) {
    res = flip(document.getElementById(szDivId));
  }
  else if (document.all) {
    // this is the way old msie versions work
    res = flip(document.all[szDivId]);
  }
  if(elem) {
    if(res == 0) elem.innerHTML = msg1; else elem.innerHTML = msg2;
  }

}

function toggleAllBoxes() {
  if (document.getElementsByTagName) {
    d = document.getElementsByTagName('div');
    for (i = 0; i < d.length; i++) {
      if (d[i].className == 'log') {
        flip(d[i]);
      }
    }
  }
}

// -->
</script>

</head>
<body>
<h2 align='center'>Default test</h2><table border='1' align="center">
<tr>
<td>Tests passed/Failed/Skipped:</td><td>7/1/0</td>
</tr><tr>
<td>Started on:</td><td>Wed Feb 28 18:49:31 IST 2024</td>
</tr>
<tr><td>Total time:</td><td>417 seconds (417065 ms)</td>
</tr><tr>
<td>Included groups:</td><td></td>
</tr><tr>
<td>Excluded groups:</td><td></td>
</tr>
</table><p/>
<small><i>(Hover the method name to see the test class name)</i></small><p/>
<table width='100%' border='1' class='invocation-failed'>
<tr><td colspan='4' align='center'><b>FAILED TESTS</b></td></tr>
<tr><td><b>Test method</b></td>
<td width="30%"><b>Exception</b></td>
<td width="10%"><b>Time (seconds)</b></td>
<td><b>Instance</b></td>
</tr>
<tr>
<td title='runner.TestApplication.runScenario()'><b>runScenario</b><br>Test class: runner.TestApplication<br>Test method: Runs Cucumber Scenarios<br>Parameters: "Creation of Customer Dept record - To verfiy the below fields should be mandatory/Non-Mandatory and LOV/Textbox", "Optional[To check the Auto Loan - App Data Entry stage -> Customer Financial tab -> Financial Commitments/Customer Debt screen]"</td>
<td><div><pre>org.openqa.selenium.StaleElementReferenceException: stale element reference: stale element not found
  (Session info: chrome=122.0.6261.94)
For documentation on this error, please visit: https://www.selenium.dev/documentation/webdriver/troubleshooting/errors#stale-element-reference-exception
Build info: version: &apos;4.11.0&apos;, revision: &apos;040bc5406b&apos;
System info: os.name: &apos;Windows 10&apos;, os.arch: &apos;amd64&apos;, os.version: &apos;10.0&apos;, java.version: &apos;16.0.2&apos;
Driver info: org.openqa.selenium.chrome.ChromeDriver
Command: [914fff05e0db2b349c7c487df3cdd6f7, isElementDisplayed {id=f.A87EBBA1DB0FA14CA4BB4C655DB5BB16.d.9B6140A6D872090E010B97D94E87DD8E.e.22}]
Capabilities {acceptInsecureCerts: false, browserName: chrome, browserVersion: 122.0.6261.94, chrome: {chromedriverVersion: 122.0.6261.94 (880dbf29479c..., userDataDir: C:\Users\ININDC~1\AppData\L...}, fedcm:accounts: true, goog:chromeOptions: {debuggerAddress: localhost:53136}, networkConnectionEnabled: false, pageLoadStrategy: normal, platformName: windows, proxy: Proxy(), se:cdp: ws://localhost:53136/devtoo..., se:cdpVersion: 122.0.6261.94, setWindowRect: true, strictFileInteractability: false, timeouts: {implicit: 0, pageLoad: 300000, script: 30000}, unhandledPromptBehavior: dismiss and notify, webauthn:extension:credBlob: true, webauthn:extension:largeBlob: true, webauthn:extension:minPinLength: true, webauthn:extension:prf: true, webauthn:virtualAuthenticators: true}
Element: [org.openqa.selenium.remote.RemoteWebElement@1999f612 -&gt; unknown locator]
Session ID: 914fff05e0db2b349c7c487df3cdd6f7
	at java.base/jdk.internal.reflect.NativeConstructorAccessorImpl.newInstance0(Native Method)
	at java.base/jdk.internal.reflect.NativeConstructorAccessorImpl.newInstance(NativeConstructorAccessorImpl.java:78)
	at java.base/jdk.internal.reflect.DelegatingConstructorAccessorImpl.newInstance(DelegatingConstructorAccessorImpl.java:45)
	at java.base/java.lang.reflect.Constructor.newInstanceWithCaller(Constructor.java:499)
	at java.base/java.lang.reflect.Constructor.newInstance(Constructor.java:480)
	at org.openqa.selenium.remote.codec.w3c.W3CHttpResponseCodec.createException(W3CHttpResponseCodec.java:200)
	at org.openqa.selenium.remote.codec.w3c.W3CHttpResponseCodec.decode(W3CHttpResponseCodec.java:133)
	at org.openqa.selenium.remote.codec.w3c.W3CHttpResponseCodec.decode(W3CHttpResponseCodec.java:52)
	at org.openqa.selenium.remote.HttpCommandExecutor.execute(HttpCommandExecutor.java:191)
	at org.openqa.selenium.remote.service.DriverCommandExecutor.invokeExecute(DriverCommandExecutor.java:196)
	at org.openqa.selenium.remote.service.DriverCommandExecutor.execute(DriverCommandExecutor.java:171)
	at org.openqa.selenium.remote.RemoteWebDriver.execute(RemoteWebDriver.java:518)
	at org.openqa.selenium.remote.RemoteWebElement.execute(RemoteWebElement.java:224)
	at org.openqa.selenium.remote.RemoteWebElement.isDisplayed(RemoteWebElement.java:280)
	at stepdefinitions.IjaraLogin.loginWithIjaraApplication(IjaraLogin.java:50)
	at stepdefinitions.IjaraTest.login_with_valid_credentials_auto_loan_app_data_entry(IjaraTest.java:110)
	at ✽.login with valid credentials - Auto Loan - App Data Entry(file:///C:/Users/inindc00608/git/KULS_Sankar/KULS_Sankar/src/test/java/features/AL_AppData_FinancialCommitments.feature:83)
</pre></div><a href='#' onClick='toggleBox("stack-trace1225979740", this, "Click to show all stack frames", "Click to hide stack frames")'>Click to show all stack frames</a>
<div class='stack-trace' id='stack-trace1225979740'><pre>org.openqa.selenium.StaleElementReferenceException: stale element reference: stale element not found
  (Session info: chrome=122.0.6261.94)
For documentation on this error, please visit: https://www.selenium.dev/documentation/webdriver/troubleshooting/errors#stale-element-reference-exception
Build info: version: &apos;4.11.0&apos;, revision: &apos;040bc5406b&apos;
System info: os.name: &apos;Windows 10&apos;, os.arch: &apos;amd64&apos;, os.version: &apos;10.0&apos;, java.version: &apos;16.0.2&apos;
Driver info: org.openqa.selenium.chrome.ChromeDriver
Command: [914fff05e0db2b349c7c487df3cdd6f7, isElementDisplayed {id=f.A87EBBA1DB0FA14CA4BB4C655DB5BB16.d.9B6140A6D872090E010B97D94E87DD8E.e.22}]
Capabilities {acceptInsecureCerts: false, browserName: chrome, browserVersion: 122.0.6261.94, chrome: {chromedriverVersion: 122.0.6261.94 (880dbf29479c..., userDataDir: C:\Users\ININDC~1\AppData\L...}, fedcm:accounts: true, goog:chromeOptions: {debuggerAddress: localhost:53136}, networkConnectionEnabled: false, pageLoadStrategy: normal, platformName: windows, proxy: Proxy(), se:cdp: ws://localhost:53136/devtoo..., se:cdpVersion: 122.0.6261.94, setWindowRect: true, strictFileInteractability: false, timeouts: {implicit: 0, pageLoad: 300000, script: 30000}, unhandledPromptBehavior: dismiss and notify, webauthn:extension:credBlob: true, webauthn:extension:largeBlob: true, webauthn:extension:minPinLength: true, webauthn:extension:prf: true, webauthn:virtualAuthenticators: true}
Element: [org.openqa.selenium.remote.RemoteWebElement@1999f612 -&gt; unknown locator]
Session ID: 914fff05e0db2b349c7c487df3cdd6f7
	at java.base/jdk.internal.reflect.NativeConstructorAccessorImpl.newInstance0(Native Method)
	at java.base/jdk.internal.reflect.NativeConstructorAccessorImpl.newInstance(NativeConstructorAccessorImpl.java:78)
	at java.base/jdk.internal.reflect.DelegatingConstructorAccessorImpl.newInstance(DelegatingConstructorAccessorImpl.java:45)
	at java.base/java.lang.reflect.Constructor.newInstanceWithCaller(Constructor.java:499)
	at java.base/java.lang.reflect.Constructor.newInstance(Constructor.java:480)
	at org.openqa.selenium.remote.codec.w3c.W3CHttpResponseCodec.createException(W3CHttpResponseCodec.java:200)
	at org.openqa.selenium.remote.codec.w3c.W3CHttpResponseCodec.decode(W3CHttpResponseCodec.java:133)
	at org.openqa.selenium.remote.codec.w3c.W3CHttpResponseCodec.decode(W3CHttpResponseCodec.java:52)
	at org.openqa.selenium.remote.HttpCommandExecutor.execute(HttpCommandExecutor.java:191)
	at org.openqa.selenium.remote.service.DriverCommandExecutor.invokeExecute(DriverCommandExecutor.java:196)
	at org.openqa.selenium.remote.service.DriverCommandExecutor.execute(DriverCommandExecutor.java:171)
	at org.openqa.selenium.remote.RemoteWebDriver.execute(RemoteWebDriver.java:518)
	at org.openqa.selenium.remote.RemoteWebElement.execute(RemoteWebElement.java:224)
	at org.openqa.selenium.remote.RemoteWebElement.isDisplayed(RemoteWebElement.java:280)
	at stepdefinitions.IjaraLogin.loginWithIjaraApplication(IjaraLogin.java:50)
	at stepdefinitions.IjaraTest.login_with_valid_credentials_auto_loan_app_data_entry(IjaraTest.java:110)
	at ✽.login with valid credentials - Auto Loan - App Data Entry(file:///C:/Users/inindc00608/git/KULS_Sankar/KULS_Sankar/src/test/java/features/AL_AppData_FinancialCommitments.feature:83)
</pre></div></td>
<td>12</td>
<td>runner.TestApplication@1caa0244</td></tr>
</table><p>
<table width='100%' border='1' class='invocation-passed'>
<tr><td colspan='4' align='center'><b>PASSED TESTS</b></td></tr>
<tr><td><b>Test method</b></td>
<td width="30%"><b>Exception</b></td>
<td width="10%"><b>Time (seconds)</b></td>
<td><b>Instance</b></td>
</tr>
<tr>
<td title='runner.TestApplication.runScenario()'><b>runScenario</b><br>Test class: runner.TestApplication<br>Test method: Runs Cucumber Scenarios<br>Parameters: "List view of Customer Debt - To verify the below field are available in Financial commitments listview", "Optional[To check the Auto Loan - App Data Entry stage -> Customer Financial tab -> Financial Commitments/Customer Debt screen]"</td>
<td></td>
<td>44</td>
<td>runner.TestApplication@1caa0244</td></tr>
<tr>
<td title='runner.TestApplication.runScenario()'><b>runScenario</b><br>Test class: runner.TestApplication<br>Test method: Runs Cucumber Scenarios<br>Parameters: "List view of Customer Debt - To verify the functionality of Export to PDF and Excel button", "Optional[To check the Auto Loan - App Data Entry stage -> Customer Financial tab -> Financial Commitments/Customer Debt screen]"</td>
<td></td>
<td>35</td>
<td>runner.TestApplication@1caa0244</td></tr>
<tr>
<td title='runner.TestApplication.runScenario()'><b>runScenario</b><br>Test class: runner.TestApplication<br>Test method: Runs Cucumber Scenarios<br>Parameters: "Creation of Customer Dept record - Customer Debt screen should get open with all valid fields in proper format with below mention buttons", "Optional[To check the Auto Loan - App Data Entry stage -> Customer Financial tab -> Financial Commitments/Customer Debt screen]"</td>
<td></td>
<td>64</td>
<td>runner.TestApplication@1caa0244</td></tr>
<tr>
<td title='runner.TestApplication.runScenario()'><b>runScenario</b><br>Test class: runner.TestApplication<br>Test method: Runs Cucumber Scenarios<br>Parameters: "Modification of Customer Debt record - To verify system allow user to modify the Customer Debt Information", "Optional[To check the Auto Loan - App Data Entry stage -> Customer Financial tab -> Financial Commitments/Customer Debt screen]"</td>
<td></td>
<td>42</td>
<td>runner.TestApplication@1caa0244</td></tr>
<tr>
<td title='runner.TestApplication.runScenario()'><b>runScenario</b><br>Test class: runner.TestApplication<br>Test method: Runs Cucumber Scenarios<br>Parameters: "Creation of Customer Dept record - To verify the impact when user keep any mandatory field blank, enter characters value in numeric field and click on save button", "Optional[To check the Auto Loan - App Data Entry stage -> Customer Financial tab -> Financial Commitments/Customer Debt screen]"</td>
<td></td>
<td>46</td>
<td>runner.TestApplication@1caa0244</td></tr>
<tr>
<td title='runner.TestApplication.runScenario()'><b>runScenario</b><br>Test class: runner.TestApplication<br>Test method: Runs Cucumber Scenarios<br>Parameters: "List view of Customer Debt - To verify system allow user to modify the Customer Debt Information", "Optional[To check the Auto Loan - App Data Entry stage -> Customer Financial tab -> Financial Commitments/Customer Debt screen]"</td>
<td></td>
<td>31</td>
<td>runner.TestApplication@1caa0244</td></tr>
<tr>
<td title='runner.TestApplication.runScenario()'><b>runScenario</b><br>Test class: runner.TestApplication<br>Test method: Runs Cucumber Scenarios<br>Parameters: "Creation of Customer Dept record - System allow user to save the record with valid data and	System display the confirmation message", "Optional[To check the Auto Loan - App Data Entry stage -> Customer Financial tab -> Financial Commitments/Customer Debt screen]"</td>
<td></td>
<td>47</td>
<td>runner.TestApplication@1caa0244</td></tr>
</table><p>
</body>
</html>