<?xml version="1.0" encoding="UTF-8"?>
<!-- Generated by org.testng.reporters.JUnitReportReporter -->
<testsuite hostname="AWS-PVDI-45" failures="0" tests="1" name="Runner.TestApplication" time="5.734" errors="1" timestamp="2023-09-29T10:03:49 IST" skipped="0">
  <testcase classname="Runner.TestApplication" name="runScenario" time="5.734">
    <error message="Cannot invoke &quot;org.openqa.selenium.WebElement.click()&quot; because the return value of &quot;helper.JavascriptHelper.executeScriptWithWebElement(String)&quot; is null" type="java.lang.NullPointerException">
      <![CDATA[java.lang.NullPointerException: Cannot invoke "org.openqa.selenium.WebElement.click()" because the return value of "helper.JavascriptHelper.executeScriptWithWebElement(String)" is null
at stepdefinitions.IjaraLogin.loginWithIjaraApplication(IjaraLogin.java:25)
at stepdefinitions.IjaraTest.login_with_valid_credentials(IjaraTest.java:69)
at âœ½.login with valid credentials(file:///C:/Users/inindc00626/git/ULS_Ijarahkk/ULS_kailash/src/test/java/features/L1Approval.feature:5)
]]>
    </error>
  </testcase> <!-- runScenario -->
</testsuite> <!-- Runner.TestApplication -->
