<?xml version="1.0" encoding="UTF-8"?>
<!-- Generated by org.testng.reporters.JUnitXMLReporter -->
<testsuite ignored="0" hostname="AWS-PVDI-45" failures="1" tests="1" name="Default test" time="63.152" errors="0" timestamp="2023-11-21T09:43:00 IST">
  <testcase classname="io.cucumber.testng.AbstractTestNGCucumberTests" name="runScenario" time="55.115">
    <failure type="java.lang.AssertionError" message="Cannot invoke &amp;quot;org.openqa.selenium.WebElement.click()&amp;quot; because the return value of &amp;quot;helper.JavascriptHelper.executeScriptWithWebElement(String)&amp;quot; is null">
      <![CDATA[java.lang.AssertionError: Cannot invoke "org.openqa.selenium.WebElement.click()" because the return value of "helper.JavascriptHelper.executeScriptWithWebElement(String)" is null
at org.junit.Assert.fail(Assert.java:88)
at stepdefinitions.Tawarah_AppDataEntry_IdentificationDetailsListView.user_click_on_the_additional_customer_info(Tawarah_AppDataEntry_IdentificationDetailsListView.java:30)
at âœ½.user click on the Additional Customer info(file:///C:/Users/inindc00626/git/Tharun_ULS/Tharun_ULS/src/test/java/features/Tawarah_AppDataEntry_IdentificationDetailsListView.feature:15)
]]>
    </failure>
  </testcase> <!-- runScenario -->
</testsuite> <!-- Default test -->
