<?xml version="1.0" encoding="UTF-8"?>
<testng-results ignored="0" total="1" passed="0" failed="1" skipped="0">
  <reporter-output>
  </reporter-output>
  <suite started-at="2023-11-03T09:48:52 IST" name="Default suite" finished-at="2023-11-03T09:49:34 IST" duration-ms="41926">
    <groups>
      <group name="cucumber">
        <method signature="AbstractTestNGCucumberTests.runScenario(io.cucumber.testng.PickleWrapper,io.cucumber.testng.FeatureWrapper)[pri:0, instance:Runner.TestApplication@72cc7e6f]" name="runScenario" class="io.cucumber.testng.AbstractTestNGCucumberTests"/>
      </group> <!-- cucumber -->
    </groups>
    <test started-at="2023-11-03T09:48:52 IST" name="Default test" finished-at="2023-11-03T09:49:34 IST" duration-ms="41926">
      <class name="Runner.TestApplication">
        <test-method is-config="true" signature="setUpClass()[pri:0, instance:Runner.TestApplication@72cc7e6f]" started-at="2023-11-03T09:48:52 IST" name="setUpClass" finished-at="2023-11-03T09:48:53 IST" duration-ms="1039" status="PASS">
          <reporter-output>
          </reporter-output>
        </test-method> <!-- setUpClass -->
        <test-method signature="runScenario(io.cucumber.testng.PickleWrapper,io.cucumber.testng.FeatureWrapper)[pri:0, instance:Runner.TestApplication@72cc7e6f]" started-at="2023-11-03T09:48:53 IST" name="runScenario" description="Runs Cucumber Scenarios" data-provider="scenarios" finished-at="2023-11-03T09:49:21 IST" duration-ms="27427" status="FAIL">
          <params>
            <param index="0">
              <value>
                <![CDATA["CustomerFinancials with valid data"]]>
              </value>
            </param>
            <param index="1">
              <value>
                <![CDATA["Optional[Murabha_AppDataEntery_CustomerFinancials]"]]>
              </value>
            </param>
          </params>
          <exception class="java.lang.AssertionError">
            <message>
              <![CDATA[null]]>
            </message>
            <full-stacktrace>
              <![CDATA[java.lang.AssertionError: null
at org.testng.Assert.fail(Assert.java:99)
at org.testng.Assert.fail(Assert.java:106)
at stepdefinitions.Murabha_AppDataEntery_CustomerFinancials.user_check_employer_phone_extension_field(Murabha_AppDataEntery_CustomerFinancials.java:138)
at âœ½.User_607 Check Employer Phone Extension Field(file:///C:/Users/inindc00607/git/ULS_Ijarah_1/Gowtham_ULS_New/src/test/java/features/Murabha_AppDataEntery_CustomerFinancials.feature:23)
]]>
            </full-stacktrace>
          </exception> <!-- java.lang.AssertionError -->
          <reporter-output>
          </reporter-output>
        </test-method> <!-- runScenario -->
        <test-method is-config="true" signature="tearDownClass()[pri:0, instance:Runner.TestApplication@72cc7e6f]" started-at="2023-11-03T09:49:21 IST" name="tearDownClass" finished-at="2023-11-03T09:49:34 IST" duration-ms="13402" status="PASS">
          <reporter-output>
          </reporter-output>
        </test-method> <!-- tearDownClass -->
      </class> <!-- Runner.TestApplication -->
    </test> <!-- Default test -->
  </suite> <!-- Default suite -->
</testng-results>
