<!DOCTYPE html PUBLIC "-//W3C//DTD XHTML 1.1//EN" "https://www.w3.org/TR/xhtml11/DTD/xhtml11.dtd">
<html xmlns="https://www.w3.org/1999/xhtml">
<head>
<meta http-equiv="content-type" content="text/html; charset=UTF-8"/>
<title>TestNG Report</title>
<style type="text/css">table {margin-bottom:10px;border-collapse:collapse;empty-cells:show}th,td {border:1px solid #009;padding:.25em .5em}th {vertical-align:bottom}td {vertical-align:top}table a {font-weight:bold}.stripe td {background-color: #E6EBF9}.num {text-align:right}.passedodd td {background-color: #3F3}.passedeven td {background-color: #0A0}.skippedodd td {background-color: #DDD}.skippedeven td {background-color: #CCC}.failedodd td,.attn {background-color: #F33}.failedeven td,.stripe .attn {background-color: #D00}.stacktrace {white-space:pre;font-family:monospace}.totop {font-size:85%;text-align:center;border-bottom:2px solid #000}.invisible {display:none}</style>
</head>
<body>
<table>
<tr><th>Test</th><th># Passed</th><th># Skipped</th><th># Retried</th><th># Failed</th><th>Time (ms)</th><th>Included Groups</th><th>Excluded Groups</th></tr>
<tr><th colspan="8">Default suite</th></tr>
<tr><td><a href="#t0">Default test</a></td><td class="num">1</td><td class="num">0</td><td class="num">0</td><td class="num attn">2</td><td class="num">167,338</td><td></td><td></td></tr>
</table>
<table id='summary'><thead><tr><th>Class</th><th>Method</th><th>Start</th><th>Time (ms)</th></tr></thead><tbody><tr><th colspan="4">Default suite</th></tr></tbody><tbody id="t0"><tr><th colspan="4">Default test &#8212; failed</th></tr><tr class="failedeven"><td rowspan="2">runner.TestApplication</td><td><a href="#m0">runScenario</a></td><td rowspan="2">1706785702629</td><td rowspan="2">62965</td></tr><tr class="failedeven"><td><a href="#m1">runScenario</a></td></tr><tr><th colspan="4">Default test &#8212; passed</th></tr><tr class="passedeven"><td rowspan="1">runner.TestApplication</td><td><a href="#m2">runScenario</a></td><td rowspan="1">1706785814825</td><td rowspan="1">41371</td></tr></tbody>
</table>
<h2>Default test</h2><h3 id="m0">runner.TestApplication#runScenario</h3><table class="result"><tr class="param"><th>Parameter #1</th><th>Parameter #2</th></tr><tr class="param stripe"><td>&quot;verify the fielda&quot;</td><td>&quot;Optional[To verify the Tawarruq Application --&gt; Data check stage --&gt; Customer Financials --&gt; Employment details screen]&quot;</td></tr><tr><th colspan="2">Exception</th></tr><tr><td colspan="2"><div class="stacktrace">java.lang.AssertionError: The following asserts failed:
	Date of Joining label expected [true] but found [false],
	Share Holder Percentage label expected [true] but found [false]
	at org.testng.asserts.SoftAssert.assertAll(SoftAssert.java:47)
	at org.testng.asserts.SoftAssert.assertAll(SoftAssert.java:31)
	at stepdefinitions.tawarruq_Step.user_610_invoke_soft_assert_in_employment_details_screen_under_customer_financials_tab_at_data_check_stage(tawarruq_Step.java:3233)
	at ✽.User_610 invoke soft assert in Employment details screen under Customer Financials tab at Data Check stage(file:///C:/Users/inindc00610/git/ULS_Jay1/ULS_Jay/src/test/java/features/Tawarruq_AppDataCheck_EmployementDetails.feature:66)
</div></td></tr></table><p class="totop"><a href="#summary">back to summary</a></p>
<h3 id="m1">runner.TestApplication#runScenario</h3><table class="result"><tr class="param"><th>Parameter #1</th><th>Parameter #2</th></tr><tr class="param stripe"><td>&quot;verify the fielda&quot;</td><td>&quot;Optional[To verify the Tawarruq Application --&gt; Data check stage --&gt; Customer Financials --&gt; Employment details screen]&quot;</td></tr><tr><th colspan="2">Exception</th></tr><tr><td colspan="2"><div class="stacktrace">java.lang.AssertionError: Cannot invoke &quot;org.openqa.selenium.WebElement.click()&quot; because the return value of &quot;helper.JavascriptHelper.executeScriptWithWebElement(String)&quot; is null
	at org.testng.Assert.fail(Assert.java:99)
	at stepdefinitions.tawarruq_Step.user_610_click_view_button_customer_financials_tab_al(tawarruq_Step.java:3292)
	at ✽.User_610 click view button Customer Financials tab Al(file:///C:/Users/inindc00610/git/ULS_Jay1/ULS_Jay/src/test/java/features/Tawarruq_AppDataCheck_EmployementDetails.feature:84)
</div></td></tr></table><p class="totop"><a href="#summary">back to summary</a></p>
<h3 id="m2">runner.TestApplication#runScenario</h3><table class="result"><tr class="param"><th>Parameter #1</th><th>Parameter #2</th></tr><tr class="param stripe"><td>&quot;verify the fielda&quot;</td><td>&quot;Optional[To verify the Tawarruq Application --&gt; Data check stage --&gt; Customer Financials --&gt; Employment details screen]&quot;</td></tr></table><p class="totop"><a href="#summary">back to summary</a></p>
</body>
</html>
