<?xml version="1.0" encoding="UTF-8"?>
<!-- Generated by org.testng.reporters.JUnitXMLReporter -->
<testsuite ignored="0" hostname="AWS-PVDI-8" failures="1" tests="1" name="Default test" time="57.049" errors="0" timestamp="2024-01-24T11:44:48 IST">
  <testcase classname="io.cucumber.testng.AbstractTestNGCucumberTests" name="runScenario" time="52.325">
    <failure type="java.lang.AssertionError" message="Cannot invoke &amp;quot;org.openqa.selenium.WebElement.isDisplayed()&amp;quot; because the return value of &amp;quot;helper.JavascriptHelper.executeScriptWithWebElement(String)&amp;quot; is null">
      <![CDATA[java.lang.AssertionError: Cannot invoke "org.openqa.selenium.WebElement.isDisplayed()" because the return value of "helper.JavascriptHelper.executeScriptWithWebElement(String)" is null
at org.junit.Assert.fail(Assert.java:88)
at stepdefinitions.IjaraLogin.loginWithIjaraApplication(IjaraLogin.java:72)
at stepdefinitions.IjaraTest.login_with_valid_credentials_for_murabha_data_check_customer_debt(IjaraTest.java:88)
at âœ½.login with valid credentials for Murabha data check_Customer Debt(file:///C:/Users/ININDC00074/git/ULS_Ijarah_Arul/Ijarah_Arul/src/test/java/features/Murabha_AppDataCheck_CustomerDebt.feature:6)
]]>
    </failure>
  </testcase> <!-- runScenario -->
</testsuite> <!-- Default test -->
