<!DOCTYPE html PUBLIC "-//W3C//DTD XHTML 1.1//EN" "https://www.w3.org/TR/xhtml11/DTD/xhtml11.dtd">
<html xmlns="https://www.w3.org/1999/xhtml">
<head>
<meta http-equiv="content-type" content="text/html; charset=UTF-8"/>
<title>TestNG Report</title>
<style type="text/css">table {margin-bottom:10px;border-collapse:collapse;empty-cells:show}th,td {border:1px solid #009;padding:.25em .5em}th {vertical-align:bottom}td {vertical-align:top}table a {font-weight:bold}.stripe td {background-color: #E6EBF9}.num {text-align:right}.passedodd td {background-color: #3F3}.passedeven td {background-color: #0A0}.skippedodd td {background-color: #DDD}.skippedeven td {background-color: #CCC}.failedodd td,.attn {background-color: #F33}.failedeven td,.stripe .attn {background-color: #D00}.stacktrace {white-space:pre;font-family:monospace}.totop {font-size:85%;text-align:center;border-bottom:2px solid #000}.invisible {display:none}</style>
</head>
<body>
<table>
<tr><th>Test</th><th># Passed</th><th># Skipped</th><th># Retried</th><th># Failed</th><th>Time (ms)</th><th>Included Groups</th><th>Excluded Groups</th></tr>
<tr><th colspan="8">Default suite</th></tr>
<tr><td><a href="#t0">Default test</a></td><td class="num">0</td><td class="num">0</td><td class="num">0</td><td class="num attn">9</td><td class="num">1,328,622</td><td></td><td></td></tr>
</table>
<table id='summary'><thead><tr><th>Class</th><th>Method</th><th>Start</th><th>Time (ms)</th></tr></thead><tbody><tr><th colspan="4">Default suite</th></tr></tbody><tbody id="t0"><tr><th colspan="4">Default test &#8212; failed</th></tr><tr class="failedeven"><td rowspan="9">Runner.TestApplication</td><td><a href="#m0">runScenario</a></td><td rowspan="9">1709203162518</td><td rowspan="9">139912</td></tr><tr class="failedeven"><td><a href="#m1">runScenario</a></td></tr><tr class="failedeven"><td><a href="#m2">runScenario</a></td></tr><tr class="failedeven"><td><a href="#m3">runScenario</a></td></tr><tr class="failedeven"><td><a href="#m4">runScenario</a></td></tr><tr class="failedeven"><td><a href="#m5">runScenario</a></td></tr><tr class="failedeven"><td><a href="#m6">runScenario</a></td></tr><tr class="failedeven"><td><a href="#m7">runScenario</a></td></tr><tr class="failedeven"><td><a href="#m8">runScenario</a></td></tr></tbody>
</table>
<h2>Default test</h2><h3 id="m0">Runner.TestApplication#runScenario</h3><table class="result"><tr class="param"><th>Parameter #1</th><th>Parameter #2</th></tr><tr class="param stripe"><td>&quot;To verify the impact when user keep any mandatory field blank, enter character value in numeric filed and click on save button&quot;</td><td>&quot;Optional[To check the Murabaha --&gt; App Data Entry stage, Customer Debt screen]&quot;</td></tr><tr><th colspan="2">Exception</th></tr><tr><td colspan="2"><div class="stacktrace">java.lang.AssertionError: Cannot invoke &quot;org.openqa.selenium.WebElement.click()&quot; because the return value of &quot;helper.JavascriptHelper.executeScriptWithWebElement(String)&quot; is null
	at org.junit.Assert.fail(Assert.java:88)
	at stepdefinitions.Murabaha_Steps.user_select_the_finanacy_type_under_customer_debt_screen_in_customer_financials_tab(Murabaha_Steps.java:839)
	at ✽.User_608 select the Finanacy type under Customer Debt screen in Customer Financials tab(file:///C:/Users/inindc00608/git/ULS_Ijarah_MurabahaMaster/ULS_Murabha_MainRepository/src/test/java/features/MurabhaFeatures/Murabha_APPDATAENTRY_CFDebt.feature:143)
</div></td></tr></table><p class="totop"><a href="#summary">back to summary</a></p>
<h3 id="m1">Runner.TestApplication#runScenario</h3><table class="result"><tr class="param"><th>Parameter #1</th><th>Parameter #2</th></tr><tr class="param stripe"><td>&quot;To verify the Customer Debt details List view&quot;</td><td>&quot;Optional[To check the Murabaha --&gt; App Data Entry stage, Customer Debt screen]&quot;</td></tr><tr><th colspan="2">Exception</th></tr><tr><td colspan="2"><div class="stacktrace">java.lang.AssertionError: javascript error: Cannot read properties of null (reading &apos;parentElement&apos;)
  (Session info: chrome=122.0.6261.94)
Build info: version: &apos;4.11.0&apos;, revision: &apos;040bc5406b&apos;
System info: os.name: &apos;Windows 10&apos;, os.arch: &apos;amd64&apos;, os.version: &apos;10.0&apos;, java.version: &apos;16.0.2&apos;
Driver info: org.openqa.selenium.chrome.ChromeDriver
Command: [37696a9d45674d589a66c280db076d33, executeScript {script=return document.querySelector(&apos;button[icon=&quot;pi pi-plus&quot;]&apos;).parentElement.parentElement.parentElement.parentElement.querySelectorAll(&apos;td&apos;).length, args=[]}]
Capabilities {acceptInsecureCerts: false, browserName: chrome, browserVersion: 122.0.6261.94, chrome: {chromedriverVersion: 122.0.6261.94 (880dbf29479c..., userDataDir: C:\Users\ININDC~1\AppData\L...}, fedcm:accounts: true, goog:chromeOptions: {debuggerAddress: localhost:57860}, networkConnectionEnabled: false, pageLoadStrategy: normal, platformName: windows, proxy: Proxy(), se:cdp: ws://localhost:57860/devtoo..., se:cdpVersion: 122.0.6261.94, setWindowRect: true, strictFileInteractability: false, timeouts: {implicit: 0, pageLoad: 300000, script: 30000}, unhandledPromptBehavior: dismiss and notify, webauthn:extension:credBlob: true, webauthn:extension:largeBlob: true, webauthn:extension:minPinLength: true, webauthn:extension:prf: true, webauthn:virtualAuthenticators: true}
Session ID: 37696a9d45674d589a66c280db076d33
	at org.junit.Assert.fail(Assert.java:88)
	at stepdefinitions.MURABHA_Steps.user_608_click_the_pencil_icon_under_customer_financials_tab(MURABHA_Steps.java:475)
	at ✽.User_608 click the pencil icon under Customer Financials tab(file:///C:/Users/inindc00608/git/ULS_Ijarah_MurabahaMaster/ULS_Murabha_MainRepository/src/test/java/features/MurabhaFeatures/Murabha_APPDATAENTRY_CFDebt.feature:202)
</div></td></tr></table><p class="totop"><a href="#summary">back to summary</a></p>
<h3 id="m2">Runner.TestApplication#runScenario</h3><table class="result"><tr class="param"><th>Parameter #1</th><th>Parameter #2</th></tr><tr class="param stripe"><td>&quot;To verify user is able to change the status of Debt record from Active to Inactive&quot;</td><td>&quot;Optional[To check the Murabaha --&gt; App Data Entry stage, Customer Debt screen]&quot;</td></tr><tr><th colspan="2">Exception</th></tr><tr><td colspan="2"><div class="stacktrace">java.lang.AssertionError: javascript error: Cannot read properties of null (reading &apos;parentElement&apos;)
  (Session info: chrome=122.0.6261.94)
Build info: version: &apos;4.11.0&apos;, revision: &apos;040bc5406b&apos;
System info: os.name: &apos;Windows 10&apos;, os.arch: &apos;amd64&apos;, os.version: &apos;10.0&apos;, java.version: &apos;16.0.2&apos;
Driver info: org.openqa.selenium.chrome.ChromeDriver
Command: [d867076d3ed39c325f6edb77e1cd2932, executeScript {script=return document.querySelector(&apos;ion-label[ng-reflect-text=&quot;Status&quot;]&apos;).parentElement.nextElementSibling.firstChild, args=[]}]
Capabilities {acceptInsecureCerts: false, browserName: chrome, browserVersion: 122.0.6261.94, chrome: {chromedriverVersion: 122.0.6261.94 (880dbf29479c..., userDataDir: C:\Users\ININDC~1\AppData\L...}, fedcm:accounts: true, goog:chromeOptions: {debuggerAddress: localhost:57984}, networkConnectionEnabled: false, pageLoadStrategy: normal, platformName: windows, proxy: Proxy(), se:cdp: ws://localhost:57984/devtoo..., se:cdpVersion: 122.0.6261.94, setWindowRect: true, strictFileInteractability: false, timeouts: {implicit: 0, pageLoad: 300000, script: 30000}, unhandledPromptBehavior: dismiss and notify, webauthn:extension:credBlob: true, webauthn:extension:largeBlob: true, webauthn:extension:minPinLength: true, webauthn:extension:prf: true, webauthn:virtualAuthenticators: true}
Session ID: d867076d3ed39c325f6edb77e1cd2932
	at org.junit.Assert.fail(Assert.java:88)
	at stepdefinitions.MURABHA_Steps.user_608_click_the_status_radio_button_under_customer_debt_screen(MURABHA_Steps.java:4919)
	at ✽.User_608 click the Status Radio button under Customer Debt screen(file:///C:/Users/inindc00608/git/ULS_Ijarah_MurabahaMaster/ULS_Murabha_MainRepository/src/test/java/features/MurabhaFeatures/Murabha_APPDATAENTRY_CFDebt.feature:257)
</div></td></tr></table><p class="totop"><a href="#summary">back to summary</a></p>
<h3 id="m3">Runner.TestApplication#runScenario</h3><table class="result"><tr class="param"><th>Parameter #1</th><th>Parameter #2</th></tr><tr class="param stripe"><td>&quot;Customer Debt screen should get open with all valid fields in proper format with below mention buttons and all valid fields&quot;</td><td>&quot;Optional[To check the Murabaha --&gt; App Data Entry stage, Customer Debt screen]&quot;</td></tr><tr><th colspan="2">Exception</th></tr><tr><td colspan="2"><div class="stacktrace">java.lang.AssertionError: element not interactable
  (Session info: chrome=122.0.6261.94)
Build info: version: &apos;4.11.0&apos;, revision: &apos;040bc5406b&apos;
System info: os.name: &apos;Windows 10&apos;, os.arch: &apos;amd64&apos;, os.version: &apos;10.0&apos;, java.version: &apos;16.0.2&apos;
Driver info: org.openqa.selenium.chrome.ChromeDriver
Command: [a31593a374373fa760d9142870db54f0, clickElement {id=f.6B3BB77A78FAFBDA1CE5E9591B8CEEA8.d.82187C01928AA1EF51713EED84808110.e.97}]
Capabilities {acceptInsecureCerts: false, browserName: chrome, browserVersion: 122.0.6261.94, chrome: {chromedriverVersion: 122.0.6261.94 (880dbf29479c..., userDataDir: C:\Users\ININDC~1\AppData\L...}, fedcm:accounts: true, goog:chromeOptions: {debuggerAddress: localhost:57626}, networkConnectionEnabled: false, pageLoadStrategy: normal, platformName: windows, proxy: Proxy(), se:cdp: ws://localhost:57626/devtoo..., se:cdpVersion: 122.0.6261.94, setWindowRect: true, strictFileInteractability: false, timeouts: {implicit: 0, pageLoad: 300000, script: 30000}, unhandledPromptBehavior: dismiss and notify, webauthn:extension:credBlob: true, webauthn:extension:largeBlob: true, webauthn:extension:minPinLength: true, webauthn:extension:prf: true, webauthn:virtualAuthenticators: true}
Element: [org.openqa.selenium.remote.RemoteWebElement@3a86866d -&gt; unknown locator]
Session ID: a31593a374373fa760d9142870db54f0
	at org.junit.Assert.fail(Assert.java:88)
	at stepdefinitions.MURABHA_Steps.user_608_click_add_button_in_financial_commitments_under_customer_financials_tab(MURABHA_Steps.java:567)
	at ✽.User_608 click Add button in Financial Commitments under Customer Financials tab(file:///C:/Users/inindc00608/git/ULS_Ijarah_MurabahaMaster/ULS_Murabha_MainRepository/src/test/java/features/MurabhaFeatures/Murabha_APPDATAENTRY_CFDebt.feature:18)
</div></td></tr></table><p class="totop"><a href="#summary">back to summary</a></p>
<h3 id="m4">Runner.TestApplication#runScenario</h3><table class="result"><tr class="param"><th>Parameter #1</th><th>Parameter #2</th></tr><tr class="param stripe"><td>&quot;To verify while modification system allow user to save the record with valid data&quot;</td><td>&quot;Optional[To check the Murabaha --&gt; App Data Entry stage, Customer Debt screen]&quot;</td></tr><tr><th colspan="2">Exception</th></tr><tr><td colspan="2"><div class="stacktrace">java.lang.AssertionError: javascript error: Cannot read properties of null (reading &apos;parentElement&apos;)
  (Session info: chrome=122.0.6261.94)
Build info: version: &apos;4.11.0&apos;, revision: &apos;040bc5406b&apos;
System info: os.name: &apos;Windows 10&apos;, os.arch: &apos;amd64&apos;, os.version: &apos;10.0&apos;, java.version: &apos;16.0.2&apos;
Driver info: org.openqa.selenium.chrome.ChromeDriver
Command: [f07183b869d5b759b769115436d5e538, executeScript {script=return document.querySelector(&apos;button[icon=&quot;pi pi-plus&quot;]&apos;).parentElement.parentElement.parentElement.parentElement.querySelectorAll(&apos;td&apos;).length, args=[]}]
Capabilities {acceptInsecureCerts: false, browserName: chrome, browserVersion: 122.0.6261.94, chrome: {chromedriverVersion: 122.0.6261.94 (880dbf29479c..., userDataDir: C:\Users\ININDC~1\AppData\L...}, fedcm:accounts: true, goog:chromeOptions: {debuggerAddress: localhost:57823}, networkConnectionEnabled: false, pageLoadStrategy: normal, platformName: windows, proxy: Proxy(), se:cdp: ws://localhost:57823/devtoo..., se:cdpVersion: 122.0.6261.94, setWindowRect: true, strictFileInteractability: false, timeouts: {implicit: 0, pageLoad: 300000, script: 30000}, unhandledPromptBehavior: dismiss and notify, webauthn:extension:credBlob: true, webauthn:extension:largeBlob: true, webauthn:extension:minPinLength: true, webauthn:extension:prf: true, webauthn:virtualAuthenticators: true}
Session ID: f07183b869d5b759b769115436d5e538
	at org.junit.Assert.fail(Assert.java:88)
	at stepdefinitions.MURABHA_Steps.user_608_click_the_pencil_icon_under_customer_financials_tab(MURABHA_Steps.java:475)
	at ✽.User_608 click the pencil icon under Customer Financials tab(file:///C:/Users/inindc00608/git/ULS_Ijarah_MurabahaMaster/ULS_Murabha_MainRepository/src/test/java/features/MurabhaFeatures/Murabha_APPDATAENTRY_CFDebt.feature:171)
</div></td></tr></table><p class="totop"><a href="#summary">back to summary</a></p>
<h3 id="m5">Runner.TestApplication#runScenario</h3><table class="result"><tr class="param"><th>Parameter #1</th><th>Parameter #2</th></tr><tr class="param stripe"><td>&quot;To verify while creating customer debt, system allow user to save the record with valid data &amp; confirmation popup&quot;</td><td>&quot;Optional[To check the Murabaha --&gt; App Data Entry stage, Customer Debt screen]&quot;</td></tr><tr><th colspan="2">Exception</th></tr><tr><td colspan="2"><div class="stacktrace">java.lang.AssertionError: element not interactable
  (Session info: chrome=122.0.6261.94)
Build info: version: &apos;4.11.0&apos;, revision: &apos;040bc5406b&apos;
System info: os.name: &apos;Windows 10&apos;, os.arch: &apos;amd64&apos;, os.version: &apos;10.0&apos;, java.version: &apos;16.0.2&apos;
Driver info: org.openqa.selenium.chrome.ChromeDriver
Command: [d481e6e64d1a9c13d14d76e8c176dcc0, clickElement {id=f.6DA3D9B8B28CBBDC255324B746B2D3B9.d.A01DB98E5E621AC0A9D14678E7E798AD.e.109}]
Capabilities {acceptInsecureCerts: false, browserName: chrome, browserVersion: 122.0.6261.94, chrome: {chromedriverVersion: 122.0.6261.94 (880dbf29479c..., userDataDir: C:\Users\ININDC~1\AppData\L...}, fedcm:accounts: true, goog:chromeOptions: {debuggerAddress: localhost:57680}, networkConnectionEnabled: false, pageLoadStrategy: normal, platformName: windows, proxy: Proxy(), se:cdp: ws://localhost:57680/devtoo..., se:cdpVersion: 122.0.6261.94, setWindowRect: true, strictFileInteractability: false, timeouts: {implicit: 0, pageLoad: 300000, script: 30000}, unhandledPromptBehavior: dismiss and notify, webauthn:extension:credBlob: true, webauthn:extension:largeBlob: true, webauthn:extension:minPinLength: true, webauthn:extension:prf: true, webauthn:virtualAuthenticators: true}
Element: [org.openqa.selenium.remote.RemoteWebElement@abca6adb -&gt; unknown locator]
Session ID: d481e6e64d1a9c13d14d76e8c176dcc0
	at org.junit.Assert.fail(Assert.java:88)
	at stepdefinitions.MURABHA_Steps.user_608_click_add_button_in_financial_commitments_under_customer_financials_tab(MURABHA_Steps.java:567)
	at ✽.User_608 click Add button in Financial Commitments under Customer Financials tab(file:///C:/Users/inindc00608/git/ULS_Ijarah_MurabahaMaster/ULS_Murabha_MainRepository/src/test/java/features/MurabhaFeatures/Murabha_APPDATAENTRY_CFDebt.feature:67)
</div></td></tr></table><p class="totop"><a href="#summary">back to summary</a></p>
<h3 id="m6">Runner.TestApplication#runScenario</h3><table class="result"><tr class="param"><th>Parameter #1</th><th>Parameter #2</th></tr><tr class="param stripe"><td>&quot;To verify the below fields are mantatory/non-mandatory and LOV in Customer Debt screen&quot;</td><td>&quot;Optional[To check the Murabaha --&gt; App Data Entry stage, Customer Debt screen]&quot;</td></tr><tr><th colspan="2">Exception</th></tr><tr><td colspan="2"><div class="stacktrace">java.lang.NullPointerException: Cannot invoke &quot;org.openqa.selenium.WebElement.getText()&quot; because the return value of &quot;helper.JavascriptHelper.executeScriptWithWebElement(String)&quot; is null
	at stepdefinitions.Murabaha_Steps.user_608_verify_sanction_date_as_non_mandatory_and_date_under_customer_debt_screen_in_customer_financials_tab(Murabaha_Steps.java:1318)
	at ✽.User_608 verify Sanction Date as Non-Mandatory and Date under Customer Debt screen in Customer Financials tab(file:///C:/Users/inindc00608/git/ULS_Ijarah_MurabahaMaster/ULS_Murabha_MainRepository/src/test/java/features/MurabhaFeatures/Murabha_APPDATAENTRY_CFDebt.feature:100)
</div></td></tr></table><p class="totop"><a href="#summary">back to summary</a></p>
<h3 id="m7">Runner.TestApplication#runScenario</h3><table class="result"><tr class="param"><th>Parameter #1</th><th>Parameter #2</th></tr><tr class="param stripe"><td>&quot;To verify user is able to change the status of Debt record from Inctive to Active&quot;</td><td>&quot;Optional[To check the Murabaha --&gt; App Data Entry stage, Customer Debt screen]&quot;</td></tr><tr><th colspan="2">Exception</th></tr><tr><td colspan="2"><div class="stacktrace">java.lang.AssertionError: javascript error: Cannot read properties of null (reading &apos;parentElement&apos;)
  (Session info: chrome=122.0.6261.94)
Build info: version: &apos;4.11.0&apos;, revision: &apos;040bc5406b&apos;
System info: os.name: &apos;Windows 10&apos;, os.arch: &apos;amd64&apos;, os.version: &apos;10.0&apos;, java.version: &apos;16.0.2&apos;
Driver info: org.openqa.selenium.chrome.ChromeDriver
Command: [8564b38ae91b263efd9a6d474c165b07, executeScript {script=return document.querySelector(&apos;ion-label[ng-reflect-text=&quot;Status&quot;]&apos;).parentElement.nextElementSibling.firstChild, args=[]}]
Capabilities {acceptInsecureCerts: false, browserName: chrome, browserVersion: 122.0.6261.94, chrome: {chromedriverVersion: 122.0.6261.94 (880dbf29479c..., userDataDir: C:\Users\ININDC~1\AppData\L...}, fedcm:accounts: true, goog:chromeOptions: {debuggerAddress: localhost:58040}, networkConnectionEnabled: false, pageLoadStrategy: normal, platformName: windows, proxy: Proxy(), se:cdp: ws://localhost:58040/devtoo..., se:cdpVersion: 122.0.6261.94, setWindowRect: true, strictFileInteractability: false, timeouts: {implicit: 0, pageLoad: 300000, script: 30000}, unhandledPromptBehavior: dismiss and notify, webauthn:extension:credBlob: true, webauthn:extension:largeBlob: true, webauthn:extension:minPinLength: true, webauthn:extension:prf: true, webauthn:virtualAuthenticators: true}
Session ID: 8564b38ae91b263efd9a6d474c165b07
	at org.junit.Assert.fail(Assert.java:88)
	at stepdefinitions.MURABHA_Steps.user_608_click_the_status_radio_button_under_customer_debt_screen(MURABHA_Steps.java:4919)
	at ✽.User_608 click the Status Radio button under Customer Debt screen(file:///C:/Users/inindc00608/git/ULS_Ijarah_MurabahaMaster/ULS_Murabha_MainRepository/src/test/java/features/MurabhaFeatures/Murabha_APPDATAENTRY_CFDebt.feature:279)
</div></td></tr></table><p class="totop"><a href="#summary">back to summary</a></p>
<h3 id="m8">Runner.TestApplication#runScenario</h3><table class="result"><tr class="param"><th>Parameter #1</th><th>Parameter #2</th></tr><tr class="param stripe"><td>&quot;To verify the functionality of Search box with matching and mismatch data&quot;</td><td>&quot;Optional[To check the Murabaha --&gt; App Data Entry stage, Customer Debt screen]&quot;</td></tr><tr><th colspan="2">Exception</th></tr><tr><td colspan="2"><div class="stacktrace">java.lang.AssertionError: Cannot invoke &quot;org.openqa.selenium.WebElement.sendKeys(java.lang.CharSequence[])&quot; because the return value of &quot;helper.JavascriptHelper.executeScriptWithWebElement(String)&quot; is null
	at org.junit.Assert.fail(Assert.java:88)
	at stepdefinitions.Murabaha_Steps.user_search_matching_value_system_should_display_all_the_possible_matching_records_under_financial_commitments_section(Murabaha_Steps.java:2313)
	at ✽.User_608 search matching value system should display all the possible matching records under Financial Commitments section(file:///C:/Users/inindc00608/git/ULS_Ijarah_MurabahaMaster/ULS_Murabha_MainRepository/src/test/java/features/MurabhaFeatures/Murabha_APPDATAENTRY_CFDebt.feature:234)
</div></td></tr></table><p class="totop"><a href="#summary">back to summary</a></p>
</body>
</html>
