<?xml version="1.0" encoding="UTF-8"?>
<testng-results ignored="0" total="1" passed="0" failed="1" skipped="0">
  <reporter-output>
  </reporter-output>
  <suite started-at="2024-01-05T13:45:57 IST" name="Default suite" finished-at="2024-01-05T13:47:10 IST" duration-ms="72304">
    <groups>
      <group name="cucumber">
        <method signature="AbstractTestNGCucumberTests.runScenario(io.cucumber.testng.PickleWrapper,io.cucumber.testng.FeatureWrapper)[pri:0, instance:Runner.TestApplication@6e9a5ed8]" name="runScenario" class="io.cucumber.testng.AbstractTestNGCucumberTests"/>
      </group> <!-- cucumber -->
    </groups>
    <test started-at="2024-01-05T13:45:57 IST" name="Default test" finished-at="2024-01-05T13:47:10 IST" duration-ms="72304">
      <class name="Runner.TestApplication">
        <test-method is-config="true" signature="setUpClass()[pri:0, instance:Runner.TestApplication@6e9a5ed8]" started-at="2024-01-05T13:45:57 IST" name="setUpClass" finished-at="2024-01-05T13:45:59 IST" duration-ms="1284" status="PASS">
          <reporter-output>
          </reporter-output>
        </test-method> <!-- setUpClass -->
        <test-method signature="runScenario(io.cucumber.testng.PickleWrapper,io.cucumber.testng.FeatureWrapper)[pri:0, instance:Runner.TestApplication@6e9a5ed8]" started-at="2024-01-05T13:45:59 IST" name="runScenario" description="Runs Cucumber Scenarios" data-provider="scenarios" finished-at="2024-01-05T13:47:01 IST" duration-ms="62223" status="FAIL">
          <params>
            <param index="0">
              <value>
                <![CDATA["To verify purchase order stage tabs are readonly mode (Asset Details,Configuration,Predisbursment fee (Fee details),Downpayment summary,Insurance Info,Document Details,Application Details)"]]>
              </value>
            </param>
            <param index="1">
              <value>
                <![CDATA["Optional[To Test the beneficiary details screen at purchase order stage]"]]>
              </value>
            </param>
          </params>
          <exception class="java.lang.AssertionError">
            <message>
              <![CDATA[Cannot invoke "org.openqa.selenium.WebElement.click()" because the return value of "helper.JavascriptHelper.executeScriptWithWebElement(String)" is null]]>
            </message>
            <full-stacktrace>
              <![CDATA[java.lang.AssertionError: Cannot invoke "org.openqa.selenium.WebElement.click()" because the return value of "helper.JavascriptHelper.executeScriptWithWebElement(String)" is null
at org.junit.Assert.fail(Assert.java:88)
at stepdefinitions.PurchaseOrderSteps.user_076_verify_asset_details_record_should_be_readonly_and_data_should_match_with_app_data_entry_stage_record(PurchaseOrderSteps.java:1067)
at âœ½.user_076 verify asset details record should be readonly and data should match with app data entry stage record(file:///C:/Users/ININDC00482/git/Murabha/ULS_Murabha_MainRepository/src/test/java/features/MurabhaFeatures/Murabaha_PURCHASEORDER_Beneficiary_detailsFEATURE.feature:69)
]]>
            </full-stacktrace>
          </exception> <!-- java.lang.AssertionError -->
          <reporter-output>
          </reporter-output>
        </test-method> <!-- runScenario -->
        <test-method is-config="true" signature="tearDownClass()[pri:0, instance:Runner.TestApplication@6e9a5ed8]" started-at="2024-01-05T13:47:01 IST" name="tearDownClass" finished-at="2024-01-05T13:47:10 IST" duration-ms="8751" status="PASS">
          <reporter-output>
          </reporter-output>
        </test-method> <!-- tearDownClass -->
      </class> <!-- Runner.TestApplication -->
    </test> <!-- Default test -->
  </suite> <!-- Default suite -->
</testng-results>
