<?xml version="1.0" encoding="UTF-8"?>
<!-- Generated by org.testng.reporters.JUnitReportReporter -->
<testsuite hostname="PSK9T3U-DESKTOP" failures="1" tests="1" name="Runner.TestApplication" time="62.223" errors="0" timestamp="2024-01-05T13:47:10 IST" skipped="0">
  <testcase classname="Runner.TestApplication" name="runScenario" time="62.223">
    <failure message="Cannot invoke &quot;org.openqa.selenium.WebElement.click()&quot; because the return value of &quot;helper.JavascriptHelper.executeScriptWithWebElement(String)&quot; is null" type="java.lang.AssertionError">
      <![CDATA[java.lang.AssertionError: Cannot invoke "org.openqa.selenium.WebElement.click()" because the return value of "helper.JavascriptHelper.executeScriptWithWebElement(String)" is null
at org.junit.Assert.fail(Assert.java:88)
at stepdefinitions.PurchaseOrderSteps.user_076_verify_asset_details_record_should_be_readonly_and_data_should_match_with_app_data_entry_stage_record(PurchaseOrderSteps.java:1067)
at âœ½.user_076 verify asset details record should be readonly and data should match with app data entry stage record(file:///C:/Users/ININDC00482/git/Murabha/ULS_Murabha_MainRepository/src/test/java/features/MurabhaFeatures/Murabaha_PURCHASEORDER_Beneficiary_detailsFEATURE.feature:69)
]]>
    </failure>
  </testcase> <!-- runScenario -->
  <system-out/>
</testsuite> <!-- Runner.TestApplication -->
