<?xml version="1.0" encoding="UTF-8"?>
<testng-results ignored="0" total="1" passed="0" failed="1" skipped="0">
  <reporter-output>
  </reporter-output>
  <suite started-at="2024-02-27T16:06:22 IST" name="Default suite" finished-at="2024-02-27T16:07:50 IST" duration-ms="88519">
    <groups>
      <group name="cucumber">
        <method signature="AbstractTestNGCucumberTests.runScenario(io.cucumber.testng.PickleWrapper,io.cucumber.testng.FeatureWrapper)[pri:0, instance:runner.TestApplication@343570b7]" name="runScenario" class="io.cucumber.testng.AbstractTestNGCucumberTests"/>
      </group> <!-- cucumber -->
    </groups>
    <test started-at="2024-02-27T16:06:22 IST" name="Default test" finished-at="2024-02-27T16:07:50 IST" duration-ms="88519">
      <class name="runner.TestApplication">
        <test-method is-config="true" signature="setUpClass()[pri:0, instance:runner.TestApplication@343570b7]" started-at="2024-02-27T16:06:22 IST" name="setUpClass" finished-at="2024-02-27T16:06:23 IST" duration-ms="1062" status="PASS">
          <reporter-output>
          </reporter-output>
        </test-method> <!-- setUpClass -->
        <test-method signature="runScenario(io.cucumber.testng.PickleWrapper,io.cucumber.testng.FeatureWrapper)[pri:0, instance:runner.TestApplication@343570b7]" started-at="2024-02-27T16:06:23 IST" name="runScenario" description="Runs Cucumber Scenarios" data-provider="scenarios" finished-at="2024-02-27T16:07:31 IST" duration-ms="68783" status="FAIL">
          <params>
            <param index="0">
              <value>
                <![CDATA["To verify customer details field and user can able to create customer details record with valid input for auto loan product"]]>
              </value>
            </param>
            <param index="1">
              <value>
                <![CDATA["Optional[To Test the customer details screen with auto loan product]"]]>
              </value>
            </param>
          </params>
          <exception class="java.lang.AssertionError">
            <message>
              <![CDATA[Element must be set]]>
            </message>
            <full-stacktrace>
              <![CDATA[java.lang.AssertionError: Element must be set
at org.junit.Assert.fail(Assert.java:88)
at stepdefinitions.ULS_ApplicationDetails_NewApp_Steps.user_076_click_on_create_new_request_buttton(ULS_ApplicationDetails_NewApp_Steps.java:605)
at âœ½.user_076 click on create new request buttton(file:///C:/Users/ININDC00076/git/ULS_IjarahULSAutoLoan/AzentioAutomationFramework_AutoLoan/src/test/java/features/autoloan/AutoLoan_NewApp_CustomerDetailsFEATURE_076.feature:24)
]]>
            </full-stacktrace>
          </exception> <!-- java.lang.AssertionError -->
          <reporter-output>
          </reporter-output>
        </test-method> <!-- runScenario -->
        <test-method is-config="true" signature="tearDownClass()[pri:0, instance:runner.TestApplication@343570b7]" started-at="2024-02-27T16:07:31 IST" name="tearDownClass" finished-at="2024-02-27T16:07:50 IST" duration-ms="18608" status="PASS">
          <reporter-output>
          </reporter-output>
        </test-method> <!-- tearDownClass -->
      </class> <!-- runner.TestApplication -->
    </test> <!-- Default test -->
  </suite> <!-- Default suite -->
</testng-results>
