<?xml version="1.0" encoding="UTF-8"?>
<!-- Generated by org.testng.reporters.JUnitXMLReporter -->
<testsuite ignored="0" hostname="DESKTOP-PSK9T3J" failures="1" tests="7" name="Default test" time="511.894" errors="0" timestamp="2024-02-12T10:06:12 IST">
  <testcase classname="io.cucumber.testng.AbstractTestNGCucumberTests" name="runScenario" time="62.44"/>
  <testcase classname="io.cucumber.testng.AbstractTestNGCucumberTests" name="runScenario" time="40.8"/>
  <testcase classname="io.cucumber.testng.AbstractTestNGCucumberTests" name="runScenario" time="42.743"/>
  <testcase classname="io.cucumber.testng.AbstractTestNGCucumberTests" name="runScenario" time="43.011"/>
  <testcase classname="io.cucumber.testng.AbstractTestNGCucumberTests" name="runScenario" time="115.619">
    <failure type="java.lang.AssertionError" message="element click intercepted: Element &amp;lt;button _ngcontent-ykk-c530=&amp;quot;&amp;quot; tooltipposition=&amp;quot;top&amp;quot; pbutton=&amp;quot;&amp;quot; pripple=&amp;quot;&amp;quot; type=&amp;quot;button&amp;quot; icon=&amp;quot;pi pi-pencil&amp;quot; class=&amp;quot;p-element p-button-sm p-button-info p-button-raised p-button p-component p-button-icon-only ng-star-inserted&amp;quot; ng-reflect-icon=&amp;quot;pi pi-pencil&amp;quot; ng-reflect-tooltip-position=&amp;quot;top&amp;quot; ng-reflect-text=&amp;quot;Edit&amp;quot;&amp;gt;...&amp;lt;/button&amp;gt; is not clickable at point (132, 351). Other element would receive the click: &amp;lt;button _ngcontent-ykk-c530=&amp;quot;&amp;quot; tooltipposition=&amp;quot;top&amp;quot; pbutton=&amp;quot;&amp;quot; pripple=&amp;quot;&amp;quot; type=&amp;quot;button&amp;quot; icon=&amp;quot;pi pi-pencil&amp;quot; class=&amp;quot;p-element p-button-sm p-button-info p-button-raised p-button p-component p-button-icon-only ng-star-inserted&amp;quot; ng-reflect-icon=&amp;quot;pi pi-pencil&amp;quot; ng-reflect-tooltip-position=&amp;quot;top&amp;quot; ng-reflect-text=&amp;quot;Edit&amp;quot;&amp;gt;...&amp;lt;/button&amp;gt;
  (Session info: chrome=121.0.6167.161)
Build info: version: &amp;apos;4.11.0&amp;apos;, revision: &amp;apos;040bc5406b&amp;apos;
System info: os.name: &amp;apos;Windows 10&amp;apos;, os.arch: &amp;apos;amd64&amp;apos;, os.version: &amp;apos;10.0&amp;apos;, java.version: &amp;apos;16.0.2&amp;apos;
Driver info: org.openqa.selenium.chrome.ChromeDriver
Command: [004b3fce9f1f10e7b984a1298b30920a, clickElement {id=A8932B571C2C375A8A84013B9377328F_element_179}]
Capabilities {acceptInsecureCerts: false, browserName: chrome, browserVersion: 121.0.6167.161, chrome: {chromedriverVersion: 121.0.6167.85 (3f98d690ad7e..., userDataDir: C:\Users\ININDC~1\AppData\L...}, fedcm:accounts: true, goog:chromeOptions: {debuggerAddress: localhost:56241}, networkConnectionEnabled: false, pageLoadStrategy: normal, platformName: windows, proxy: Proxy(), se:cdp: ws://localhost:56241/devtoo..., se:cdpVersion: 121.0.6167.161, setWindowRect: true, strictFileInteractability: false, timeouts: {implicit: 0, pageLoad: 300000, script: 30000}, unhandledPromptBehavior: dismiss and notify, webauthn:extension:credBlob: true, webauthn:extension:largeBlob: true, webauthn:extension:minPinLength: true, webauthn:extension:prf: true, webauthn:virtualAuthenticators: true}
Element: [org.openqa.selenium.remote.RemoteWebElement@6e3f863 -&amp;gt; unknown locator]
Session ID: 004b3fce9f1f10e7b984a1298b30920a">
      <![CDATA[java.lang.AssertionError: element click intercepted: Element <button _ngcontent-ykk-c530="" tooltipposition="top" pbutton="" pripple="" type="button" icon="pi pi-pencil" class="p-element p-button-sm p-button-info p-button-raised p-button p-component p-button-icon-only ng-star-inserted" ng-reflect-icon="pi pi-pencil" ng-reflect-tooltip-position="top" ng-reflect-text="Edit">...</button> is not clickable at point (132, 351). Other element would receive the click: <button _ngcontent-ykk-c530="" tooltipposition="top" pbutton="" pripple="" type="button" icon="pi pi-pencil" class="p-element p-button-sm p-button-info p-button-raised p-button p-component p-button-icon-only ng-star-inserted" ng-reflect-icon="pi pi-pencil" ng-reflect-tooltip-position="top" ng-reflect-text="Edit">...</button>
  (Session info: chrome=121.0.6167.161)
Build info: version: '4.11.0', revision: '040bc5406b'
System info: os.name: 'Windows 10', os.arch: 'amd64', os.version: '10.0', java.version: '16.0.2'
Driver info: org.openqa.selenium.chrome.ChromeDriver
Command: [004b3fce9f1f10e7b984a1298b30920a, clickElement {id=A8932B571C2C375A8A84013B9377328F_element_179}]
Capabilities {acceptInsecureCerts: false, browserName: chrome, browserVersion: 121.0.6167.161, chrome: {chromedriverVersion: 121.0.6167.85 (3f98d690ad7e..., userDataDir: C:\Users\ININDC~1\AppData\L...}, fedcm:accounts: true, goog:chromeOptions: {debuggerAddress: localhost:56241}, networkConnectionEnabled: false, pageLoadStrategy: normal, platformName: windows, proxy: Proxy(), se:cdp: ws://localhost:56241/devtoo..., se:cdpVersion: 121.0.6167.161, setWindowRect: true, strictFileInteractability: false, timeouts: {implicit: 0, pageLoad: 300000, script: 30000}, unhandledPromptBehavior: dismiss and notify, webauthn:extension:credBlob: true, webauthn:extension:largeBlob: true, webauthn:extension:minPinLength: true, webauthn:extension:prf: true, webauthn:virtualAuthenticators: true}
Element: [org.openqa.selenium.remote.RemoteWebElement@6e3f863 -> unknown locator]
Session ID: 004b3fce9f1f10e7b984a1298b30920a
at org.testng.Assert.fail(Assert.java:99)
at stepdefinitions.AutoLoan_AppDataEntry_IdentificationDetails_Step074.user_074_click_on_edit_icon_of_existing_record_in_autoloan_identification_details(AutoLoan_AppDataEntry_IdentificationDetails_Step074.java:594)
at âœ½.User_074 Click on Edit icon of existing record in Autoloan_Identification details(file:///C:/Users/inindc00604/git/ULS_IjarahAutoLoanMaster/AzentioAutomationFramework_AutoLoan/src/test/java/features/autoloan/AutoLoan_AppDataEntry_Identification.feature:99)
]]>
    </failure>
  </testcase> <!-- runScenario -->
  <testcase classname="io.cucumber.testng.AbstractTestNGCucumberTests" name="runScenario" time="44.516"/>
  <testcase classname="io.cucumber.testng.AbstractTestNGCucumberTests" name="runScenario" time="54.772"/>
</testsuite> <!-- Default test -->
