<?xml version="1.0" encoding="UTF-8"?>
<!-- Generated by org.testng.reporters.JUnitReportReporter -->
<testsuite hostname="AWS-PVDI-12" failures="1" tests="1" name="runner.TestApplication" time="50.339" errors="0" timestamp="2024-02-19T12:32:13 IST" skipped="0">
  <testcase classname="runner.TestApplication" name="runScenario" time="50.339">
    <failure message="Cannot invoke &quot;org.openqa.selenium.WebElement.isDisplayed()&quot; because &quot;DeclaredDownPaymentAmount&quot; is null" type="java.lang.AssertionError">
      <![CDATA[java.lang.AssertionError: Cannot invoke "org.openqa.selenium.WebElement.isDisplayed()" because "DeclaredDownPaymentAmount" is null
at org.junit.Assert.fail(Assert.java:88)
at stepdefinitions.Retail_AotoLoan_AppDataEntry_FacilityDetails.user_6047_to_verify_the_declared_down_payment_amount_under_the_facility_info(Retail_AotoLoan_AppDataEntry_FacilityDetails.java:265)
at âœ½.User_6047 To verify the Declared Down payment amount under the Facility info(file:///C:/Users/ININDC00071/git/ULs_Ramya1/Uls_Ramya/src/test/java/retail_feature/Retail_AutoLoan_AppDataEntry_FacilityDetails.feature:26)
]]>
    </failure>
  </testcase> <!-- runScenario -->
  <system-out/>
</testsuite> <!-- runner.TestApplication -->
