<html>
<head>
<title>TestNG:  Default test</title>
<link href="../testng.css" rel="stylesheet" type="text/css" />
<link href="../my-testng.css" rel="stylesheet" type="text/css" />

<style type="text/css">
.log { display: none;} 
.stack-trace { display: none;} 
</style>
<script type="text/javascript">
<!--
function flip(e) {
  current = e.style.display;
  if (current == 'block') {
    e.style.display = 'none';
    return 0;
  }
  else {
    e.style.display = 'block';
    return 1;
  }
}

function toggleBox(szDivId, elem, msg1, msg2)
{
  var res = -1;  if (document.getElementById) {
    res = flip(document.getElementById(szDivId));
  }
  else if (document.all) {
    // this is the way old msie versions work
    res = flip(document.all[szDivId]);
  }
  if(elem) {
    if(res == 0) elem.innerHTML = msg1; else elem.innerHTML = msg2;
  }

}

function toggleAllBoxes() {
  if (document.getElementsByTagName) {
    d = document.getElementsByTagName('div');
    for (i = 0; i < d.length; i++) {
      if (d[i].className == 'log') {
        flip(d[i]);
      }
    }
  }
}

// -->
</script>

</head>
<body>
<h2 align='center'>Default test</h2><table border='1' align="center">
<tr>
<td>Tests passed/Failed/Skipped:</td><td>0/1/0</td>
</tr><tr>
<td>Started on:</td><td>Mon Nov 27 10:11:27 IST 2023</td>
</tr>
<tr><td>Total time:</td><td>284 seconds (284434 ms)</td>
</tr><tr>
<td>Included groups:</td><td></td>
</tr><tr>
<td>Excluded groups:</td><td></td>
</tr>
</table><p/>
<small><i>(Hover the method name to see the test class name)</i></small><p/>
<table width='100%' border='1' class='invocation-failed'>
<tr><td colspan='4' align='center'><b>FAILED TESTS</b></td></tr>
<tr><td><b>Test method</b></td>
<td width="30%"><b>Exception</b></td>
<td width="10%"><b>Time (seconds)</b></td>
<td><b>Instance</b></td>
</tr>
<tr>
<td title='Runner.TestApplication.runScenario()'><b>runScenario</b><br>Test class: Runner.TestApplication<br>Test method: Runs Cucumber Scenarios<br>Parameters: "To verify post clicking on Add button, the Employment Details screen is getting open with all valid fields", "Optional[To test the Functionalities of CF Employment Details]"</td>
<td><div><pre>java.lang.AssertionError: element click intercepted: Element &lt;ion-label _ngcontent-tlo-c217=&quot;&quot; position=&quot;stacked&quot; class=&quot;p-element ion-text-capitalize ng-star-inserted sc-ion-label-ios-h sc-ion-label-ios-s ios label-stacked hydrated&quot; ng-reflect-position=&quot;stacked&quot; ng-reflect-text=&quot;FORM.EMPLOYER_PHONE_EXTENSION.&quot; id=&quot;ion-input-8-lbl&quot;&gt;...&lt;/ion-label&gt; is not clickable at point (534, 134). Other element would receive the click: &lt;ion-item _ngcontent-tlo-c217=&quot;&quot; lines=&quot;none&quot; mode=&quot;ios&quot; class=&quot;_textBox_item ion-star-inserted item-interactive item-input item-has-placeholder item ios item-lines-none item-fill-none hydrated ion-untouched ion-pristine ion-valid item-label item-label-stacked&quot; ng-reflect-lines=&quot;none&quot; ng-reflect-mode=&quot;ios&quot; ng-reflect-ng-class=&quot;[object Object]&quot;&gt;...&lt;/ion-item&gt;
  (Session info: chrome=119.0.6045.160)
Build info: version: &apos;4.11.0&apos;, revision: &apos;040bc5406b&apos;
System info: os.name: &apos;Windows 10&apos;, os.arch: &apos;amd64&apos;, os.version: &apos;10.0&apos;, java.version: &apos;16.0.2&apos;
Driver info: org.openqa.selenium.chrome.ChromeDriver
Command: [5995ea5a72c8df212799015dbdf06678, clickElement {id=962F8E644495C66CD02B5572C6B6CE2C_element_122}]
Capabilities {acceptInsecureCerts: false, browserName: chrome, browserVersion: 119.0.6045.160, chrome: {chromedriverVersion: 119.0.6045.105 (38c72552c5e..., userDataDir: C:\Users\ININDC~1\AppData\L...}, fedcm:accounts: true, goog:chromeOptions: {debuggerAddress: localhost:56088}, networkConnectionEnabled: false, pageLoadStrategy: normal, platformName: windows, proxy: Proxy(), se:cdp: ws://localhost:56088/devtoo..., se:cdpVersion: 119.0.6045.160, setWindowRect: true, strictFileInteractability: false, timeouts: {implicit: 0, pageLoad: 300000, script: 30000}, unhandledPromptBehavior: dismiss and notify, webauthn:extension:credBlob: true, webauthn:extension:largeBlob: true, webauthn:extension:minPinLength: true, webauthn:extension:prf: true, webauthn:virtualAuthenticators: true}
Element: [org.openqa.selenium.remote.RemoteWebElement@2395f818 -&gt; unknown locator]
Session ID: 5995ea5a72c8df212799015dbdf06678
	at org.junit.Assert.fail(Assert.java:88)
	at stepdefinitions.Murabha_APPDATA_CustomerEmploymentDetails.user_0482_verify_employer_phone_extension_field_should_be_present(Murabha_APPDATA_CustomerEmploymentDetails.java:454)
	at ?.User_0482 Verify Employer phone Extension field should be present(file:///C:/Users/ININDC00482/git/ULS_Tawarruq_Ajith/ULS_Tawarruq_Ajith/src/test/java/features/MurabhaFeatures/MurabhaAPPDATA_Employment%20Details.feature:33)
</pre></div><a href='#' onClick='toggleBox("stack-trace1865234022", this, "Click to show all stack frames", "Click to hide stack frames")'>Click to show all stack frames</a>
<div class='stack-trace' id='stack-trace1865234022'><pre>java.lang.AssertionError: element click intercepted: Element &lt;ion-label _ngcontent-tlo-c217=&quot;&quot; position=&quot;stacked&quot; class=&quot;p-element ion-text-capitalize ng-star-inserted sc-ion-label-ios-h sc-ion-label-ios-s ios label-stacked hydrated&quot; ng-reflect-position=&quot;stacked&quot; ng-reflect-text=&quot;FORM.EMPLOYER_PHONE_EXTENSION.&quot; id=&quot;ion-input-8-lbl&quot;&gt;...&lt;/ion-label&gt; is not clickable at point (534, 134). Other element would receive the click: &lt;ion-item _ngcontent-tlo-c217=&quot;&quot; lines=&quot;none&quot; mode=&quot;ios&quot; class=&quot;_textBox_item ion-star-inserted item-interactive item-input item-has-placeholder item ios item-lines-none item-fill-none hydrated ion-untouched ion-pristine ion-valid item-label item-label-stacked&quot; ng-reflect-lines=&quot;none&quot; ng-reflect-mode=&quot;ios&quot; ng-reflect-ng-class=&quot;[object Object]&quot;&gt;...&lt;/ion-item&gt;
  (Session info: chrome=119.0.6045.160)
Build info: version: &apos;4.11.0&apos;, revision: &apos;040bc5406b&apos;
System info: os.name: &apos;Windows 10&apos;, os.arch: &apos;amd64&apos;, os.version: &apos;10.0&apos;, java.version: &apos;16.0.2&apos;
Driver info: org.openqa.selenium.chrome.ChromeDriver
Command: [5995ea5a72c8df212799015dbdf06678, clickElement {id=962F8E644495C66CD02B5572C6B6CE2C_element_122}]
Capabilities {acceptInsecureCerts: false, browserName: chrome, browserVersion: 119.0.6045.160, chrome: {chromedriverVersion: 119.0.6045.105 (38c72552c5e..., userDataDir: C:\Users\ININDC~1\AppData\L...}, fedcm:accounts: true, goog:chromeOptions: {debuggerAddress: localhost:56088}, networkConnectionEnabled: false, pageLoadStrategy: normal, platformName: windows, proxy: Proxy(), se:cdp: ws://localhost:56088/devtoo..., se:cdpVersion: 119.0.6045.160, setWindowRect: true, strictFileInteractability: false, timeouts: {implicit: 0, pageLoad: 300000, script: 30000}, unhandledPromptBehavior: dismiss and notify, webauthn:extension:credBlob: true, webauthn:extension:largeBlob: true, webauthn:extension:minPinLength: true, webauthn:extension:prf: true, webauthn:virtualAuthenticators: true}
Element: [org.openqa.selenium.remote.RemoteWebElement@2395f818 -&gt; unknown locator]
Session ID: 5995ea5a72c8df212799015dbdf06678
	at org.junit.Assert.fail(Assert.java:88)
	at stepdefinitions.Murabha_APPDATA_CustomerEmploymentDetails.user_0482_verify_employer_phone_extension_field_should_be_present(Murabha_APPDATA_CustomerEmploymentDetails.java:454)
	at ?.User_0482 Verify Employer phone Extension field should be present(file:///C:/Users/ININDC00482/git/ULS_Tawarruq_Ajith/ULS_Tawarruq_Ajith/src/test/java/features/MurabhaFeatures/MurabhaAPPDATA_Employment%20Details.feature:33)
</pre></div></td>
<td>267</td>
<td>Runner.TestApplication@6e9a5ed8</td></tr>
</table><p>
</body>
</html>