<?xml version="1.0" encoding="UTF-8"?>
<!-- Generated by org.testng.reporters.JUnitXMLReporter -->
<testsuite ignored="0" hostname="PSK9T3U-DESKTOP" failures="1" tests="1" name="Default test" time="284.434" errors="0" timestamp="2023-11-27T10:16:11 IST">
  <testcase classname="io.cucumber.testng.AbstractTestNGCucumberTests" name="runScenario" time="267.942">
    <failure type="java.lang.AssertionError" message="element click intercepted: Element &amp;lt;ion-label _ngcontent-tlo-c217=&amp;quot;&amp;quot; position=&amp;quot;stacked&amp;quot; class=&amp;quot;p-element ion-text-capitalize ng-star-inserted sc-ion-label-ios-h sc-ion-label-ios-s ios label-stacked hydrated&amp;quot; ng-reflect-position=&amp;quot;stacked&amp;quot; ng-reflect-text=&amp;quot;FORM.EMPLOYER_PHONE_EXTENSION.&amp;quot; id=&amp;quot;ion-input-8-lbl&amp;quot;&amp;gt;...&amp;lt;/ion-label&amp;gt; is not clickable at point (534, 134). Other element would receive the click: &amp;lt;ion-item _ngcontent-tlo-c217=&amp;quot;&amp;quot; lines=&amp;quot;none&amp;quot; mode=&amp;quot;ios&amp;quot; class=&amp;quot;_textBox_item ion-star-inserted item-interactive item-input item-has-placeholder item ios item-lines-none item-fill-none hydrated ion-untouched ion-pristine ion-valid item-label item-label-stacked&amp;quot; ng-reflect-lines=&amp;quot;none&amp;quot; ng-reflect-mode=&amp;quot;ios&amp;quot; ng-reflect-ng-class=&amp;quot;[object Object]&amp;quot;&amp;gt;...&amp;lt;/ion-item&amp;gt;
  (Session info: chrome=119.0.6045.160)
Build info: version: &amp;apos;4.11.0&amp;apos;, revision: &amp;apos;040bc5406b&amp;apos;
System info: os.name: &amp;apos;Windows 10&amp;apos;, os.arch: &amp;apos;amd64&amp;apos;, os.version: &amp;apos;10.0&amp;apos;, java.version: &amp;apos;16.0.2&amp;apos;
Driver info: org.openqa.selenium.chrome.ChromeDriver
Command: [5995ea5a72c8df212799015dbdf06678, clickElement {id=962F8E644495C66CD02B5572C6B6CE2C_element_122}]
Capabilities {acceptInsecureCerts: false, browserName: chrome, browserVersion: 119.0.6045.160, chrome: {chromedriverVersion: 119.0.6045.105 (38c72552c5e..., userDataDir: C:\Users\ININDC~1\AppData\L...}, fedcm:accounts: true, goog:chromeOptions: {debuggerAddress: localhost:56088}, networkConnectionEnabled: false, pageLoadStrategy: normal, platformName: windows, proxy: Proxy(), se:cdp: ws://localhost:56088/devtoo..., se:cdpVersion: 119.0.6045.160, setWindowRect: true, strictFileInteractability: false, timeouts: {implicit: 0, pageLoad: 300000, script: 30000}, unhandledPromptBehavior: dismiss and notify, webauthn:extension:credBlob: true, webauthn:extension:largeBlob: true, webauthn:extension:minPinLength: true, webauthn:extension:prf: true, webauthn:virtualAuthenticators: true}
Element: [org.openqa.selenium.remote.RemoteWebElement@2395f818 -&amp;gt; unknown locator]
Session ID: 5995ea5a72c8df212799015dbdf06678">
      <![CDATA[java.lang.AssertionError: element click intercepted: Element <ion-label _ngcontent-tlo-c217="" position="stacked" class="p-element ion-text-capitalize ng-star-inserted sc-ion-label-ios-h sc-ion-label-ios-s ios label-stacked hydrated" ng-reflect-position="stacked" ng-reflect-text="FORM.EMPLOYER_PHONE_EXTENSION." id="ion-input-8-lbl">...</ion-label> is not clickable at point (534, 134). Other element would receive the click: <ion-item _ngcontent-tlo-c217="" lines="none" mode="ios" class="_textBox_item ion-star-inserted item-interactive item-input item-has-placeholder item ios item-lines-none item-fill-none hydrated ion-untouched ion-pristine ion-valid item-label item-label-stacked" ng-reflect-lines="none" ng-reflect-mode="ios" ng-reflect-ng-class="[object Object]">...</ion-item>
  (Session info: chrome=119.0.6045.160)
Build info: version: '4.11.0', revision: '040bc5406b'
System info: os.name: 'Windows 10', os.arch: 'amd64', os.version: '10.0', java.version: '16.0.2'
Driver info: org.openqa.selenium.chrome.ChromeDriver
Command: [5995ea5a72c8df212799015dbdf06678, clickElement {id=962F8E644495C66CD02B5572C6B6CE2C_element_122}]
Capabilities {acceptInsecureCerts: false, browserName: chrome, browserVersion: 119.0.6045.160, chrome: {chromedriverVersion: 119.0.6045.105 (38c72552c5e..., userDataDir: C:\Users\ININDC~1\AppData\L...}, fedcm:accounts: true, goog:chromeOptions: {debuggerAddress: localhost:56088}, networkConnectionEnabled: false, pageLoadStrategy: normal, platformName: windows, proxy: Proxy(), se:cdp: ws://localhost:56088/devtoo..., se:cdpVersion: 119.0.6045.160, setWindowRect: true, strictFileInteractability: false, timeouts: {implicit: 0, pageLoad: 300000, script: 30000}, unhandledPromptBehavior: dismiss and notify, webauthn:extension:credBlob: true, webauthn:extension:largeBlob: true, webauthn:extension:minPinLength: true, webauthn:extension:prf: true, webauthn:virtualAuthenticators: true}
Element: [org.openqa.selenium.remote.RemoteWebElement@2395f818 -> unknown locator]
Session ID: 5995ea5a72c8df212799015dbdf06678
at org.junit.Assert.fail(Assert.java:88)
at stepdefinitions.Murabha_APPDATA_CustomerEmploymentDetails.user_0482_verify_employer_phone_extension_field_should_be_present(Murabha_APPDATA_CustomerEmploymentDetails.java:454)
at âœ½.User_0482 Verify Employer phone Extension field should be present(file:///C:/Users/ININDC00482/git/ULS_Tawarruq_Ajith/ULS_Tawarruq_Ajith/src/test/java/features/MurabhaFeatures/MurabhaAPPDATA_Employment%20Details.feature:33)
]]>
    </failure>
  </testcase> <!-- runScenario -->
</testsuite> <!-- Default test -->
