<?xml version="1.0" encoding="UTF-8"?>
<!-- Generated by org.testng.reporters.JUnitReportReporter -->
<testsuite hostname="DESKTOP-PSK9T3G" failures="1" tests="1" name="Runner.TestApplication" time="40.785" errors="0" timestamp="2023-10-26T17:04:32 IST" skipped="0">
  <testcase classname="Runner.TestApplication" name="runScenario" time="40.785">
    <failure message="Cannot invoke &quot;org.openqa.selenium.WebElement.click()&quot; because the return value of &quot;helper.JavascriptHelper.executeScriptWithWebElement(String)&quot; is null" type="java.lang.AssertionError">
      <![CDATA[java.lang.AssertionError: Cannot invoke "org.openqa.selenium.WebElement.click()" because the return value of "helper.JavascriptHelper.executeScriptWithWebElement(String)" is null
at org.junit.Assert.fail(Assert.java:88)
at stepdefinitions.IJARAH_Steps.user_click_the_search_button_under_inbox(IJARAH_Steps.java:188)
at âœ½.User click the Search button under inbox(file:///C:/Users/ININDC00614/eclipse-workspace_Azentio/Ijarah_Vimal/src/test/java/features/Tawarraq_IdentificationDetails_614.feature:51)
]]>
    </failure>
  </testcase> <!-- runScenario -->
  <system-out/>
</testsuite> <!-- Runner.TestApplication -->
