<?xml version="1.0" encoding="UTF-8"?>
<testng-results ignored="0" total="1" passed="0" failed="1" skipped="0">
  <reporter-output>
  </reporter-output>
  <suite started-at="2024-01-24T11:43:51 IST" name="Default suite" finished-at="2024-01-24T11:44:48 IST" duration-ms="57049">
    <groups>
      <group name="cucumber">
        <method signature="AbstractTestNGCucumberTests.runScenario(io.cucumber.testng.PickleWrapper,io.cucumber.testng.FeatureWrapper)[pri:0, instance:Runner.TestApplication@7bba5817]" name="runScenario" class="io.cucumber.testng.AbstractTestNGCucumberTests"/>
      </group> <!-- cucumber -->
    </groups>
    <test started-at="2024-01-24T11:43:51 IST" name="Default test" finished-at="2024-01-24T11:44:48 IST" duration-ms="57049">
      <class name="Runner.TestApplication">
        <test-method is-config="true" signature="setUpClass()[pri:0, instance:Runner.TestApplication@7bba5817]" started-at="2024-01-24T11:43:51 IST" name="setUpClass" finished-at="2024-01-24T11:43:52 IST" duration-ms="988" status="PASS">
          <reporter-output>
          </reporter-output>
        </test-method> <!-- setUpClass -->
        <test-method signature="runScenario(io.cucumber.testng.PickleWrapper,io.cucumber.testng.FeatureWrapper)[pri:0, instance:Runner.TestApplication@7bba5817]" started-at="2024-01-24T11:43:52 IST" name="runScenario" description="Runs Cucumber Scenarios" data-provider="scenarios" finished-at="2024-01-24T11:44:45 IST" duration-ms="52325" status="FAIL">
          <params>
            <param index="0">
              <value>
                <![CDATA["To verify the Customer Debt record is available in the system"]]>
              </value>
            </param>
            <param index="1">
              <value>
                <![CDATA["Optional[Verify the functionality of Customer Debt Module in Murabha_AppDataCheck]"]]>
              </value>
            </param>
          </params>
          <exception class="java.lang.AssertionError">
            <message>
              <![CDATA[Cannot invoke "org.openqa.selenium.WebElement.isDisplayed()" because the return value of "helper.JavascriptHelper.executeScriptWithWebElement(String)" is null]]>
            </message>
            <full-stacktrace>
              <![CDATA[java.lang.AssertionError: Cannot invoke "org.openqa.selenium.WebElement.isDisplayed()" because the return value of "helper.JavascriptHelper.executeScriptWithWebElement(String)" is null
at org.junit.Assert.fail(Assert.java:88)
at stepdefinitions.IjaraLogin.loginWithIjaraApplication(IjaraLogin.java:72)
at stepdefinitions.IjaraTest.login_with_valid_credentials_for_murabha_data_check_customer_debt(IjaraTest.java:88)
at âœ½.login with valid credentials for Murabha data check_Customer Debt(file:///C:/Users/ININDC00074/git/ULS_Ijarah_Arul/Ijarah_Arul/src/test/java/features/Murabha_AppDataCheck_CustomerDebt.feature:6)
]]>
            </full-stacktrace>
          </exception> <!-- java.lang.AssertionError -->
          <reporter-output>
          </reporter-output>
        </test-method> <!-- runScenario -->
        <test-method is-config="true" signature="tearDownClass()[pri:0, instance:Runner.TestApplication@7bba5817]" started-at="2024-01-24T11:44:45 IST" name="tearDownClass" finished-at="2024-01-24T11:44:48 IST" duration-ms="3686" status="PASS">
          <reporter-output>
          </reporter-output>
        </test-method> <!-- tearDownClass -->
      </class> <!-- Runner.TestApplication -->
    </test> <!-- Default test -->
  </suite> <!-- Default suite -->
</testng-results>
