<?xml version="1.0" encoding="UTF-8"?>
<testng-results ignored="0" total="1" passed="0" failed="1" skipped="0">
  <reporter-output>
  </reporter-output>
  <suite started-at="2023-12-14T13:02:01 IST" name="Default suite" finished-at="2023-12-14T13:05:23 IST" duration-ms="202010">
    <groups>
      <group name="cucumber">
        <method signature="AbstractTestNGCucumberTests.runScenario(io.cucumber.testng.PickleWrapper,io.cucumber.testng.FeatureWrapper)[pri:0, instance:Runner.TestApplication@268f106e]" name="runScenario" class="io.cucumber.testng.AbstractTestNGCucumberTests"/>
      </group> <!-- cucumber -->
    </groups>
    <test started-at="2023-12-14T13:02:01 IST" name="Default test" finished-at="2023-12-14T13:05:23 IST" duration-ms="202010">
      <class name="Runner.TestApplication">
        <test-method is-config="true" signature="setUpClass()[pri:0, instance:Runner.TestApplication@268f106e]" started-at="2023-12-14T13:02:01 IST" name="setUpClass" finished-at="2023-12-14T13:02:03 IST" duration-ms="1380" status="PASS">
          <reporter-output>
          </reporter-output>
        </test-method> <!-- setUpClass -->
        <test-method signature="runScenario(io.cucumber.testng.PickleWrapper,io.cucumber.testng.FeatureWrapper)[pri:0, instance:Runner.TestApplication@268f106e]" started-at="2023-12-14T13:02:03 IST" name="runScenario" description="Runs Cucumber Scenarios" data-provider="scenarios" finished-at="2023-12-14T13:05:19 IST" duration-ms="196425" status="FAIL">
          <params>
            <param index="0">
              <value>
                <![CDATA["to test the asset details screen with valid inputs at app data entry"]]>
              </value>
            </param>
            <param index="1">
              <value>
                <![CDATA["Optional[to test the asset details feature]"]]>
              </value>
            </param>
          </params>
          <exception class="java.lang.AssertionError">
            <message>
              <![CDATA[element click intercepted: Element <ion-select _ngcontent-txh-c224="" interface="popover" mode="ios" value="mod" tooltipposition="bottom" class="p-element ng-untouched ng-pristine ios in-item select-disabled hydrated ion-untouched ion-pristine" ng-reflect-interface="popover" ng-reflect-mode="ios" ng-reflect-value="mod" ng-reflect-tooltip-position="bottom" ng-reflect-text="Module name" ng-reflect-disabled="true" ng-reflect-is-disabled="true" ng-reflect-model="0" role="button" aria-haspopup="listbox" aria-disabled="true" aria-label="No Module Mapped">...</ion-select> is not clickable at point (1701, 29). Other element would receive the click: <ion-list _ngcontent-txh-c224="" class="p-0 md list-md hydrated" ng-reflect-dir="ltr" dir="ltr" role="list">...</ion-list>
  (Session info: chrome=120.0.6099.71)
Build info: version: '4.11.0', revision: '040bc5406b'
System info: os.name: 'Windows 10', os.arch: 'amd64', os.version: '10.0', java.version: '16.0.2'
Driver info: org.openqa.selenium.chrome.ChromeDriver
Command: [fa3f433c25b634596436a8736299fae6, clickElement {id=7132FC56A05AC2E9A53F538EBB825DA2_element_25}]
Capabilities {acceptInsecureCerts: false, browserName: chrome, browserVersion: 120.0.6099.71, chrome: {chromedriverVersion: 120.0.6099.71 (9729082fe617..., userDataDir: C:\Users\ININDC~1\AppData\L...}, fedcm:accounts: true, goog:chromeOptions: {debuggerAddress: localhost:61785}, networkConnectionEnabled: false, pageLoadStrategy: normal, platformName: windows, proxy: Proxy(), se:cdp: ws://localhost:61785/devtoo..., se:cdpVersion: 120.0.6099.71, setWindowRect: true, strictFileInteractability: false, timeouts: {implicit: 0, pageLoad: 300000, script: 30000}, unhandledPromptBehavior: dismiss and notify, webauthn:extension:credBlob: true, webauthn:extension:largeBlob: true, webauthn:extension:minPinLength: true, webauthn:extension:prf: true, webauthn:virtualAuthenticators: true}
Element: [org.openqa.selenium.remote.RemoteWebElement@44143604 -> unknown locator]
Session ID: fa3f433c25b634596436a8736299fae6]]>
            </message>
            <full-stacktrace>
              <![CDATA[java.lang.AssertionError: element click intercepted: Element <ion-select _ngcontent-txh-c224="" interface="popover" mode="ios" value="mod" tooltipposition="bottom" class="p-element ng-untouched ng-pristine ios in-item select-disabled hydrated ion-untouched ion-pristine" ng-reflect-interface="popover" ng-reflect-mode="ios" ng-reflect-value="mod" ng-reflect-tooltip-position="bottom" ng-reflect-text="Module name" ng-reflect-disabled="true" ng-reflect-is-disabled="true" ng-reflect-model="0" role="button" aria-haspopup="listbox" aria-disabled="true" aria-label="No Module Mapped">...</ion-select> is not clickable at point (1701, 29). Other element would receive the click: <ion-list _ngcontent-txh-c224="" class="p-0 md list-md hydrated" ng-reflect-dir="ltr" dir="ltr" role="list">...</ion-list>
  (Session info: chrome=120.0.6099.71)
Build info: version: '4.11.0', revision: '040bc5406b'
System info: os.name: 'Windows 10', os.arch: 'amd64', os.version: '10.0', java.version: '16.0.2'
Driver info: org.openqa.selenium.chrome.ChromeDriver
Command: [fa3f433c25b634596436a8736299fae6, clickElement {id=7132FC56A05AC2E9A53F538EBB825DA2_element_25}]
Capabilities {acceptInsecureCerts: false, browserName: chrome, browserVersion: 120.0.6099.71, chrome: {chromedriverVersion: 120.0.6099.71 (9729082fe617..., userDataDir: C:\Users\ININDC~1\AppData\L...}, fedcm:accounts: true, goog:chromeOptions: {debuggerAddress: localhost:61785}, networkConnectionEnabled: false, pageLoadStrategy: normal, platformName: windows, proxy: Proxy(), se:cdp: ws://localhost:61785/devtoo..., se:cdpVersion: 120.0.6099.71, setWindowRect: true, strictFileInteractability: false, timeouts: {implicit: 0, pageLoad: 300000, script: 30000}, unhandledPromptBehavior: dismiss and notify, webauthn:extension:credBlob: true, webauthn:extension:largeBlob: true, webauthn:extension:minPinLength: true, webauthn:extension:prf: true, webauthn:virtualAuthenticators: true}
Element: [org.openqa.selenium.remote.RemoteWebElement@44143604 -> unknown locator]
Session ID: fa3f433c25b634596436a8736299fae6
at org.junit.Assert.fail(Assert.java:88)
at stepdefinitions.IjaraAddressDetailsSteps.click_on_module_dropdown_in_ijrarah(IjaraAddressDetailsSteps.java:131)
at âœ½.click on module dropdown in IJRARAH(file:///C:/Users/ININDC00482/git/ULS_Ijarah4/AzentioAutomationFramework_ULSMainRepository/src/test/java/features/IjarahFeatures/Ijarah_APPDATAENTRY_AssetDetailsFEATURE.feature:7)
]]>
            </full-stacktrace>
          </exception> <!-- java.lang.AssertionError -->
          <reporter-output>
          </reporter-output>
        </test-method> <!-- runScenario -->
        <test-method is-config="true" signature="tearDownClass()[pri:0, instance:Runner.TestApplication@268f106e]" started-at="2023-12-14T13:05:19 IST" name="tearDownClass" finished-at="2023-12-14T13:05:23 IST" duration-ms="4153" status="PASS">
          <reporter-output>
          </reporter-output>
        </test-method> <!-- tearDownClass -->
      </class> <!-- Runner.TestApplication -->
    </test> <!-- Default test -->
  </suite> <!-- Default suite -->
</testng-results>
